        -:    0:Source:/Users/nazarzakrevskij/CLionProjects/SoftwareEngineering/homework-1/tests/../include/Zoo/../Animal/Animal.h
        -:    0:Graph:/Users/nazarzakrevskij/CLionProjects/SoftwareEngineering/homework-1/cmake-build-debug/CMakeFiles/tests.dir/tests/tests.cpp.gcno
        -:    0:Data:/Users/nazarzakrevskij/CLionProjects/SoftwareEngineering/homework-1/cmake-build-debug/CMakeFiles/tests.dir/tests/tests.cpp.gcda
        -:    0:Runs:1
        -:    0:Programs:1
        -:    1:#pragma once
        -:    2:#include "../InterfaceAliveInterface.h"
        -:    3:#include "../InterfaceInventory.h"
        -:    4:#include <iostream>
        -:    5:
function _ZN6AnimalD1Ev called 0 returned 0% blocks executed 0%
function _ZN6AnimalD0Ev called 0 returned 0% blocks executed 0%
function _ZN6AnimalD2Ev called 9 returned 100% blocks executed 100%
        -:    6:class Animal : public Alive, public Inventory {
        -:    7:protected:
        -:    8:    int food_rate_;
        -:    9:    int inventory_number_;
        -:   10:    bool is_healthy_;
        -:   11:    std::string name_;
        -:   12:    std::string type_; // herbo/predator
        -:   13:
        -:   14:public:
function _ZN6AnimalC2ENSt3__112basic_stringIcNS0_11char_traitsIcEENS0_9allocatorIcEEEEiibS6_ called 9 returned 100% blocks executed 42%
       18:   15:    Animal(std::string name, int food_rate, int inventory_number, bool is_healthy, std::string type)
       18:   16:        : name_(name), food_rate_(food_rate), inventory_number_(inventory_number),
        9:   16-block  0
branch  0 taken 9
branch  1 taken 0
        9:   16-block  1
branch  2 taken 9
branch  3 taken 0
       27:   17:        is_healthy_(is_healthy), type_(type){};
        9:   17-block  0
branch  0 taken 0
branch  1 taken 9
        9:   17-block  1
    $$$$$:   17-block  2
    $$$$$:   17-block  3
    $$$$$:   17-block  4
    $$$$$:   17-block  5
        -:   18:
function _ZN6Animal11GetFoodRateEv called 4 returned 100% blocks executed 100%
        4:   19:    int GetFoodRate() override {
        4:   20:        return food_rate_;
        4:   20-block  0
        -:   21:    }
        -:   22:
function _ZNK6Animal15InventoryNumberEv called 0 returned 0% blocks executed 0%
    #####:   23:    int InventoryNumber() const override {
    #####:   24:        return inventory_number_;
    $$$$$:   24-block  0
        -:   25:    }
        -:   26:
function _ZNK6Animal9IsHealthyEv called 8 returned 100% blocks executed 100%
        8:   27:    bool IsHealthy() const {
        8:   28:        return is_healthy_;
        8:   28-block  0
        -:   29:    }
        -:   30:
function _ZNK6Animal7GetTypeEv called 2 returned 100% blocks executed 100%
        2:   31:    std::string GetType() const {
        2:   32:        return type_;
        2:   32-block  0
        -:   33:    }
        -:   34:
function _ZN6Animal5TreatEv called 1 returned 100% blocks executed 100%
        1:   35:    void Treat() {
        1:   36:        is_healthy_ = true;
        1:   37:    }
        1:   37-block  0
        -:   38:
        -:   39:    virtual std::string GetName() const = 0;
        -:   40:};
        -:   41:
function _ZN5HerboD1Ev called 0 returned 0% blocks executed 0%
function _ZN5HerboD0Ev called 0 returned 0% blocks executed 0%
function _ZN5HerboD2Ev called 5 returned 100% blocks executed 100%
        -:   42:class Herbo : public Animal {
        -:   43:protected:
        -:   44:    int kindness;
        -:   45:
        -:   46:public:
function _ZN5HerboC2ENSt3__112basic_stringIcNS0_11char_traitsIcEENS0_9allocatorIcEEEEiibi called 5 returned 100% blocks executed 42%
        5:   47:    Herbo(std::string name, int food_rate, int inventory_number, bool is_healthy, int kindness)
        5:   48:        : Animal(name, food_rate, inventory_number, is_healthy, "herbo"), kindness(kindness){};
        5:   48-block  0
branch  0 taken 5
branch  1 taken 0
        5:   48-block  1
branch  2 taken 0
branch  3 taken 5
        5:   48-block  2
    $$$$$:   48-block  3
    $$$$$:   48-block  4
    $$$$$:   48-block  5
    $$$$$:   48-block  6
        -:   49:
function _ZNK5Herbo21CanInteractWithPeopleEv called 3 returned 100% blocks executed 100%
        3:   50:    bool CanInteractWithPeople() const {
        3:   51:        return kindness > 5;
        3:   51-block  0
        -:   52:    }
        -:   53:};
        -:   54:
function _ZN8PredatorD1Ev called 0 returned 0% blocks executed 0%
function _ZN8PredatorD0Ev called 0 returned 0% blocks executed 0%
function _ZN8PredatorD2Ev called 4 returned 100% blocks executed 100%
        -:   55:class Predator : public Animal {
        -:   56:public:
function _ZN8PredatorC2ENSt3__112basic_stringIcNS0_11char_traitsIcEENS0_9allocatorIcEEEEiib called 4 returned 100% blocks executed 42%
        4:   57:    Predator(std::string name, int food_rate, int inventory_number, bool is_healthy)
        4:   58:        : Animal(name, food_rate, inventory_number, is_healthy, "predator"){};
        4:   58-block  0
branch  0 taken 4
branch  1 taken 0
        4:   58-block  1
branch  2 taken 0
branch  3 taken 4
        4:   58-block  2
    $$$$$:   58-block  3
    $$$$$:   58-block  4
    $$$$$:   58-block  5
    $$$$$:   58-block  6
        -:   59:};
        -:   60:
function _ZN6MonkeyD1Ev called 3 returned 100% blocks executed 100%
function _ZN6MonkeyD0Ev called 1 returned 100% blocks executed 100%
function _ZN6MonkeyD2Ev called 3 returned 100% blocks executed 100%
        -:   61:class Monkey : public Herbo {
        -:   62:public:
function _ZN6MonkeyC1Eiibi called 3 returned 100% blocks executed 100%
function _ZN6MonkeyC2Eiibi called 3 returned 100% blocks executed 50%
        6:   63:    Monkey(int food_rate, int inventory_number, bool is_healthy, int kindness)
        6:   64:        : Herbo("Monkey", food_rate, inventory_number, is_healthy, kindness){};
        3:   64-block  0
        3:   64-block  1
branch  0 taken 3
branch  1 taken 0
        3:   64-block  2
    $$$$$:   64-block  3
    $$$$$:   64-block  4
        -:   65:
function _ZNK6Monkey7GetNameEv called 1 returned 100% blocks executed 100%
        1:   66:    std::string GetName() const override {
        1:   67:        return name_;
        1:   67-block  0
        -:   68:    }
        -:   69:};
        -:   70:
function _ZN6RabbitD1Ev called 2 returned 100% blocks executed 100%
function _ZN6RabbitD0Ev called 1 returned 100% blocks executed 100%
function _ZN6RabbitD2Ev called 2 returned 100% blocks executed 100%
        -:   71:class Rabbit : public Herbo {
        -:   72:public:
function _ZN6RabbitC1Eiibi called 2 returned 100% blocks executed 100%
function _ZN6RabbitC2Eiibi called 2 returned 100% blocks executed 50%
        4:   73:    Rabbit(int food_rate, int inventory_number, bool is_healthy, int kindness)
        4:   74:        : Herbo("Rabbit", food_rate, inventory_number, is_healthy, kindness){};
        2:   74-block  0
        2:   74-block  1
branch  0 taken 2
branch  1 taken 0
        2:   74-block  2
    $$$$$:   74-block  3
    $$$$$:   74-block  4
        -:   75:
function _ZNK6Rabbit7GetNameEv called 1 returned 100% blocks executed 100%
        1:   76:    std::string GetName() const override {
        1:   77:        return name_;
        1:   77-block  0
        -:   78:    }
        -:   79:};
        -:   80:
function _ZN4WolfD1Ev called 1 returned 100% blocks executed 100%
function _ZN4WolfD0Ev called 1 returned 100% blocks executed 100%
function _ZN4WolfD2Ev called 1 returned 100% blocks executed 100%
        -:   81:class Wolf : public Predator {
        -:   82:public:
function _ZN4WolfC1Eiib called 1 returned 100% blocks executed 100%
function _ZN4WolfC2Eiib called 1 returned 100% blocks executed 50%
        2:   83:    Wolf(int food_rate, int inventory_number, bool is_healthy)
        2:   84:        : Predator("Wolf", food_rate, inventory_number, is_healthy){};
        1:   84-block  0
        1:   84-block  1
branch  0 taken 1
branch  1 taken 0
        1:   84-block  2
    $$$$$:   84-block  3
    $$$$$:   84-block  4
        -:   85:
function _ZNK4Wolf7GetNameEv called 0 returned 0% blocks executed 0%
    #####:   86:    std::string GetName() const override {
    #####:   87:        return name_;
    $$$$$:   87-block  0
        -:   88:    }
        -:   89:};
        -:   90:
function _ZN5TigerD1Ev called 3 returned 100% blocks executed 100%
function _ZN5TigerD0Ev called 1 returned 100% blocks executed 100%
function _ZN5TigerD2Ev called 3 returned 100% blocks executed 100%
        -:   91:class Tiger : public Predator {
        -:   92:public:
function _ZN5TigerC1Eiib called 3 returned 100% blocks executed 100%
function _ZN5TigerC2Eiib called 3 returned 100% blocks executed 50%
        6:   93:    Tiger(int food_rate, int inventory_number, bool is_healthy)
        6:   94:        : Predator("Tiger", food_rate, inventory_number, is_healthy){};
        3:   94-block  0
        3:   94-block  1
branch  0 taken 3
branch  1 taken 0
        3:   94-block  2
    $$$$$:   94-block  3
    $$$$$:   94-block  4
        -:   95:
function _ZNK5Tiger7GetNameEv called 1 returned 100% blocks executed 100%
        1:   96:    std::string GetName() const override {
        1:   97:        return name_;
        1:   97-block  0
        -:   98:    }
        -:   99:};
