        -:    0:Source:/Users/nazarzakrevskij/CLionProjects/SoftwareEngineering/homework-1/tests/tests.cpp
        -:    0:Graph:/Users/nazarzakrevskij/CLionProjects/SoftwareEngineering/homework-1/cmake-build-debug/CMakeFiles/tests.dir/tests/tests.cpp.gcno
        -:    0:Data:/Users/nazarzakrevskij/CLionProjects/SoftwareEngineering/homework-1/cmake-build-debug/CMakeFiles/tests.dir/tests/tests.cpp.gcda
        -:    0:Runs:1
        -:    0:Programs:1
        -:    1:#include "../third_party/googletest/googletest/include/gtest/gtest.h"
        -:    2:#include "../include/Zoo/Zoo.h"
        -:    3:
function _ZN46CheckHerboCharacteristics_PositiveNumbers_Test8TestBodyEv called 1 returned 100% blocks executed 31%
function _ZN46CheckHerboCharacteristics_PositiveNumbers_TestD1Ev called 1 returned 100% blocks executed 100%
function _ZN46CheckHerboCharacteristics_PositiveNumbers_TestD0Ev called 1 returned 100% blocks executed 100%
function _ZN46CheckHerboCharacteristics_PositiveNumbers_TestC1Ev called 1 returned 100% blocks executed 100%
function _ZN46CheckHerboCharacteristics_PositiveNumbers_TestC2Ev called 1 returned 100% blocks executed 100%
function _ZN46CheckHerboCharacteristics_PositiveNumbers_TestD2Ev called 1 returned 100% blocks executed 100%
        7:    4:TEST(CheckHerboCharacteristics, PositiveNumbers) {
        1:    4-block  0
branch  0 taken 1
branch  1 taken 0
        1:    4-block  1
branch  2 taken 1
branch  3 taken 0
        1:    4-block  2
branch  4 taken 1
branch  5 taken 0
        1:    4-block  3
branch  6 taken 1
branch  7 taken 0
        1:    4-block  4
branch  8 taken 1
branch  9 taken 0
        1:    4-block  5
branch 10 taken 1
branch 11 taken 0
        1:    4-block  6
branch 12 taken 1
branch 13 taken 0
        1:    4-block  7
branch 14 taken 1
branch 15 taken 0
        1:    4-block  8
    $$$$$:    4-block  9
    $$$$$:    4-block 10
    $$$$$:    4-block 11
    $$$$$:    4-block 12
    $$$$$:    4-block 13
    $$$$$:    4-block 14
    $$$$$:    4-block 15
    $$$$$:    4-block 16
        1:    4-block 17
        1:    4-block 18
        1:    4-block 19
        1:    4-block 20
        1:    4-block 21
        1:    5:    Monkey monkey(10, 3, true, 7);
        1:    6:    EXPECT_EQ(monkey.GetName() == "Monkey", true);
        1:    6-block  0
branch  0 taken 1
branch  1 taken 0
        1:    6-block  1
branch  2 taken 1
branch  3 taken 0
        1:    6-block  2
branch  4 taken 1
branch  5 taken 0
        1:    6-block  3
branch  6 taken 0
branch  7 taken 1
        1:    6-block  4
    $$$$$:    6-block  5
    $$$$$:    6-block  6
branch  8 never executed
branch  9 never executed
    $$$$$:    6-block  7
branch 10 never executed
branch 11 never executed
    $$$$$:    6-block  8
branch 12 never executed
branch 13 never executed
    $$$$$:    6-block  9
branch 14 never executed
branch 15 never executed
    $$$$$:    6-block 10
    $$$$$:    6-block 11
    $$$$$:    6-block 12
    $$$$$:    6-block 13
        1:    7:    EXPECT_EQ(monkey.IsHealthy() == true, true);
        1:    7-block  0
branch  0 taken 1
branch  1 taken 0
        1:    7-block  1
branch  2 taken 1
branch  3 taken 0
        1:    7-block  2
branch  4 taken 1
branch  5 taken 0
        1:    7-block  3
branch  6 taken 0
branch  7 taken 1
        1:    7-block  4
    $$$$$:    7-block  5
branch  8 never executed
branch  9 never executed
    $$$$$:    7-block  6
branch 10 never executed
branch 11 never executed
    $$$$$:    7-block  7
branch 12 never executed
branch 13 never executed
    $$$$$:    7-block  8
branch 14 never executed
branch 15 never executed
    $$$$$:    7-block  9
    $$$$$:    7-block 10
    $$$$$:    7-block 11
    $$$$$:    7-block 12
        1:    8:    EXPECT_EQ(monkey.CanInteractWithPeople() == true, true);
        1:    8-block  0
branch  0 taken 1
branch  1 taken 0
        1:    8-block  1
branch  2 taken 1
branch  3 taken 0
        1:    8-block  2
branch  4 taken 1
branch  5 taken 0
        1:    8-block  3
branch  6 taken 0
branch  7 taken 1
        1:    8-block  4
    $$$$$:    8-block  5
branch  8 never executed
branch  9 never executed
    $$$$$:    8-block  6
branch 10 never executed
branch 11 never executed
    $$$$$:    8-block  7
branch 12 never executed
branch 13 never executed
    $$$$$:    8-block  8
branch 14 never executed
branch 15 never executed
    $$$$$:    8-block  9
    $$$$$:    8-block 10
    $$$$$:    8-block 11
    $$$$$:    8-block 12
        1:    9:    EXPECT_EQ(monkey.GetType() == "herbo", true);
        1:    9-block  0
branch  0 taken 1
branch  1 taken 0
        1:    9-block  1
branch  2 taken 1
branch  3 taken 0
        1:    9-block  2
branch  4 taken 1
branch  5 taken 0
        1:    9-block  3
branch  6 taken 0
branch  7 taken 1
        1:    9-block  4
    $$$$$:    9-block  5
    $$$$$:    9-block  6
branch  8 never executed
branch  9 never executed
    $$$$$:    9-block  7
branch 10 never executed
branch 11 never executed
    $$$$$:    9-block  8
branch 12 never executed
branch 13 never executed
    $$$$$:    9-block  9
branch 14 never executed
branch 15 never executed
    $$$$$:    9-block 10
    $$$$$:    9-block 11
    $$$$$:    9-block 12
    $$$$$:    9-block 13
        1:   10:    EXPECT_EQ(monkey.GetFoodRate() == 10, true);
        1:   10-block  0
branch  0 taken 1
branch  1 taken 0
        1:   10-block  1
branch  2 taken 1
branch  3 taken 0
        1:   10-block  2
branch  4 taken 1
branch  5 taken 0
        1:   10-block  3
branch  6 taken 0
branch  7 taken 1
        1:   10-block  4
    $$$$$:   10-block  5
branch  8 never executed
branch  9 never executed
    $$$$$:   10-block  6
branch 10 never executed
branch 11 never executed
    $$$$$:   10-block  7
branch 12 never executed
branch 13 never executed
    $$$$$:   10-block  8
branch 14 never executed
branch 15 never executed
    $$$$$:   10-block  9
    $$$$$:   10-block 10
    $$$$$:   10-block 11
    $$$$$:   10-block 12
        1:   11:    EXPECT_FALSE(monkey.GetFoodRate() == 6);
        1:   11-block  0
branch  0 taken 1
branch  1 taken 0
        1:   11-block  1
branch  2 taken 1
branch  3 taken 0
        1:   11-block  2
branch  4 taken 1
branch  5 taken 0
        1:   11-block  3
branch  6 taken 0
branch  7 taken 1
        1:   11-block  4
    $$$$$:   11-block  5
branch  8 never executed
branch  9 never executed
    $$$$$:   11-block  6
branch 10 never executed
branch 11 never executed
    $$$$$:   11-block  7
branch 12 never executed
branch 13 never executed
    $$$$$:   11-block  8
branch 14 never executed
branch 15 never executed
    $$$$$:   11-block  9
    $$$$$:   11-block 10
    $$$$$:   11-block 11
    $$$$$:   11-block 12
    $$$$$:   11-block 13
        1:   12:}
    $$$$$:   12-block  0
    $$$$$:   12-block  1
    $$$$$:   12-block  2
    $$$$$:   12-block  3
    $$$$$:   12-block  4
    $$$$$:   12-block  5
    $$$$$:   12-block  6
    $$$$$:   12-block  7
    $$$$$:   12-block  8
    $$$$$:   12-block  9
    $$$$$:   12-block 10
    $$$$$:   12-block 11
    $$$$$:   12-block 12
    $$$$$:   12-block 13
        1:   12-block 14
    $$$$$:   12-block 15
    $$$$$:   12-block 16
        -:   13:
function _ZN49CheckPredatorCharacteristics_PositiveNumbers_Test8TestBodyEv called 1 returned 100% blocks executed 31%
function _ZN49CheckPredatorCharacteristics_PositiveNumbers_TestD1Ev called 1 returned 100% blocks executed 100%
function _ZN49CheckPredatorCharacteristics_PositiveNumbers_TestD0Ev called 1 returned 100% blocks executed 100%
function _ZN49CheckPredatorCharacteristics_PositiveNumbers_TestC1Ev called 1 returned 100% blocks executed 100%
function _ZN49CheckPredatorCharacteristics_PositiveNumbers_TestC2Ev called 1 returned 100% blocks executed 100%
function _ZN49CheckPredatorCharacteristics_PositiveNumbers_TestD2Ev called 1 returned 100% blocks executed 100%
        7:   14:TEST(CheckPredatorCharacteristics, PositiveNumbers) {
        1:   14-block  0
branch  0 taken 1
branch  1 taken 0
        1:   14-block  1
branch  2 taken 1
branch  3 taken 0
        1:   14-block  2
branch  4 taken 1
branch  5 taken 0
        1:   14-block  3
branch  6 taken 1
branch  7 taken 0
        1:   14-block  4
branch  8 taken 1
branch  9 taken 0
        1:   14-block  5
branch 10 taken 1
branch 11 taken 0
        1:   14-block  6
branch 12 taken 1
branch 13 taken 0
        1:   14-block  7
branch 14 taken 1
branch 15 taken 0
        1:   14-block  8
    $$$$$:   14-block  9
    $$$$$:   14-block 10
    $$$$$:   14-block 11
    $$$$$:   14-block 12
    $$$$$:   14-block 13
    $$$$$:   14-block 14
    $$$$$:   14-block 15
    $$$$$:   14-block 16
        1:   14-block 17
        1:   14-block 18
        1:   14-block 19
        1:   14-block 20
        1:   14-block 21
        1:   15:    Tiger tiger(30, 4, true);
        1:   16:    EXPECT_EQ(tiger.GetName() == "Tiger", true);
        1:   16-block  0
branch  0 taken 1
branch  1 taken 0
        1:   16-block  1
branch  2 taken 1
branch  3 taken 0
        1:   16-block  2
branch  4 taken 1
branch  5 taken 0
        1:   16-block  3
branch  6 taken 0
branch  7 taken 1
        1:   16-block  4
    $$$$$:   16-block  5
    $$$$$:   16-block  6
branch  8 never executed
branch  9 never executed
    $$$$$:   16-block  7
branch 10 never executed
branch 11 never executed
    $$$$$:   16-block  8
branch 12 never executed
branch 13 never executed
    $$$$$:   16-block  9
branch 14 never executed
branch 15 never executed
    $$$$$:   16-block 10
    $$$$$:   16-block 11
    $$$$$:   16-block 12
    $$$$$:   16-block 13
        1:   17:    EXPECT_EQ(tiger.IsHealthy() == true, true);
        1:   17-block  0
branch  0 taken 1
branch  1 taken 0
        1:   17-block  1
branch  2 taken 1
branch  3 taken 0
        1:   17-block  2
branch  4 taken 1
branch  5 taken 0
        1:   17-block  3
branch  6 taken 0
branch  7 taken 1
        1:   17-block  4
    $$$$$:   17-block  5
branch  8 never executed
branch  9 never executed
    $$$$$:   17-block  6
branch 10 never executed
branch 11 never executed
    $$$$$:   17-block  7
branch 12 never executed
branch 13 never executed
    $$$$$:   17-block  8
branch 14 never executed
branch 15 never executed
    $$$$$:   17-block  9
    $$$$$:   17-block 10
    $$$$$:   17-block 11
    $$$$$:   17-block 12
        1:   18:    EXPECT_EQ(tiger.GetFoodRate() == 30, true);
        1:   18-block  0
branch  0 taken 1
branch  1 taken 0
        1:   18-block  1
branch  2 taken 1
branch  3 taken 0
        1:   18-block  2
branch  4 taken 1
branch  5 taken 0
        1:   18-block  3
branch  6 taken 0
branch  7 taken 1
        1:   18-block  4
    $$$$$:   18-block  5
branch  8 never executed
branch  9 never executed
    $$$$$:   18-block  6
branch 10 never executed
branch 11 never executed
    $$$$$:   18-block  7
branch 12 never executed
branch 13 never executed
    $$$$$:   18-block  8
branch 14 never executed
branch 15 never executed
    $$$$$:   18-block  9
    $$$$$:   18-block 10
    $$$$$:   18-block 11
    $$$$$:   18-block 12
        1:   19:    EXPECT_FALSE(tiger.GetFoodRate() == 31);
        1:   19-block  0
branch  0 taken 1
branch  1 taken 0
        1:   19-block  1
branch  2 taken 1
branch  3 taken 0
        1:   19-block  2
branch  4 taken 1
branch  5 taken 0
        1:   19-block  3
branch  6 taken 0
branch  7 taken 1
        1:   19-block  4
    $$$$$:   19-block  5
branch  8 never executed
branch  9 never executed
    $$$$$:   19-block  6
branch 10 never executed
branch 11 never executed
    $$$$$:   19-block  7
branch 12 never executed
branch 13 never executed
    $$$$$:   19-block  8
branch 14 never executed
branch 15 never executed
    $$$$$:   19-block  9
    $$$$$:   19-block 10
    $$$$$:   19-block 11
    $$$$$:   19-block 12
    $$$$$:   19-block 13
        1:   20:    EXPECT_EQ(tiger.GetType() == "predator", true);
        1:   20-block  0
branch  0 taken 1
branch  1 taken 0
        1:   20-block  1
branch  2 taken 1
branch  3 taken 0
        1:   20-block  2
branch  4 taken 1
branch  5 taken 0
        1:   20-block  3
branch  6 taken 0
branch  7 taken 1
        1:   20-block  4
    $$$$$:   20-block  5
    $$$$$:   20-block  6
branch  8 never executed
branch  9 never executed
    $$$$$:   20-block  7
branch 10 never executed
branch 11 never executed
    $$$$$:   20-block  8
branch 12 never executed
branch 13 never executed
    $$$$$:   20-block  9
branch 14 never executed
branch 15 never executed
    $$$$$:   20-block 10
    $$$$$:   20-block 11
    $$$$$:   20-block 12
    $$$$$:   20-block 13
        1:   21:}
    $$$$$:   21-block  0
    $$$$$:   21-block  1
    $$$$$:   21-block  2
    $$$$$:   21-block  3
    $$$$$:   21-block  4
    $$$$$:   21-block  5
    $$$$$:   21-block  6
    $$$$$:   21-block  7
    $$$$$:   21-block  8
    $$$$$:   21-block  9
    $$$$$:   21-block 10
    $$$$$:   21-block 11
        1:   21-block 12
    $$$$$:   21-block 13
    $$$$$:   21-block 14
        -:   22:
        -:   23:
function main called 1 returned 100% blocks executed 100%
        1:   24:int main(int argc, char **argv) {
        1:   25:    ::testing::InitGoogleTest(&argc, argv);
        1:   26:    return RUN_ALL_TESTS();
        1:   26-block  0
        -:   27:}
