        -:    0:Source:/Library/Developer/CommandLineTools/SDKs/MacOSX14.4.sdk/usr/include/c++/v1/string
        -:    0:Graph:/Users/nazarzakrevskij/CLionProjects/SoftwareEngineering/homework-1/cmake-build-debug/CMakeFiles/tests.dir/tests/tests.cpp.gcno
        -:    0:Data:/Users/nazarzakrevskij/CLionProjects/SoftwareEngineering/homework-1/cmake-build-debug/CMakeFiles/tests.dir/tests/tests.cpp.gcda
        -:    0:Runs:1
        -:    0:Programs:1
        -:    1:// -*- C++ -*-
        -:    2://===----------------------------------------------------------------------===//
        -:    3://
        -:    4:// Part of the LLVM Project, under the Apache License v2.0 with LLVM Exceptions.
        -:    5:// See https://llvm.org/LICENSE.txt for license information.
        -:    6:// SPDX-License-Identifier: Apache-2.0 WITH LLVM-exception
        -:    7://
        -:    8://===----------------------------------------------------------------------===//
        -:    9:
        -:   10:#ifndef _LIBCPP_STRING
        -:   11:#define _LIBCPP_STRING
        -:   12:
        -:   13:/*
        -:   14:    string synopsis
        -:   15:
        -:   16:#include <compare>
        -:   17:#include <initializer_list>
        -:   18:
        -:   19:namespace std
        -:   20:{
        -:   21:
        -:   22:template <class stateT>
        -:   23:class fpos
        -:   24:{
        -:   25:private:
        -:   26:    stateT st;
        -:   27:public:
        -:   28:    fpos(streamoff = streamoff());
        -:   29:
        -:   30:    operator streamoff() const;
        -:   31:
        -:   32:    stateT state() const;
        -:   33:    void state(stateT);
        -:   34:
        -:   35:    fpos& operator+=(streamoff);
        -:   36:    fpos  operator+ (streamoff) const;
        -:   37:    fpos& operator-=(streamoff);
        -:   38:    fpos  operator- (streamoff) const;
        -:   39:};
        -:   40:
        -:   41:template <class stateT> streamoff operator-(const fpos<stateT>& x, const fpos<stateT>& y);
        -:   42:
        -:   43:template <class stateT> bool operator==(const fpos<stateT>& x, const fpos<stateT>& y);
        -:   44:template <class stateT> bool operator!=(const fpos<stateT>& x, const fpos<stateT>& y);
        -:   45:
        -:   46:template <class charT>
        -:   47:struct char_traits
        -:   48:{
        -:   49:    using char_type           = charT;
        -:   50:    using int_type            = ...;
        -:   51:    using off_type            = streamoff;
        -:   52:    using pos_type            = streampos;
        -:   53:    using state_type          = mbstate_t;
        -:   54:    using comparison_category = strong_ordering; // Since C++20 only for the specializations
        -:   55:                                                 // char, wchar_t, char8_t, char16_t, and char32_t.
        -:   56:
        -:   57:    static void assign(char_type& c1, const char_type& c2) noexcept;
        -:   58:    static constexpr bool eq(char_type c1, char_type c2) noexcept;
        -:   59:    static constexpr bool lt(char_type c1, char_type c2) noexcept;
        -:   60:
        -:   61:    static int              compare(const char_type* s1, const char_type* s2, size_t n);
        -:   62:    static size_t           length(const char_type* s);
        -:   63:    static const char_type* find(const char_type* s, size_t n, const char_type& a);
        -:   64:    static char_type*       move(char_type* s1, const char_type* s2, size_t n);
        -:   65:    static char_type*       copy(char_type* s1, const char_type* s2, size_t n);
        -:   66:    static char_type*       assign(char_type* s, size_t n, char_type a);
        -:   67:
        -:   68:    static constexpr int_type  not_eof(int_type c) noexcept;
        -:   69:    static constexpr char_type to_char_type(int_type c) noexcept;
        -:   70:    static constexpr int_type  to_int_type(char_type c) noexcept;
        -:   71:    static constexpr bool      eq_int_type(int_type c1, int_type c2) noexcept;
        -:   72:    static constexpr int_type  eof() noexcept;
        -:   73:};
        -:   74:
        -:   75:template <> struct char_traits<char>;
        -:   76:template <> struct char_traits<wchar_t>;
        -:   77:template <> struct char_traits<char8_t>;  // C++20
        -:   78:template <> struct char_traits<char16_t>;
        -:   79:template <> struct char_traits<char32_t>;
        -:   80:
        -:   81:template<class charT, class traits = char_traits<charT>, class Allocator = allocator<charT> >
        -:   82:class basic_string
        -:   83:{
        -:   84:public:
        -:   85:// types:
        -:   86:    typedef traits traits_type;
        -:   87:    typedef typename traits_type::char_type value_type;
        -:   88:    typedef Allocator allocator_type;
        -:   89:    typedef typename allocator_type::size_type size_type;
        -:   90:    typedef typename allocator_type::difference_type difference_type;
        -:   91:    typedef typename allocator_type::reference reference;
        -:   92:    typedef typename allocator_type::const_reference const_reference;
        -:   93:    typedef typename allocator_type::pointer pointer;
        -:   94:    typedef typename allocator_type::const_pointer const_pointer;
        -:   95:    typedef implementation-defined iterator;
        -:   96:    typedef implementation-defined const_iterator;
        -:   97:    typedef std::reverse_iterator<iterator> reverse_iterator;
        -:   98:    typedef std::reverse_iterator<const_iterator> const_reverse_iterator;
        -:   99:
        -:  100:    static const size_type npos = -1;
        -:  101:
        -:  102:    basic_string()
        -:  103:        noexcept(is_nothrow_default_constructible<allocator_type>::value);                      // constexpr since C++20
        -:  104:    explicit basic_string(const allocator_type& a);                                             // constexpr since C++20
        -:  105:    basic_string(const basic_string& str);                                                      // constexpr since C++20
        -:  106:    basic_string(basic_string&& str)
        -:  107:        noexcept(is_nothrow_move_constructible<allocator_type>::value);                         // constexpr since C++20
        -:  108:    basic_string(const basic_string& str, size_type pos,
        -:  109:                 const allocator_type& a = allocator_type());                                   // constexpr since C++20
        -:  110:    basic_string(const basic_string& str, size_type pos, size_type n,
        -:  111:                 const Allocator& a = Allocator());                                             // constexpr since C++20
        -:  112:    constexpr basic_string(
        -:  113:        basic_string&& str, size_type pos, const Allocator& a = Allocator());                   // since C++23
        -:  114:    constexpr basic_string(
        -:  115:        basic_string&& str, size_type pos, size_type n, const Allocator& a = Allocator());      // since C++23
        -:  116:    template<class T>
        -:  117:        basic_string(const T& t, size_type pos, size_type n, const Allocator& a = Allocator()); // C++17, constexpr since C++20
        -:  118:    template <class T>
        -:  119:        explicit basic_string(const T& t, const Allocator& a = Allocator());                    // C++17, constexpr since C++20
        -:  120:    basic_string(const value_type* s, const allocator_type& a = allocator_type());              // constexpr since C++20
        -:  121:    basic_string(const value_type* s, size_type n, const allocator_type& a = allocator_type()); // constexpr since C++20
        -:  122:    basic_string(nullptr_t) = delete; // C++23
        -:  123:    basic_string(size_type n, value_type c, const allocator_type& a = allocator_type());        // constexpr since C++20
        -:  124:    template<class InputIterator>
        -:  125:        basic_string(InputIterator begin, InputIterator end,
        -:  126:                     const allocator_type& a = allocator_type());                               // constexpr since C++20
        -:  127:    template<container-compatible-range<charT> R>
        -:  128:      constexpr basic_string(from_range_t, R&& rg, const Allocator& a = Allocator());           // since C++23
        -:  129:    basic_string(initializer_list<value_type>, const Allocator& = Allocator());                 // constexpr since C++20
        -:  130:    basic_string(const basic_string&, const Allocator&);                                        // constexpr since C++20
        -:  131:    basic_string(basic_string&&, const Allocator&);                                             // constexpr since C++20
        -:  132:
        -:  133:    ~basic_string();                                                                            // constexpr since C++20
        -:  134:
        -:  135:    operator basic_string_view<charT, traits>() const noexcept;                                 // constexpr since C++20
        -:  136:
        -:  137:    basic_string& operator=(const basic_string& str);                                           // constexpr since C++20
        -:  138:    template <class T>
        -:  139:        basic_string& operator=(const T& t);                                                    // C++17, constexpr since C++20
        -:  140:    basic_string& operator=(basic_string&& str)
        -:  141:        noexcept(
        -:  142:             allocator_type::propagate_on_container_move_assignment::value ||
        -:  143:             allocator_type::is_always_equal::value );                                          // C++17, constexpr since C++20
        -:  144:    basic_string& operator=(const value_type* s);                                               // constexpr since C++20
        -:  145:    basic_string& operator=(nullptr_t) = delete; // C++23
        -:  146:    basic_string& operator=(value_type c);                                                      // constexpr since C++20
        -:  147:    basic_string& operator=(initializer_list<value_type>);                                      // constexpr since C++20
        -:  148:
        -:  149:    iterator       begin() noexcept;                                                            // constexpr since C++20
        -:  150:    const_iterator begin() const noexcept;                                                      // constexpr since C++20
        -:  151:    iterator       end() noexcept;                                                              // constexpr since C++20
        -:  152:    const_iterator end() const noexcept;                                                        // constexpr since C++20
        -:  153:
        -:  154:    reverse_iterator       rbegin() noexcept;                                                   // constexpr since C++20
        -:  155:    const_reverse_iterator rbegin() const noexcept;                                             // constexpr since C++20
        -:  156:    reverse_iterator       rend() noexcept;                                                     // constexpr since C++20
        -:  157:    const_reverse_iterator rend() const noexcept;                                               // constexpr since C++20
        -:  158:
        -:  159:    const_iterator         cbegin() const noexcept;                                             // constexpr since C++20
        -:  160:    const_iterator         cend() const noexcept;                                               // constexpr since C++20
        -:  161:    const_reverse_iterator crbegin() const noexcept;                                            // constexpr since C++20
        -:  162:    const_reverse_iterator crend() const noexcept;                                              // constexpr since C++20
        -:  163:
        -:  164:    size_type size() const noexcept;                                                            // constexpr since C++20
        -:  165:    size_type length() const noexcept;                                                          // constexpr since C++20
        -:  166:    size_type max_size() const noexcept;                                                        // constexpr since C++20
        -:  167:    size_type capacity() const noexcept;                                                        // constexpr since C++20
        -:  168:
        -:  169:    void resize(size_type n, value_type c);                                                     // constexpr since C++20
        -:  170:    void resize(size_type n);                                                                   // constexpr since C++20
        -:  171:
        -:  172:    template<class Operation>
        -:  173:    constexpr void resize_and_overwrite(size_type n, Operation op); // since C++23
        -:  174:
        -:  175:    void reserve(size_type res_arg);                                                            // constexpr since C++20
        -:  176:    void reserve(); // deprecated in C++20
        -:  177:    void shrink_to_fit();                                                                       // constexpr since C++20
        -:  178:    void clear() noexcept;                                                                      // constexpr since C++20
        -:  179:    bool empty() const noexcept;                                                                // constexpr since C++20
        -:  180:
        -:  181:    const_reference operator[](size_type pos) const;                                            // constexpr since C++20
        -:  182:    reference       operator[](size_type pos);                                                  // constexpr since C++20
        -:  183:
        -:  184:    const_reference at(size_type n) const;                                                      // constexpr since C++20
        -:  185:    reference       at(size_type n);                                                            // constexpr since C++20
        -:  186:
        -:  187:    basic_string& operator+=(const basic_string& str);                                          // constexpr since C++20
        -:  188:    template <class T>
        -:  189:        basic_string& operator+=(const T& t);                                                   // C++17, constexpr since C++20
        -:  190:    basic_string& operator+=(const value_type* s);                                              // constexpr since C++20
        -:  191:    basic_string& operator+=(value_type c);                                                     // constexpr since C++20
        -:  192:    basic_string& operator+=(initializer_list<value_type>);                                     // constexpr since C++20
        -:  193:
        -:  194:    basic_string& append(const basic_string& str);                                              // constexpr since C++20
        -:  195:    template <class T>
        -:  196:        basic_string& append(const T& t);                                                       // C++17, constexpr since C++20
        -:  197:    basic_string& append(const basic_string& str, size_type pos, size_type n=npos);             // C++14, constexpr since C++20
        -:  198:    template <class T>
        -:  199:        basic_string& append(const T& t, size_type pos, size_type n=npos);                      // C++17, constexpr since C++20
        -:  200:    basic_string& append(const value_type* s, size_type n);                                     // constexpr since C++20
        -:  201:    basic_string& append(const value_type* s);                                                  // constexpr since C++20
        -:  202:    basic_string& append(size_type n, value_type c);                                            // constexpr since C++20
        -:  203:    template<class InputIterator>
        -:  204:        basic_string& append(InputIterator first, InputIterator last);                          // constexpr since C++20
        -:  205:    template<container-compatible-range<charT> R>
        -:  206:      constexpr basic_string& append_range(R&& rg);                                             // C++23
        -:  207:    basic_string& append(initializer_list<value_type>);                                         // constexpr since C++20
        -:  208:
        -:  209:    void push_back(value_type c);                                                               // constexpr since C++20
        -:  210:    void pop_back();                                                                            // constexpr since C++20
        -:  211:    reference       front();                                                                    // constexpr since C++20
        -:  212:    const_reference front() const;                                                              // constexpr since C++20
        -:  213:    reference       back();                                                                     // constexpr since C++20
        -:  214:    const_reference back() const;                                                               // constexpr since C++20
        -:  215:
        -:  216:    basic_string& assign(const basic_string& str);                                              // constexpr since C++20
        -:  217:    template <class T>
        -:  218:        basic_string& assign(const T& t);                                                       // C++17, constexpr since C++20
        -:  219:    basic_string& assign(basic_string&& str);                                                   // constexpr since C++20
        -:  220:    basic_string& assign(const basic_string& str, size_type pos, size_type n=npos);             // C++14, constexpr since C++20
        -:  221:    template <class T>
        -:  222:        basic_string& assign(const T& t, size_type pos, size_type n=npos);                      // C++17, constexpr since C++20
        -:  223:    basic_string& assign(const value_type* s, size_type n);                                     // constexpr since C++20
        -:  224:    basic_string& assign(const value_type* s);                                                  // constexpr since C++20
        -:  225:    basic_string& assign(size_type n, value_type c);                                            // constexpr since C++20
        -:  226:    template<class InputIterator>
        -:  227:        basic_string& assign(InputIterator first, InputIterator last);                          // constexpr since C++20
        -:  228:    template<container-compatible-range<charT> R>
        -:  229:      constexpr basic_string& assign_range(R&& rg);                                             // C++23
        -:  230:    basic_string& assign(initializer_list<value_type>);                                         // constexpr since C++20
        -:  231:
        -:  232:    basic_string& insert(size_type pos1, const basic_string& str);                              // constexpr since C++20
        -:  233:    template <class T>
        -:  234:        basic_string& insert(size_type pos1, const T& t);                                       // constexpr since C++20
        -:  235:    basic_string& insert(size_type pos1, const basic_string& str,
        -:  236:                         size_type pos2, size_type n);                                          // constexpr since C++20
        -:  237:    template <class T>
        -:  238:        basic_string& insert(size_type pos1, const T& t, size_type pos2, size_type n);          // C++17, constexpr since C++20
        -:  239:    basic_string& insert(size_type pos, const value_type* s, size_type n=npos);                 // C++14, constexpr since C++20
        -:  240:    basic_string& insert(size_type pos, const value_type* s);                                   // constexpr since C++20
        -:  241:    basic_string& insert(size_type pos, size_type n, value_type c);                             // constexpr since C++20
        -:  242:    iterator      insert(const_iterator p, value_type c);                                       // constexpr since C++20
        -:  243:    iterator      insert(const_iterator p, size_type n, value_type c);                          // constexpr since C++20
        -:  244:    template<class InputIterator>
        -:  245:        iterator insert(const_iterator p, InputIterator first, InputIterator last);             // constexpr since C++20
        -:  246:    template<container-compatible-range<charT> R>
        -:  247:      constexpr iterator insert_range(const_iterator p, R&& rg);                                // C++23
        -:  248:    iterator      insert(const_iterator p, initializer_list<value_type>);                       // constexpr since C++20
        -:  249:
        -:  250:    basic_string& erase(size_type pos = 0, size_type n = npos);                                 // constexpr since C++20
        -:  251:    iterator      erase(const_iterator position);                                               // constexpr since C++20
        -:  252:    iterator      erase(const_iterator first, const_iterator last);                             // constexpr since C++20
        -:  253:
        -:  254:    basic_string& replace(size_type pos1, size_type n1, const basic_string& str);               // constexpr since C++20
        -:  255:    template <class T>
        -:  256:    basic_string& replace(size_type pos1, size_type n1, const T& t);                            // C++17, constexpr since C++20
        -:  257:    basic_string& replace(size_type pos1, size_type n1, const basic_string& str,
        -:  258:                          size_type pos2, size_type n2=npos);                                   // C++14, constexpr since C++20
        -:  259:    template <class T>
        -:  260:        basic_string& replace(size_type pos1, size_type n1, const T& t,
        -:  261:                              size_type pos2, size_type n);                                     // C++17, constexpr since C++20
        -:  262:    basic_string& replace(size_type pos, size_type n1, const value_type* s, size_type n2);      // constexpr since C++20
        -:  263:    basic_string& replace(size_type pos, size_type n1, const value_type* s);                    // constexpr since C++20
        -:  264:    basic_string& replace(size_type pos, size_type n1, size_type n2, value_type c);             // constexpr since C++20
        -:  265:    basic_string& replace(const_iterator i1, const_iterator i2, const basic_string& str);       // constexpr since C++20
        -:  266:    template <class T>
        -:  267:        basic_string& replace(const_iterator i1, const_iterator i2, const T& t);                // C++17, constexpr since C++20
        -:  268:    basic_string& replace(const_iterator i1, const_iterator i2, const value_type* s, size_type n); // constexpr since C++20
        -:  269:    basic_string& replace(const_iterator i1, const_iterator i2, const value_type* s);           // constexpr since C++20
        -:  270:    basic_string& replace(const_iterator i1, const_iterator i2, size_type n, value_type c);     // constexpr since C++20
        -:  271:    template<class InputIterator>
        -:  272:        basic_string& replace(const_iterator i1, const_iterator i2, InputIterator j1, InputIterator j2); // constexpr since C++20
        -:  273:    template<container-compatible-range<charT> R>
        -:  274:      constexpr basic_string& replace_with_range(const_iterator i1, const_iterator i2, R&& rg); // C++23
        -:  275:    basic_string& replace(const_iterator i1, const_iterator i2, initializer_list<value_type>);  // constexpr since C++20
        -:  276:
        -:  277:    size_type copy(value_type* s, size_type n, size_type pos = 0) const;                        // constexpr since C++20
        -:  278:    basic_string substr(size_type pos = 0, size_type n = npos) const;                           // constexpr in C++20, removed in C++23
        -:  279:    basic_string substr(size_type pos = 0, size_type n = npos) const&;                          // since C++23
        -:  280:    constexpr basic_string substr(size_type pos = 0, size_type n = npos) &&;                    // since C++23
        -:  281:    void swap(basic_string& str)
        -:  282:        noexcept(allocator_traits<allocator_type>::propagate_on_container_swap::value ||
        -:  283:                 allocator_traits<allocator_type>::is_always_equal::value);                     // C++17, constexpr since C++20
        -:  284:
        -:  285:    const value_type* c_str() const noexcept;                                                   // constexpr since C++20
        -:  286:    const value_type* data() const noexcept;                                                    // constexpr since C++20
        -:  287:          value_type* data()       noexcept;                                                    // C++17, constexpr since C++20
        -:  288:
        -:  289:    allocator_type get_allocator() const noexcept;                                              // constexpr since C++20
        -:  290:
        -:  291:    size_type find(const basic_string& str, size_type pos = 0) const noexcept;                  // constexpr since C++20
        -:  292:    template <class T>
        -:  293:        size_type find(const T& t, size_type pos = 0) const noexcept;                           // C++17, noexcept as an extension, constexpr since C++20
        -:  294:    size_type find(const value_type* s, size_type pos, size_type n) const noexcept;             // constexpr since C++20
        -:  295:    size_type find(const value_type* s, size_type pos = 0) const noexcept;                      // constexpr since C++20
        -:  296:    size_type find(value_type c, size_type pos = 0) const noexcept;                             // constexpr since C++20
        -:  297:
        -:  298:    size_type rfind(const basic_string& str, size_type pos = npos) const noexcept;              // constexpr since C++20
        -:  299:    template <class T>
        -:  300:        size_type rfind(const T& t, size_type pos = npos) const noexcept;                       // C++17, noexcept as an extension, constexpr since C++20
        -:  301:    size_type rfind(const value_type* s, size_type pos, size_type n) const noexcept;            // constexpr since C++20
        -:  302:    size_type rfind(const value_type* s, size_type pos = npos) const noexcept;                  // constexpr since C++20
        -:  303:    size_type rfind(value_type c, size_type pos = npos) const noexcept;                         // constexpr since C++20
        -:  304:
        -:  305:    size_type find_first_of(const basic_string& str, size_type pos = 0) const noexcept;         // constexpr since C++20
        -:  306:    template <class T>
        -:  307:        size_type find_first_of(const T& t, size_type pos = 0) const noexcept;                  // C++17, noexcept as an extension, constexpr since C++20
        -:  308:    size_type find_first_of(const value_type* s, size_type pos, size_type n) const noexcept;    // constexpr since C++20
        -:  309:    size_type find_first_of(const value_type* s, size_type pos = 0) const noexcept;             // constexpr since C++20
        -:  310:    size_type find_first_of(value_type c, size_type pos = 0) const noexcept;                    // constexpr since C++20
        -:  311:
        -:  312:    size_type find_last_of(const basic_string& str, size_type pos = npos) const noexcept;       // constexpr since C++20
        -:  313:    template <class T>
        -:  314:        size_type find_last_of(const T& t, size_type pos = npos) const noexcept noexcept;       // C++17, noexcept as an extension, constexpr since C++20
        -:  315:    size_type find_last_of(const value_type* s, size_type pos, size_type n) const noexcept;     // constexpr since C++20
        -:  316:    size_type find_last_of(const value_type* s, size_type pos = npos) const noexcept;           // constexpr since C++20
        -:  317:    size_type find_last_of(value_type c, size_type pos = npos) const noexcept;                  // constexpr since C++20
        -:  318:
        -:  319:    size_type find_first_not_of(const basic_string& str, size_type pos = 0) const noexcept;     // constexpr since C++20
        -:  320:    template <class T>
        -:  321:        size_type find_first_not_of(const T& t, size_type pos = 0) const noexcept;              // C++17, noexcept as an extension, constexpr since C++20
        -:  322:    size_type find_first_not_of(const value_type* s, size_type pos, size_type n) const noexcept; // constexpr since C++20
        -:  323:    size_type find_first_not_of(const value_type* s, size_type pos = 0) const noexcept;         // constexpr since C++20
        -:  324:    size_type find_first_not_of(value_type c, size_type pos = 0) const noexcept;                // constexpr since C++20
        -:  325:
        -:  326:    size_type find_last_not_of(const basic_string& str, size_type pos = npos) const noexcept;   // constexpr since C++20
        -:  327:    template <class T>
        -:  328:        size_type find_last_not_of(const T& t, size_type pos = npos) const noexcept;            // C++17, noexcept as an extension, constexpr since C++20
        -:  329:    size_type find_last_not_of(const value_type* s, size_type pos, size_type n) const noexcept; // constexpr since C++20
        -:  330:    size_type find_last_not_of(const value_type* s, size_type pos = npos) const noexcept;       // constexpr since C++20
        -:  331:    size_type find_last_not_of(value_type c, size_type pos = npos) const noexcept;              // constexpr since C++20
        -:  332:
        -:  333:    int compare(const basic_string& str) const noexcept;                                        // constexpr since C++20
        -:  334:    template <class T>
        -:  335:        int compare(const T& t) const noexcept;                                                 // C++17, noexcept as an extension, constexpr since C++20
        -:  336:    int compare(size_type pos1, size_type n1, const basic_string& str) const;                   // constexpr since C++20
        -:  337:    template <class T>
        -:  338:        int compare(size_type pos1, size_type n1, const T& t) const;                            // C++17, constexpr since C++20
        -:  339:    int compare(size_type pos1, size_type n1, const basic_string& str,
        -:  340:                size_type pos2, size_type n2=npos) const;                                       // C++14, constexpr since C++20
        -:  341:    template <class T>
        -:  342:        int compare(size_type pos1, size_type n1, const T& t,
        -:  343:                    size_type pos2, size_type n2=npos) const;                                   // C++17, constexpr since C++20
        -:  344:    int compare(const value_type* s) const noexcept;                                            // constexpr since C++20
        -:  345:    int compare(size_type pos1, size_type n1, const value_type* s) const;                       // constexpr since C++20
        -:  346:    int compare(size_type pos1, size_type n1, const value_type* s, size_type n2) const;         // constexpr since C++20
        -:  347:
        -:  348:    constexpr bool starts_with(basic_string_view<charT, traits> sv) const noexcept;             // C++20
        -:  349:    constexpr bool starts_with(charT c) const noexcept;                                         // C++20
        -:  350:    constexpr bool starts_with(const charT* s) const;                                           // C++20
        -:  351:    constexpr bool ends_with(basic_string_view<charT, traits> sv) const noexcept;               // C++20
        -:  352:    constexpr bool ends_with(charT c) const noexcept;                                           // C++20
        -:  353:    constexpr bool ends_with(const charT* s) const;                                             // C++20
        -:  354:
        -:  355:    constexpr bool contains(basic_string_view<charT, traits> sv) const noexcept;                // C++23
        -:  356:    constexpr bool contains(charT c) const noexcept;                                            // C++23
        -:  357:    constexpr bool contains(const charT* s) const;                                              // C++23
        -:  358:};
        -:  359:
        -:  360:template<class InputIterator,
        -:  361:         class Allocator = allocator<typename iterator_traits<InputIterator>::value_type>>
        -:  362:basic_string(InputIterator, InputIterator, Allocator = Allocator())
        -:  363:   -> basic_string<typename iterator_traits<InputIterator>::value_type,
        -:  364:                  char_traits<typename iterator_traits<InputIterator>::value_type>,
        -:  365:                  Allocator>;   // C++17
        -:  366:
        -:  367:template<ranges::input_range R,
        -:  368:         class Allocator = allocator<ranges::range_value_t<R>>>
        -:  369:  basic_string(from_range_t, R&&, Allocator = Allocator())
        -:  370:    -> basic_string<ranges::range_value_t<R>, char_traits<ranges::range_value_t<R>>,
        -:  371:                    Allocator>; // C++23
        -:  372:
        -:  373:template<class charT,
        -:  374:         class traits,
        -:  375:         class Allocator = allocator<charT>>
        -:  376:  explicit basic_string(basic_string_view<charT, traits>, const Allocator& = Allocator())
        -:  377:    -> basic_string<charT, traits, Allocator>; // C++17
        -:  378:
        -:  379:template<class charT,
        -:  380:         class traits,
        -:  381:         class Allocator = allocator<charT>>
        -:  382:  basic_string(basic_string_view<charT, traits>,
        -:  383:                typename see below::size_type, typename see below::size_type,
        -:  384:                const Allocator& = Allocator())
        -:  385:    -> basic_string<charT, traits, Allocator>; // C++17
        -:  386:
        -:  387:template<class charT, class traits, class Allocator>
        -:  388:basic_string<charT, traits, Allocator>
        -:  389:operator+(const basic_string<charT, traits, Allocator>& lhs,
        -:  390:          const basic_string<charT, traits, Allocator>& rhs);                                   // constexpr since C++20
        -:  391:
        -:  392:template<class charT, class traits, class Allocator>
        -:  393:basic_string<charT, traits, Allocator>
        -:  394:operator+(const charT* lhs , const basic_string<charT,traits,Allocator>&rhs);                   // constexpr since C++20
        -:  395:
        -:  396:template<class charT, class traits, class Allocator>
        -:  397:basic_string<charT, traits, Allocator>
        -:  398:operator+(charT lhs, const basic_string<charT,traits,Allocator>& rhs);                          // constexpr since C++20
        -:  399:
        -:  400:template<class charT, class traits, class Allocator>
        -:  401:basic_string<charT, traits, Allocator>
        -:  402:operator+(const basic_string<charT, traits, Allocator>& lhs, const charT* rhs);                 // constexpr since C++20
        -:  403:
        -:  404:template<class charT, class traits, class Allocator>
        -:  405:basic_string<charT, traits, Allocator>
        -:  406:operator+(const basic_string<charT, traits, Allocator>& lhs, charT rhs);                        // constexpr since C++20
        -:  407:
        -:  408:template<class charT, class traits, class Allocator>
        -:  409:bool operator==(const basic_string<charT, traits, Allocator>& lhs,
        -:  410:                const basic_string<charT, traits, Allocator>& rhs) noexcept;                    // constexpr since C++20
        -:  411:
        -:  412:template<class charT, class traits, class Allocator>
        -:  413:bool operator==(const charT* lhs, const basic_string<charT, traits, Allocator>& rhs) noexcept;  // removed in C++20
        -:  414:
        -:  415:template<class charT, class traits, class Allocator>
        -:  416:bool operator==(const basic_string<charT,traits,Allocator>& lhs, const charT* rhs) noexcept;    // constexpr since C++20
        -:  417:
        -:  418:template<class charT, class traits, class Allocator>
        -:  419:bool operator!=(const basic_string<charT,traits,Allocator>& lhs,
        -:  420:                const basic_string<charT, traits, Allocator>& rhs) noexcept;                    // removed in C++20
        -:  421:
        -:  422:template<class charT, class traits, class Allocator>
        -:  423:bool operator!=(const charT* lhs, const basic_string<charT, traits, Allocator>& rhs) noexcept;  // removed in C++20
        -:  424:
        -:  425:template<class charT, class traits, class Allocator>
        -:  426:bool operator!=(const basic_string<charT, traits, Allocator>& lhs, const charT* rhs) noexcept;  // removed in C++20
        -:  427:
        -:  428:template<class charT, class traits, class Allocator>
        -:  429:bool operator< (const basic_string<charT, traits, Allocator>& lhs,
        -:  430:                const basic_string<charT, traits, Allocator>& rhs) noexcept;                    // removed in C++20
        -:  431:
        -:  432:template<class charT, class traits, class Allocator>
        -:  433:bool operator< (const basic_string<charT, traits, Allocator>& lhs, const charT* rhs) noexcept;  // removed in C++20
        -:  434:
        -:  435:template<class charT, class traits, class Allocator>
        -:  436:bool operator< (const charT* lhs, const basic_string<charT, traits, Allocator>& rhs) noexcept;  // removed in C++20
        -:  437:
        -:  438:template<class charT, class traits, class Allocator>
        -:  439:bool operator> (const basic_string<charT, traits, Allocator>& lhs,
        -:  440:                const basic_string<charT, traits, Allocator>& rhs) noexcept;                    // removed in C++20
        -:  441:
        -:  442:template<class charT, class traits, class Allocator>
        -:  443:bool operator> (const basic_string<charT, traits, Allocator>& lhs, const charT* rhs) noexcept;  // removed in C++20
        -:  444:
        -:  445:template<class charT, class traits, class Allocator>
        -:  446:bool operator> (const charT* lhs, const basic_string<charT, traits, Allocator>& rhs) noexcept;  // removed in C++20
        -:  447:
        -:  448:template<class charT, class traits, class Allocator>
        -:  449:bool operator<=(const basic_string<charT, traits, Allocator>& lhs,
        -:  450:                const basic_string<charT, traits, Allocator>& rhs) noexcept;                    // removed in C++20
        -:  451:
        -:  452:template<class charT, class traits, class Allocator>
        -:  453:bool operator<=(const basic_string<charT, traits, Allocator>& lhs, const charT* rhs) noexcept;  // removed in C++20
        -:  454:
        -:  455:template<class charT, class traits, class Allocator>
        -:  456:bool operator<=(const charT* lhs, const basic_string<charT, traits, Allocator>& rhs) noexcept;  // removed in C++20
        -:  457:
        -:  458:template<class charT, class traits, class Allocator>
        -:  459:bool operator>=(const basic_string<charT, traits, Allocator>& lhs,
        -:  460:                const basic_string<charT, traits, Allocator>& rhs) noexcept;                    // removed in C++20
        -:  461:
        -:  462:template<class charT, class traits, class Allocator>
        -:  463:bool operator>=(const basic_string<charT, traits, Allocator>& lhs, const charT* rhs) noexcept;  // removed in C++20
        -:  464:
        -:  465:template<class charT, class traits, class Allocator>
        -:  466:bool operator>=(const charT* lhs, const basic_string<charT, traits, Allocator>& rhs) noexcept;  // removed in C++20
        -:  467:
        -:  468:template<class charT, class traits, class Allocator>                                            // since C++20
        -:  469:constexpr see below operator<=>(const basic_string<charT, traits, Allocator>& lhs,
        -:  470:                                const basic_string<charT, traits, Allocator>& rhs) noexcept;
        -:  471:
        -:  472:template<class charT, class traits, class Allocator>                                            // since C++20
        -:  473:constexpr see below operator<=>(const basic_string<charT, traits, Allocator>& lhs,
        -:  474:                                const charT* rhs) noexcept;
        -:  475:
        -:  476:template<class charT, class traits, class Allocator>
        -:  477:void swap(basic_string<charT, traits, Allocator>& lhs,
        -:  478:          basic_string<charT, traits, Allocator>& rhs)
        -:  479:            noexcept(noexcept(lhs.swap(rhs)));                                                  // constexpr since C++20
        -:  480:
        -:  481:template<class charT, class traits, class Allocator>
        -:  482:basic_istream<charT, traits>&
        -:  483:operator>>(basic_istream<charT, traits>& is, basic_string<charT, traits, Allocator>& str);
        -:  484:
        -:  485:template<class charT, class traits, class Allocator>
        -:  486:basic_ostream<charT, traits>&
        -:  487:operator<<(basic_ostream<charT, traits>& os, const basic_string<charT, traits, Allocator>& str);
        -:  488:
        -:  489:template<class charT, class traits, class Allocator>
        -:  490:basic_istream<charT, traits>&
        -:  491:getline(basic_istream<charT, traits>& is, basic_string<charT, traits, Allocator>& str,
        -:  492:        charT delim);
        -:  493:
        -:  494:template<class charT, class traits, class Allocator>
        -:  495:basic_istream<charT, traits>&
        -:  496:getline(basic_istream<charT, traits>& is, basic_string<charT, traits, Allocator>& str);
        -:  497:
        -:  498:template<class charT, class traits, class Allocator, class U>
        -:  499:typename basic_string<charT, traits, Allocator>::size_type
        -:  500:erase(basic_string<charT, traits, Allocator>& c, const U& value);    // C++20
        -:  501:template<class charT, class traits, class Allocator, class Predicate>
        -:  502:typename basic_string<charT, traits, Allocator>::size_type
        -:  503:erase_if(basic_string<charT, traits, Allocator>& c, Predicate pred); // C++20
        -:  504:
        -:  505:typedef basic_string<char>    string;
        -:  506:typedef basic_string<wchar_t> wstring;
        -:  507:typedef basic_string<char8_t> u8string; // C++20
        -:  508:typedef basic_string<char16_t> u16string;
        -:  509:typedef basic_string<char32_t> u32string;
        -:  510:
        -:  511:int                stoi  (const string& str, size_t* idx = nullptr, int base = 10);
        -:  512:long               stol  (const string& str, size_t* idx = nullptr, int base = 10);
        -:  513:unsigned long      stoul (const string& str, size_t* idx = nullptr, int base = 10);
        -:  514:long long          stoll (const string& str, size_t* idx = nullptr, int base = 10);
        -:  515:unsigned long long stoull(const string& str, size_t* idx = nullptr, int base = 10);
        -:  516:
        -:  517:float       stof (const string& str, size_t* idx = nullptr);
        -:  518:double      stod (const string& str, size_t* idx = nullptr);
        -:  519:long double stold(const string& str, size_t* idx = nullptr);
        -:  520:
        -:  521:string to_string(int val);
        -:  522:string to_string(unsigned val);
        -:  523:string to_string(long val);
        -:  524:string to_string(unsigned long val);
        -:  525:string to_string(long long val);
        -:  526:string to_string(unsigned long long val);
        -:  527:string to_string(float val);
        -:  528:string to_string(double val);
        -:  529:string to_string(long double val);
        -:  530:
        -:  531:int                stoi  (const wstring& str, size_t* idx = nullptr, int base = 10);
        -:  532:long               stol  (const wstring& str, size_t* idx = nullptr, int base = 10);
        -:  533:unsigned long      stoul (const wstring& str, size_t* idx = nullptr, int base = 10);
        -:  534:long long          stoll (const wstring& str, size_t* idx = nullptr, int base = 10);
        -:  535:unsigned long long stoull(const wstring& str, size_t* idx = nullptr, int base = 10);
        -:  536:
        -:  537:float       stof (const wstring& str, size_t* idx = nullptr);
        -:  538:double      stod (const wstring& str, size_t* idx = nullptr);
        -:  539:long double stold(const wstring& str, size_t* idx = nullptr);
        -:  540:
        -:  541:wstring to_wstring(int val);
        -:  542:wstring to_wstring(unsigned val);
        -:  543:wstring to_wstring(long val);
        -:  544:wstring to_wstring(unsigned long val);
        -:  545:wstring to_wstring(long long val);
        -:  546:wstring to_wstring(unsigned long long val);
        -:  547:wstring to_wstring(float val);
        -:  548:wstring to_wstring(double val);
        -:  549:wstring to_wstring(long double val);
        -:  550:
        -:  551:template <> struct hash<string>;
        -:  552:template <> struct hash<u8string>; // C++20
        -:  553:template <> struct hash<u16string>;
        -:  554:template <> struct hash<u32string>;
        -:  555:template <> struct hash<wstring>;
        -:  556:
        -:  557:basic_string<char>     operator""s( const char *str,     size_t len );           // C++14, constexpr since C++20
        -:  558:basic_string<wchar_t>  operator""s( const wchar_t *str,  size_t len );           // C++14, constexpr since C++20
        -:  559:constexpr basic_string<char8_t>  operator""s( const char8_t *str,  size_t len ); // C++20
        -:  560:basic_string<char16_t> operator""s( const char16_t *str, size_t len );           // C++14, constexpr since C++20
        -:  561:basic_string<char32_t> operator""s( const char32_t *str, size_t len );           // C++14, constexpr since C++20
        -:  562:
        -:  563:}  // std
        -:  564:
        -:  565:*/
        -:  566:
        -:  567:#include <__algorithm/max.h>
        -:  568:#include <__algorithm/min.h>
        -:  569:#include <__algorithm/remove.h>
        -:  570:#include <__algorithm/remove_if.h>
        -:  571:#include <__assert> // all public C++ headers provide the assertion handler
        -:  572:#include <__config>
        -:  573:#include <__format/enable_insertable.h>
        -:  574:#include <__functional/hash.h>
        -:  575:#include <__functional/unary_function.h>
        -:  576:#include <__fwd/string.h>
        -:  577:#include <__ios/fpos.h>
        -:  578:#include <__iterator/distance.h>
        -:  579:#include <__iterator/iterator_traits.h>
        -:  580:#include <__iterator/reverse_iterator.h>
        -:  581:#include <__iterator/wrap_iter.h>
        -:  582:#include <__memory/addressof.h>
        -:  583:#include <__memory/allocate_at_least.h>
        -:  584:#include <__memory/allocator.h>
        -:  585:#include <__memory/allocator_traits.h>
        -:  586:#include <__memory/compressed_pair.h>
        -:  587:#include <__memory/construct_at.h>
        -:  588:#include <__memory/pointer_traits.h>
        -:  589:#include <__memory/swap_allocator.h>
        -:  590:#include <__memory_resource/polymorphic_allocator.h>
        -:  591:#include <__ranges/access.h>
        -:  592:#include <__ranges/concepts.h>
        -:  593:#include <__ranges/container_compatible_range.h>
        -:  594:#include <__ranges/from_range.h>
        -:  595:#include <__ranges/size.h>
        -:  596:#include <__string/char_traits.h>
        -:  597:#include <__string/extern_template_lists.h>
        -:  598:#include <__type_traits/is_allocator.h>
        -:  599:#include <__type_traits/is_array.h>
        -:  600:#include <__type_traits/is_convertible.h>
        -:  601:#include <__type_traits/is_nothrow_default_constructible.h>
        -:  602:#include <__type_traits/is_nothrow_move_assignable.h>
        -:  603:#include <__type_traits/is_same.h>
        -:  604:#include <__type_traits/is_standard_layout.h>
        -:  605:#include <__type_traits/is_trivial.h>
        -:  606:#include <__type_traits/noexcept_move_assign_container.h>
        -:  607:#include <__type_traits/remove_cvref.h>
        -:  608:#include <__type_traits/void_t.h>
        -:  609:#include <__utility/auto_cast.h>
        -:  610:#include <__utility/declval.h>
        -:  611:#include <__utility/forward.h>
        -:  612:#include <__utility/is_pointer_in_range.h>
        -:  613:#include <__utility/move.h>
        -:  614:#include <__utility/swap.h>
        -:  615:#include <__utility/unreachable.h>
        -:  616:#include <climits>
        -:  617:#include <cstdint>
        -:  618:#include <cstdio>  // EOF
        -:  619:#include <cstring>
        -:  620:#include <limits>
        -:  621:#include <stdexcept>
        -:  622:#include <string_view>
        -:  623:#include <version>
        -:  624:
        -:  625:#ifndef _LIBCPP_HAS_NO_WIDE_CHARACTERS
        -:  626:#  include <cwchar>
        -:  627:#endif
        -:  628:
        -:  629:// standard-mandated includes
        -:  630:
        -:  631:// [iterator.range]
        -:  632:#include <__iterator/access.h>
        -:  633:#include <__iterator/data.h>
        -:  634:#include <__iterator/empty.h>
        -:  635:#include <__iterator/reverse_access.h>
        -:  636:#include <__iterator/size.h>
        -:  637:
        -:  638:// [string.syn]
        -:  639:#include <compare>
        -:  640:#include <initializer_list>
        -:  641:
        -:  642:#if !defined(_LIBCPP_HAS_NO_PRAGMA_SYSTEM_HEADER)
        -:  643:#  pragma GCC system_header
        -:  644:#endif
        -:  645:
        -:  646:_LIBCPP_PUSH_MACROS
        -:  647:#include <__undef_macros>
        -:  648:
        -:  649:
        -:  650:_LIBCPP_BEGIN_NAMESPACE_STD
        -:  651:
        -:  652:// basic_string
        -:  653:
        -:  654:template<class _CharT, class _Traits, class _Allocator>
        -:  655:basic_string<_CharT, _Traits, _Allocator>
        -:  656:_LIBCPP_HIDE_FROM_ABI _LIBCPP_CONSTEXPR_SINCE_CXX20
        -:  657:operator+(const basic_string<_CharT, _Traits, _Allocator>& __x,
        -:  658:          const basic_string<_CharT, _Traits, _Allocator>& __y);
        -:  659:
        -:  660:template<class _CharT, class _Traits, class _Allocator>
        -:  661:_LIBCPP_HIDDEN _LIBCPP_CONSTEXPR_SINCE_CXX20
        -:  662:basic_string<_CharT, _Traits, _Allocator>
        -:  663:operator+(const _CharT* __x, const basic_string<_CharT,_Traits,_Allocator>& __y);
        -:  664:
        -:  665:template<class _CharT, class _Traits, class _Allocator>
        -:  666:_LIBCPP_HIDE_FROM_ABI _LIBCPP_CONSTEXPR_SINCE_CXX20
        -:  667:basic_string<_CharT, _Traits, _Allocator>
        -:  668:operator+(_CharT __x, const basic_string<_CharT,_Traits,_Allocator>& __y);
        -:  669:
        -:  670:template<class _CharT, class _Traits, class _Allocator>
        -:  671:inline _LIBCPP_HIDE_FROM_ABI _LIBCPP_CONSTEXPR_SINCE_CXX20
        -:  672:basic_string<_CharT, _Traits, _Allocator>
        -:  673:operator+(const basic_string<_CharT, _Traits, _Allocator>& __x, const _CharT* __y);
        -:  674:
        -:  675:template<class _CharT, class _Traits, class _Allocator>
        -:  676:_LIBCPP_HIDE_FROM_ABI _LIBCPP_CONSTEXPR_SINCE_CXX20
        -:  677:basic_string<_CharT, _Traits, _Allocator>
        -:  678:operator+(const basic_string<_CharT, _Traits, _Allocator>& __x, _CharT __y);
        -:  679:
        -:  680:extern template _LIBCPP_EXPORTED_FROM_ABI string operator+
        -:  681:    <char, char_traits<char>, allocator<char> >(char const*, string const&);
        -:  682:
        -:  683:template <class _Iter>
        -:  684:struct __string_is_trivial_iterator : public false_type {};
        -:  685:
        -:  686:template <class _Tp>
        -:  687:struct __string_is_trivial_iterator<_Tp*>
        -:  688:    : public is_arithmetic<_Tp> {};
        -:  689:
        -:  690:template <class _Iter>
        -:  691:struct __string_is_trivial_iterator<__wrap_iter<_Iter> >
        -:  692:    : public __string_is_trivial_iterator<_Iter> {};
        -:  693:
        -:  694:template <class _CharT, class _Traits, class _Tp>
        -:  695:struct __can_be_converted_to_string_view : public _BoolConstant<
        -:  696:      is_convertible<const _Tp&, basic_string_view<_CharT, _Traits> >::value &&
        -:  697:     !is_convertible<const _Tp&, const _CharT*>::value
        -:  698:    > {};
        -:  699:
        -:  700:struct __uninitialized_size_tag {};
        -:  701:struct __init_with_sentinel_tag {};
        -:  702:
        -:  703:template<class _CharT, class _Traits, class _Allocator>
        -:  704:class basic_string
        -:  705:{
        -:  706:public:
        -:  707:    typedef basic_string                                 __self;
        -:  708:    typedef basic_string_view<_CharT, _Traits>           __self_view;
        -:  709:    typedef _Traits                                      traits_type;
        -:  710:    typedef _CharT                                       value_type;
        -:  711:    typedef _Allocator                                   allocator_type;
        -:  712:    typedef allocator_traits<allocator_type>             __alloc_traits;
        -:  713:    typedef typename __alloc_traits::size_type           size_type;
        -:  714:    typedef typename __alloc_traits::difference_type     difference_type;
        -:  715:    typedef value_type&                                  reference;
        -:  716:    typedef const value_type&                            const_reference;
        -:  717:    typedef typename __alloc_traits::pointer             pointer;
        -:  718:    typedef typename __alloc_traits::const_pointer       const_pointer;
        -:  719:
        -:  720:    static_assert((!is_array<value_type>::value), "Character type of basic_string must not be an array");
        -:  721:    static_assert(( is_standard_layout<value_type>::value), "Character type of basic_string must be standard-layout");
        -:  722:    static_assert(( is_trivial<value_type>::value), "Character type of basic_string must be trivial");
        -:  723:    static_assert(( is_same<_CharT, typename traits_type::char_type>::value),
        -:  724:                  "traits_type::char_type must be the same type as CharT");
        -:  725:    static_assert(( is_same<typename allocator_type::value_type, value_type>::value),
        -:  726:                  "Allocator::value_type must be same type as value_type");
        -:  727:
        -:  728:    static_assert(is_same<allocator_type, __rebind_alloc<__alloc_traits, value_type> >::value,
        -:  729:                  "[allocator.requirements] states that rebinding an allocator to the same type should result in the "
        -:  730:                  "original allocator");
        -:  731:
        -:  732:    // TODO: Implement iterator bounds checking without requiring the global database.
        -:  733:    typedef __wrap_iter<pointer>                         iterator;
        -:  734:    typedef __wrap_iter<const_pointer>                   const_iterator;
        -:  735:    typedef std::reverse_iterator<iterator>              reverse_iterator;
        -:  736:    typedef std::reverse_iterator<const_iterator>        const_reverse_iterator;
        -:  737:
        -:  738:private:
        -:  739:    static_assert(CHAR_BIT == 8, "This implementation assumes that one byte contains 8 bits");
        -:  740:
        -:  741:#ifdef _LIBCPP_ABI_ALTERNATE_STRING_LAYOUT
        -:  742:
        -:  743:    struct __long
        -:  744:    {
        -:  745:        pointer   __data_;
        -:  746:        size_type __size_;
        -:  747:        size_type __cap_ : sizeof(size_type) * CHAR_BIT - 1;
        -:  748:        size_type __is_long_ : 1;
        -:  749:    };
        -:  750:
        -:  751:    enum {__min_cap = (sizeof(__long) - 1)/sizeof(value_type) > 2 ?
        -:  752:                      (sizeof(__long) - 1)/sizeof(value_type) : 2};
        -:  753:
        -:  754:    struct __short
        -:  755:    {
        -:  756:        value_type __data_[__min_cap];
        -:  757:        unsigned char __padding_[sizeof(value_type) - 1];
        -:  758:        unsigned char __size_ : 7;
        -:  759:        unsigned char __is_long_ : 1;
        -:  760:    };
        -:  761:
        -:  762:// The __endian_factor is required because the field we use to store the size
        -:  763:// has one fewer bit than it would if it were not a bitfield.
        -:  764://
        -:  765:// If the LSB is used to store the short-flag in the short string representation,
        -:  766:// we have to multiply the size by two when it is stored and divide it by two when
        -:  767:// it is loaded to make sure that we always store an even number. In the long string
        -:  768:// representation, we can ignore this because we can assume that we always allocate
        -:  769:// an even amount of value_types.
        -:  770://
        -:  771:// If the MSB is used for the short-flag, the max_size() is numeric_limits<size_type>::max() / 2.
        -:  772:// This does not impact the short string representation, since we never need the MSB
        -:  773:// for representing the size of a short string anyway.
        -:  774:
        -:  775:#ifdef _LIBCPP_BIG_ENDIAN
        -:  776:    static const size_type __endian_factor = 2;
        -:  777:#else
        -:  778:    static const size_type __endian_factor = 1;
        -:  779:#endif
        -:  780:
        -:  781:#else // _LIBCPP_ABI_ALTERNATE_STRING_LAYOUT
        -:  782:
        -:  783:#ifdef _LIBCPP_BIG_ENDIAN
        -:  784:    static const size_type __endian_factor = 1;
        -:  785:#else
        -:  786:    static const size_type __endian_factor = 2;
        -:  787:#endif
        -:  788:
        -:  789:    // Attribute 'packed' is used to keep the layout compatible with the
        -:  790:    // previous definition that did not use bit fields. This is because on
        -:  791:    // some platforms bit fields have a default size rather than the actual
        -:  792:    // size used, e.g., it is 4 bytes on AIX. See D128285 for details.
        -:  793:    struct __long
        -:  794:    {
        -:  795:        struct _LIBCPP_PACKED {
        -:  796:            size_type __is_long_ : 1;
        -:  797:            size_type __cap_ : sizeof(size_type) * CHAR_BIT - 1;
        -:  798:        };
        -:  799:        size_type __size_;
        -:  800:        pointer   __data_;
        -:  801:    };
        -:  802:
        -:  803:    enum {__min_cap = (sizeof(__long) - 1)/sizeof(value_type) > 2 ?
        -:  804:                      (sizeof(__long) - 1)/sizeof(value_type) : 2};
        -:  805:
        -:  806:    struct __short
        -:  807:    {
        -:  808:        struct _LIBCPP_PACKED {
        -:  809:            unsigned char __is_long_ : 1;
        -:  810:            unsigned char __size_ : 7;
        -:  811:        };
        -:  812:        char __padding_[sizeof(value_type) - 1];
        -:  813:        value_type __data_[__min_cap];
        -:  814:    };
        -:  815:
        -:  816:#endif // _LIBCPP_ABI_ALTERNATE_STRING_LAYOUT
        -:  817:
        -:  818:    static_assert(sizeof(__short) == (sizeof(value_type) * (__min_cap + 1)), "__short has an unexpected size.");
        -:  819:
        -:  820:    union __ulx{__long __lx; __short __lxx;};
        -:  821:
        -:  822:    enum {__n_words = sizeof(__ulx) / sizeof(size_type)};
        -:  823:
        -:  824:    struct __raw
        -:  825:    {
        -:  826:        size_type __words[__n_words];
        -:  827:    };
        -:  828:
        -:  829:    struct __rep
        -:  830:    {
        -:  831:        union
        -:  832:        {
        -:  833:            __long  __l;
        -:  834:            __short __s;
        -:  835:            __raw   __r;
        -:  836:        };
        -:  837:    };
        -:  838:
        -:  839:    __compressed_pair<__rep, allocator_type> __r_;
        -:  840:
        -:  841:    // Construct a string with the given allocator and enough storage to hold `__size` characters, but
        -:  842:    // don't initialize the characters. The contents of the string, including the null terminator, must be
        -:  843:    // initialized separately.
        -:  844:    _LIBCPP_HIDE_FROM_ABI _LIBCPP_CONSTEXPR_SINCE_CXX20
        -:  845:    explicit basic_string(__uninitialized_size_tag, size_type __size, const allocator_type& __a)
        -:  846:            : __r_(__default_init_tag(), __a) {
        -:  847:        if (__size > max_size())
        -:  848:            __throw_length_error();
        -:  849:        if (__fits_in_sso(__size)) {
        -:  850:            __r_.first() = __rep();
        -:  851:            __set_short_size(__size);
        -:  852:        } else {
        -:  853:            auto __capacity = __recommend(__size) + 1;
        -:  854:            auto __allocation = __alloc_traits::allocate(__alloc(), __capacity);
        -:  855:            __begin_lifetime(__allocation, __capacity);
        -:  856:            __set_long_cap(__capacity);
        -:  857:            __set_long_pointer(__allocation);
        -:  858:            __set_long_size(__size);
        -:  859:        }
        -:  860:    }
        -:  861:
        -:  862:    template <class _Iter, class _Sent>
        -:  863:    _LIBCPP_HIDE_FROM_ABI _LIBCPP_CONSTEXPR_SINCE_CXX20
        -:  864:    basic_string(__init_with_sentinel_tag, _Iter __first, _Sent __last, const allocator_type& __a)
        -:  865:        : __r_(__default_init_tag(), __a) {
        -:  866:      __init_with_sentinel(std::move(__first), std::move(__last));
        -:  867:    }
        -:  868:
        -:  869:    _LIBCPP_HIDE_FROM_ABI _LIBCPP_CONSTEXPR_SINCE_CXX20 iterator __make_iterator(pointer __p) {
        -:  870:        return iterator(__p);
        -:  871:    }
        -:  872:
        -:  873:    _LIBCPP_HIDE_FROM_ABI _LIBCPP_CONSTEXPR_SINCE_CXX20 const_iterator __make_const_iterator(const_pointer __p) const {
        -:  874:        return const_iterator(__p);
        -:  875:    }
        -:  876:
        -:  877:public:
        -:  878:  _LIBCPP_TEMPLATE_DATA_VIS static const size_type npos = -1;
        -:  879:
function _ZNSt3__112basic_stringIcNS_11char_traitsIcEENS_9allocatorIcEEEC1B8ue170006Ev called 2 returned 100% blocks executed 100%
function _ZNSt3__112basic_stringIcNS_11char_traitsIcEENS_9allocatorIcEEEC2B8ue170006Ev called 2 returned 100% blocks executed 66%
        4:  880:  _LIBCPP_HIDE_FROM_ABI _LIBCPP_CONSTEXPR_SINCE_CXX20 basic_string()
        -:  881:      _NOEXCEPT_(is_nothrow_default_constructible<allocator_type>::value)
        4:  882:      : __r_(__default_init_tag(), __default_init_tag()) {
        2:  882-block  0
branch  0 taken 2
branch  1 taken 0
    $$$$$:  882-block  1
        2:  883:    __default_init();
        4:  884:  }
        2:  884-block  0
        2:  884-block  1
        -:  885:
        -:  886:  _LIBCPP_HIDE_FROM_ABI _LIBCPP_CONSTEXPR_SINCE_CXX20 explicit basic_string(const allocator_type& __a)
        -:  887:#if _LIBCPP_STD_VER <= 14
        -:  888:      _NOEXCEPT_(is_nothrow_copy_constructible<allocator_type>::value)
        -:  889:#else
        -:  890:      _NOEXCEPT
        -:  891:#endif
        -:  892:      : __r_(__default_init_tag(), __a) {
        -:  893:    __default_init();
        -:  894:  }
        -:  895:
        -:  896:  _LIBCPP_CONSTEXPR_SINCE_CXX20 basic_string(const basic_string& __str)
        -:  897:      : __r_(__default_init_tag(), __alloc_traits::select_on_container_copy_construction(__str.__alloc())) {
        -:  898:    if (!__str.__is_long())
        -:  899:      __r_.first() = __str.__r_.first();
        -:  900:    else
        -:  901:      __init_copy_ctor_external(std::__to_address(__str.__get_long_pointer()), __str.__get_long_size());
        -:  902:  }
        -:  903:
        -:  904:  _LIBCPP_CONSTEXPR_SINCE_CXX20 basic_string(const basic_string& __str, const allocator_type& __a)
        -:  905:      : __r_(__default_init_tag(), __a) {
        -:  906:    if (!__str.__is_long())
        -:  907:      __r_.first() = __str.__r_.first();
        -:  908:    else
        -:  909:      __init_copy_ctor_external(std::__to_address(__str.__get_long_pointer()), __str.__get_long_size());
        -:  910:  }
        -:  911:
        -:  912:#ifndef _LIBCPP_CXX03_LANG
function _ZNSt3__112basic_stringIcNS_11char_traitsIcEENS_9allocatorIcEEEC1B8ue170006EOS5_ called 6 returned 100% blocks executed 100%
function _ZNSt3__112basic_stringIcNS_11char_traitsIcEENS_9allocatorIcEEEC2B8ue170006EOS5_ called 6 returned 100% blocks executed 66%
       12:  913:  _LIBCPP_HIDE_FROM_ABI _LIBCPP_CONSTEXPR_SINCE_CXX20 basic_string(basic_string&& __str)
        -:  914:#  if _LIBCPP_STD_VER <= 14
        -:  915:      _NOEXCEPT_(is_nothrow_move_constructible<allocator_type>::value)
        -:  916:#  else
        -:  917:      _NOEXCEPT
        -:  918:#  endif
       12:  919:      : __r_(std::move(__str.__r_)) {
        6:  920:    __str.__default_init();
        6:  920-block  0
branch  0 taken 6
branch  1 taken 0
    $$$$$:  920-block  1
       12:  921:  }
        6:  921-block  0
        6:  921-block  1
        -:  922:
        -:  923:  _LIBCPP_HIDE_FROM_ABI _LIBCPP_CONSTEXPR_SINCE_CXX20 basic_string(basic_string&& __str, const allocator_type& __a)
        -:  924:      : __r_(__default_init_tag(), __a) {
        -:  925:    if (__str.__is_long() && __a != __str.__alloc()) // copy, not move
        -:  926:      __init(std::__to_address(__str.__get_long_pointer()), __str.__get_long_size());
        -:  927:    else {
        -:  928:      if (__libcpp_is_constant_evaluated())
        -:  929:        __r_.first() = __rep();
        -:  930:      __r_.first() = __str.__r_.first();
        -:  931:      __str.__default_init();
        -:  932:    }
        -:  933:  }
        -:  934:#endif // _LIBCPP_CXX03_LANG
        -:  935:
        -:  936:  template <__enable_if_t<__is_allocator<_Allocator>::value, int> = 0>
function _ZNSt3__112basic_stringIcNS_11char_traitsIcEENS_9allocatorIcEEEC1B8ue170006ILi0EEEPKc called 32 returned 100% blocks executed 100%
function _ZNSt3__112basic_stringIcNS_11char_traitsIcEENS_9allocatorIcEEEC2B8ue170006ILi0EEEPKc called 32 returned 100% blocks executed 100%
       64:  937:  _LIBCPP_HIDE_FROM_ABI _LIBCPP_CONSTEXPR_SINCE_CXX20 basic_string(const _CharT* __s)
       64:  938:      : __r_(__default_init_tag(), __default_init_tag()) {
        -:  939:    _LIBCPP_ASSERT_UNCATEGORIZED(__s != nullptr, "basic_string(const char*) detected nullptr");
       32:  940:    __init(__s, traits_type::length(__s));
       64:  941:  }
       32:  941-block  0
       32:  941-block  1
        -:  942:
        -:  943:  template <__enable_if_t<__is_allocator<_Allocator>::value, int> = 0>
        -:  944:  _LIBCPP_HIDE_FROM_ABI _LIBCPP_CONSTEXPR_SINCE_CXX20 basic_string(const _CharT* __s, const _Allocator& __a)
        -:  945:      : __r_(__default_init_tag(), __a) {
        -:  946:    _LIBCPP_ASSERT_UNCATEGORIZED(__s != nullptr, "basic_string(const char*, allocator) detected nullptr");
        -:  947:    __init(__s, traits_type::length(__s));
        -:  948:  }
        -:  949:
        -:  950:#if _LIBCPP_STD_VER >= 23
        -:  951:  basic_string(nullptr_t) = delete;
        -:  952:#endif
        -:  953:
        -:  954:  _LIBCPP_HIDE_FROM_ABI _LIBCPP_CONSTEXPR_SINCE_CXX20 basic_string(const _CharT* __s, size_type __n)
        -:  955:      : __r_(__default_init_tag(), __default_init_tag()) {
        -:  956:    _LIBCPP_ASSERT_UNCATEGORIZED(__n == 0 || __s != nullptr, "basic_string(const char*, n) detected nullptr");
        -:  957:    __init(__s, __n);
        -:  958:  }
        -:  959:
        -:  960:  _LIBCPP_HIDE_FROM_ABI _LIBCPP_CONSTEXPR_SINCE_CXX20
        -:  961:  basic_string(const _CharT* __s, size_type __n, const _Allocator& __a)
        -:  962:      : __r_(__default_init_tag(), __a) {
        -:  963:    _LIBCPP_ASSERT_UNCATEGORIZED(__n == 0 || __s != nullptr,
        -:  964:                                 "basic_string(const char*, n, allocator) detected nullptr");
        -:  965:    __init(__s, __n);
        -:  966:  }
        -:  967:
function _ZNSt3__112basic_stringIcNS_11char_traitsIcEENS_9allocatorIcEEEC1B8ue170006Emc called 0 returned 0% blocks executed 0%
function _ZNSt3__112basic_stringIcNS_11char_traitsIcEENS_9allocatorIcEEEC2B8ue170006Emc called 0 returned 0% blocks executed 0%
    #####:  968:  _LIBCPP_HIDE_FROM_ABI _LIBCPP_CONSTEXPR_SINCE_CXX20 basic_string(size_type __n, _CharT __c)
    #####:  969:      : __r_(__default_init_tag(), __default_init_tag()) {
    #####:  970:    __init(__n, __c);
    #####:  971:  }
    $$$$$:  971-block  0
    $$$$$:  971-block  1
        -:  972:
        -:  973:#if _LIBCPP_STD_VER >= 23
        -:  974:  _LIBCPP_HIDE_FROM_ABI constexpr
        -:  975:  basic_string(basic_string&& __str, size_type __pos, const _Allocator& __alloc = _Allocator())
        -:  976:      : basic_string(std::move(__str), __pos, npos, __alloc) {}
        -:  977:
        -:  978:  _LIBCPP_HIDE_FROM_ABI constexpr
        -:  979:  basic_string(basic_string&& __str, size_type __pos, size_type __n, const _Allocator& __alloc = _Allocator())
        -:  980:      : __r_(__default_init_tag(), __alloc) {
        -:  981:    if (__pos > __str.size())
        -:  982:      __throw_out_of_range();
        -:  983:
        -:  984:    auto __len = std::min<size_type>(__n, __str.size() - __pos);
        -:  985:    if (__alloc_traits::is_always_equal::value || __alloc == __str.__alloc()) {
        -:  986:      __r_.first() = __str.__r_.first();
        -:  987:      __str.__default_init();
        -:  988:
        -:  989:      _Traits::move(data(), data() + __pos, __len);
        -:  990:      __set_size(__len);
        -:  991:      _Traits::assign(data()[__len], value_type());
        -:  992:    } else {
        -:  993:      // Perform a copy because the allocators are not compatible.
        -:  994:      __init(__str.data() + __pos, __len);
        -:  995:    }
        -:  996:  }
        -:  997:#endif
        -:  998:
        -:  999:  template <__enable_if_t<__is_allocator<_Allocator>::value, int> = 0>
        -: 1000:  _LIBCPP_HIDE_FROM_ABI _LIBCPP_CONSTEXPR_SINCE_CXX20 basic_string(size_type __n, _CharT __c, const _Allocator& __a)
        -: 1001:      : __r_(__default_init_tag(), __a) {
        -: 1002:    __init(__n, __c);
        -: 1003:  }
        -: 1004:
        -: 1005:  _LIBCPP_CONSTEXPR_SINCE_CXX20
        -: 1006:  basic_string(const basic_string& __str, size_type __pos, size_type __n, const _Allocator& __a = _Allocator())
        -: 1007:      : __r_(__default_init_tag(), __a) {
        -: 1008:    size_type __str_sz = __str.size();
        -: 1009:    if (__pos > __str_sz)
        -: 1010:      __throw_out_of_range();
        -: 1011:    __init(__str.data() + __pos, std::min(__n, __str_sz - __pos));
        -: 1012:  }
        -: 1013:
        -: 1014:  _LIBCPP_HIDE_FROM_ABI _LIBCPP_CONSTEXPR_SINCE_CXX20
        -: 1015:  basic_string(const basic_string& __str, size_type __pos, const _Allocator& __a = _Allocator())
        -: 1016:      : __r_(__default_init_tag(), __a) {
        -: 1017:    size_type __str_sz = __str.size();
        -: 1018:    if (__pos > __str_sz)
        -: 1019:      __throw_out_of_range();
        -: 1020:    __init(__str.data() + __pos, __str_sz - __pos);
        -: 1021:  }
        -: 1022:
        -: 1023:  template <class _Tp,
        -: 1024:            __enable_if_t<__can_be_converted_to_string_view<_CharT, _Traits, _Tp>::value &&
        -: 1025:                              !__is_same_uncvref<_Tp, basic_string>::value,
        -: 1026:                          int> = 0>
        -: 1027:  _LIBCPP_METHOD_TEMPLATE_IMPLICIT_INSTANTIATION_VIS _LIBCPP_CONSTEXPR_SINCE_CXX20
        -: 1028:  basic_string(const _Tp& __t, size_type __pos, size_type __n, const allocator_type& __a = allocator_type())
        -: 1029:      : __r_(__default_init_tag(), __a) {
        -: 1030:    __self_view __sv0 = __t;
        -: 1031:    __self_view __sv  = __sv0.substr(__pos, __n);
        -: 1032:    __init(__sv.data(), __sv.size());
        -: 1033:  }
        -: 1034:
        -: 1035:  template <class _Tp,
        -: 1036:            __enable_if_t<__can_be_converted_to_string_view<_CharT, _Traits, _Tp>::value &&
        -: 1037:                              !__is_same_uncvref<_Tp, basic_string>::value,
        -: 1038:                          int> = 0>
        -: 1039:  _LIBCPP_METHOD_TEMPLATE_IMPLICIT_INSTANTIATION_VIS _LIBCPP_CONSTEXPR_SINCE_CXX20 explicit basic_string(const _Tp& __t)
        -: 1040:      : __r_(__default_init_tag(), __default_init_tag()) {
        -: 1041:    __self_view __sv = __t;
        -: 1042:    __init(__sv.data(), __sv.size());
        -: 1043:  }
        -: 1044:
        -: 1045:  template <class _Tp,
        -: 1046:            __enable_if_t<__can_be_converted_to_string_view<_CharT, _Traits, _Tp>::value &&
        -: 1047:                              !__is_same_uncvref<_Tp, basic_string>::value,
        -: 1048:                          int> = 0>
        -: 1049:  _LIBCPP_METHOD_TEMPLATE_IMPLICIT_INSTANTIATION_VIS _LIBCPP_CONSTEXPR_SINCE_CXX20 explicit basic_string(
        -: 1050:      const _Tp& __t, const allocator_type& __a)
        -: 1051:      : __r_(__default_init_tag(), __a) {
        -: 1052:    __self_view __sv = __t;
        -: 1053:    __init(__sv.data(), __sv.size());
        -: 1054:  }
        -: 1055:
        -: 1056:  template <class _InputIterator, __enable_if_t<__has_input_iterator_category<_InputIterator>::value, int> = 0>
        -: 1057:  _LIBCPP_HIDE_FROM_ABI _LIBCPP_CONSTEXPR_SINCE_CXX20 basic_string(_InputIterator __first, _InputIterator __last)
        -: 1058:      : __r_(__default_init_tag(), __default_init_tag()) {
        -: 1059:    __init(__first, __last);
        -: 1060:  }
        -: 1061:
        -: 1062:  template <class _InputIterator, __enable_if_t<__has_input_iterator_category<_InputIterator>::value, int> = 0>
        -: 1063:  _LIBCPP_HIDE_FROM_ABI _LIBCPP_CONSTEXPR_SINCE_CXX20
        -: 1064:  basic_string(_InputIterator __first, _InputIterator __last, const allocator_type& __a)
        -: 1065:      : __r_(__default_init_tag(), __a) {
        -: 1066:    __init(__first, __last);
        -: 1067:  }
        -: 1068:
        -: 1069:#if _LIBCPP_STD_VER >= 23
        -: 1070:  template <_ContainerCompatibleRange<_CharT> _Range>
        -: 1071:  _LIBCPP_HIDE_FROM_ABI constexpr
        -: 1072:  basic_string(from_range_t, _Range&& __range, const allocator_type& __a = allocator_type())
        -: 1073:      : __r_(__default_init_tag(), __a) {
        -: 1074:    if constexpr (ranges::forward_range<_Range> || ranges::sized_range<_Range>) {
        -: 1075:      __init_with_size(ranges::begin(__range), ranges::end(__range), ranges::distance(__range));
        -: 1076:    } else {
        -: 1077:      __init_with_sentinel(ranges::begin(__range), ranges::end(__range));
        -: 1078:    }
        -: 1079:  }
        -: 1080:#endif
        -: 1081:
        -: 1082:#ifndef _LIBCPP_CXX03_LANG
        -: 1083:  _LIBCPP_HIDE_FROM_ABI _LIBCPP_CONSTEXPR_SINCE_CXX20 basic_string(initializer_list<_CharT> __il)
        -: 1084:      : __r_(__default_init_tag(), __default_init_tag()) {
        -: 1085:    __init(__il.begin(), __il.end());
        -: 1086:  }
        -: 1087:
        -: 1088:  _LIBCPP_HIDE_FROM_ABI _LIBCPP_CONSTEXPR_SINCE_CXX20 basic_string(initializer_list<_CharT> __il, const _Allocator& __a)
        -: 1089:      : __r_(__default_init_tag(), __a) {
        -: 1090:    __init(__il.begin(), __il.end());
        -: 1091:  }
        -: 1092:#endif // _LIBCPP_CXX03_LANG
        -: 1093:
        -: 1094:  inline _LIBCPP_CONSTEXPR_SINCE_CXX20 ~basic_string() {
        -: 1095:    if (__is_long())
        -: 1096:      __alloc_traits::deallocate(__alloc(), __get_long_pointer(), __get_long_cap());
        -: 1097:  }
        -: 1098:
        -: 1099:    _LIBCPP_HIDE_FROM_ABI _LIBCPP_CONSTEXPR_SINCE_CXX20
        -: 1100:    operator __self_view() const _NOEXCEPT { return __self_view(data(), size()); }
        -: 1101:
        -: 1102:    _LIBCPP_CONSTEXPR_SINCE_CXX20 basic_string& operator=(const basic_string& __str);
        -: 1103:
        -: 1104:    template <class _Tp, __enable_if_t<__can_be_converted_to_string_view<_CharT, _Traits, _Tp>::value &&
        -: 1105:                                           !__is_same_uncvref<_Tp, basic_string>::value, int> = 0>
        -: 1106:    _LIBCPP_CONSTEXPR_SINCE_CXX20 basic_string& operator=(const _Tp& __t) {
        -: 1107:      __self_view __sv = __t;
        -: 1108:      return assign(__sv);
        -: 1109:    }
        -: 1110:
        -: 1111:#ifndef _LIBCPP_CXX03_LANG
        -: 1112:  _LIBCPP_HIDE_FROM_ABI _LIBCPP_CONSTEXPR_SINCE_CXX20 basic_string& operator=(basic_string&& __str)
        -: 1113:      _NOEXCEPT_((__noexcept_move_assign_container<_Allocator, __alloc_traits>::value)) {
        -: 1114:    __move_assign(__str, integral_constant<bool, __alloc_traits::propagate_on_container_move_assignment::value>());
        -: 1115:    return *this;
        -: 1116:  }
        -: 1117:
        -: 1118:     _LIBCPP_HIDE_FROM_ABI _LIBCPP_CONSTEXPR_SINCE_CXX20
        -: 1119:    basic_string& operator=(initializer_list<value_type> __il) {return assign(__il.begin(), __il.size());}
        -: 1120:#endif
        -: 1121:    _LIBCPP_HIDE_FROM_ABI _LIBCPP_CONSTEXPR_SINCE_CXX20
        -: 1122:    basic_string& operator=(const value_type* __s) {return assign(__s);}
        -: 1123:#if _LIBCPP_STD_VER >= 23
        -: 1124:    basic_string& operator=(nullptr_t) = delete;
        -: 1125:#endif
        -: 1126:    _LIBCPP_CONSTEXPR_SINCE_CXX20 basic_string& operator=(value_type __c);
        -: 1127:
        -: 1128:    _LIBCPP_HIDE_FROM_ABI _LIBCPP_CONSTEXPR_SINCE_CXX20
        -: 1129:    iterator begin() _NOEXCEPT
        -: 1130:        {return __make_iterator(__get_pointer());}
        -: 1131:    _LIBCPP_HIDE_FROM_ABI _LIBCPP_CONSTEXPR_SINCE_CXX20
        -: 1132:    const_iterator begin() const _NOEXCEPT
        -: 1133:        {return __make_const_iterator(__get_pointer());}
        -: 1134:    _LIBCPP_HIDE_FROM_ABI _LIBCPP_CONSTEXPR_SINCE_CXX20
        -: 1135:    iterator end() _NOEXCEPT
        -: 1136:        {return __make_iterator(__get_pointer() + size());}
        -: 1137:    _LIBCPP_HIDE_FROM_ABI _LIBCPP_CONSTEXPR_SINCE_CXX20
        -: 1138:    const_iterator end() const _NOEXCEPT
        -: 1139:        {return __make_const_iterator(__get_pointer() + size());}
        -: 1140:
        -: 1141:    _LIBCPP_HIDE_FROM_ABI _LIBCPP_CONSTEXPR_SINCE_CXX20
[...]
        -: 4117:    auto __ptr = std::__to_address(__r.__get_pointer());
        -: 4118:    _Traits::copy(__ptr, __lhs.data(), __lhs_sz);
        -: 4119:    _Traits::copy(__ptr + __lhs_sz, __rhs.data(), __rhs_sz);
        -: 4120:    _Traits::assign(__ptr + __lhs_sz + __rhs_sz, 1, _CharT());
        -: 4121:    return __r;
        -: 4122:}
        -: 4123:
        -: 4124:template<class _CharT, class _Traits, class _Allocator>
        -: 4125:_LIBCPP_HIDDEN _LIBCPP_CONSTEXPR_SINCE_CXX20
        -: 4126:basic_string<_CharT, _Traits, _Allocator>
        -: 4127:operator+(const _CharT* __lhs , const basic_string<_CharT,_Traits,_Allocator>& __rhs)
        -: 4128:{
        -: 4129:    using _String = basic_string<_CharT, _Traits, _Allocator>;
        -: 4130:    auto __lhs_sz = _Traits::length(__lhs);
        -: 4131:    auto __rhs_sz = __rhs.size();
        -: 4132:    _String __r(__uninitialized_size_tag(),
        -: 4133:                __lhs_sz + __rhs_sz,
        -: 4134:                _String::__alloc_traits::select_on_container_copy_construction(__rhs.get_allocator()));
        -: 4135:    auto __ptr = std::__to_address(__r.__get_pointer());
        -: 4136:    _Traits::copy(__ptr, __lhs, __lhs_sz);
        -: 4137:    _Traits::copy(__ptr + __lhs_sz, __rhs.data(), __rhs_sz);
        -: 4138:    _Traits::assign(__ptr + __lhs_sz + __rhs_sz, 1, _CharT());
        -: 4139:    return __r;
        -: 4140:}
        -: 4141:
        -: 4142:template<class _CharT, class _Traits, class _Allocator>
        -: 4143:_LIBCPP_HIDE_FROM_ABI _LIBCPP_CONSTEXPR_SINCE_CXX20
        -: 4144:basic_string<_CharT, _Traits, _Allocator>
        -: 4145:operator+(_CharT __lhs, const basic_string<_CharT,_Traits,_Allocator>& __rhs)
        -: 4146:{
        -: 4147:    using _String = basic_string<_CharT, _Traits, _Allocator>;
        -: 4148:    typename _String::size_type __rhs_sz = __rhs.size();
        -: 4149:    _String __r(__uninitialized_size_tag(),
        -: 4150:                __rhs_sz + 1,
        -: 4151:                _String::__alloc_traits::select_on_container_copy_construction(__rhs.get_allocator()));
        -: 4152:    auto __ptr = std::__to_address(__r.__get_pointer());
        -: 4153:    _Traits::assign(__ptr, 1, __lhs);
        -: 4154:    _Traits::copy(__ptr + 1, __rhs.data(), __rhs_sz);
        -: 4155:    _Traits::assign(__ptr + 1 + __rhs_sz, 1, _CharT());
        -: 4156:    return __r;
        -: 4157:}
        -: 4158:
        -: 4159:template<class _CharT, class _Traits, class _Allocator>
        -: 4160:inline _LIBCPP_CONSTEXPR_SINCE_CXX20
        -: 4161:basic_string<_CharT, _Traits, _Allocator>
        -: 4162:operator+(const basic_string<_CharT, _Traits, _Allocator>& __lhs, const _CharT* __rhs)
        -: 4163:{
        -: 4164:    using _String = basic_string<_CharT, _Traits, _Allocator>;
        -: 4165:    typename _String::size_type __lhs_sz = __lhs.size();
        -: 4166:    typename _String::size_type __rhs_sz = _Traits::length(__rhs);
        -: 4167:    _String __r(__uninitialized_size_tag(),
        -: 4168:                __lhs_sz + __rhs_sz,
        -: 4169:                _String::__alloc_traits::select_on_container_copy_construction(__lhs.get_allocator()));
        -: 4170:    auto __ptr = std::__to_address(__r.__get_pointer());
        -: 4171:    _Traits::copy(__ptr, __lhs.data(), __lhs_sz);
        -: 4172:    _Traits::copy(__ptr + __lhs_sz, __rhs, __rhs_sz);
        -: 4173:    _Traits::assign(__ptr + __lhs_sz + __rhs_sz, 1, _CharT());
        -: 4174:    return __r;
        -: 4175:}
        -: 4176:
        -: 4177:template<class _CharT, class _Traits, class _Allocator>
        -: 4178:_LIBCPP_HIDE_FROM_ABI _LIBCPP_CONSTEXPR_SINCE_CXX20
        -: 4179:basic_string<_CharT, _Traits, _Allocator>
        -: 4180:operator+(const basic_string<_CharT, _Traits, _Allocator>& __lhs, _CharT __rhs)
        -: 4181:{
        -: 4182:    using _String = basic_string<_CharT, _Traits, _Allocator>;
        -: 4183:    typename _String::size_type __lhs_sz = __lhs.size();
        -: 4184:    _String __r(__uninitialized_size_tag(),
        -: 4185:                __lhs_sz + 1,
        -: 4186:                _String::__alloc_traits::select_on_container_copy_construction(__lhs.get_allocator()));
        -: 4187:    auto __ptr = std::__to_address(__r.__get_pointer());
        -: 4188:    _Traits::copy(__ptr, __lhs.data(), __lhs_sz);
        -: 4189:    _Traits::assign(__ptr + __lhs_sz, 1, __rhs);
        -: 4190:    _Traits::assign(__ptr + 1 + __lhs_sz, 1, _CharT());
        -: 4191:    return __r;
        -: 4192:}
        -: 4193:
        -: 4194:#ifndef _LIBCPP_CXX03_LANG
        -: 4195:
        -: 4196:template<class _CharT, class _Traits, class _Allocator>
        -: 4197:inline _LIBCPP_HIDE_FROM_ABI _LIBCPP_CONSTEXPR_SINCE_CXX20
        -: 4198:basic_string<_CharT, _Traits, _Allocator>
        -: 4199:operator+(basic_string<_CharT, _Traits, _Allocator>&& __lhs, const basic_string<_CharT, _Traits, _Allocator>& __rhs)
        -: 4200:{
        -: 4201:    return std::move(__lhs.append(__rhs));
        -: 4202:}
        -: 4203:
        -: 4204:template<class _CharT, class _Traits, class _Allocator>
        -: 4205:inline _LIBCPP_HIDE_FROM_ABI _LIBCPP_CONSTEXPR_SINCE_CXX20
        -: 4206:basic_string<_CharT, _Traits, _Allocator>
        -: 4207:operator+(const basic_string<_CharT, _Traits, _Allocator>& __lhs, basic_string<_CharT, _Traits, _Allocator>&& __rhs)
        -: 4208:{
        -: 4209:    return std::move(__rhs.insert(0, __lhs));
        -: 4210:}
        -: 4211:
        -: 4212:template<class _CharT, class _Traits, class _Allocator>
        -: 4213:inline _LIBCPP_HIDE_FROM_ABI _LIBCPP_CONSTEXPR_SINCE_CXX20
        -: 4214:basic_string<_CharT, _Traits, _Allocator>
        -: 4215:operator+(basic_string<_CharT, _Traits, _Allocator>&& __lhs, basic_string<_CharT, _Traits, _Allocator>&& __rhs)
        -: 4216:{
        -: 4217:    return std::move(__lhs.append(__rhs));
        -: 4218:}
        -: 4219:
        -: 4220:template<class _CharT, class _Traits, class _Allocator>
        -: 4221:inline _LIBCPP_HIDE_FROM_ABI _LIBCPP_CONSTEXPR_SINCE_CXX20
        -: 4222:basic_string<_CharT, _Traits, _Allocator>
        -: 4223:operator+(const _CharT* __lhs , basic_string<_CharT,_Traits,_Allocator>&& __rhs)
        -: 4224:{
        -: 4225:    return std::move(__rhs.insert(0, __lhs));
        -: 4226:}
        -: 4227:
        -: 4228:template<class _CharT, class _Traits, class _Allocator>
        -: 4229:inline _LIBCPP_HIDE_FROM_ABI _LIBCPP_CONSTEXPR_SINCE_CXX20
        -: 4230:basic_string<_CharT, _Traits, _Allocator>
        -: 4231:operator+(_CharT __lhs, basic_string<_CharT,_Traits,_Allocator>&& __rhs)
        -: 4232:{
        -: 4233:    __rhs.insert(__rhs.begin(), __lhs);
        -: 4234:    return std::move(__rhs);
        -: 4235:}
        -: 4236:
        -: 4237:template<class _CharT, class _Traits, class _Allocator>
        -: 4238:inline _LIBCPP_HIDE_FROM_ABI _LIBCPP_CONSTEXPR_SINCE_CXX20
        -: 4239:basic_string<_CharT, _Traits, _Allocator>
        -: 4240:operator+(basic_string<_CharT, _Traits, _Allocator>&& __lhs, const _CharT* __rhs)
        -: 4241:{
        -: 4242:    return std::move(__lhs.append(__rhs));
        -: 4243:}
        -: 4244:
        -: 4245:template<class _CharT, class _Traits, class _Allocator>
        -: 4246:inline _LIBCPP_HIDE_FROM_ABI _LIBCPP_CONSTEXPR_SINCE_CXX20
        -: 4247:basic_string<_CharT, _Traits, _Allocator>
        -: 4248:operator+(basic_string<_CharT, _Traits, _Allocator>&& __lhs, _CharT __rhs)
        -: 4249:{
        -: 4250:    __lhs.push_back(__rhs);
        -: 4251:    return std::move(__lhs);
        -: 4252:}
        -: 4253:
        -: 4254:#endif // _LIBCPP_CXX03_LANG
        -: 4255:
        -: 4256:// swap
        -: 4257:
        -: 4258:template<class _CharT, class _Traits, class _Allocator>
        -: 4259:inline _LIBCPP_HIDE_FROM_ABI _LIBCPP_CONSTEXPR_SINCE_CXX20
        -: 4260:void
        -: 4261:swap(basic_string<_CharT, _Traits, _Allocator>& __lhs,
        -: 4262:     basic_string<_CharT, _Traits, _Allocator>& __rhs)
        -: 4263:     _NOEXCEPT_(_NOEXCEPT_(__lhs.swap(__rhs)))
        -: 4264:{
        -: 4265:    __lhs.swap(__rhs);
        -: 4266:}
        -: 4267:
        -: 4268:_LIBCPP_EXPORTED_FROM_ABI int                stoi  (const string& __str, size_t* __idx = nullptr, int __base = 10);
        -: 4269:_LIBCPP_EXPORTED_FROM_ABI long               stol  (const string& __str, size_t* __idx = nullptr, int __base = 10);
        -: 4270:_LIBCPP_EXPORTED_FROM_ABI unsigned long      stoul (const string& __str, size_t* __idx = nullptr, int __base = 10);
        -: 4271:_LIBCPP_EXPORTED_FROM_ABI long long          stoll (const string& __str, size_t* __idx = nullptr, int __base = 10);
        -: 4272:_LIBCPP_EXPORTED_FROM_ABI unsigned long long stoull(const string& __str, size_t* __idx = nullptr, int __base = 10);
        -: 4273:
        -: 4274:_LIBCPP_EXPORTED_FROM_ABI float       stof (const string& __str, size_t* __idx = nullptr);
        -: 4275:_LIBCPP_EXPORTED_FROM_ABI double      stod (const string& __str, size_t* __idx = nullptr);
        -: 4276:_LIBCPP_EXPORTED_FROM_ABI long double stold(const string& __str, size_t* __idx = nullptr);
        -: 4277:
        -: 4278:_LIBCPP_EXPORTED_FROM_ABI string to_string(int __val);
        -: 4279:_LIBCPP_EXPORTED_FROM_ABI string to_string(unsigned __val);
        -: 4280:_LIBCPP_EXPORTED_FROM_ABI string to_string(long __val);
        -: 4281:_LIBCPP_EXPORTED_FROM_ABI string to_string(unsigned long __val);
        -: 4282:_LIBCPP_EXPORTED_FROM_ABI string to_string(long long __val);
        -: 4283:_LIBCPP_EXPORTED_FROM_ABI string to_string(unsigned long long __val);
        -: 4284:_LIBCPP_EXPORTED_FROM_ABI string to_string(float __val);
        -: 4285:_LIBCPP_EXPORTED_FROM_ABI string to_string(double __val);
        -: 4286:_LIBCPP_EXPORTED_FROM_ABI string to_string(long double __val);
        -: 4287:
        -: 4288:#ifndef _LIBCPP_HAS_NO_WIDE_CHARACTERS
        -: 4289:_LIBCPP_EXPORTED_FROM_ABI int                stoi  (const wstring& __str, size_t* __idx = nullptr, int __base = 10);
        -: 4290:_LIBCPP_EXPORTED_FROM_ABI long               stol  (const wstring& __str, size_t* __idx = nullptr, int __base = 10);
        -: 4291:_LIBCPP_EXPORTED_FROM_ABI unsigned long      stoul (const wstring& __str, size_t* __idx = nullptr, int __base = 10);
        -: 4292:_LIBCPP_EXPORTED_FROM_ABI long long          stoll (const wstring& __str, size_t* __idx = nullptr, int __base = 10);
        -: 4293:_LIBCPP_EXPORTED_FROM_ABI unsigned long long stoull(const wstring& __str, size_t* __idx = nullptr, int __base = 10);
        -: 4294:
        -: 4295:_LIBCPP_EXPORTED_FROM_ABI float       stof (const wstring& __str, size_t* __idx = nullptr);
        -: 4296:_LIBCPP_EXPORTED_FROM_ABI double      stod (const wstring& __str, size_t* __idx = nullptr);
        -: 4297:_LIBCPP_EXPORTED_FROM_ABI long double stold(const wstring& __str, size_t* __idx = nullptr);
        -: 4298:
        -: 4299:_LIBCPP_EXPORTED_FROM_ABI wstring to_wstring(int __val);
        -: 4300:_LIBCPP_EXPORTED_FROM_ABI wstring to_wstring(unsigned __val);
        -: 4301:_LIBCPP_EXPORTED_FROM_ABI wstring to_wstring(long __val);
        -: 4302:_LIBCPP_EXPORTED_FROM_ABI wstring to_wstring(unsigned long __val);
        -: 4303:_LIBCPP_EXPORTED_FROM_ABI wstring to_wstring(long long __val);
        -: 4304:_LIBCPP_EXPORTED_FROM_ABI wstring to_wstring(unsigned long long __val);
        -: 4305:_LIBCPP_EXPORTED_FROM_ABI wstring to_wstring(float __val);
        -: 4306:_LIBCPP_EXPORTED_FROM_ABI wstring to_wstring(double __val);
        -: 4307:_LIBCPP_EXPORTED_FROM_ABI wstring to_wstring(long double __val);
        -: 4308:#endif // _LIBCPP_HAS_NO_WIDE_CHARACTERS
        -: 4309:
        -: 4310:template<class _CharT, class _Traits, class _Allocator>
        -: 4311:_LIBCPP_TEMPLATE_DATA_VIS
        -: 4312:const typename basic_string<_CharT, _Traits, _Allocator>::size_type
        -: 4313:               basic_string<_CharT, _Traits, _Allocator>::npos;
        -: 4314:
        -: 4315:template <class _CharT, class _Allocator>
        -: 4316:struct __string_hash : public __unary_function<basic_string<_CharT, char_traits<_CharT>, _Allocator>, size_t> {
        -: 4317:    _LIBCPP_HIDE_FROM_ABI size_t
        -: 4318:    operator()(const basic_string<_CharT, char_traits<_CharT>, _Allocator>& __val) const _NOEXCEPT {
        -: 4319:        return std::__do_string_hash(__val.data(), __val.data() + __val.size());
        -: 4320:    }
        -: 4321:};
        -: 4322:
        -: 4323:template <class _Allocator>
        -: 4324:struct hash<basic_string<char, char_traits<char>, _Allocator> > : __string_hash<char, _Allocator> {};
        -: 4325:
        -: 4326:#ifndef _LIBCPP_HAS_NO_CHAR8_T
        -: 4327:template <class _Allocator>
        -: 4328:struct hash<basic_string<char8_t, char_traits<char8_t>, _Allocator> > : __string_hash<char8_t, _Allocator> {};
        -: 4329:#endif
        -: 4330:
        -: 4331:template <class _Allocator>
        -: 4332:struct hash<basic_string<char16_t, char_traits<char16_t>, _Allocator> > : __string_hash<char16_t, _Allocator> {};
        -: 4333:
        -: 4334:template <class _Allocator>
        -: 4335:struct hash<basic_string<char32_t, char_traits<char32_t>, _Allocator> > : __string_hash<char32_t, _Allocator> {};
        -: 4336:
        -: 4337:#ifndef _LIBCPP_HAS_NO_WIDE_CHARACTERS
        -: 4338:template <class _Allocator>
        -: 4339:struct hash<basic_string<wchar_t, char_traits<wchar_t>, _Allocator> > : __string_hash<wchar_t, _Allocator> {};
        -: 4340:#endif
        -: 4341:
        -: 4342:template<class _CharT, class _Traits, class _Allocator>
        -: 4343:_LIBCPP_HIDE_FROM_ABI basic_ostream<_CharT, _Traits>&
        -: 4344:operator<<(basic_ostream<_CharT, _Traits>& __os,
        -: 4345:           const basic_string<_CharT, _Traits, _Allocator>& __str);
        -: 4346:
        -: 4347:template<class _CharT, class _Traits, class _Allocator>
        -: 4348:_LIBCPP_HIDE_FROM_ABI basic_istream<_CharT, _Traits>&
        -: 4349:operator>>(basic_istream<_CharT, _Traits>& __is,
        -: 4350:           basic_string<_CharT, _Traits, _Allocator>& __str);
        -: 4351:
        -: 4352:template<class _CharT, class _Traits, class _Allocator>
        -: 4353:_LIBCPP_HIDE_FROM_ABI basic_istream<_CharT, _Traits>&
        -: 4354:getline(basic_istream<_CharT, _Traits>& __is,
        -: 4355:        basic_string<_CharT, _Traits, _Allocator>& __str, _CharT __dlm);
        -: 4356:
        -: 4357:template<class _CharT, class _Traits, class _Allocator>
        -: 4358:inline _LIBCPP_HIDE_FROM_ABI
        -: 4359:basic_istream<_CharT, _Traits>&
        -: 4360:getline(basic_istream<_CharT, _Traits>& __is,
        -: 4361:        basic_string<_CharT, _Traits, _Allocator>& __str);
        -: 4362:
        -: 4363:template<class _CharT, class _Traits, class _Allocator>
        -: 4364:inline _LIBCPP_HIDE_FROM_ABI
        -: 4365:basic_istream<_CharT, _Traits>&
        -: 4366:getline(basic_istream<_CharT, _Traits>&& __is,
        -: 4367:        basic_string<_CharT, _Traits, _Allocator>& __str, _CharT __dlm);
        -: 4368:
        -: 4369:template<class _CharT, class _Traits, class _Allocator>
        -: 4370:inline _LIBCPP_HIDE_FROM_ABI
        -: 4371:basic_istream<_CharT, _Traits>&
        -: 4372:getline(basic_istream<_CharT, _Traits>&& __is,
        -: 4373:        basic_string<_CharT, _Traits, _Allocator>& __str);
        -: 4374:
        -: 4375:#if _LIBCPP_STD_VER >= 20
        -: 4376:template <class _CharT, class _Traits, class _Allocator, class _Up>
        -: 4377:inline _LIBCPP_HIDE_FROM_ABI
        -: 4378:    typename basic_string<_CharT, _Traits, _Allocator>::size_type
        -: 4379:    erase(basic_string<_CharT, _Traits, _Allocator>& __str, const _Up& __v) {
        -: 4380:  auto __old_size = __str.size();
        -: 4381:  __str.erase(std::remove(__str.begin(), __str.end(), __v), __str.end());
        -: 4382:  return __old_size - __str.size();
        -: 4383:}
        -: 4384:
        -: 4385:template <class _CharT, class _Traits, class _Allocator, class _Predicate>
        -: 4386:inline _LIBCPP_HIDE_FROM_ABI
        -: 4387:    typename basic_string<_CharT, _Traits, _Allocator>::size_type
        -: 4388:    erase_if(basic_string<_CharT, _Traits, _Allocator>& __str,
        -: 4389:             _Predicate __pred) {
        -: 4390:  auto __old_size = __str.size();
        -: 4391:  __str.erase(std::remove_if(__str.begin(), __str.end(), __pred),
        -: 4392:              __str.end());
        -: 4393:  return __old_size - __str.size();
        -: 4394:}
        -: 4395:#endif
        -: 4396:
        -: 4397:#if _LIBCPP_STD_VER >= 14
        -: 4398:// Literal suffixes for basic_string [basic.string.literals]
        -: 4399:inline namespace literals
        -: 4400:{
        -: 4401:  inline namespace string_literals
        -: 4402:  {
        -: 4403:    inline _LIBCPP_HIDE_FROM_ABI _LIBCPP_CONSTEXPR_SINCE_CXX20
        -: 4404:    basic_string<char> operator""s( const char *__str, size_t __len )
        -: 4405:    {
        -: 4406:        return basic_string<char> (__str, __len);
        -: 4407:    }
        -: 4408:
        -: 4409:#ifndef _LIBCPP_HAS_NO_WIDE_CHARACTERS
        -: 4410:    inline _LIBCPP_HIDE_FROM_ABI _LIBCPP_CONSTEXPR_SINCE_CXX20
        -: 4411:    basic_string<wchar_t> operator""s( const wchar_t *__str, size_t __len )
        -: 4412:    {
        -: 4413:        return basic_string<wchar_t> (__str, __len);
        -: 4414:    }
        -: 4415:#endif
        -: 4416:
        -: 4417:#ifndef _LIBCPP_HAS_NO_CHAR8_T
        -: 4418:    inline _LIBCPP_HIDE_FROM_ABI constexpr
        -: 4419:    basic_string<char8_t> operator""s(const char8_t *__str, size_t __len)
        -: 4420:    {
        -: 4421:        return basic_string<char8_t> (__str, __len);
        -: 4422:    }
        -: 4423:#endif
        -: 4424:
        -: 4425:    inline _LIBCPP_HIDE_FROM_ABI _LIBCPP_CONSTEXPR_SINCE_CXX20
        -: 4426:    basic_string<char16_t> operator""s( const char16_t *__str, size_t __len )
        -: 4427:    {
        -: 4428:        return basic_string<char16_t> (__str, __len);
        -: 4429:    }
        -: 4430:
        -: 4431:    inline _LIBCPP_HIDE_FROM_ABI _LIBCPP_CONSTEXPR_SINCE_CXX20
        -: 4432:    basic_string<char32_t> operator""s( const char32_t *__str, size_t __len )
        -: 4433:    {
        -: 4434:        return basic_string<char32_t> (__str, __len);
        -: 4435:    }
        -: 4436:  } // namespace string_literals
        -: 4437:} // namespace literals
        -: 4438:
        -: 4439:#if _LIBCPP_STD_VER >= 20
        -: 4440:template <>
        -: 4441:inline constexpr bool __format::__enable_insertable<std::basic_string<char>> = true;
        -: 4442:#ifndef _LIBCPP_HAS_NO_WIDE_CHARACTERS
        -: 4443:template <>
        -: 4444:inline constexpr bool __format::__enable_insertable<std::basic_string<wchar_t>> = true;
        -: 4445:#endif
        -: 4446:#endif
        -: 4447:
        -: 4448:#endif
        -: 4449:
        -: 4450:_LIBCPP_END_NAMESPACE_STD
        -: 4451:
        -: 4452:_LIBCPP_POP_MACROS
        -: 4453:
        -: 4454:#if !defined(_LIBCPP_REMOVE_TRANSITIVE_INCLUDES) && _LIBCPP_STD_VER <= 20
        -: 4455:#  include <algorithm>
        -: 4456:#  include <concepts>
        -: 4457:#  include <cstdlib>
        -: 4458:#  include <iterator>
        -: 4459:#  include <new>
        -: 4460:#  include <type_traits>
        -: 4461:#  include <typeinfo>
        -: 4462:#  include <utility>
        -: 4463:#endif
        -: 4464:
        -: 4465:#endif // _LIBCPP_STRING
