        -:    0:Source:/Users/nazarzakrevskij/CLionProjects/SoftwareEngineering/homework-1/tests/tests.cpp
        -:    0:Graph:/Users/nazarzakrevskij/CLionProjects/SoftwareEngineering/homework-1/cmake-build-debug/CMakeFiles/tests.dir/tests/tests.cpp.gcno
        -:    0:Data:/Users/nazarzakrevskij/CLionProjects/SoftwareEngineering/homework-1/cmake-build-debug/CMakeFiles/tests.dir/tests/tests.cpp.gcda
        -:    0:Runs:1
        -:    0:Programs:1
        -:    1:#include "../third_party/googletest/googletest/include/gtest/gtest.h"
        -:    2:#include "../include/Thing/Thing.h"
        -:    3:#include "../include/Zoo/Zoo.h"
        -:    4:#include "../include/DI-container.h"
        -:    5:#include <memory>
        -:    6:
function _ZN37CheckHerboCharacteristics_Monkey_Test8TestBodyEv called 1 returned 100% blocks executed 31%
function _ZN37CheckHerboCharacteristics_Monkey_TestD1Ev called 1 returned 100% blocks executed 100%
function _ZN37CheckHerboCharacteristics_Monkey_TestD0Ev called 1 returned 100% blocks executed 100%
function _ZN37CheckHerboCharacteristics_Monkey_TestC1Ev called 1 returned 100% blocks executed 100%
function _ZN37CheckHerboCharacteristics_Monkey_TestC2Ev called 1 returned 100% blocks executed 100%
function _ZN37CheckHerboCharacteristics_Monkey_TestD2Ev called 1 returned 100% blocks executed 100%
        7:    7:TEST(CheckHerboCharacteristics, Monkey) {
        1:    7-block  0
branch  0 taken 1
branch  1 taken 0
        1:    7-block  1
branch  2 taken 1
branch  3 taken 0
        1:    7-block  2
branch  4 taken 1
branch  5 taken 0
        1:    7-block  3
branch  6 taken 1
branch  7 taken 0
        1:    7-block  4
branch  8 taken 1
branch  9 taken 0
        1:    7-block  5
branch 10 taken 1
branch 11 taken 0
        1:    7-block  6
branch 12 taken 1
branch 13 taken 0
        1:    7-block  7
branch 14 taken 1
branch 15 taken 0
        1:    7-block  8
    $$$$$:    7-block  9
    $$$$$:    7-block 10
    $$$$$:    7-block 11
    $$$$$:    7-block 12
    $$$$$:    7-block 13
    $$$$$:    7-block 14
    $$$$$:    7-block 15
    $$$$$:    7-block 16
        1:    7-block 17
        1:    7-block 18
        1:    7-block 19
        1:    7-block 20
        1:    7-block 21
        1:    8:    Monkey monkey(10, 3, true, 7);
        1:    9:    EXPECT_EQ(monkey.GetName(), "Monkey");
        1:    9-block  0
branch  0 taken 1
branch  1 taken 0
        1:    9-block  1
branch  2 taken 1
branch  3 taken 0
        1:    9-block  2
branch  4 taken 1
branch  5 taken 0
        1:    9-block  3
branch  6 taken 0
branch  7 taken 1
        1:    9-block  4
    $$$$$:    9-block  5
    $$$$$:    9-block  6
branch  8 never executed
branch  9 never executed
    $$$$$:    9-block  7
branch 10 never executed
branch 11 never executed
    $$$$$:    9-block  8
branch 12 never executed
branch 13 never executed
    $$$$$:    9-block  9
branch 14 never executed
branch 15 never executed
    $$$$$:    9-block 10
    $$$$$:    9-block 11
    $$$$$:    9-block 12
    $$$$$:    9-block 13
        1:   10:    EXPECT_EQ(monkey.IsHealthy(), true);
        1:   10-block  0
branch  0 taken 1
branch  1 taken 0
        1:   10-block  1
branch  2 taken 1
branch  3 taken 0
        1:   10-block  2
branch  4 taken 1
branch  5 taken 0
        1:   10-block  3
branch  6 taken 0
branch  7 taken 1
        1:   10-block  4
    $$$$$:   10-block  5
branch  8 never executed
branch  9 never executed
    $$$$$:   10-block  6
branch 10 never executed
branch 11 never executed
    $$$$$:   10-block  7
branch 12 never executed
branch 13 never executed
    $$$$$:   10-block  8
branch 14 never executed
branch 15 never executed
    $$$$$:   10-block  9
    $$$$$:   10-block 10
    $$$$$:   10-block 11
    $$$$$:   10-block 12
        1:   11:    EXPECT_EQ(monkey.CanInteractWithPeople(), true);
        1:   11-block  0
branch  0 taken 1
branch  1 taken 0
        1:   11-block  1
branch  2 taken 1
branch  3 taken 0
        1:   11-block  2
branch  4 taken 1
branch  5 taken 0
        1:   11-block  3
branch  6 taken 0
branch  7 taken 1
        1:   11-block  4
    $$$$$:   11-block  5
branch  8 never executed
branch  9 never executed
    $$$$$:   11-block  6
branch 10 never executed
branch 11 never executed
    $$$$$:   11-block  7
branch 12 never executed
branch 13 never executed
    $$$$$:   11-block  8
branch 14 never executed
branch 15 never executed
    $$$$$:   11-block  9
    $$$$$:   11-block 10
    $$$$$:   11-block 11
    $$$$$:   11-block 12
        1:   12:    EXPECT_EQ(monkey.GetType(), "herbo");
        1:   12-block  0
branch  0 taken 1
branch  1 taken 0
        1:   12-block  1
branch  2 taken 1
branch  3 taken 0
        1:   12-block  2
branch  4 taken 1
branch  5 taken 0
        1:   12-block  3
branch  6 taken 0
branch  7 taken 1
        1:   12-block  4
    $$$$$:   12-block  5
    $$$$$:   12-block  6
branch  8 never executed
branch  9 never executed
    $$$$$:   12-block  7
branch 10 never executed
branch 11 never executed
    $$$$$:   12-block  8
branch 12 never executed
branch 13 never executed
    $$$$$:   12-block  9
branch 14 never executed
branch 15 never executed
    $$$$$:   12-block 10
    $$$$$:   12-block 11
    $$$$$:   12-block 12
    $$$$$:   12-block 13
        1:   13:    EXPECT_EQ(monkey.GetFoodRate(), 10);
        1:   13-block  0
branch  0 taken 1
branch  1 taken 0
        1:   13-block  1
branch  2 taken 1
branch  3 taken 0
        1:   13-block  2
branch  4 taken 1
branch  5 taken 0
        1:   13-block  3
branch  6 taken 0
branch  7 taken 1
        1:   13-block  4
    $$$$$:   13-block  5
branch  8 never executed
branch  9 never executed
    $$$$$:   13-block  6
branch 10 never executed
branch 11 never executed
    $$$$$:   13-block  7
branch 12 never executed
branch 13 never executed
    $$$$$:   13-block  8
branch 14 never executed
branch 15 never executed
    $$$$$:   13-block  9
    $$$$$:   13-block 10
    $$$$$:   13-block 11
    $$$$$:   13-block 12
        1:   14:    EXPECT_FALSE(monkey.GetFoodRate() == 6);
        1:   14-block  0
branch  0 taken 1
branch  1 taken 0
        1:   14-block  1
branch  2 taken 1
branch  3 taken 0
        1:   14-block  2
branch  4 taken 1
branch  5 taken 0
        1:   14-block  3
branch  6 taken 0
branch  7 taken 1
        1:   14-block  4
    $$$$$:   14-block  5
branch  8 never executed
branch  9 never executed
    $$$$$:   14-block  6
branch 10 never executed
branch 11 never executed
    $$$$$:   14-block  7
branch 12 never executed
branch 13 never executed
    $$$$$:   14-block  8
branch 14 never executed
branch 15 never executed
    $$$$$:   14-block  9
    $$$$$:   14-block 10
    $$$$$:   14-block 11
    $$$$$:   14-block 12
    $$$$$:   14-block 13
        1:   15:}
    $$$$$:   15-block  0
    $$$$$:   15-block  1
    $$$$$:   15-block  2
    $$$$$:   15-block  3
    $$$$$:   15-block  4
    $$$$$:   15-block  5
    $$$$$:   15-block  6
    $$$$$:   15-block  7
    $$$$$:   15-block  8
    $$$$$:   15-block  9
    $$$$$:   15-block 10
    $$$$$:   15-block 11
    $$$$$:   15-block 12
    $$$$$:   15-block 13
        1:   15-block 14
    $$$$$:   15-block 15
    $$$$$:   15-block 16
        -:   16:
function _ZN39CheckPredatorCharacteristics_Tiger_Test8TestBodyEv called 1 returned 100% blocks executed 31%
function _ZN39CheckPredatorCharacteristics_Tiger_TestD1Ev called 1 returned 100% blocks executed 100%
function _ZN39CheckPredatorCharacteristics_Tiger_TestD0Ev called 1 returned 100% blocks executed 100%
function _ZN39CheckPredatorCharacteristics_Tiger_TestC1Ev called 1 returned 100% blocks executed 100%
function _ZN39CheckPredatorCharacteristics_Tiger_TestC2Ev called 1 returned 100% blocks executed 100%
function _ZN39CheckPredatorCharacteristics_Tiger_TestD2Ev called 1 returned 100% blocks executed 100%
        7:   17:TEST(CheckPredatorCharacteristics, Tiger) {
        1:   17-block  0
branch  0 taken 1
branch  1 taken 0
        1:   17-block  1
branch  2 taken 1
branch  3 taken 0
        1:   17-block  2
branch  4 taken 1
branch  5 taken 0
        1:   17-block  3
branch  6 taken 1
branch  7 taken 0
        1:   17-block  4
branch  8 taken 1
branch  9 taken 0
        1:   17-block  5
branch 10 taken 1
branch 11 taken 0
        1:   17-block  6
branch 12 taken 1
branch 13 taken 0
        1:   17-block  7
branch 14 taken 1
branch 15 taken 0
        1:   17-block  8
    $$$$$:   17-block  9
    $$$$$:   17-block 10
    $$$$$:   17-block 11
    $$$$$:   17-block 12
    $$$$$:   17-block 13
    $$$$$:   17-block 14
    $$$$$:   17-block 15
    $$$$$:   17-block 16
        1:   17-block 17
        1:   17-block 18
        1:   17-block 19
        1:   17-block 20
        1:   17-block 21
        1:   18:    Tiger tiger(30, 4, true);
        1:   19:    EXPECT_EQ(tiger.GetName(), "Tiger");
        1:   19-block  0
branch  0 taken 1
branch  1 taken 0
        1:   19-block  1
branch  2 taken 1
branch  3 taken 0
        1:   19-block  2
branch  4 taken 1
branch  5 taken 0
        1:   19-block  3
branch  6 taken 0
branch  7 taken 1
        1:   19-block  4
    $$$$$:   19-block  5
    $$$$$:   19-block  6
branch  8 never executed
branch  9 never executed
    $$$$$:   19-block  7
branch 10 never executed
branch 11 never executed
    $$$$$:   19-block  8
branch 12 never executed
branch 13 never executed
    $$$$$:   19-block  9
branch 14 never executed
branch 15 never executed
    $$$$$:   19-block 10
    $$$$$:   19-block 11
    $$$$$:   19-block 12
    $$$$$:   19-block 13
        1:   20:    EXPECT_EQ(tiger.IsHealthy(), true);
        1:   20-block  0
branch  0 taken 1
branch  1 taken 0
        1:   20-block  1
branch  2 taken 1
branch  3 taken 0
        1:   20-block  2
branch  4 taken 1
branch  5 taken 0
        1:   20-block  3
branch  6 taken 0
branch  7 taken 1
        1:   20-block  4
    $$$$$:   20-block  5
branch  8 never executed
branch  9 never executed
    $$$$$:   20-block  6
branch 10 never executed
branch 11 never executed
    $$$$$:   20-block  7
branch 12 never executed
branch 13 never executed
    $$$$$:   20-block  8
branch 14 never executed
branch 15 never executed
    $$$$$:   20-block  9
    $$$$$:   20-block 10
    $$$$$:   20-block 11
    $$$$$:   20-block 12
        1:   21:    EXPECT_EQ(tiger.GetFoodRate(), 30);
        1:   21-block  0
branch  0 taken 1
branch  1 taken 0
        1:   21-block  1
branch  2 taken 1
branch  3 taken 0
        1:   21-block  2
branch  4 taken 1
branch  5 taken 0
        1:   21-block  3
branch  6 taken 0
branch  7 taken 1
        1:   21-block  4
    $$$$$:   21-block  5
branch  8 never executed
branch  9 never executed
    $$$$$:   21-block  6
branch 10 never executed
branch 11 never executed
    $$$$$:   21-block  7
branch 12 never executed
branch 13 never executed
    $$$$$:   21-block  8
branch 14 never executed
branch 15 never executed
    $$$$$:   21-block  9
    $$$$$:   21-block 10
    $$$$$:   21-block 11
    $$$$$:   21-block 12
        1:   22:    EXPECT_FALSE(tiger.GetFoodRate() == 31);
        1:   22-block  0
branch  0 taken 1
branch  1 taken 0
        1:   22-block  1
branch  2 taken 1
branch  3 taken 0
        1:   22-block  2
branch  4 taken 1
branch  5 taken 0
        1:   22-block  3
branch  6 taken 0
branch  7 taken 1
        1:   22-block  4
    $$$$$:   22-block  5
branch  8 never executed
branch  9 never executed
    $$$$$:   22-block  6
branch 10 never executed
branch 11 never executed
    $$$$$:   22-block  7
branch 12 never executed
branch 13 never executed
    $$$$$:   22-block  8
branch 14 never executed
branch 15 never executed
    $$$$$:   22-block  9
    $$$$$:   22-block 10
    $$$$$:   22-block 11
    $$$$$:   22-block 12
    $$$$$:   22-block 13
        1:   23:    EXPECT_EQ(tiger.GetType(), "predator");
        1:   23-block  0
branch  0 taken 1
branch  1 taken 0
        1:   23-block  1
branch  2 taken 1
branch  3 taken 0
        1:   23-block  2
branch  4 taken 1
branch  5 taken 0
        1:   23-block  3
branch  6 taken 0
branch  7 taken 1
        1:   23-block  4
    $$$$$:   23-block  5
    $$$$$:   23-block  6
branch  8 never executed
branch  9 never executed
    $$$$$:   23-block  7
branch 10 never executed
branch 11 never executed
    $$$$$:   23-block  8
branch 12 never executed
branch 13 never executed
    $$$$$:   23-block  9
branch 14 never executed
branch 15 never executed
    $$$$$:   23-block 10
    $$$$$:   23-block 11
    $$$$$:   23-block 12
    $$$$$:   23-block 13
        1:   24:}
    $$$$$:   24-block  0
    $$$$$:   24-block  1
    $$$$$:   24-block  2
    $$$$$:   24-block  3
    $$$$$:   24-block  4
    $$$$$:   24-block  5
    $$$$$:   24-block  6
    $$$$$:   24-block  7
    $$$$$:   24-block  8
    $$$$$:   24-block  9
    $$$$$:   24-block 10
    $$$$$:   24-block 11
        1:   24-block 12
    $$$$$:   24-block 13
    $$$$$:   24-block 14
        -:   25:
function _ZN48CheckDIcontainerWorkingAbility_DI_Container_Test8TestBodyEv called 1 returned 100% blocks executed 41%
function _ZN48CheckDIcontainerWorkingAbility_DI_Container_TestD1Ev called 1 returned 100% blocks executed 100%
function _ZN48CheckDIcontainerWorkingAbility_DI_Container_TestD0Ev called 1 returned 100% blocks executed 100%
function _ZN48CheckDIcontainerWorkingAbility_DI_Container_TestC1Ev called 1 returned 100% blocks executed 100%
function _ZN48CheckDIcontainerWorkingAbility_DI_Container_TestC2Ev called 1 returned 100% blocks executed 100%
function _ZN48CheckDIcontainerWorkingAbility_DI_Container_TestD2Ev called 1 returned 100% blocks executed 100%
        7:   26:TEST(CheckDIcontainerWorkingAbility, DI_Container) {
        1:   26-block  0
branch  0 taken 1
branch  1 taken 0
        1:   26-block  1
branch  2 taken 1
branch  3 taken 0
        1:   26-block  2
branch  4 taken 1
branch  5 taken 0
        1:   26-block  3
branch  6 taken 1
branch  7 taken 0
        1:   26-block  4
branch  8 taken 1
branch  9 taken 0
        1:   26-block  5
branch 10 taken 1
branch 11 taken 0
        1:   26-block  6
branch 12 taken 1
branch 13 taken 0
        1:   26-block  7
branch 14 taken 1
branch 15 taken 0
        1:   26-block  8
    $$$$$:   26-block  9
    $$$$$:   26-block 10
    $$$$$:   26-block 11
    $$$$$:   26-block 12
    $$$$$:   26-block 13
    $$$$$:   26-block 14
    $$$$$:   26-block 15
    $$$$$:   26-block 16
        1:   26-block 17
        1:   26-block 18
        1:   26-block 19
        1:   26-block 20
        1:   26-block 21
        1:   27:    auto container = DIContainer();
        1:   28:    container.RegisterObject<ZooVetClinic>();
        1:   28-block  0
branch  0 taken 1
branch  1 taken 0
        -:   29:
        1:   30:    std::shared_ptr zoo_clinic = container.GetObject<ZooVetClinic>();
        1:   30-block  0
branch  0 taken 1
branch  1 taken 0
        -:   31:
        1:   32:    Zoo zoo(*zoo_clinic);
        1:   32-block  0
branch  0 taken 1
branch  1 taken 0
        -:   33:
        1:   34:    zoo.AddAnimal(std::make_unique<Wolf>(25, 2, true));
        1:   34-block  0
branch  0 taken 1
branch  1 taken 0
        1:   34-block  1
branch  2 taken 1
branch  3 taken 0
    $$$$$:   34-block  2
        1:   35:    zoo.AddAnimal(std::make_unique<Monkey>(10, 3, true, 7));
        1:   35-block  0
branch  0 taken 1
branch  1 taken 0
        1:   35-block  1
branch  2 taken 1
branch  3 taken 0
    $$$$$:   35-block  2
        1:   36:    zoo.AddAnimal(std::make_unique<Tiger>(30, 4, true));
        1:   36-block  0
branch  0 taken 1
branch  1 taken 0
        1:   36-block  1
branch  2 taken 1
branch  3 taken 0
    $$$$$:   36-block  2
        -:   37:
        1:   38:    EXPECT_EQ(zoo.GetAnimalsCount(), 3);
        1:   38-block  0
branch  0 taken 1
branch  1 taken 0
        1:   38-block  1
branch  2 taken 1
branch  3 taken 0
        1:   38-block  2
branch  4 taken 1
branch  5 taken 0
        1:   38-block  3
branch  6 taken 0
branch  7 taken 1
        1:   38-block  4
    $$$$$:   38-block  5
branch  8 never executed
branch  9 never executed
    $$$$$:   38-block  6
branch 10 never executed
branch 11 never executed
    $$$$$:   38-block  7
branch 12 never executed
branch 13 never executed
    $$$$$:   38-block  8
branch 14 never executed
branch 15 never executed
    $$$$$:   38-block  9
    $$$$$:   38-block 10
    $$$$$:   38-block 11
    $$$$$:   38-block 12
        -:   39:
        1:   40:    zoo.AddAnimal(std::make_unique<Rabbit>(8, 5, false, 6));
        1:   40-block  0
branch  0 taken 1
branch  1 taken 0
        1:   40-block  1
branch  2 taken 1
branch  3 taken 0
    $$$$$:   40-block  2
        -:   41:
        1:   42:    EXPECT_EQ(zoo.GetAnimalsCount(), 3);
        1:   42-block  0
branch  0 taken 1
branch  1 taken 0
        1:   42-block  1
branch  2 taken 1
branch  3 taken 0
        1:   42-block  2
branch  4 taken 1
branch  5 taken 0
        1:   42-block  3
branch  6 taken 0
branch  7 taken 1
        1:   42-block  4
    $$$$$:   42-block  5
branch  8 never executed
branch  9 never executed
    $$$$$:   42-block  6
branch 10 never executed
branch 11 never executed
    $$$$$:   42-block  7
branch 12 never executed
branch 13 never executed
    $$$$$:   42-block  8
branch 14 never executed
branch 15 never executed
    $$$$$:   42-block  9
    $$$$$:   42-block 10
    $$$$$:   42-block 11
    $$$$$:   42-block 12
        1:   43:}
    $$$$$:   43-block  0
    $$$$$:   43-block  1
    $$$$$:   43-block  2
    $$$$$:   43-block  3
    $$$$$:   43-block  4
    $$$$$:   43-block  5
    $$$$$:   43-block  6
        1:   43-block  7
    $$$$$:   43-block  8
    $$$$$:   43-block  9
    $$$$$:   43-block 10
    $$$$$:   43-block 11
        -:   44:
function _ZN31InventoryWorking_Inventory_Test8TestBodyEv called 1 returned 100% blocks executed 31%
function _ZN31InventoryWorking_Inventory_TestD1Ev called 1 returned 100% blocks executed 100%
function _ZN31InventoryWorking_Inventory_TestD0Ev called 1 returned 100% blocks executed 100%
function _ZN31InventoryWorking_Inventory_TestC1Ev called 1 returned 100% blocks executed 100%
function _ZN31InventoryWorking_Inventory_TestC2Ev called 1 returned 100% blocks executed 100%
function _ZN31InventoryWorking_Inventory_TestD2Ev called 1 returned 100% blocks executed 100%
        7:   45:TEST(InventoryWorking, Inventory) {
        1:   45-block  0
branch  0 taken 1
branch  1 taken 0
        1:   45-block  1
branch  2 taken 1
branch  3 taken 0
        1:   45-block  2
branch  4 taken 1
branch  5 taken 0
        1:   45-block  3
branch  6 taken 1
branch  7 taken 0
        1:   45-block  4
branch  8 taken 1
branch  9 taken 0
        1:   45-block  5
branch 10 taken 1
branch 11 taken 0
        1:   45-block  6
branch 12 taken 1
branch 13 taken 0
        1:   45-block  7
branch 14 taken 1
branch 15 taken 0
        1:   45-block  8
    $$$$$:   45-block  9
    $$$$$:   45-block 10
    $$$$$:   45-block 11
    $$$$$:   45-block 12
    $$$$$:   45-block 13
    $$$$$:   45-block 14
    $$$$$:   45-block 15
    $$$$$:   45-block 16
        1:   45-block 17
        1:   45-block 18
        1:   45-block 19
        1:   45-block 20
        1:   45-block 21
        1:   46:    Table table(1);
        1:   47:    Computer computer(2);
        1:   47-block  0
branch  0 taken 1
branch  1 taken 0
        -:   48:
        1:   49:    EXPECT_EQ(table.GetName(), "Table");
        1:   49-block  0
branch  0 taken 1
branch  1 taken 0
        1:   49-block  1
branch  2 taken 1
branch  3 taken 0
        1:   49-block  2
branch  4 taken 1
branch  5 taken 0
        1:   49-block  3
branch  6 taken 0
branch  7 taken 1
        1:   49-block  4
    $$$$$:   49-block  5
    $$$$$:   49-block  6
branch  8 never executed
branch  9 never executed
    $$$$$:   49-block  7
branch 10 never executed
branch 11 never executed
    $$$$$:   49-block  8
branch 12 never executed
branch 13 never executed
    $$$$$:   49-block  9
branch 14 never executed
branch 15 never executed
    $$$$$:   49-block 10
    $$$$$:   49-block 11
    $$$$$:   49-block 12
    $$$$$:   49-block 13
        1:   50:    EXPECT_EQ(computer.GetName(), "Computer");
        1:   50-block  0
branch  0 taken 1
branch  1 taken 0
        1:   50-block  1
branch  2 taken 1
branch  3 taken 0
        1:   50-block  2
branch  4 taken 1
branch  5 taken 0
        1:   50-block  3
branch  6 taken 0
branch  7 taken 1
        1:   50-block  4
    $$$$$:   50-block  5
    $$$$$:   50-block  6
branch  8 never executed
branch  9 never executed
    $$$$$:   50-block  7
branch 10 never executed
branch 11 never executed
    $$$$$:   50-block  8
branch 12 never executed
branch 13 never executed
    $$$$$:   50-block  9
branch 14 never executed
branch 15 never executed
    $$$$$:   50-block 10
    $$$$$:   50-block 11
    $$$$$:   50-block 12
    $$$$$:   50-block 13
        1:   51:    EXPECT_EQ(table.InventoryNumber(), 1);
        1:   51-block  0
branch  0 taken 1
branch  1 taken 0
        1:   51-block  1
branch  2 taken 1
branch  3 taken 0
        1:   51-block  2
branch  4 taken 1
branch  5 taken 0
        1:   51-block  3
branch  6 taken 0
branch  7 taken 1
        1:   51-block  4
    $$$$$:   51-block  5
branch  8 never executed
branch  9 never executed
    $$$$$:   51-block  6
branch 10 never executed
branch 11 never executed
    $$$$$:   51-block  7
branch 12 never executed
branch 13 never executed
    $$$$$:   51-block  8
branch 14 never executed
branch 15 never executed
    $$$$$:   51-block  9
    $$$$$:   51-block 10
    $$$$$:   51-block 11
    $$$$$:   51-block 12
        1:   52:    EXPECT_EQ(computer.InventoryNumber(), 2);
        1:   52-block  0
branch  0 taken 1
branch  1 taken 0
        1:   52-block  1
branch  2 taken 1
branch  3 taken 0
        1:   52-block  2
branch  4 taken 1
branch  5 taken 0
        1:   52-block  3
branch  6 taken 0
branch  7 taken 1
        1:   52-block  4
    $$$$$:   52-block  5
branch  8 never executed
branch  9 never executed
    $$$$$:   52-block  6
branch 10 never executed
branch 11 never executed
    $$$$$:   52-block  7
branch 12 never executed
branch 13 never executed
    $$$$$:   52-block  8
branch 14 never executed
branch 15 never executed
    $$$$$:   52-block  9
    $$$$$:   52-block 10
    $$$$$:   52-block 11
    $$$$$:   52-block 12
        1:   53:}
    $$$$$:   53-block  0
    $$$$$:   53-block  1
    $$$$$:   53-block  2
    $$$$$:   53-block  3
    $$$$$:   53-block  4
    $$$$$:   53-block  5
    $$$$$:   53-block  6
    $$$$$:   53-block  7
    $$$$$:   53-block  8
    $$$$$:   53-block  9
        1:   53-block 10
    $$$$$:   53-block 11
    $$$$$:   53-block 12
    $$$$$:   53-block 13
        -:   54:
function _ZN49CheckAnimalInteraction_InteractionWithPeople_Test8TestBodyEv called 1 returned 100% blocks executed 29%
function _ZN49CheckAnimalInteraction_InteractionWithPeople_TestD1Ev called 1 returned 100% blocks executed 100%
function _ZN49CheckAnimalInteraction_InteractionWithPeople_TestD0Ev called 1 returned 100% blocks executed 100%
function _ZN49CheckAnimalInteraction_InteractionWithPeople_TestC1Ev called 1 returned 100% blocks executed 100%
function _ZN49CheckAnimalInteraction_InteractionWithPeople_TestC2Ev called 1 returned 100% blocks executed 100%
function _ZN49CheckAnimalInteraction_InteractionWithPeople_TestD2Ev called 1 returned 100% blocks executed 100%
        7:   55:TEST(CheckAnimalInteraction, InteractionWithPeople) {
        1:   55-block  0
branch  0 taken 1
branch  1 taken 0
        1:   55-block  1
branch  2 taken 1
branch  3 taken 0
        1:   55-block  2
branch  4 taken 1
branch  5 taken 0
        1:   55-block  3
branch  6 taken 1
branch  7 taken 0
        1:   55-block  4
branch  8 taken 1
branch  9 taken 0
        1:   55-block  5
branch 10 taken 1
branch 11 taken 0
        1:   55-block  6
branch 12 taken 1
branch 13 taken 0
        1:   55-block  7
branch 14 taken 1
branch 15 taken 0
        1:   55-block  8
    $$$$$:   55-block  9
    $$$$$:   55-block 10
    $$$$$:   55-block 11
    $$$$$:   55-block 12
    $$$$$:   55-block 13
    $$$$$:   55-block 14
    $$$$$:   55-block 15
    $$$$$:   55-block 16
        1:   55-block 17
        1:   55-block 18
        1:   55-block 19
        1:   55-block 20
        1:   55-block 21
        1:   56:    Monkey monkey(10, 3, true, 7);
        1:   57:    Rabbit rabbit(8, 5, false, 5);
        1:   57-block  0
branch  0 taken 1
branch  1 taken 0
        -:   58:
        1:   59:    EXPECT_TRUE(monkey.CanInteractWithPeople());
        1:   59-block  0
branch  0 taken 1
branch  1 taken 0
        1:   59-block  1
branch  2 taken 1
branch  3 taken 0
        1:   59-block  2
branch  4 taken 1
branch  5 taken 0
        1:   59-block  3
branch  6 taken 0
branch  7 taken 1
        1:   59-block  4
    $$$$$:   59-block  5
branch  8 never executed
branch  9 never executed
    $$$$$:   59-block  6
branch 10 never executed
branch 11 never executed
    $$$$$:   59-block  7
branch 12 never executed
branch 13 never executed
    $$$$$:   59-block  8
branch 14 never executed
branch 15 never executed
    $$$$$:   59-block  9
    $$$$$:   59-block 10
    $$$$$:   59-block 11
    $$$$$:   59-block 12
    $$$$$:   59-block 13
        1:   60:    EXPECT_FALSE(rabbit.CanInteractWithPeople());
        1:   60-block  0
branch  0 taken 1
branch  1 taken 0
        1:   60-block  1
branch  2 taken 1
branch  3 taken 0
        1:   60-block  2
branch  4 taken 1
branch  5 taken 0
        1:   60-block  3
branch  6 taken 0
branch  7 taken 1
        1:   60-block  4
    $$$$$:   60-block  5
branch  8 never executed
branch  9 never executed
    $$$$$:   60-block  6
branch 10 never executed
branch 11 never executed
    $$$$$:   60-block  7
branch 12 never executed
branch 13 never executed
    $$$$$:   60-block  8
branch 14 never executed
branch 15 never executed
    $$$$$:   60-block  9
    $$$$$:   60-block 10
    $$$$$:   60-block 11
    $$$$$:   60-block 12
    $$$$$:   60-block 13
        1:   61:}
    $$$$$:   61-block  0
    $$$$$:   61-block  1
    $$$$$:   61-block  2
    $$$$$:   61-block  3
    $$$$$:   61-block  4
    $$$$$:   61-block  5
    $$$$$:   61-block  6
    $$$$$:   61-block  7
        1:   61-block  8
    $$$$$:   61-block  9
    $$$$$:   61-block 10
    $$$$$:   61-block 11
        -:   62:
function _ZN43CheckZooClinicTreatment_HealthRecovery_Test8TestBodyEv called 1 returned 100% blocks executed 30%
function _ZN43CheckZooClinicTreatment_HealthRecovery_TestD1Ev called 1 returned 100% blocks executed 100%
function _ZN43CheckZooClinicTreatment_HealthRecovery_TestD0Ev called 1 returned 100% blocks executed 100%
function _ZN43CheckZooClinicTreatment_HealthRecovery_TestC1Ev called 1 returned 100% blocks executed 100%
function _ZN43CheckZooClinicTreatment_HealthRecovery_TestC2Ev called 1 returned 100% blocks executed 100%
function _ZN43CheckZooClinicTreatment_HealthRecovery_TestD2Ev called 1 returned 100% blocks executed 100%
        7:   63:TEST(CheckZooClinicTreatment, HealthRecovery) {
        1:   63-block  0
branch  0 taken 1
branch  1 taken 0
        1:   63-block  1
branch  2 taken 1
branch  3 taken 0
        1:   63-block  2
branch  4 taken 1
branch  5 taken 0
        1:   63-block  3
branch  6 taken 1
branch  7 taken 0
        1:   63-block  4
branch  8 taken 1
branch  9 taken 0
        1:   63-block  5
branch 10 taken 1
branch 11 taken 0
        1:   63-block  6
branch 12 taken 1
branch 13 taken 0
        1:   63-block  7
branch 14 taken 1
branch 15 taken 0
        1:   63-block  8
    $$$$$:   63-block  9
    $$$$$:   63-block 10
    $$$$$:   63-block 11
    $$$$$:   63-block 12
    $$$$$:   63-block 13
    $$$$$:   63-block 14
    $$$$$:   63-block 15
    $$$$$:   63-block 16
        1:   63-block 17
        1:   63-block 18
        1:   63-block 19
        1:   63-block 20
        1:   63-block 21
        -:   64:    ZooVetClinic clinic;
        1:   65:    Tiger tiger(30, 4, false);
        -:   66:
        1:   67:    EXPECT_FALSE(tiger.IsHealthy());
        1:   67-block  0
branch  0 taken 1
branch  1 taken 0
        1:   67-block  1
branch  2 taken 1
branch  3 taken 0
        1:   67-block  2
branch  4 taken 1
branch  5 taken 0
        1:   67-block  3
branch  6 taken 0
branch  7 taken 1
        1:   67-block  4
    $$$$$:   67-block  5
branch  8 never executed
branch  9 never executed
    $$$$$:   67-block  6
branch 10 never executed
branch 11 never executed
    $$$$$:   67-block  7
branch 12 never executed
branch 13 never executed
    $$$$$:   67-block  8
branch 14 never executed
branch 15 never executed
    $$$$$:   67-block  9
    $$$$$:   67-block 10
    $$$$$:   67-block 11
    $$$$$:   67-block 12
    $$$$$:   67-block 13
        -:   68:
        1:   69:    ZooVetClinic::TreatAnimal(tiger);
        1:   69-block  0
branch  0 taken 1
branch  1 taken 0
        -:   70:
        1:   71:    EXPECT_TRUE(tiger.IsHealthy());
        1:   71-block  0
branch  0 taken 1
branch  1 taken 0
        1:   71-block  1
branch  2 taken 1
branch  3 taken 0
        1:   71-block  2
branch  4 taken 1
branch  5 taken 0
        1:   71-block  3
branch  6 taken 0
branch  7 taken 1
        1:   71-block  4
    $$$$$:   71-block  5
branch  8 never executed
branch  9 never executed
    $$$$$:   71-block  6
branch 10 never executed
branch 11 never executed
    $$$$$:   71-block  7
branch 12 never executed
branch 13 never executed
    $$$$$:   71-block  8
branch 14 never executed
branch 15 never executed
    $$$$$:   71-block  9
    $$$$$:   71-block 10
    $$$$$:   71-block 11
    $$$$$:   71-block 12
    $$$$$:   71-block 13
        1:   72:}
    $$$$$:   72-block  0
    $$$$$:   72-block  1
    $$$$$:   72-block  2
    $$$$$:   72-block  3
    $$$$$:   72-block  4
    $$$$$:   72-block  5
    $$$$$:   72-block  6
        1:   72-block  7
    $$$$$:   72-block  8
    $$$$$:   72-block  9
        -:   73:
function main called 1 returned 100% blocks executed 100%
        1:   74:int main(int argc, char **argv) {
        1:   75:    ::testing::InitGoogleTest(&argc, argv);
        1:   76:    return RUN_ALL_TESTS();
        1:   76-block  0
        -:   77:}
