        -:    0:Source:/Library/Developer/CommandLineTools/SDKs/MacOSX14.4.sdk/usr/include/c++/v1/locale
        -:    0:Graph:/Users/nazarzakrevskij/CLionProjects/SoftwareEngineering/homework-1/cmake-build-debug/CMakeFiles/tests.dir/tests/tests.cpp.gcno
        -:    0:Data:/Users/nazarzakrevskij/CLionProjects/SoftwareEngineering/homework-1/cmake-build-debug/CMakeFiles/tests.dir/tests/tests.cpp.gcda
        -:    0:Runs:1
        -:    0:Programs:1
        -:    1:// -*- C++ -*-
        -:    2://===----------------------------------------------------------------------===//
        -:    3://
        -:    4:// Part of the LLVM Project, under the Apache License v2.0 with LLVM Exceptions.
        -:    5:// See https://llvm.org/LICENSE.txt for license information.
        -:    6:// SPDX-License-Identifier: Apache-2.0 WITH LLVM-exception
        -:    7://
        -:    8://===----------------------------------------------------------------------===//
        -:    9:
        -:   10:#ifndef _LIBCPP_LOCALE
        -:   11:#define _LIBCPP_LOCALE
        -:   12:
        -:   13:/*
        -:   14:    locale synopsis
        -:   15:
        -:   16:namespace std
        -:   17:{
        -:   18:
        -:   19:class locale
        -:   20:{
        -:   21:public:
        -:   22:    // types:
        -:   23:    class facet;
        -:   24:    class id;
        -:   25:
        -:   26:    typedef int category;
        -:   27:    static const category // values assigned here are for exposition only
        -:   28:        none     = 0x000,
        -:   29:        collate  = 0x010,
        -:   30:        ctype    = 0x020,
        -:   31:        monetary = 0x040,
        -:   32:        numeric  = 0x080,
        -:   33:        time     = 0x100,
        -:   34:        messages = 0x200,
        -:   35:        all = collate | ctype | monetary | numeric | time | messages;
        -:   36:
        -:   37:    // construct/copy/destroy:
        -:   38:    locale() noexcept;
        -:   39:    locale(const locale& other) noexcept;
        -:   40:    explicit locale(const char* std_name);
        -:   41:    explicit locale(const string& std_name);
        -:   42:    locale(const locale& other, const char* std_name, category);
        -:   43:    locale(const locale& other, const string& std_name, category);
        -:   44:    template <class Facet> locale(const locale& other, Facet* f);
        -:   45:    locale(const locale& other, const locale& one, category);
        -:   46:
        -:   47:    ~locale(); // not virtual
        -:   48:
        -:   49:    const locale& operator=(const locale& other) noexcept;
        -:   50:
        -:   51:    template <class Facet> locale combine(const locale& other) const;
        -:   52:
        -:   53:    // locale operations:
        -:   54:    basic_string<char> name() const;
        -:   55:    bool operator==(const locale& other) const;
        -:   56:    bool operator!=(const locale& other) const;                              // removed C++20
        -:   57:    template <class charT, class Traits, class Allocator>
        -:   58:      bool operator()(const basic_string<charT,Traits,Allocator>& s1,
        -:   59:                      const basic_string<charT,Traits,Allocator>& s2) const;
        -:   60:
        -:   61:    // global locale objects:
        -:   62:    static locale global(const locale&);
        -:   63:    static const locale& classic();
        -:   64:};
        -:   65:
        -:   66:template <class Facet> const Facet& use_facet(const locale&);
        -:   67:template <class Facet> bool has_facet(const locale&) noexcept;
        -:   68:
        -:   69:// 22.3.3, convenience interfaces:
        -:   70:template <class charT> bool isspace (charT c, const locale& loc);
        -:   71:template <class charT> bool isprint (charT c, const locale& loc);
        -:   72:template <class charT> bool iscntrl (charT c, const locale& loc);
        -:   73:template <class charT> bool isupper (charT c, const locale& loc);
        -:   74:template <class charT> bool islower (charT c, const locale& loc);
        -:   75:template <class charT> bool isalpha (charT c, const locale& loc);
        -:   76:template <class charT> bool isdigit (charT c, const locale& loc);
        -:   77:template <class charT> bool ispunct (charT c, const locale& loc);
        -:   78:template <class charT> bool isxdigit(charT c, const locale& loc);
        -:   79:template <class charT> bool isalnum (charT c, const locale& loc);
        -:   80:template <class charT> bool isgraph (charT c, const locale& loc);
        -:   81:template <class charT> charT toupper(charT c, const locale& loc);
        -:   82:template <class charT> charT tolower(charT c, const locale& loc);
        -:   83:
        -:   84:template<class Codecvt, class Elem = wchar_t,
        -:   85:         class Wide_alloc = allocator<Elem>,
        -:   86:         class Byte_alloc = allocator<char>>
        -:   87:class wstring_convert
        -:   88:{
        -:   89:public:
        -:   90:    typedef basic_string<char, char_traits<char>, Byte_alloc> byte_string;
        -:   91:    typedef basic_string<Elem, char_traits<Elem>, Wide_alloc> wide_string;
        -:   92:    typedef typename Codecvt::state_type                      state_type;
        -:   93:    typedef typename wide_string::traits_type::int_type       int_type;
        -:   94:
        -:   95:    wstring_convert(Codecvt* pcvt = new Codecvt);          // before C++14
        -:   96:    explicit wstring_convert(Codecvt* pcvt = new Codecvt); // before C++20
        -:   97:    wstring_convert() : wstring_convert(new Codecvt) {}    // C++20
        -:   98:    explicit wstring_convert(Codecvt* pcvt);               // C++20
        -:   99:
        -:  100:    wstring_convert(Codecvt* pcvt, state_type state);
        -:  101:    explicit wstring_convert(const byte_string& byte_err,           // explicit in C++14
        -:  102:                    const wide_string& wide_err = wide_string());
        -:  103:    wstring_convert(const wstring_convert&) = delete;               // C++14
        -:  104:    wstring_convert & operator=(const wstring_convert &) = delete;  // C++14
        -:  105:    ~wstring_convert();
        -:  106:
        -:  107:    wide_string from_bytes(char byte);
        -:  108:    wide_string from_bytes(const char* ptr);
        -:  109:    wide_string from_bytes(const byte_string& str);
        -:  110:    wide_string from_bytes(const char* first, const char* last);
        -:  111:
        -:  112:    byte_string to_bytes(Elem wchar);
        -:  113:    byte_string to_bytes(const Elem* wptr);
        -:  114:    byte_string to_bytes(const wide_string& wstr);
        -:  115:    byte_string to_bytes(const Elem* first, const Elem* last);
        -:  116:
        -:  117:    size_t converted() const; // noexcept in C++14
        -:  118:    state_type state() const;
        -:  119:};
        -:  120:
        -:  121:template <class Codecvt, class Elem = wchar_t, class Tr = char_traits<Elem>>
        -:  122:class wbuffer_convert
        -:  123:    : public basic_streambuf<Elem, Tr>
        -:  124:{
        -:  125:public:
        -:  126:    typedef typename Tr::state_type state_type;
        -:  127:
        -:  128:    wbuffer_convert(streambuf* bytebuf = 0, Codecvt* pcvt = new Codecvt,
        -:  129:                    state_type state = state_type());          // before C++14
        -:  130:    explicit wbuffer_convert(streambuf* bytebuf = nullptr, Codecvt* pcvt = new Codecvt,
        -:  131:                            state_type state = state_type()); // before C++20
        -:  132:    wbuffer_convert() : wbuffer_convert(nullptr) {} // C++20
        -:  133:    explicit wbuffer_convert(streambuf* bytebuf, Codecvt* pcvt = new Codecvt,
        -:  134:                            state_type state = state_type()); // C++20
        -:  135:
        -:  136:    wbuffer_convert(const wbuffer_convert&) = delete;               // C++14
        -:  137:    wbuffer_convert & operator=(const wbuffer_convert &) = delete;  // C++14
        -:  138:    ~wbuffer_convert();                                             // C++14
        -:  139:
        -:  140:    streambuf* rdbuf() const;
        -:  141:    streambuf* rdbuf(streambuf* bytebuf);
        -:  142:
        -:  143:    state_type state() const;
        -:  144:};
        -:  145:
        -:  146:// 22.4.1 and 22.4.1.3, ctype:
        -:  147:class ctype_base;
        -:  148:template <class charT> class ctype;
        -:  149:template <> class ctype<char>; // specialization
        -:  150:template <class charT> class ctype_byname;
        -:  151:template <> class ctype_byname<char>; // specialization
        -:  152:
        -:  153:class codecvt_base;
        -:  154:template <class internT, class externT, class stateT> class codecvt;
        -:  155:template <class internT, class externT, class stateT> class codecvt_byname;
        -:  156:
        -:  157:// 22.4.2 and 22.4.3, numeric:
        -:  158:template <class charT, class InputIterator> class num_get;
        -:  159:template <class charT, class OutputIterator> class num_put;
        -:  160:template <class charT> class numpunct;
        -:  161:template <class charT> class numpunct_byname;
        -:  162:
        -:  163:// 22.4.4, col lation:
        -:  164:template <class charT> class collate;
        -:  165:template <class charT> class collate_byname;
        -:  166:
        -:  167:// 22.4.5, date and time:
        -:  168:class time_base;
        -:  169:template <class charT, class InputIterator> class time_get;
        -:  170:template <class charT, class InputIterator> class time_get_byname;
        -:  171:template <class charT, class OutputIterator> class time_put;
        -:  172:template <class charT, class OutputIterator> class time_put_byname;
        -:  173:
        -:  174:// 22.4.6, money:
        -:  175:class money_base;
        -:  176:template <class charT, class InputIterator> class money_get;
        -:  177:template <class charT, class OutputIterator> class money_put;
        -:  178:template <class charT, bool Intl> class moneypunct;
        -:  179:template <class charT, bool Intl> class moneypunct_byname;
        -:  180:
        -:  181:// 22.4.7, message retrieval:
        -:  182:class messages_base;
        -:  183:template <class charT> class messages;
        -:  184:template <class charT> class messages_byname;
        -:  185:
        -:  186:}  // std
        -:  187:
        -:  188:*/
        -:  189:
        -:  190:#include <__algorithm/copy.h>
        -:  191:#include <__algorithm/equal.h>
        -:  192:#include <__algorithm/find.h>
        -:  193:#include <__algorithm/max.h>
        -:  194:#include <__algorithm/reverse.h>
        -:  195:#include <__algorithm/unwrap_iter.h>
        -:  196:#include <__assert> // all public C++ headers provide the assertion handler
        -:  197:#include <__config>
        -:  198:#include <__iterator/access.h>
        -:  199:#include <__iterator/back_insert_iterator.h>
        -:  200:#include <__iterator/istreambuf_iterator.h>
        -:  201:#include <__iterator/ostreambuf_iterator.h>
        -:  202:#include <__locale>
        -:  203:#include <__memory/unique_ptr.h>
        -:  204:#include <__type_traits/make_unsigned.h>
        -:  205:#include <cerrno>
        -:  206:#include <cstdio>
        -:  207:#include <cstdlib>
        -:  208:#include <ctime>
        -:  209:#include <ios>
        -:  210:#include <limits>
        -:  211:#include <new>
        -:  212:#include <streambuf>
        -:  213:#include <version>
        -:  214:
        -:  215:// TODO: Fix __bsd_locale_defaults.h
        -:  216:// NOLINTBEGIN(libcpp-robust-against-adl)
        -:  217:
        -:  218:#if defined(__unix__) || (defined(__APPLE__) && defined(__MACH__) && !defined(_LIBCPP_ON_SEP))
        -:  219:// Most unix variants have catopen.  These are the specific ones that don't.
        -:  220:#  if !defined(__BIONIC__) && !defined(_NEWLIB_VERSION) && !defined(__EMSCRIPTEN__)
        -:  221:#    define _LIBCPP_HAS_CATOPEN 1
        -:  222:#    include <nl_types.h>
        -:  223:#  endif
        -:  224:#endif
        -:  225:
        -:  226:#ifdef _LIBCPP_LOCALE__L_EXTENSIONS
        -:  227:#  include <__locale_dir/locale_base_api/bsd_locale_defaults.h>
        -:  228:#else
        -:  229:#  include <__locale_dir/locale_base_api/bsd_locale_fallbacks.h>
        -:  230:#endif
        -:  231:
        -:  232:#if !defined(_LIBCPP_HAS_NO_PRAGMA_SYSTEM_HEADER)
        -:  233:#  pragma GCC system_header
        -:  234:#endif
        -:  235:
        -:  236:_LIBCPP_PUSH_MACROS
        -:  237:#include <__undef_macros>
        -:  238:
        -:  239:
        -:  240:_LIBCPP_BEGIN_NAMESPACE_STD
        -:  241:
        -:  242:#if defined(__APPLE__) || defined(__FreeBSD__)
        -:  243:#  define _LIBCPP_GET_C_LOCALE 0
        -:  244:#elif defined(__NetBSD__)
        -:  245:#  define _LIBCPP_GET_C_LOCALE LC_C_LOCALE
        -:  246:#else
        -:  247:#  define _LIBCPP_GET_C_LOCALE __cloc()
        -:  248:   // Get the C locale object
        -:  249:   _LIBCPP_EXPORTED_FROM_ABI  locale_t __cloc();
        -:  250:#define __cloc_defined
        -:  251:#endif
        -:  252:
        -:  253:// __scan_keyword
        -:  254:// Scans [__b, __e) until a match is found in the basic_strings range
        -:  255://  [__kb, __ke) or until it can be shown that there is no match in [__kb, __ke).
        -:  256://  __b will be incremented (visibly), consuming CharT until a match is found
        -:  257://  or proved to not exist.  A keyword may be "", in which will match anything.
        -:  258://  If one keyword is a prefix of another, and the next CharT in the input
        -:  259://  might match another keyword, the algorithm will attempt to find the longest
        -:  260://  matching keyword.  If the longer matching keyword ends up not matching, then
        -:  261://  no keyword match is found.  If no keyword match is found, __ke is returned
        -:  262://  and failbit is set in __err.
        -:  263://  Else an iterator pointing to the matching keyword is found.  If more than
        -:  264://  one keyword matches, an iterator to the first matching keyword is returned.
        -:  265://  If on exit __b == __e, eofbit is set in __err.  If __case_sensitive is false,
        -:  266://  __ct is used to force to lower case before comparing characters.
        -:  267://  Examples:
        -:  268://  Keywords:  "a", "abb"
        -:  269://  If the input is "a", the first keyword matches and eofbit is set.
        -:  270://  If the input is "abc", no match is found and "ab" are consumed.
        -:  271:template <class _InputIterator, class _ForwardIterator, class _Ctype>
        -:  272:_LIBCPP_HIDE_FROM_ABI
        -:  273:_ForwardIterator
        -:  274:__scan_keyword(_InputIterator& __b, _InputIterator __e,
        -:  275:               _ForwardIterator __kb, _ForwardIterator __ke,
        -:  276:               const _Ctype& __ct, ios_base::iostate& __err,
        -:  277:               bool __case_sensitive = true)
        -:  278:{
        -:  279:    typedef typename iterator_traits<_InputIterator>::value_type _CharT;
        -:  280:    size_t __nkw = static_cast<size_t>(_VSTD::distance(__kb, __ke));
        -:  281:    const unsigned char __doesnt_match = '\0';
        -:  282:    const unsigned char __might_match = '\1';
        -:  283:    const unsigned char __does_match = '\2';
        -:  284:    unsigned char __statbuf[100];
        -:  285:    unsigned char* __status = __statbuf;
        -:  286:    unique_ptr<unsigned char, void(*)(void*)> __stat_hold(nullptr, free);
        -:  287:    if (__nkw > sizeof(__statbuf))
        -:  288:    {
        -:  289:        __status = (unsigned char*)malloc(__nkw);
        -:  290:        if (__status == nullptr)
        -:  291:            __throw_bad_alloc();
        -:  292:        __stat_hold.reset(__status);
        -:  293:    }
        -:  294:    size_t __n_might_match = __nkw;  // At this point, any keyword might match
        -:  295:    size_t __n_does_match = 0;       // but none of them definitely do
        -:  296:    // Initialize all statuses to __might_match, except for "" keywords are __does_match
        -:  297:    unsigned char* __st = __status;
        -:  298:    for (_ForwardIterator __ky = __kb; __ky != __ke; ++__ky, (void) ++__st)
        -:  299:    {
        -:  300:        if (!__ky->empty())
        -:  301:            *__st = __might_match;
        -:  302:        else
        -:  303:        {
        -:  304:            *__st = __does_match;
        -:  305:            --__n_might_match;
        -:  306:            ++__n_does_match;
        -:  307:        }
        -:  308:    }
        -:  309:    // While there might be a match, test keywords against the next CharT
        -:  310:    for (size_t __indx = 0; __b != __e && __n_might_match > 0; ++__indx)
        -:  311:    {
        -:  312:        // Peek at the next CharT but don't consume it
        -:  313:        _CharT __c = *__b;
        -:  314:        if (!__case_sensitive)
        -:  315:            __c = __ct.toupper(__c);
        -:  316:        bool __consume = false;
        -:  317:        // For each keyword which might match, see if the __indx character is __c
        -:  318:        // If a match if found, consume __c
        -:  319:        // If a match is found, and that is the last character in the keyword,
        -:  320:        //    then that keyword matches.
        -:  321:        // If the keyword doesn't match this character, then change the keyword
        -:  322:        //    to doesn't match
        -:  323:        __st = __status;
        -:  324:        for (_ForwardIterator __ky = __kb; __ky != __ke; ++__ky, (void) ++__st)
        -:  325:        {
        -:  326:            if (*__st == __might_match)
        -:  327:            {
        -:  328:                _CharT __kc = (*__ky)[__indx];
        -:  329:                if (!__case_sensitive)
        -:  330:                    __kc = __ct.toupper(__kc);
        -:  331:                if (__c == __kc)
        -:  332:                {
        -:  333:                    __consume = true;
        -:  334:                    if (__ky->size() == __indx+1)
        -:  335:                    {
        -:  336:                        *__st = __does_match;
        -:  337:                        --__n_might_match;
        -:  338:                        ++__n_does_match;
        -:  339:                    }
        -:  340:                }
        -:  341:                else
        -:  342:                {
        -:  343:                    *__st = __doesnt_match;
        -:  344:                    --__n_might_match;
        -:  345:                }
        -:  346:            }
        -:  347:        }
        -:  348:        // consume if we matched a character
        -:  349:        if (__consume)
        -:  350:        {
        -:  351:            ++__b;
        -:  352:            // If we consumed a character and there might be a matched keyword that
        -:  353:            //   was marked matched on a previous iteration, then such keywords
        -:  354:            //   which are now marked as not matching.
        -:  355:            if (__n_might_match + __n_does_match > 1)
        -:  356:            {
        -:  357:                __st = __status;
        -:  358:                for (_ForwardIterator __ky = __kb; __ky != __ke; ++__ky, (void) ++__st)
        -:  359:                {
        -:  360:                    if (*__st == __does_match && __ky->size() != __indx+1)
        -:  361:                    {
        -:  362:                        *__st = __doesnt_match;
        -:  363:                        --__n_does_match;
        -:  364:                    }
        -:  365:                }
        -:  366:            }
        -:  367:        }
        -:  368:    }
        -:  369:    // We've exited the loop because we hit eof and/or we have no more "might matches".
        -:  370:    if (__b == __e)
        -:  371:        __err |= ios_base::eofbit;
        -:  372:    // Return the first matching result
        -:  373:    for (__st = __status; __kb != __ke; ++__kb, (void) ++__st)
        -:  374:        if (*__st == __does_match)
        -:  375:            break;
        -:  376:    if (__kb == __ke)
        -:  377:        __err |= ios_base::failbit;
        -:  378:    return __kb;
        -:  379:}
        -:  380:
        -:  381:struct _LIBCPP_EXPORTED_FROM_ABI __num_get_base
        -:  382:{
        -:  383:    static const int __num_get_buf_sz = 40;
        -:  384:
        -:  385:    static int __get_base(ios_base&);
        -:  386:    static const char __src[33];
        -:  387:};
        -:  388:
        -:  389:_LIBCPP_EXPORTED_FROM_ABI void __check_grouping(const string& __grouping, unsigned* __g, unsigned* __g_end,
        -:  390:                      ios_base::iostate& __err);
        -:  391:
        -:  392:template <class _CharT>
        -:  393:struct __num_get
        -:  394:    : protected __num_get_base
        -:  395:{
        -:  396:    static string __stage2_float_prep(ios_base& __iob, _CharT* __atoms, _CharT& __decimal_point,
        -:  397:                                      _CharT& __thousands_sep);
        -:  398:
        -:  399:    static int __stage2_float_loop(_CharT __ct, bool& __in_units, char& __exp,
        -:  400:                                   char* __a, char*& __a_end,
        -:  401:                                   _CharT __decimal_point, _CharT __thousands_sep,
        -:  402:                                   const string& __grouping, unsigned* __g,
        -:  403:                                   unsigned*& __g_end, unsigned& __dc, _CharT* __atoms);
        -:  404:#ifndef _LIBCPP_ABI_OPTIMIZED_LOCALE_NUM_GET
        -:  405:    static string __stage2_int_prep(ios_base& __iob, _CharT* __atoms, _CharT& __thousands_sep);
        -:  406:    static int __stage2_int_loop(_CharT __ct, int __base, char* __a, char*& __a_end,
        -:  407:                  unsigned& __dc, _CharT __thousands_sep, const string& __grouping,
        -:  408:                  unsigned* __g, unsigned*& __g_end, _CharT* __atoms);
        -:  409:
        -:  410:#else
        -:  411:    static string __stage2_int_prep(ios_base& __iob, _CharT& __thousands_sep)
        -:  412:    {
        -:  413:        locale __loc = __iob.getloc();
        -:  414:        const numpunct<_CharT>& __np = use_facet<numpunct<_CharT> >(__loc);
        -:  415:        __thousands_sep = __np.thousands_sep();
        -:  416:        return __np.grouping();
        -:  417:    }
        -:  418:
        -:  419:    const _CharT* __do_widen(ios_base& __iob, _CharT* __atoms) const
        -:  420:    {
        -:  421:      return __do_widen_p(__iob, __atoms);
        -:  422:    }
        -:  423:
        -:  424:
        -:  425:    static int __stage2_int_loop(_CharT __ct, int __base, char* __a, char*& __a_end,
        -:  426:                  unsigned& __dc, _CharT __thousands_sep, const string& __grouping,
        -:  427:                  unsigned* __g, unsigned*& __g_end, const _CharT* __atoms);
        -:  428:private:
        -:  429:    template<typename _Tp>
        -:  430:    const _Tp* __do_widen_p(ios_base& __iob, _Tp* __atoms) const
        -:  431:    {
        -:  432:      locale __loc = __iob.getloc();
        -:  433:      use_facet<ctype<_Tp> >(__loc).widen(__src, __src + 26, __atoms);
        -:  434:      return __atoms;
        -:  435:    }
        -:  436:
        -:  437:    const char* __do_widen_p(ios_base& __iob, char* __atoms) const
        -:  438:    {
        -:  439:      (void)__iob;
        -:  440:      (void)__atoms;
        -:  441:      return __src;
        -:  442:    }
        -:  443:#endif
        -:  444:};
        -:  445:
        -:  446:#ifndef _LIBCPP_ABI_OPTIMIZED_LOCALE_NUM_GET
        -:  447:template <class _CharT>
        -:  448:string
        -:  449:__num_get<_CharT>::__stage2_int_prep(ios_base& __iob, _CharT* __atoms, _CharT& __thousands_sep)
        -:  450:{
        -:  451:    locale __loc = __iob.getloc();
        -:  452:    std::use_facet<ctype<_CharT> >(__loc).widen(__src, __src + 26, __atoms);
        -:  453:    const numpunct<_CharT>& __np = std::use_facet<numpunct<_CharT> >(__loc);
        -:  454:    __thousands_sep = __np.thousands_sep();
        -:  455:    return __np.grouping();
        -:  456:}
        -:  457:#endif
        -:  458:
        -:  459:template <class _CharT>
        -:  460:string
        -:  461:__num_get<_CharT>::__stage2_float_prep(ios_base& __iob, _CharT* __atoms, _CharT& __decimal_point,
        -:  462:                    _CharT& __thousands_sep)
        -:  463:{
        -:  464:    locale __loc = __iob.getloc();
        -:  465:    std::use_facet<ctype<_CharT> >(__loc).widen(__src, __src + 32, __atoms);
        -:  466:    const numpunct<_CharT>& __np = std::use_facet<numpunct<_CharT> >(__loc);
        -:  467:    __decimal_point = __np.decimal_point();
        -:  468:    __thousands_sep = __np.thousands_sep();
        -:  469:    return __np.grouping();
        -:  470:}
        -:  471:
        -:  472:template <class _CharT>
        -:  473:int
        -:  474:#ifndef _LIBCPP_ABI_OPTIMIZED_LOCALE_NUM_GET
        -:  475:__num_get<_CharT>::__stage2_int_loop(_CharT __ct, int __base, char* __a, char*& __a_end,
        -:  476:                  unsigned& __dc, _CharT __thousands_sep, const string& __grouping,
        -:  477:                  unsigned* __g, unsigned*& __g_end, _CharT* __atoms)
        -:  478:#else
        -:  479:__num_get<_CharT>::__stage2_int_loop(_CharT __ct, int __base, char* __a, char*& __a_end,
        -:  480:                  unsigned& __dc, _CharT __thousands_sep, const string& __grouping,
        -:  481:                  unsigned* __g, unsigned*& __g_end, const _CharT* __atoms)
        -:  482:
        -:  483:#endif
        -:  484:{
        -:  485:    if (__a_end == __a && (__ct == __atoms[24] || __ct == __atoms[25]))
        -:  486:    {
        -:  487:        *__a_end++ = __ct == __atoms[24] ? '+' : '-';
        -:  488:        __dc = 0;
        -:  489:        return 0;
        -:  490:    }
        -:  491:    if (__grouping.size() != 0 && __ct == __thousands_sep)
        -:  492:    {
        -:  493:        if (__g_end-__g < __num_get_buf_sz)
        -:  494:        {
        -:  495:            *__g_end++ = __dc;
        -:  496:            __dc = 0;
        -:  497:        }
        -:  498:        return 0;
        -:  499:    }
        -:  500:    ptrdiff_t __f = std::find(__atoms, __atoms + 26, __ct) - __atoms;
        -:  501:    if (__f >= 24)
        -:  502:        return -1;
        -:  503:    switch (__base)
        -:  504:    {
        -:  505:    case 8:
        -:  506:    case 10:
        -:  507:        if (__f >= __base)
        -:  508:            return -1;
        -:  509:        break;
        -:  510:    case 16:
        -:  511:        if (__f < 22)
        -:  512:            break;
        -:  513:        if (__a_end != __a && __a_end - __a <= 2 && __a_end[-1] == '0')
        -:  514:        {
        -:  515:            __dc = 0;
        -:  516:            *__a_end++ = __src[__f];
        -:  517:            return 0;
        -:  518:        }
        -:  519:        return -1;
        -:  520:    }
        -:  521:    *__a_end++ = __src[__f];
        -:  522:    ++__dc;
        -:  523:    return 0;
        -:  524:}
        -:  525:
        -:  526:template <class _CharT>
        -:  527:int
        -:  528:__num_get<_CharT>::__stage2_float_loop(_CharT __ct, bool& __in_units, char& __exp, char* __a, char*& __a_end,
        -:  529:                    _CharT __decimal_point, _CharT __thousands_sep, const string& __grouping,
        -:  530:                    unsigned* __g, unsigned*& __g_end, unsigned& __dc, _CharT* __atoms)
        -:  531:{
        -:  532:    if (__ct == __decimal_point)
        -:  533:    {
        -:  534:        if (!__in_units)
        -:  535:            return -1;
        -:  536:        __in_units = false;
        -:  537:        *__a_end++ = '.';
        -:  538:        if (__grouping.size() != 0 && __g_end-__g < __num_get_buf_sz)
        -:  539:            *__g_end++ = __dc;
        -:  540:        return 0;
        -:  541:    }
        -:  542:    if (__ct == __thousands_sep && __grouping.size() != 0)
        -:  543:    {
        -:  544:        if (!__in_units)
        -:  545:            return -1;
        -:  546:        if (__g_end-__g < __num_get_buf_sz)
        -:  547:        {
        -:  548:            *__g_end++ = __dc;
        -:  549:            __dc = 0;
        -:  550:        }
        -:  551:        return 0;
        -:  552:    }
        -:  553:    ptrdiff_t __f = std::find(__atoms, __atoms + 32, __ct) - __atoms;
        -:  554:    if (__f >= 32)
        -:  555:        return -1;
        -:  556:    char __x = __src[__f];
        -:  557:    if (__x == '-' || __x == '+')
        -:  558:    {
        -:  559:        if (__a_end == __a || (std::toupper(__a_end[-1]) == std::toupper(__exp)))
        -:  560:        {
        -:  561:            *__a_end++ = __x;
        -:  562:            return 0;
        -:  563:        }
        -:  564:        return -1;
        -:  565:    }
        -:  566:    if (__x == 'x' || __x == 'X')
        -:  567:        __exp = 'P';
        -:  568:    else if (std::toupper(__x) == __exp)
        -:  569:    {
        -:  570:        __exp = std::tolower(__exp);
        -:  571:        if (__in_units)
        -:  572:        {
        -:  573:            __in_units = false;
        -:  574:            if (__grouping.size() != 0 && __g_end-__g < __num_get_buf_sz)
        -:  575:                *__g_end++ = __dc;
        -:  576:        }
        -:  577:    }
        -:  578:    *__a_end++ = __x;
        -:  579:    if (__f >= 22)
        -:  580:        return 0;
        -:  581:    ++__dc;
        -:  582:    return 0;
        -:  583:}
        -:  584:
        -:  585:extern template struct _LIBCPP_EXTERN_TEMPLATE_TYPE_VIS __num_get<char>;
        -:  586:#ifndef _LIBCPP_HAS_NO_WIDE_CHARACTERS
        -:  587:extern template struct _LIBCPP_EXTERN_TEMPLATE_TYPE_VIS __num_get<wchar_t>;
        -:  588:#endif
        -:  589:
        -:  590:template <class _CharT, class _InputIterator = istreambuf_iterator<_CharT> >
        -:  591:class _LIBCPP_TEMPLATE_VIS num_get
        -:  592:    : public locale::facet,
        -:  593:      private __num_get<_CharT>
        -:  594:{
        -:  595:public:
        -:  596:    typedef _CharT char_type;
        -:  597:    typedef _InputIterator iter_type;
        -:  598:
        -:  599:    _LIBCPP_INLINE_VISIBILITY
        -:  600:    explicit num_get(size_t __refs = 0)
        -:  601:        : locale::facet(__refs) {}
        -:  602:
        -:  603:    _LIBCPP_INLINE_VISIBILITY
        -:  604:    iter_type get(iter_type __b, iter_type __e, ios_base& __iob,
        -:  605:                  ios_base::iostate& __err, bool& __v) const
        -:  606:    {
        -:  607:        return do_get(__b, __e, __iob, __err, __v);
        -:  608:    }
        -:  609:
        -:  610:    _LIBCPP_INLINE_VISIBILITY
        -:  611:    iter_type get(iter_type __b, iter_type __e, ios_base& __iob,
        -:  612:                  ios_base::iostate& __err, long& __v) const
        -:  613:    {
        -:  614:        return do_get(__b, __e, __iob, __err, __v);
        -:  615:    }
        -:  616:
        -:  617:    _LIBCPP_INLINE_VISIBILITY
        -:  618:    iter_type get(iter_type __b, iter_type __e, ios_base& __iob,
        -:  619:                  ios_base::iostate& __err, long long& __v) const
        -:  620:    {
        -:  621:        return do_get(__b, __e, __iob, __err, __v);
        -:  622:    }
        -:  623:
        -:  624:    _LIBCPP_INLINE_VISIBILITY
        -:  625:    iter_type get(iter_type __b, iter_type __e, ios_base& __iob,
        -:  626:                  ios_base::iostate& __err, unsigned short& __v) const
        -:  627:    {
        -:  628:        return do_get(__b, __e, __iob, __err, __v);
        -:  629:    }
        -:  630:
        -:  631:    _LIBCPP_INLINE_VISIBILITY
        -:  632:    iter_type get(iter_type __b, iter_type __e, ios_base& __iob,
        -:  633:                  ios_base::iostate& __err, unsigned int& __v) const
        -:  634:    {
        -:  635:        return do_get(__b, __e, __iob, __err, __v);
        -:  636:    }
        -:  637:
        -:  638:    _LIBCPP_INLINE_VISIBILITY
        -:  639:    iter_type get(iter_type __b, iter_type __e, ios_base& __iob,
        -:  640:                  ios_base::iostate& __err, unsigned long& __v) const
        -:  641:    {
        -:  642:        return do_get(__b, __e, __iob, __err, __v);
        -:  643:    }
        -:  644:
        -:  645:    _LIBCPP_INLINE_VISIBILITY
        -:  646:    iter_type get(iter_type __b, iter_type __e, ios_base& __iob,
        -:  647:                  ios_base::iostate& __err, unsigned long long& __v) const
        -:  648:    {
        -:  649:        return do_get(__b, __e, __iob, __err, __v);
        -:  650:    }
        -:  651:
        -:  652:    _LIBCPP_INLINE_VISIBILITY
        -:  653:    iter_type get(iter_type __b, iter_type __e, ios_base& __iob,
        -:  654:                  ios_base::iostate& __err, float& __v) const
        -:  655:    {
        -:  656:        return do_get(__b, __e, __iob, __err, __v);
        -:  657:    }
        -:  658:
        -:  659:    _LIBCPP_INLINE_VISIBILITY
        -:  660:    iter_type get(iter_type __b, iter_type __e, ios_base& __iob,
        -:  661:                  ios_base::iostate& __err, double& __v) const
        -:  662:    {
        -:  663:        return do_get(__b, __e, __iob, __err, __v);
        -:  664:    }
        -:  665:
        -:  666:    _LIBCPP_INLINE_VISIBILITY
        -:  667:    iter_type get(iter_type __b, iter_type __e, ios_base& __iob,
        -:  668:                  ios_base::iostate& __err, long double& __v) const
        -:  669:    {
        -:  670:        return do_get(__b, __e, __iob, __err, __v);
        -:  671:    }
        -:  672:
        -:  673:    _LIBCPP_INLINE_VISIBILITY
        -:  674:    iter_type get(iter_type __b, iter_type __e, ios_base& __iob,
        -:  675:                  ios_base::iostate& __err, void*& __v) const
        -:  676:    {
        -:  677:        return do_get(__b, __e, __iob, __err, __v);
        -:  678:    }
        -:  679:
        -:  680:    static locale::id id;
        -:  681:
        -:  682:protected:
        -:  683:    _LIBCPP_HIDE_FROM_ABI_VIRTUAL ~num_get() override {}
        -:  684:
        -:  685:    template <class _Fp>
        -:  686:    _LIBCPP_METHOD_TEMPLATE_IMPLICIT_INSTANTIATION_VIS
        -:  687:    iter_type __do_get_floating_point
        -:  688:                            (iter_type __b, iter_type __e, ios_base& __iob,
        -:  689:                             ios_base::iostate& __err, _Fp& __v) const;
        -:  690:
        -:  691:    template <class _Signed>
        -:  692:    _LIBCPP_METHOD_TEMPLATE_IMPLICIT_INSTANTIATION_VIS
        -:  693:    iter_type __do_get_signed
        -:  694:                            (iter_type __b, iter_type __e, ios_base& __iob,
        -:  695:                             ios_base::iostate& __err, _Signed& __v) const;
        -:  696:
        -:  697:    template <class _Unsigned>
        -:  698:    _LIBCPP_METHOD_TEMPLATE_IMPLICIT_INSTANTIATION_VIS
        -:  699:    iter_type __do_get_unsigned
        -:  700:                            (iter_type __b, iter_type __e, ios_base& __iob,
        -:  701:                             ios_base::iostate& __err, _Unsigned& __v) const;
        -:  702:
        -:  703:
        -:  704:    virtual iter_type do_get(iter_type __b, iter_type __e, ios_base& __iob,
        -:  705:                             ios_base::iostate& __err, bool& __v) const;
        -:  706:
        -:  707:    virtual iter_type do_get(iter_type __b, iter_type __e, ios_base& __iob,
        -:  708:                             ios_base::iostate& __err, long& __v) const
        -:  709:    { return this->__do_get_signed ( __b, __e, __iob, __err, __v ); }
        -:  710:
        -:  711:    virtual iter_type do_get(iter_type __b, iter_type __e, ios_base& __iob,
        -:  712:                             ios_base::iostate& __err, long long& __v) const
        -:  713:    { return this->__do_get_signed ( __b, __e, __iob, __err, __v ); }
        -:  714:
        -:  715:    virtual iter_type do_get(iter_type __b, iter_type __e, ios_base& __iob,
        -:  716:                             ios_base::iostate& __err, unsigned short& __v) const
        -:  717:    { return this->__do_get_unsigned ( __b, __e, __iob, __err, __v ); }
        -:  718:
        -:  719:    virtual iter_type do_get(iter_type __b, iter_type __e, ios_base& __iob,
        -:  720:                             ios_base::iostate& __err, unsigned int& __v) const
        -:  721:    { return this->__do_get_unsigned ( __b, __e, __iob, __err, __v ); }
        -:  722:
        -:  723:    virtual iter_type do_get(iter_type __b, iter_type __e, ios_base& __iob,
        -:  724:                             ios_base::iostate& __err, unsigned long& __v) const
        -:  725:    { return this->__do_get_unsigned ( __b, __e, __iob, __err, __v ); }
        -:  726:
        -:  727:    virtual iter_type do_get(iter_type __b, iter_type __e, ios_base& __iob,
        -:  728:                             ios_base::iostate& __err, unsigned long long& __v) const
        -:  729:    { return this->__do_get_unsigned ( __b, __e, __iob, __err, __v ); }
        -:  730:
        -:  731:    virtual iter_type do_get(iter_type __b, iter_type __e, ios_base& __iob,
        -:  732:                             ios_base::iostate& __err, float& __v) const
        -:  733:    { return this->__do_get_floating_point ( __b, __e, __iob, __err, __v ); }
        -:  734:
        -:  735:    virtual iter_type do_get(iter_type __b, iter_type __e, ios_base& __iob,
        -:  736:                             ios_base::iostate& __err, double& __v) const
        -:  737:    { return this->__do_get_floating_point ( __b, __e, __iob, __err, __v ); }
        -:  738:
        -:  739:    virtual iter_type do_get(iter_type __b, iter_type __e, ios_base& __iob,
        -:  740:                             ios_base::iostate& __err, long double& __v) const
        -:  741:    { return this->__do_get_floating_point ( __b, __e, __iob, __err, __v ); }
        -:  742:
        -:  743:    virtual iter_type do_get(iter_type __b, iter_type __e, ios_base& __iob,
        -:  744:                             ios_base::iostate& __err, void*& __v) const;
        -:  745:};
        -:  746:
        -:  747:template <class _CharT, class _InputIterator>
        -:  748:locale::id
        -:  749:num_get<_CharT, _InputIterator>::id;
        -:  750:
        -:  751:template <class _Tp>
        -:  752:_LIBCPP_HIDE_FROM_ABI _Tp
        -:  753:__num_get_signed_integral(const char* __a, const char* __a_end,
        -:  754:                          ios_base::iostate& __err, int __base)
        -:  755:{
        -:  756:    if (__a != __a_end)
        -:  757:    {
        -:  758:        __libcpp_remove_reference_t<decltype(errno)> __save_errno = errno;
        -:  759:        errno = 0;
        -:  760:        char *__p2;
        -:  761:        long long __ll = strtoll_l(__a, &__p2, __base, _LIBCPP_GET_C_LOCALE);
        -:  762:        __libcpp_remove_reference_t<decltype(errno)> __current_errno = errno;
        -:  763:        if (__current_errno == 0)
        -:  764:            errno = __save_errno;
        -:  765:        if (__p2 != __a_end)
        -:  766:        {
        -:  767:            __err = ios_base::failbit;
        -:  768:            return 0;
        -:  769:        }
        -:  770:        else if (__current_errno == ERANGE         ||
        -:  771:                 __ll < numeric_limits<_Tp>::min() ||
        -:  772:                 numeric_limits<_Tp>::max() < __ll)
        -:  773:        {
        -:  774:            __err = ios_base::failbit;
        -:  775:            if (__ll > 0)
        -:  776:                return numeric_limits<_Tp>::max();
        -:  777:            else
        -:  778:                return numeric_limits<_Tp>::min();
        -:  779:        }
        -:  780:        return static_cast<_Tp>(__ll);
        -:  781:    }
        -:  782:    __err = ios_base::failbit;
        -:  783:    return 0;
        -:  784:}
        -:  785:
        -:  786:template <class _Tp>
        -:  787:_LIBCPP_HIDE_FROM_ABI _Tp
        -:  788:__num_get_unsigned_integral(const char* __a, const char* __a_end,
        -:  789:                            ios_base::iostate& __err, int __base)
        -:  790:{
        -:  791:    if (__a != __a_end)
        -:  792:    {
        -:  793:        const bool __negate = *__a == '-';
        -:  794:        if (__negate && ++__a == __a_end) {
        -:  795:          __err = ios_base::failbit;
        -:  796:          return 0;
        -:  797:        }
        -:  798:        __libcpp_remove_reference_t<decltype(errno)> __save_errno = errno;
        -:  799:        errno = 0;
        -:  800:        char *__p2;
        -:  801:        unsigned long long __ll = strtoull_l(__a, &__p2, __base, _LIBCPP_GET_C_LOCALE);
        -:  802:        __libcpp_remove_reference_t<decltype(errno)> __current_errno = errno;
        -:  803:        if (__current_errno == 0)
        -:  804:            errno = __save_errno;
        -:  805:        if (__p2 != __a_end)
        -:  806:        {
        -:  807:            __err = ios_base::failbit;
        -:  808:            return 0;
        -:  809:        }
        -:  810:        else if (__current_errno == ERANGE || numeric_limits<_Tp>::max() < __ll)
        -:  811:        {
        -:  812:            __err = ios_base::failbit;
        -:  813:            return numeric_limits<_Tp>::max();
        -:  814:        }
        -:  815:        _Tp __res = static_cast<_Tp>(__ll);
        -:  816:        if (__negate) __res = -__res;
        -:  817:        return __res;
        -:  818:    }
        -:  819:    __err = ios_base::failbit;
        -:  820:    return 0;
        -:  821:}
        -:  822:
        -:  823:template <class _Tp>
        -:  824:_LIBCPP_INLINE_VISIBILITY
        -:  825:_Tp __do_strtod(const char* __a, char** __p2);
        -:  826:
        -:  827:template <>
        -:  828:inline _LIBCPP_INLINE_VISIBILITY
        -:  829:float __do_strtod<float>(const char* __a, char** __p2) {
        -:  830:    return strtof_l(__a, __p2, _LIBCPP_GET_C_LOCALE);
        -:  831:}
        -:  832:
        -:  833:template <>
        -:  834:inline _LIBCPP_INLINE_VISIBILITY
        -:  835:double __do_strtod<double>(const char* __a, char** __p2) {
        -:  836:    return strtod_l(__a, __p2, _LIBCPP_GET_C_LOCALE);
        -:  837:}
        -:  838:
        -:  839:template <>
        -:  840:inline _LIBCPP_INLINE_VISIBILITY
        -:  841:long double __do_strtod<long double>(const char* __a, char** __p2) {
        -:  842:    return strtold_l(__a, __p2, _LIBCPP_GET_C_LOCALE);
        -:  843:}
        -:  844:
        -:  845:template <class _Tp>
        -:  846:_LIBCPP_HIDE_FROM_ABI
        -:  847:_Tp
        -:  848:__num_get_float(const char* __a, const char* __a_end, ios_base::iostate& __err)
        -:  849:{
        -:  850:    if (__a != __a_end)
        -:  851:    {
        -:  852:        __libcpp_remove_reference_t<decltype(errno)> __save_errno = errno;
        -:  853:        errno = 0;
        -:  854:        char *__p2;
        -:  855:        _Tp __ld = std::__do_strtod<_Tp>(__a, &__p2);
        -:  856:        __libcpp_remove_reference_t<decltype(errno)> __current_errno = errno;
        -:  857:        if (__current_errno == 0)
        -:  858:            errno = __save_errno;
        -:  859:        if (__p2 != __a_end)
        -:  860:        {
        -:  861:            __err = ios_base::failbit;
        -:  862:            return 0;
        -:  863:        }
        -:  864:        else if (__current_errno == ERANGE)
        -:  865:            __err = ios_base::failbit;
        -:  866:        return __ld;
        -:  867:    }
        -:  868:    __err = ios_base::failbit;
        -:  869:    return 0;
        -:  870:}
        -:  871:
        -:  872:template <class _CharT, class _InputIterator>
        -:  873:_InputIterator
        -:  874:num_get<_CharT, _InputIterator>::do_get(iter_type __b, iter_type __e,
        -:  875:                                        ios_base& __iob,
        -:  876:                                        ios_base::iostate& __err,
        -:  877:                                        bool& __v) const
        -:  878:{
        -:  879:    if ((__iob.flags() & ios_base::boolalpha) == 0)
        -:  880:    {
        -:  881:        long __lv = -1;
        -:  882:        __b = do_get(__b, __e, __iob, __err, __lv);
        -:  883:        switch (__lv)
        -:  884:        {
        -:  885:        case 0:
        -:  886:            __v = false;
        -:  887:            break;
        -:  888:        case 1:
        -:  889:            __v = true;
        -:  890:            break;
        -:  891:        default:
        -:  892:            __v = true;
        -:  893:            __err = ios_base::failbit;
        -:  894:            break;
        -:  895:        }
        -:  896:        return __b;
        -:  897:    }
        -:  898:    const ctype<_CharT>& __ct = std::use_facet<ctype<_CharT> >(__iob.getloc());
        -:  899:    const numpunct<_CharT>& __np = std::use_facet<numpunct<_CharT> >(__iob.getloc());
        -:  900:    typedef typename numpunct<_CharT>::string_type string_type;
        -:  901:    const string_type __names[2] = {__np.truename(), __np.falsename()};
        -:  902:    const string_type* __i = _VSTD::__scan_keyword(__b, __e, __names, __names+2,
        -:  903:                                                   __ct, __err);
        -:  904:    __v = __i == __names;
        -:  905:    return __b;
        -:  906:}
        -:  907:
        -:  908:// signed
        -:  909:
        -:  910:template <class _CharT, class _InputIterator>
        -:  911:template <class _Signed>
        -:  912:_InputIterator
        -:  913:num_get<_CharT, _InputIterator>::__do_get_signed(iter_type __b, iter_type __e,
        -:  914:                                        ios_base& __iob,
        -:  915:                                        ios_base::iostate& __err,
        -:  916:                                        _Signed& __v) const
        -:  917:{
        -:  918:    // Stage 1
        -:  919:    int __base = this->__get_base(__iob);
        -:  920:    // Stage 2
        -:  921:    char_type __thousands_sep;
        -:  922:    const int __atoms_size = 26;
        -:  923:#ifdef _LIBCPP_ABI_OPTIMIZED_LOCALE_NUM_GET
        -:  924:    char_type __atoms1[__atoms_size];
        -:  925:    const char_type *__atoms = this->__do_widen(__iob, __atoms1);
        -:  926:    string __grouping = this->__stage2_int_prep(__iob, __thousands_sep);
        -:  927:#else
        -:  928:    char_type __atoms[__atoms_size];
        -:  929:    string __grouping = this->__stage2_int_prep(__iob, __atoms, __thousands_sep);
        -:  930:#endif
        -:  931:    string __buf;
        -:  932:    __buf.resize(__buf.capacity());
        -:  933:    char* __a = &__buf[0];
        -:  934:    char* __a_end = __a;
        -:  935:    unsigned __g[__num_get_base::__num_get_buf_sz];
        -:  936:    unsigned* __g_end = __g;
        -:  937:    unsigned __dc = 0;
        -:  938:    for (; __b != __e; ++__b)
        -:  939:    {
        -:  940:        if (__a_end == __a + __buf.size())
        -:  941:        {
        -:  942:            size_t __tmp = __buf.size();
        -:  943:            __buf.resize(2*__buf.size());
        -:  944:            __buf.resize(__buf.capacity());
        -:  945:            __a = &__buf[0];
        -:  946:            __a_end = __a + __tmp;
        -:  947:        }
        -:  948:        if (this->__stage2_int_loop(*__b, __base, __a, __a_end, __dc,
        -:  949:                                    __thousands_sep, __grouping, __g, __g_end,
        -:  950:                                    __atoms))
        -:  951:            break;
        -:  952:    }
        -:  953:    if (__grouping.size() != 0 && __g_end-__g < __num_get_base::__num_get_buf_sz)
        -:  954:        *__g_end++ = __dc;
        -:  955:    // Stage 3
        -:  956:    __v = std::__num_get_signed_integral<_Signed>(__a, __a_end, __err, __base);
        -:  957:    // Digit grouping checked
        -:  958:    __check_grouping(__grouping, __g, __g_end, __err);
        -:  959:    // EOF checked
        -:  960:    if (__b == __e)
        -:  961:        __err |= ios_base::eofbit;
        -:  962:    return __b;
        -:  963:}
        -:  964:
        -:  965:// unsigned
        -:  966:
        -:  967:template <class _CharT, class _InputIterator>
        -:  968:template <class _Unsigned>
        -:  969:_InputIterator
        -:  970:num_get<_CharT, _InputIterator>::__do_get_unsigned(iter_type __b, iter_type __e,
        -:  971:                                        ios_base& __iob,
        -:  972:                                        ios_base::iostate& __err,
        -:  973:                                        _Unsigned& __v) const
        -:  974:{
        -:  975:    // Stage 1
        -:  976:    int __base = this->__get_base(__iob);
        -:  977:    // Stage 2
        -:  978:    char_type __thousands_sep;
        -:  979:    const int __atoms_size = 26;
        -:  980:#ifdef _LIBCPP_ABI_OPTIMIZED_LOCALE_NUM_GET
        -:  981:    char_type __atoms1[__atoms_size];
        -:  982:    const char_type *__atoms = this->__do_widen(__iob, __atoms1);
        -:  983:    string __grouping = this->__stage2_int_prep(__iob, __thousands_sep);
        -:  984:#else
        -:  985:    char_type __atoms[__atoms_size];
        -:  986:    string __grouping = this->__stage2_int_prep(__iob, __atoms, __thousands_sep);
        -:  987:#endif
        -:  988:    string __buf;
        -:  989:    __buf.resize(__buf.capacity());
        -:  990:    char* __a = &__buf[0];
        -:  991:    char* __a_end = __a;
        -:  992:    unsigned __g[__num_get_base::__num_get_buf_sz];
        -:  993:    unsigned* __g_end = __g;
        -:  994:    unsigned __dc = 0;
        -:  995:    for (; __b != __e; ++__b)
        -:  996:    {
        -:  997:        if (__a_end == __a + __buf.size())
        -:  998:        {
        -:  999:            size_t __tmp = __buf.size();
        -: 1000:            __buf.resize(2*__buf.size());
        -: 1001:            __buf.resize(__buf.capacity());
        -: 1002:            __a = &__buf[0];
        -: 1003:            __a_end = __a + __tmp;
        -: 1004:        }
        -: 1005:        if (this->__stage2_int_loop(*__b, __base, __a, __a_end, __dc,
        -: 1006:                                    __thousands_sep, __grouping, __g, __g_end,
        -: 1007:                                    __atoms))
        -: 1008:            break;
        -: 1009:    }
        -: 1010:    if (__grouping.size() != 0 && __g_end-__g < __num_get_base::__num_get_buf_sz)
        -: 1011:        *__g_end++ = __dc;
        -: 1012:    // Stage 3
        -: 1013:    __v = std::__num_get_unsigned_integral<_Unsigned>(__a, __a_end, __err, __base);
        -: 1014:    // Digit grouping checked
        -: 1015:    __check_grouping(__grouping, __g, __g_end, __err);
        -: 1016:    // EOF checked
        -: 1017:    if (__b == __e)
        -: 1018:        __err |= ios_base::eofbit;
        -: 1019:    return __b;
        -: 1020:}
        -: 1021:
        -: 1022:// floating point
        -: 1023:
        -: 1024:template <class _CharT, class _InputIterator>
        -: 1025:template <class _Fp>
        -: 1026:_InputIterator
        -: 1027:num_get<_CharT, _InputIterator>::__do_get_floating_point(iter_type __b, iter_type __e,
        -: 1028:                                        ios_base& __iob,
        -: 1029:                                        ios_base::iostate& __err,
        -: 1030:                                        _Fp& __v) const
        -: 1031:{
        -: 1032:    // Stage 1, nothing to do
        -: 1033:    // Stage 2
        -: 1034:    char_type __atoms[32];
        -: 1035:    char_type __decimal_point;
        -: 1036:    char_type __thousands_sep;
        -: 1037:    string __grouping = this->__stage2_float_prep(__iob, __atoms,
        -: 1038:                                                  __decimal_point,
        -: 1039:                                                  __thousands_sep);
        -: 1040:    string __buf;
        -: 1041:    __buf.resize(__buf.capacity());
        -: 1042:    char* __a = &__buf[0];
        -: 1043:    char* __a_end = __a;
        -: 1044:    unsigned __g[__num_get_base::__num_get_buf_sz];
        -: 1045:    unsigned* __g_end = __g;
        -: 1046:    unsigned __dc = 0;
        -: 1047:    bool __in_units = true;
        -: 1048:    char __exp = 'E';
        -: 1049:    for (; __b != __e; ++__b)
        -: 1050:    {
        -: 1051:        if (__a_end == __a + __buf.size())
        -: 1052:        {
        -: 1053:            size_t __tmp = __buf.size();
        -: 1054:            __buf.resize(2*__buf.size());
        -: 1055:            __buf.resize(__buf.capacity());
        -: 1056:            __a = &__buf[0];
        -: 1057:            __a_end = __a + __tmp;
        -: 1058:        }
        -: 1059:        if (this->__stage2_float_loop(*__b, __in_units, __exp, __a, __a_end,
        -: 1060:                                      __decimal_point, __thousands_sep,
        -: 1061:                                      __grouping, __g, __g_end,
        -: 1062:                                      __dc, __atoms))
        -: 1063:            break;
        -: 1064:    }
        -: 1065:    if (__grouping.size() != 0 && __in_units && __g_end-__g < __num_get_base::__num_get_buf_sz)
        -: 1066:        *__g_end++ = __dc;
        -: 1067:    // Stage 3
        -: 1068:    __v = std::__num_get_float<_Fp>(__a, __a_end, __err);
        -: 1069:    // Digit grouping checked
        -: 1070:    __check_grouping(__grouping, __g, __g_end, __err);
        -: 1071:    // EOF checked
        -: 1072:    if (__b == __e)
        -: 1073:        __err |= ios_base::eofbit;
        -: 1074:    return __b;
        -: 1075:}
        -: 1076:
        -: 1077:template <class _CharT, class _InputIterator>
        -: 1078:_InputIterator
        -: 1079:num_get<_CharT, _InputIterator>::do_get(iter_type __b, iter_type __e,
        -: 1080:                                        ios_base& __iob,
        -: 1081:                                        ios_base::iostate& __err,
        -: 1082:                                        void*& __v) const
        -: 1083:{
        -: 1084:    // Stage 1
        -: 1085:    int __base = 16;
        -: 1086:    // Stage 2
        -: 1087:    char_type __atoms[26];
        -: 1088:    char_type __thousands_sep = 0;
        -: 1089:    string __grouping;
        -: 1090:    std::use_facet<ctype<_CharT> >(__iob.getloc()).widen(__num_get_base::__src,
        -: 1091:                                                         __num_get_base::__src + 26, __atoms);
        -: 1092:    string __buf;
        -: 1093:    __buf.resize(__buf.capacity());
        -: 1094:    char* __a = &__buf[0];
        -: 1095:    char* __a_end = __a;
        -: 1096:    unsigned __g[__num_get_base::__num_get_buf_sz];
        -: 1097:    unsigned* __g_end = __g;
        -: 1098:    unsigned __dc = 0;
        -: 1099:    for (; __b != __e; ++__b)
        -: 1100:    {
        -: 1101:        if (__a_end == __a + __buf.size())
        -: 1102:        {
        -: 1103:            size_t __tmp = __buf.size();
        -: 1104:            __buf.resize(2*__buf.size());
        -: 1105:            __buf.resize(__buf.capacity());
        -: 1106:            __a = &__buf[0];
        -: 1107:            __a_end = __a + __tmp;
        -: 1108:        }
        -: 1109:        if (this->__stage2_int_loop(*__b, __base, __a, __a_end, __dc,
        -: 1110:                                    __thousands_sep, __grouping,
        -: 1111:                                    __g, __g_end, __atoms))
        -: 1112:            break;
        -: 1113:    }
        -: 1114:    // Stage 3
        -: 1115:    __buf.resize(__a_end - __a);
        -: 1116:    if (__libcpp_sscanf_l(__buf.c_str(), _LIBCPP_GET_C_LOCALE, "%p", &__v) != 1)
        -: 1117:        __err = ios_base::failbit;
        -: 1118:    // EOF checked
        -: 1119:    if (__b == __e)
        -: 1120:        __err |= ios_base::eofbit;
        -: 1121:    return __b;
        -: 1122:}
        -: 1123:
        -: 1124:extern template class _LIBCPP_EXTERN_TEMPLATE_TYPE_VIS num_get<char>;
        -: 1125:#ifndef _LIBCPP_HAS_NO_WIDE_CHARACTERS
        -: 1126:extern template class _LIBCPP_EXTERN_TEMPLATE_TYPE_VIS num_get<wchar_t>;
        -: 1127:#endif
        -: 1128:
        -: 1129:struct _LIBCPP_EXPORTED_FROM_ABI __num_put_base
        -: 1130:{
        -: 1131:protected:
        -: 1132:    static void __format_int(char* __fmt, const char* __len, bool __signd,
        -: 1133:                             ios_base::fmtflags __flags);
        -: 1134:    static bool __format_float(char* __fmt, const char* __len,
        -: 1135:                               ios_base::fmtflags __flags);
        -: 1136:    static char* __identify_padding(char* __nb, char* __ne,
        -: 1137:                                    const ios_base& __iob);
        -: 1138:};
        -: 1139:
        -: 1140:template <class _CharT>
        -: 1141:struct __num_put
        -: 1142:    : protected __num_put_base
        -: 1143:{
        -: 1144:    static void __widen_and_group_int(char* __nb, char* __np, char* __ne,
        -: 1145:                                      _CharT* __ob, _CharT*& __op, _CharT*& __oe,
        -: 1146:                                      const locale& __loc);
        -: 1147:    static void __widen_and_group_float(char* __nb, char* __np, char* __ne,
        -: 1148:                                        _CharT* __ob, _CharT*& __op, _CharT*& __oe,
        -: 1149:                                        const locale& __loc);
        -: 1150:};
        -: 1151:
        -: 1152:template <class _CharT>
        -: 1153:void
        -: 1154:__num_put<_CharT>::__widen_and_group_int(char* __nb, char* __np, char* __ne,
        -: 1155:                                         _CharT* __ob, _CharT*& __op, _CharT*& __oe,
        -: 1156:                                         const locale& __loc)
        -: 1157:{
        -: 1158:    const ctype<_CharT>&    __ct = std::use_facet<ctype<_CharT> >   (__loc);
        -: 1159:    const numpunct<_CharT>& __npt = std::use_facet<numpunct<_CharT> >(__loc);
        -: 1160:    string __grouping = __npt.grouping();
        -: 1161:    if (__grouping.empty())
        -: 1162:    {
        -: 1163:        __ct.widen(__nb, __ne, __ob);
        -: 1164:        __oe = __ob + (__ne - __nb);
        -: 1165:    }
        -: 1166:    else
        -: 1167:    {
        -: 1168:        __oe = __ob;
        -: 1169:        char* __nf = __nb;
        -: 1170:        if (*__nf == '-' || *__nf == '+')
        -: 1171:            *__oe++ = __ct.widen(*__nf++);
        -: 1172:        if (__ne - __nf >= 2 && __nf[0] == '0' && (__nf[1] == 'x' ||
        -: 1173:                                                   __nf[1] == 'X'))
        -: 1174:        {
        -: 1175:            *__oe++ = __ct.widen(*__nf++);
        -: 1176:            *__oe++ = __ct.widen(*__nf++);
        -: 1177:        }
        -: 1178:        std::reverse(__nf, __ne);
        -: 1179:        _CharT __thousands_sep = __npt.thousands_sep();
        -: 1180:        unsigned __dc = 0;
        -: 1181:        unsigned __dg = 0;
        -: 1182:        for (char* __p = __nf; __p < __ne; ++__p)
        -: 1183:        {
        -: 1184:            if (static_cast<unsigned>(__grouping[__dg]) > 0 &&
        -: 1185:                __dc == static_cast<unsigned>(__grouping[__dg]))
        -: 1186:            {
        -: 1187:                *__oe++ = __thousands_sep;
        -: 1188:                __dc = 0;
        -: 1189:                if (__dg < __grouping.size()-1)
        -: 1190:                    ++__dg;
        -: 1191:            }
        -: 1192:            *__oe++ = __ct.widen(*__p);
        -: 1193:            ++__dc;
        -: 1194:        }
        -: 1195:        std::reverse(__ob + (__nf - __nb), __oe);
        -: 1196:    }
        -: 1197:    if (__np == __ne)
        -: 1198:        __op = __oe;
        -: 1199:    else
        -: 1200:        __op = __ob + (__np - __nb);
        -: 1201:}
        -: 1202:
        -: 1203:template <class _CharT>
        -: 1204:void
        -: 1205:__num_put<_CharT>::__widen_and_group_float(char* __nb, char* __np, char* __ne,
        -: 1206:                                           _CharT* __ob, _CharT*& __op, _CharT*& __oe,
        -: 1207:                                           const locale& __loc)
        -: 1208:{
        -: 1209:    const ctype<_CharT>&    __ct = std::use_facet<ctype<_CharT> >   (__loc);
        -: 1210:    const numpunct<_CharT>& __npt = std::use_facet<numpunct<_CharT> >(__loc);
        -: 1211:    string __grouping = __npt.grouping();
        -: 1212:    __oe = __ob;
        -: 1213:    char* __nf = __nb;
        -: 1214:    if (*__nf == '-' || *__nf == '+')
        -: 1215:        *__oe++ = __ct.widen(*__nf++);
        -: 1216:    char* __ns;
        -: 1217:    if (__ne - __nf >= 2 && __nf[0] == '0' && (__nf[1] == 'x' ||
        -: 1218:                                               __nf[1] == 'X'))
        -: 1219:    {
        -: 1220:        *__oe++ = __ct.widen(*__nf++);
        -: 1221:        *__oe++ = __ct.widen(*__nf++);
        -: 1222:        for (__ns = __nf; __ns < __ne; ++__ns)
        -: 1223:            if (!isxdigit_l(*__ns, _LIBCPP_GET_C_LOCALE))
        -: 1224:                break;
        -: 1225:    }
        -: 1226:    else
        -: 1227:    {
        -: 1228:        for (__ns = __nf; __ns < __ne; ++__ns)
        -: 1229:            if (!isdigit_l(*__ns, _LIBCPP_GET_C_LOCALE))
        -: 1230:                break;
        -: 1231:    }
        -: 1232:    if (__grouping.empty())
        -: 1233:    {
        -: 1234:        __ct.widen(__nf, __ns, __oe);
        -: 1235:        __oe += __ns - __nf;
        -: 1236:    }
        -: 1237:    else
        -: 1238:    {
        -: 1239:        std::reverse(__nf, __ns);
        -: 1240:        _CharT __thousands_sep = __npt.thousands_sep();
        -: 1241:        unsigned __dc = 0;
        -: 1242:        unsigned __dg = 0;
        -: 1243:        for (char* __p = __nf; __p < __ns; ++__p)
        -: 1244:        {
        -: 1245:            if (__grouping[__dg] > 0 && __dc == static_cast<unsigned>(__grouping[__dg]))
        -: 1246:            {
        -: 1247:                *__oe++ = __thousands_sep;
        -: 1248:                __dc = 0;
        -: 1249:                if (__dg < __grouping.size()-1)
        -: 1250:                    ++__dg;
        -: 1251:            }
        -: 1252:            *__oe++ = __ct.widen(*__p);
        -: 1253:            ++__dc;
        -: 1254:        }
        -: 1255:        std::reverse(__ob + (__nf - __nb), __oe);
        -: 1256:    }
        -: 1257:    for (__nf = __ns; __nf < __ne; ++__nf)
        -: 1258:    {
        -: 1259:        if (*__nf == '.')
        -: 1260:        {
        -: 1261:            *__oe++ = __npt.decimal_point();
        -: 1262:            ++__nf;
        -: 1263:            break;
        -: 1264:        }
        -: 1265:        else
        -: 1266:            *__oe++ = __ct.widen(*__nf);
        -: 1267:    }
        -: 1268:    __ct.widen(__nf, __ne, __oe);
        -: 1269:    __oe += __ne - __nf;
        -: 1270:    if (__np == __ne)
        -: 1271:        __op = __oe;
        -: 1272:    else
        -: 1273:        __op = __ob + (__np - __nb);
        -: 1274:}
        -: 1275:
        -: 1276:extern template struct _LIBCPP_EXTERN_TEMPLATE_TYPE_VIS __num_put<char>;
        -: 1277:#ifndef _LIBCPP_HAS_NO_WIDE_CHARACTERS
        -: 1278:extern template struct _LIBCPP_EXTERN_TEMPLATE_TYPE_VIS __num_put<wchar_t>;
        -: 1279:#endif
        -: 1280:
        -: 1281:template <class _CharT, class _OutputIterator = ostreambuf_iterator<_CharT> >
        -: 1282:class _LIBCPP_TEMPLATE_VIS num_put
        -: 1283:    : public locale::facet,
        -: 1284:      private __num_put<_CharT>
        -: 1285:{
        -: 1286:public:
        -: 1287:    typedef _CharT char_type;
        -: 1288:    typedef _OutputIterator iter_type;
        -: 1289:
        -: 1290:    _LIBCPP_INLINE_VISIBILITY
        -: 1291:    explicit num_put(size_t __refs = 0)
        -: 1292:        : locale::facet(__refs) {}
        -: 1293:
        -: 1294:    _LIBCPP_INLINE_VISIBILITY
        -: 1295:    iter_type put(iter_type __s, ios_base& __iob, char_type __fl,
        -: 1296:                  bool __v) const
        -: 1297:    {
        -: 1298:        return do_put(__s, __iob, __fl, __v);
        -: 1299:    }
        -: 1300:
        -: 1301:    _LIBCPP_INLINE_VISIBILITY
        -: 1302:    iter_type put(iter_type __s, ios_base& __iob, char_type __fl,
        -: 1303:                  long __v) const
        -: 1304:    {
        -: 1305:        return do_put(__s, __iob, __fl, __v);
        -: 1306:    }
        -: 1307:
        -: 1308:    _LIBCPP_INLINE_VISIBILITY
        -: 1309:    iter_type put(iter_type __s, ios_base& __iob, char_type __fl,
        -: 1310:                  long long __v) const
        -: 1311:    {
        -: 1312:        return do_put(__s, __iob, __fl, __v);
        -: 1313:    }
        -: 1314:
        -: 1315:    _LIBCPP_INLINE_VISIBILITY
        -: 1316:    iter_type put(iter_type __s, ios_base& __iob, char_type __fl,
        -: 1317:                  unsigned long __v) const
        -: 1318:    {
        -: 1319:        return do_put(__s, __iob, __fl, __v);
        -: 1320:    }
        -: 1321:
        -: 1322:    _LIBCPP_INLINE_VISIBILITY
        -: 1323:    iter_type put(iter_type __s, ios_base& __iob, char_type __fl,
        -: 1324:                  unsigned long long __v) const
        -: 1325:    {
        -: 1326:        return do_put(__s, __iob, __fl, __v);
        -: 1327:    }
        -: 1328:
        -: 1329:    _LIBCPP_INLINE_VISIBILITY
        -: 1330:    iter_type put(iter_type __s, ios_base& __iob, char_type __fl,
        -: 1331:                  double __v) const
        -: 1332:    {
        -: 1333:        return do_put(__s, __iob, __fl, __v);
        -: 1334:    }
        -: 1335:
        -: 1336:    _LIBCPP_INLINE_VISIBILITY
        -: 1337:    iter_type put(iter_type __s, ios_base& __iob, char_type __fl,
        -: 1338:                  long double __v) const
        -: 1339:    {
        -: 1340:        return do_put(__s, __iob, __fl, __v);
        -: 1341:    }
        -: 1342:
        -: 1343:    _LIBCPP_INLINE_VISIBILITY
        -: 1344:    iter_type put(iter_type __s, ios_base& __iob, char_type __fl,
        -: 1345:                  const void* __v) const
        -: 1346:    {
        -: 1347:        return do_put(__s, __iob, __fl, __v);
        -: 1348:    }
        -: 1349:
        -: 1350:    static locale::id id;
        -: 1351:
        -: 1352:protected:
        -: 1353:    _LIBCPP_HIDE_FROM_ABI_VIRTUAL ~num_put() override {}
        -: 1354:
        -: 1355:    virtual iter_type do_put(iter_type __s, ios_base& __iob, char_type __fl,
        -: 1356:                             bool __v) const;
        -: 1357:    virtual iter_type do_put(iter_type __s, ios_base& __iob, char_type __fl,
        -: 1358:                             long __v) const;
        -: 1359:    virtual iter_type do_put(iter_type __s, ios_base& __iob, char_type __fl,
        -: 1360:                             long long __v) const;
        -: 1361:    virtual iter_type do_put(iter_type __s, ios_base& __iob, char_type __fl,
        -: 1362:                             unsigned long) const;
        -: 1363:    virtual iter_type do_put(iter_type __s, ios_base& __iob, char_type __fl,
        -: 1364:                             unsigned long long) const;
        -: 1365:    virtual iter_type do_put(iter_type __s, ios_base& __iob, char_type __fl,
        -: 1366:                             double __v) const;
        -: 1367:    virtual iter_type do_put(iter_type __s, ios_base& __iob, char_type __fl,
        -: 1368:                             long double __v) const;
        -: 1369:    virtual iter_type do_put(iter_type __s, ios_base& __iob, char_type __fl,
        -: 1370:                             const void* __v) const;
        -: 1371:
        -: 1372:    template <class _Integral>
        -: 1373:    _LIBCPP_HIDE_FROM_ABI inline
        -: 1374:    _OutputIterator __do_put_integral(iter_type __s, ios_base& __iob,
        -: 1375:                                      char_type __fl, _Integral __v,
        -: 1376:                                      char const* __len) const;
        -: 1377:
        -: 1378:    template <class _Float>
        -: 1379:    _LIBCPP_HIDE_FROM_ABI inline
        -: 1380:    _OutputIterator __do_put_floating_point(iter_type __s, ios_base& __iob,
        -: 1381:                                            char_type __fl, _Float __v,
        -: 1382:                                            char const* __len) const;
        -: 1383:};
        -: 1384:
        -: 1385:template <class _CharT, class _OutputIterator>
        -: 1386:locale::id
        -: 1387:num_put<_CharT, _OutputIterator>::id;
        -: 1388:
        -: 1389:template <class _CharT, class _OutputIterator>
        -: 1390:_LIBCPP_HIDE_FROM_ABI
        -: 1391:_OutputIterator
        -: 1392:__pad_and_output(_OutputIterator __s,
        -: 1393:                 const _CharT* __ob, const _CharT* __op, const _CharT* __oe,
        -: 1394:                 ios_base& __iob, _CharT __fl)
        -: 1395:{
        -: 1396:    streamsize __sz = __oe - __ob;
        -: 1397:    streamsize __ns = __iob.width();
        -: 1398:    if (__ns > __sz)
        -: 1399:        __ns -= __sz;
        -: 1400:    else
        -: 1401:        __ns = 0;
        -: 1402:    for (;__ob < __op; ++__ob, ++__s)
        -: 1403:        *__s = *__ob;
        -: 1404:    for (; __ns; --__ns, ++__s)
        -: 1405:        *__s = __fl;
        -: 1406:    for (; __ob < __oe; ++__ob, ++__s)
        -: 1407:        *__s = *__ob;
        -: 1408:    __iob.width(0);
        -: 1409:    return __s;
        -: 1410:}
        -: 1411:
        -: 1412:template <class _CharT, class _Traits>
        -: 1413:_LIBCPP_HIDE_FROM_ABI
        -: 1414:ostreambuf_iterator<_CharT, _Traits>
function _ZNSt3__116__pad_and_outputB8ue170006IcNS_11char_traitsIcEEEENS_19ostreambuf_iteratorIT_T0_EES6_PKS4_S8_S8_RNS_8ios_baseES4_ called 3 returned 100% blocks executed 40%
        3: 1415:__pad_and_output(ostreambuf_iterator<_CharT, _Traits> __s,
        -: 1416:                 const _CharT* __ob, const _CharT* __op, const _CharT* __oe,
        -: 1417:                 ios_base& __iob, _CharT __fl)
        -: 1418:{
        3: 1419:    if (__s.__sbuf_ == nullptr)
        3: 1419-block  0
branch  0 taken 3
branch  1 taken 0
    #####: 1420:        return __s;
    $$$$$: 1420-block  0
        3: 1421:    streamsize __sz = __oe - __ob;
        3: 1422:    streamsize __ns = __iob.width();
        3: 1423:    if (__ns > __sz)
        3: 1423-block  0
branch  0 taken 0
branch  1 taken 3
    #####: 1424:        __ns -= __sz;
    $$$$$: 1424-block  0
        -: 1425:    else
        3: 1426:        __ns = 0;
        3: 1426-block  0
        3: 1427:    streamsize __np = __op - __ob;
        3: 1428:    if (__np > 0)
        3: 1428-block  0
branch  0 taken 3
branch  1 taken 0
        -: 1429:    {
    #####: 1430:        if (__s.__sbuf_->sputn(__ob, __np) != __np)
    $$$$$: 1430-block  0
branch  0 never executed
branch  1 never executed
        -: 1431:        {
    #####: 1432:            __s.__sbuf_ = nullptr;
    #####: 1433:            return __s;
    $$$$$: 1433-block  0
        -: 1434:        }
    #####: 1435:    }
    $$$$$: 1435-block  0
        3: 1436:    if (__ns > 0)
        3: 1436-block  0
branch  0 taken 3
branch  1 taken 0
        -: 1437:    {
    #####: 1438:        basic_string<_CharT, _Traits> __sp(__ns, __fl);
    #####: 1439:        if (__s.__sbuf_->sputn(__sp.data(), __ns) != __ns)
    $$$$$: 1439-block  0
branch  0 never executed
branch  1 never executed
    $$$$$: 1439-block  1
branch  2 never executed
branch  3 never executed
        -: 1440:        {
    #####: 1441:            __s.__sbuf_ = nullptr;
    #####: 1442:            return __s;
    $$$$$: 1442-block  0
        -: 1443:        }
    #####: 1444:    }
    $$$$$: 1444-block  0
    $$$$$: 1444-block  1
    $$$$$: 1444-block  2
branch  0 never executed
branch  1 never executed
branch  2 never executed
    $$$$$: 1444-block  3
    $$$$$: 1444-block  4
        3: 1445:    __np = __oe - __op;
        3: 1446:    if (__np > 0)
        3: 1446-block  0
branch  0 taken 0
branch  1 taken 3
        -: 1447:    {
        3: 1448:        if (__s.__sbuf_->sputn(__op, __np) != __np)
        3: 1448-block  0
branch  0 taken 0
branch  1 taken 3
        -: 1449:        {
    #####: 1450:            __s.__sbuf_ = nullptr;
    #####: 1451:            return __s;
    $$$$$: 1451-block  0
        -: 1452:        }
        3: 1453:    }
        3: 1453-block  0
        3: 1454:    __iob.width(0);
        3: 1455:    return __s;
        3: 1455-block  0
        3: 1456:}
        3: 1456-block  0
        -: 1457:
        -: 1458:template <class _CharT, class _OutputIterator>
        -: 1459:_OutputIterator
        -: 1460:num_put<_CharT, _OutputIterator>::do_put(iter_type __s, ios_base& __iob,
        -: 1461:                                         char_type __fl, bool __v) const
        -: 1462:{
        -: 1463:    if ((__iob.flags() & ios_base::boolalpha) == 0)
        -: 1464:        return do_put(__s, __iob, __fl, (unsigned long)__v);
        -: 1465:    const numpunct<char_type>& __np = std::use_facet<numpunct<char_type> >(__iob.getloc());
        -: 1466:    typedef typename numpunct<char_type>::string_type string_type;
        -: 1467:    string_type __nm = __v ? __np.truename() : __np.falsename();
        -: 1468:    for (typename string_type::iterator __i = __nm.begin(); __i != __nm.end(); ++__i, ++__s)
        -: 1469:        *__s = *__i;
        -: 1470:    return __s;
        -: 1471:}
        -: 1472:
        -: 1473:template <class _CharT, class _OutputIterator>
        -: 1474:template <class _Integral>
        -: 1475:_LIBCPP_HIDE_FROM_ABI inline
        -: 1476:_OutputIterator
        -: 1477:num_put<_CharT, _OutputIterator>::__do_put_integral(iter_type __s, ios_base& __iob,
        -: 1478:                                                    char_type __fl, _Integral __v,
        -: 1479:                                                    char const* __len) const
        -: 1480:{
        -: 1481:    // Stage 1 - Get number in narrow char
        -: 1482:    char __fmt[8] = {'%', 0};
        -: 1483:    this->__format_int(__fmt+1, __len, is_signed<_Integral>::value, __iob.flags());
        -: 1484:    // Worst case is octal, with showbase enabled. Note that octal is always
        -: 1485:    // printed as an unsigned value.
        -: 1486:    using _Unsigned = typename make_unsigned<_Integral>::type;
        -: 1487:    _LIBCPP_CONSTEXPR const unsigned __nbuf
        -: 1488:        = (numeric_limits<_Unsigned>::digits / 3)        // 1 char per 3 bits
        -: 1489:        + ((numeric_limits<_Unsigned>::digits % 3) != 0) // round up
        -: 1490:        + 2; // base prefix + terminating null character
        -: 1491:    char __nar[__nbuf];
        -: 1492:    _LIBCPP_DIAGNOSTIC_PUSH
        -: 1493:    _LIBCPP_CLANG_DIAGNOSTIC_IGNORED("-Wformat-nonliteral")
        -: 1494:    _LIBCPP_GCC_DIAGNOSTIC_IGNORED("-Wformat-nonliteral")
        -: 1495:    int __nc = __libcpp_snprintf_l(__nar, sizeof(__nar), _LIBCPP_GET_C_LOCALE, __fmt, __v);
        -: 1496:    _LIBCPP_DIAGNOSTIC_POP
        -: 1497:    char* __ne = __nar + __nc;
        -: 1498:    char* __np = this->__identify_padding(__nar, __ne, __iob);
        -: 1499:    // Stage 2 - Widen __nar while adding thousands separators
        -: 1500:    char_type __o[2*(__nbuf-1) - 1];
        -: 1501:    char_type* __op;  // pad here
        -: 1502:    char_type* __oe;  // end of output
        -: 1503:    this->__widen_and_group_int(__nar, __np, __ne, __o, __op, __oe, __iob.getloc());
        -: 1504:    // [__o, __oe) contains thousands_sep'd wide number
        -: 1505:    // Stage 3 & 4
        -: 1506:    return std::__pad_and_output(__s, __o, __op, __oe, __iob, __fl);
        -: 1507:}
        -: 1508:
        -: 1509:template <class _CharT, class _OutputIterator>
        -: 1510:_OutputIterator
        -: 1511:num_put<_CharT, _OutputIterator>::do_put(iter_type __s, ios_base& __iob,
        -: 1512:                                         char_type __fl, long __v) const
        -: 1513:{
        -: 1514:    return this->__do_put_integral(__s, __iob, __fl, __v, "l");
        -: 1515:}
        -: 1516:
        -: 1517:template <class _CharT, class _OutputIterator>
        -: 1518:_OutputIterator
        -: 1519:num_put<_CharT, _OutputIterator>::do_put(iter_type __s, ios_base& __iob,
        -: 1520:                                         char_type __fl, long long __v) const
        -: 1521:{
        -: 1522:    return this->__do_put_integral(__s, __iob, __fl, __v, "ll");
        -: 1523:}
        -: 1524:
        -: 1525:template <class _CharT, class _OutputIterator>
        -: 1526:_OutputIterator
        -: 1527:num_put<_CharT, _OutputIterator>::do_put(iter_type __s, ios_base& __iob,
        -: 1528:                                         char_type __fl, unsigned long __v) const
        -: 1529:{
        -: 1530:    return this->__do_put_integral(__s, __iob, __fl, __v, "l");
        -: 1531:}
        -: 1532:
        -: 1533:template <class _CharT, class _OutputIterator>
        -: 1534:_OutputIterator
        -: 1535:num_put<_CharT, _OutputIterator>::do_put(iter_type __s, ios_base& __iob,
        -: 1536:                                         char_type __fl, unsigned long long __v) const
        -: 1537:{
        -: 1538:    return this->__do_put_integral(__s, __iob, __fl, __v, "ll");
        -: 1539:}
        -: 1540:
        -: 1541:template <class _CharT, class _OutputIterator>
        -: 1542:template <class _Float>
[...]
        -: 3959:      __owns_ib_(false),
        -: 3960:      __always_noconv_(__cv_ ? __cv_->always_noconv() : false)
        -: 3961:{
        -: 3962:    setbuf(0, 4096);
        -: 3963:}
        -: 3964:
        -: 3965:template <class _Codecvt, class _Elem, class _Tr>
        -: 3966:wbuffer_convert<_Codecvt, _Elem, _Tr>::~wbuffer_convert()
        -: 3967:{
        -: 3968:    __close();
        -: 3969:    delete __cv_;
        -: 3970:    if (__owns_eb_)
        -: 3971:        delete [] __extbuf_;
        -: 3972:    if (__owns_ib_)
        -: 3973:        delete [] __intbuf_;
        -: 3974:}
        -: 3975:
        -: 3976:template <class _Codecvt, class _Elem, class _Tr>
        -: 3977:typename wbuffer_convert<_Codecvt, _Elem, _Tr>::int_type
        -: 3978:wbuffer_convert<_Codecvt, _Elem, _Tr>::underflow()
        -: 3979:{
        -: 3980:_LIBCPP_SUPPRESS_DEPRECATED_POP
        -: 3981:    if (__cv_ == 0 || __bufptr_ == 0)
        -: 3982:        return traits_type::eof();
        -: 3983:    bool __initial = __read_mode();
        -: 3984:    char_type __1buf;
        -: 3985:    if (this->gptr() == 0)
        -: 3986:        this->setg(&__1buf, &__1buf+1, &__1buf+1);
        -: 3987:    const size_t __unget_sz = __initial ? 0 : std::min<size_t>((this->egptr() - this->eback()) / 2, 4);
        -: 3988:    int_type __c = traits_type::eof();
        -: 3989:    if (this->gptr() == this->egptr())
        -: 3990:    {
        -: 3991:        _VSTD::memmove(this->eback(), this->egptr() - __unget_sz, __unget_sz * sizeof(char_type));
        -: 3992:        if (__always_noconv_)
        -: 3993:        {
        -: 3994:            streamsize __nmemb = static_cast<streamsize>(this->egptr() - this->eback() - __unget_sz);
        -: 3995:            __nmemb = __bufptr_->sgetn((char*)this->eback() + __unget_sz, __nmemb);
        -: 3996:            if (__nmemb != 0)
        -: 3997:            {
        -: 3998:                this->setg(this->eback(),
        -: 3999:                           this->eback() + __unget_sz,
        -: 4000:                           this->eback() + __unget_sz + __nmemb);
        -: 4001:                __c = *this->gptr();
        -: 4002:            }
        -: 4003:        }
        -: 4004:        else
        -: 4005:        {
        -: 4006:             if (__extbufend_ != __extbufnext_) {
        -: 4007:                _LIBCPP_ASSERT_UNCATEGORIZED(__extbufnext_ != nullptr, "underflow moving from nullptr");
        -: 4008:                _LIBCPP_ASSERT_UNCATEGORIZED(__extbuf_ != nullptr, "underflow moving into nullptr");
        -: 4009:                _VSTD::memmove(__extbuf_, __extbufnext_, __extbufend_ - __extbufnext_);
        -: 4010:             }
        -: 4011:            __extbufnext_ = __extbuf_ + (__extbufend_ - __extbufnext_);
        -: 4012:            __extbufend_ = __extbuf_ + (__extbuf_ == __extbuf_min_ ? sizeof(__extbuf_min_) : __ebs_);
        -: 4013:            streamsize __nmemb = _VSTD::min(static_cast<streamsize>(this->egptr() - this->eback() - __unget_sz),
        -: 4014:                                 static_cast<streamsize>(__extbufend_ - __extbufnext_));
        -: 4015:            codecvt_base::result __r;
        -: 4016:            // FIXME: Do we ever need to restore the state here?
        -: 4017:            //state_type __svs = __st_;
        -: 4018:            streamsize __nr = __bufptr_->sgetn(const_cast<char*>(__extbufnext_), __nmemb);
        -: 4019:            if (__nr != 0)
        -: 4020:            {
        -: 4021:                __extbufend_ = __extbufnext_ + __nr;
        -: 4022:                char_type*  __inext;
        -: 4023:                __r = __cv_->in(__st_, __extbuf_, __extbufend_, __extbufnext_,
        -: 4024:                                       this->eback() + __unget_sz,
        -: 4025:                                       this->egptr(), __inext);
        -: 4026:                if (__r == codecvt_base::noconv)
        -: 4027:                {
        -: 4028:                    this->setg((char_type*)__extbuf_, (char_type*)__extbuf_,
        -: 4029:                               (char_type*) const_cast<char *>(__extbufend_));
        -: 4030:                    __c = *this->gptr();
        -: 4031:                }
        -: 4032:                else if (__inext != this->eback() + __unget_sz)
        -: 4033:                {
        -: 4034:                    this->setg(this->eback(), this->eback() + __unget_sz, __inext);
        -: 4035:                    __c = *this->gptr();
        -: 4036:                }
        -: 4037:            }
        -: 4038:        }
        -: 4039:    }
        -: 4040:    else
        -: 4041:        __c = *this->gptr();
        -: 4042:    if (this->eback() == &__1buf)
        -: 4043:        this->setg(0, 0, 0);
        -: 4044:    return __c;
        -: 4045:}
        -: 4046:
        -: 4047:_LIBCPP_SUPPRESS_DEPRECATED_PUSH
        -: 4048:template <class _Codecvt, class _Elem, class _Tr>
        -: 4049:typename wbuffer_convert<_Codecvt, _Elem, _Tr>::int_type
        -: 4050:wbuffer_convert<_Codecvt, _Elem, _Tr>::pbackfail(int_type __c)
        -: 4051:{
        -: 4052:_LIBCPP_SUPPRESS_DEPRECATED_POP
        -: 4053:    if (__cv_ != 0 && __bufptr_ != 0 && this->eback() < this->gptr())
        -: 4054:    {
        -: 4055:        if (traits_type::eq_int_type(__c, traits_type::eof()))
        -: 4056:        {
        -: 4057:            this->gbump(-1);
        -: 4058:            return traits_type::not_eof(__c);
        -: 4059:        }
        -: 4060:        if (traits_type::eq(traits_type::to_char_type(__c), this->gptr()[-1]))
        -: 4061:        {
        -: 4062:            this->gbump(-1);
        -: 4063:            *this->gptr() = traits_type::to_char_type(__c);
        -: 4064:            return __c;
        -: 4065:        }
        -: 4066:    }
        -: 4067:    return traits_type::eof();
        -: 4068:}
        -: 4069:
        -: 4070:_LIBCPP_SUPPRESS_DEPRECATED_PUSH
        -: 4071:template <class _Codecvt, class _Elem, class _Tr>
        -: 4072:typename wbuffer_convert<_Codecvt, _Elem, _Tr>::int_type
        -: 4073:wbuffer_convert<_Codecvt, _Elem, _Tr>::overflow(int_type __c)
        -: 4074:{
        -: 4075:_LIBCPP_SUPPRESS_DEPRECATED_POP
        -: 4076:    if (__cv_ == 0 || __bufptr_ == 0)
        -: 4077:        return traits_type::eof();
        -: 4078:    __write_mode();
        -: 4079:    char_type __1buf;
        -: 4080:    char_type* __pb_save = this->pbase();
        -: 4081:    char_type* __epb_save = this->epptr();
        -: 4082:    if (!traits_type::eq_int_type(__c, traits_type::eof()))
        -: 4083:    {
        -: 4084:        if (this->pptr() == 0)
        -: 4085:            this->setp(&__1buf, &__1buf+1);
        -: 4086:        *this->pptr() = traits_type::to_char_type(__c);
        -: 4087:        this->pbump(1);
        -: 4088:    }
        -: 4089:    if (this->pptr() != this->pbase())
        -: 4090:    {
        -: 4091:        if (__always_noconv_)
        -: 4092:        {
        -: 4093:            streamsize __nmemb = static_cast<streamsize>(this->pptr() - this->pbase());
        -: 4094:            if (__bufptr_->sputn((const char*)this->pbase(), __nmemb) != __nmemb)
        -: 4095:                return traits_type::eof();
        -: 4096:        }
        -: 4097:        else
        -: 4098:        {
        -: 4099:            char* __extbe = __extbuf_;
        -: 4100:            codecvt_base::result __r;
        -: 4101:            do
        -: 4102:            {
        -: 4103:                const char_type* __e;
        -: 4104:                __r = __cv_->out(__st_, this->pbase(), this->pptr(), __e,
        -: 4105:                                        __extbuf_, __extbuf_ + __ebs_, __extbe);
        -: 4106:                if (__e == this->pbase())
        -: 4107:                    return traits_type::eof();
        -: 4108:                if (__r == codecvt_base::noconv)
        -: 4109:                {
        -: 4110:                    streamsize __nmemb = static_cast<size_t>(this->pptr() - this->pbase());
        -: 4111:                    if (__bufptr_->sputn((const char*)this->pbase(), __nmemb) != __nmemb)
        -: 4112:                        return traits_type::eof();
        -: 4113:                }
        -: 4114:                else if (__r == codecvt_base::ok || __r == codecvt_base::partial)
        -: 4115:                {
        -: 4116:                    streamsize __nmemb = static_cast<size_t>(__extbe - __extbuf_);
        -: 4117:                    if (__bufptr_->sputn(__extbuf_, __nmemb) != __nmemb)
        -: 4118:                        return traits_type::eof();
        -: 4119:                    if (__r == codecvt_base::partial)
        -: 4120:                    {
        -: 4121:                        this->setp(const_cast<char_type *>(__e), this->pptr());
        -: 4122:                        this->__pbump(this->epptr() - this->pbase());
        -: 4123:                    }
        -: 4124:                }
        -: 4125:                else
        -: 4126:                    return traits_type::eof();
        -: 4127:            } while (__r == codecvt_base::partial);
        -: 4128:        }
        -: 4129:        this->setp(__pb_save, __epb_save);
        -: 4130:    }
        -: 4131:    return traits_type::not_eof(__c);
        -: 4132:}
        -: 4133:
        -: 4134:_LIBCPP_SUPPRESS_DEPRECATED_PUSH
        -: 4135:template <class _Codecvt, class _Elem, class _Tr>
        -: 4136:basic_streambuf<_Elem, _Tr>*
        -: 4137:wbuffer_convert<_Codecvt, _Elem, _Tr>::setbuf(char_type* __s, streamsize __n)
        -: 4138:{
        -: 4139:_LIBCPP_SUPPRESS_DEPRECATED_POP
        -: 4140:    this->setg(0, 0, 0);
        -: 4141:    this->setp(0, 0);
        -: 4142:    if (__owns_eb_)
        -: 4143:        delete [] __extbuf_;
        -: 4144:    if (__owns_ib_)
        -: 4145:        delete [] __intbuf_;
        -: 4146:    __ebs_ = __n;
        -: 4147:    if (__ebs_ > sizeof(__extbuf_min_))
        -: 4148:    {
        -: 4149:        if (__always_noconv_ && __s)
        -: 4150:        {
        -: 4151:            __extbuf_ = (char*)__s;
        -: 4152:            __owns_eb_ = false;
        -: 4153:        }
        -: 4154:        else
        -: 4155:        {
        -: 4156:            __extbuf_ = new char[__ebs_];
        -: 4157:            __owns_eb_ = true;
        -: 4158:        }
        -: 4159:    }
        -: 4160:    else
        -: 4161:    {
        -: 4162:        __extbuf_ = __extbuf_min_;
        -: 4163:        __ebs_ = sizeof(__extbuf_min_);
        -: 4164:        __owns_eb_ = false;
        -: 4165:    }
        -: 4166:    if (!__always_noconv_)
        -: 4167:    {
        -: 4168:        __ibs_ = max<streamsize>(__n, sizeof(__extbuf_min_));
        -: 4169:        if (__s && __ibs_ >= sizeof(__extbuf_min_))
        -: 4170:        {
        -: 4171:            __intbuf_ = __s;
        -: 4172:            __owns_ib_ = false;
        -: 4173:        }
        -: 4174:        else
        -: 4175:        {
        -: 4176:            __intbuf_ = new char_type[__ibs_];
        -: 4177:            __owns_ib_ = true;
        -: 4178:        }
        -: 4179:    }
        -: 4180:    else
        -: 4181:    {
        -: 4182:        __ibs_ = 0;
        -: 4183:        __intbuf_ = 0;
        -: 4184:        __owns_ib_ = false;
        -: 4185:    }
        -: 4186:    return this;
        -: 4187:}
        -: 4188:
        -: 4189:_LIBCPP_SUPPRESS_DEPRECATED_PUSH
        -: 4190:template <class _Codecvt, class _Elem, class _Tr>
        -: 4191:typename wbuffer_convert<_Codecvt, _Elem, _Tr>::pos_type
        -: 4192:wbuffer_convert<_Codecvt, _Elem, _Tr>::seekoff(off_type __off, ios_base::seekdir __way,
        -: 4193:                                        ios_base::openmode __om)
        -: 4194:{
        -: 4195:    int __width = __cv_->encoding();
        -: 4196:    if (__cv_ == 0 || __bufptr_ == 0 || (__width <= 0 && __off != 0) || sync())
        -: 4197:        return pos_type(off_type(-1));
        -: 4198:    // __width > 0 || __off == 0, now check __way
        -: 4199:    if (__way != ios_base::beg && __way != ios_base::cur && __way != ios_base::end)
        -: 4200:        return pos_type(off_type(-1));
        -: 4201:    pos_type __r = __bufptr_->pubseekoff(__width * __off, __way, __om);
        -: 4202:    __r.state(__st_);
        -: 4203:    return __r;
        -: 4204:}
        -: 4205:
        -: 4206:template <class _Codecvt, class _Elem, class _Tr>
        -: 4207:typename wbuffer_convert<_Codecvt, _Elem, _Tr>::pos_type
        -: 4208:wbuffer_convert<_Codecvt, _Elem, _Tr>::seekpos(pos_type __sp, ios_base::openmode __wch)
        -: 4209:{
        -: 4210:    if (__cv_ == 0 || __bufptr_ == 0 || sync())
        -: 4211:        return pos_type(off_type(-1));
        -: 4212:    if (__bufptr_->pubseekpos(__sp, __wch) == pos_type(off_type(-1)))
        -: 4213:        return pos_type(off_type(-1));
        -: 4214:    return __sp;
        -: 4215:}
        -: 4216:
        -: 4217:template <class _Codecvt, class _Elem, class _Tr>
        -: 4218:int
        -: 4219:wbuffer_convert<_Codecvt, _Elem, _Tr>::sync()
        -: 4220:{
        -: 4221:_LIBCPP_SUPPRESS_DEPRECATED_POP
        -: 4222:    if (__cv_ == 0 || __bufptr_ == 0)
        -: 4223:        return 0;
        -: 4224:    if (__cm_ & ios_base::out)
        -: 4225:    {
        -: 4226:        if (this->pptr() != this->pbase())
        -: 4227:            if (overflow() == traits_type::eof())
        -: 4228:                return -1;
        -: 4229:        codecvt_base::result __r;
        -: 4230:        do
        -: 4231:        {
        -: 4232:            char* __extbe;
        -: 4233:            __r = __cv_->unshift(__st_, __extbuf_, __extbuf_ + __ebs_, __extbe);
        -: 4234:            streamsize __nmemb = static_cast<streamsize>(__extbe - __extbuf_);
        -: 4235:            if (__bufptr_->sputn(__extbuf_, __nmemb) != __nmemb)
        -: 4236:                return -1;
        -: 4237:        } while (__r == codecvt_base::partial);
        -: 4238:        if (__r == codecvt_base::error)
        -: 4239:            return -1;
        -: 4240:        if (__bufptr_->pubsync())
        -: 4241:            return -1;
        -: 4242:    }
        -: 4243:    else if (__cm_ & ios_base::in)
        -: 4244:    {
        -: 4245:        off_type __c;
        -: 4246:        if (__always_noconv_)
        -: 4247:            __c = this->egptr() - this->gptr();
        -: 4248:        else
        -: 4249:        {
        -: 4250:            int __width = __cv_->encoding();
        -: 4251:            __c = __extbufend_ - __extbufnext_;
        -: 4252:            if (__width > 0)
        -: 4253:                __c += __width * (this->egptr() - this->gptr());
        -: 4254:            else
        -: 4255:            {
        -: 4256:                if (this->gptr() != this->egptr())
        -: 4257:                {
        -: 4258:                    std::reverse(this->gptr(), this->egptr());
        -: 4259:                    codecvt_base::result __r;
        -: 4260:                    const char_type* __e = this->gptr();
        -: 4261:                    char* __extbe;
        -: 4262:                    do
        -: 4263:                    {
        -: 4264:                        __r = __cv_->out(__st_, __e, this->egptr(), __e,
        -: 4265:                                         __extbuf_, __extbuf_ + __ebs_, __extbe);
        -: 4266:                        switch (__r)
        -: 4267:                        {
        -: 4268:                        case codecvt_base::noconv:
        -: 4269:                            __c += this->egptr() - this->gptr();
        -: 4270:                            break;
        -: 4271:                        case codecvt_base::ok:
        -: 4272:                        case codecvt_base::partial:
        -: 4273:                            __c += __extbe - __extbuf_;
        -: 4274:                            break;
        -: 4275:                        default:
        -: 4276:                            return -1;
        -: 4277:                        }
        -: 4278:                    } while (__r == codecvt_base::partial);
        -: 4279:                }
        -: 4280:            }
        -: 4281:        }
        -: 4282:        if (__bufptr_->pubseekoff(-__c, ios_base::cur, __cm_) == pos_type(off_type(-1)))
        -: 4283:            return -1;
        -: 4284:        this->setg(0, 0, 0);
        -: 4285:        __cm_ = 0;
        -: 4286:    }
        -: 4287:    return 0;
        -: 4288:}
        -: 4289:
        -: 4290:_LIBCPP_SUPPRESS_DEPRECATED_PUSH
        -: 4291:template <class _Codecvt, class _Elem, class _Tr>
        -: 4292:bool
        -: 4293:wbuffer_convert<_Codecvt, _Elem, _Tr>::__read_mode()
        -: 4294:{
        -: 4295:    if (!(__cm_ & ios_base::in))
        -: 4296:    {
        -: 4297:        this->setp(0, 0);
        -: 4298:        if (__always_noconv_)
        -: 4299:            this->setg((char_type*)__extbuf_,
        -: 4300:                       (char_type*)__extbuf_ + __ebs_,
        -: 4301:                       (char_type*)__extbuf_ + __ebs_);
        -: 4302:        else
        -: 4303:            this->setg(__intbuf_, __intbuf_ + __ibs_, __intbuf_ + __ibs_);
        -: 4304:        __cm_ = ios_base::in;
        -: 4305:        return true;
        -: 4306:    }
        -: 4307:    return false;
        -: 4308:}
        -: 4309:
        -: 4310:template <class _Codecvt, class _Elem, class _Tr>
        -: 4311:void
        -: 4312:wbuffer_convert<_Codecvt, _Elem, _Tr>::__write_mode()
        -: 4313:{
        -: 4314:    if (!(__cm_ & ios_base::out))
        -: 4315:    {
        -: 4316:        this->setg(0, 0, 0);
        -: 4317:        if (__ebs_ > sizeof(__extbuf_min_))
        -: 4318:        {
        -: 4319:            if (__always_noconv_)
        -: 4320:                this->setp((char_type*)__extbuf_,
        -: 4321:                           (char_type*)__extbuf_ + (__ebs_ - 1));
        -: 4322:            else
        -: 4323:                this->setp(__intbuf_, __intbuf_ + (__ibs_ - 1));
        -: 4324:        }
        -: 4325:        else
        -: 4326:            this->setp(0, 0);
        -: 4327:        __cm_ = ios_base::out;
        -: 4328:    }
        -: 4329:}
        -: 4330:
        -: 4331:template <class _Codecvt, class _Elem, class _Tr>
        -: 4332:wbuffer_convert<_Codecvt, _Elem, _Tr>*
        -: 4333:wbuffer_convert<_Codecvt, _Elem, _Tr>::__close()
        -: 4334:{
        -: 4335:    wbuffer_convert* __rt = nullptr;
        -: 4336:    if (__cv_ != nullptr && __bufptr_ != nullptr)
        -: 4337:    {
        -: 4338:        __rt = this;
        -: 4339:        if ((__cm_ & ios_base::out) && sync())
        -: 4340:            __rt = nullptr;
        -: 4341:    }
        -: 4342:    return __rt;
        -: 4343:}
        -: 4344:
        -: 4345:_LIBCPP_SUPPRESS_DEPRECATED_POP
        -: 4346:
        -: 4347:_LIBCPP_END_NAMESPACE_STD
        -: 4348:
        -: 4349:_LIBCPP_POP_MACROS
        -: 4350:
        -: 4351:// NOLINTEND(libcpp-robust-against-adl)
        -: 4352:
        -: 4353:#if !defined(_LIBCPP_REMOVE_TRANSITIVE_INCLUDES) && _LIBCPP_STD_VER <= 20
        -: 4354:#  include <atomic>
        -: 4355:#  include <concepts>
        -: 4356:#  include <cstdarg>
        -: 4357:#  include <iterator>
        -: 4358:#  include <stdexcept>
        -: 4359:#  include <type_traits>
        -: 4360:#  include <typeinfo>
        -: 4361:#endif
        -: 4362:
        -: 4363:#endif // _LIBCPP_LOCALE
