        -:    0:Source:/Users/nazarzakrevskij/CLionProjects/SoftwareEngineering/homework-1/tests/../include/Zoo/../Animal/../InterfaceInventory.h
        -:    0:Graph:/Users/nazarzakrevskij/CLionProjects/SoftwareEngineering/homework-1/cmake-build-debug/CMakeFiles/tests.dir/tests/tests.cpp.gcno
        -:    0:Data:/Users/nazarzakrevskij/CLionProjects/SoftwareEngineering/homework-1/cmake-build-debug/CMakeFiles/tests.dir/tests/tests.cpp.gcda
        -:    0:Runs:1
        -:    0:Programs:1
        -:    1:#pragma once
        -:    2:
function _ZN9InventoryC2Ev called 2 returned 100% blocks executed 100%
        -:    3:class Inventory {
        -:    4:public:
        -:    5:    virtual int InventoryNumber() const = 0;
function _ZN9InventoryD2Ev called 2 returned 100% blocks executed 100%
function _ZN9InventoryD1Ev called 0 returned 0% blocks executed 0%
function _ZN9InventoryD0Ev called 0 returned 0% blocks executed 0%
        2:    6:    virtual ~Inventory() = default;
        2:    6-block  0
    $$$$$:    6-block  1
    $$$$$:    6-block  2
        -:    7:};
