        -:    0:Source:/Library/Developer/CommandLineTools/SDKs/MacOSX14.4.sdk/usr/include/c++/v1/__memory/compressed_pair.h
        -:    0:Graph:/Users/nazarzakrevskij/CLionProjects/SoftwareEngineering/homework-1/cmake-build-debug/CMakeFiles/tests.dir/tests/tests.cpp.gcno
        -:    0:Data:/Users/nazarzakrevskij/CLionProjects/SoftwareEngineering/homework-1/cmake-build-debug/CMakeFiles/tests.dir/tests/tests.cpp.gcda
        -:    0:Runs:1
        -:    0:Programs:1
        -:    1:// -*- C++ -*-
        -:    2://===----------------------------------------------------------------------===//
        -:    3://
        -:    4:// Part of the LLVM Project, under the Apache License v2.0 with LLVM Exceptions.
        -:    5:// See https://llvm.org/LICENSE.txt for license information.
        -:    6:// SPDX-License-Identifier: Apache-2.0 WITH LLVM-exception
        -:    7://
        -:    8://===----------------------------------------------------------------------===//
        -:    9:
        -:   10:#ifndef _LIBCPP___MEMORY_COMPRESSED_PAIR_H
        -:   11:#define _LIBCPP___MEMORY_COMPRESSED_PAIR_H
        -:   12:
        -:   13:#include <__config>
        -:   14:#include <__fwd/get.h>
        -:   15:#include <__fwd/tuple.h>
        -:   16:#include <__tuple/tuple_indices.h>
        -:   17:#include <__type_traits/decay.h>
        -:   18:#include <__type_traits/dependent_type.h>
        -:   19:#include <__type_traits/enable_if.h>
        -:   20:#include <__type_traits/is_default_constructible.h>
        -:   21:#include <__type_traits/is_empty.h>
        -:   22:#include <__type_traits/is_final.h>
        -:   23:#include <__type_traits/is_same.h>
        -:   24:#include <__type_traits/is_swappable.h>
        -:   25:#include <__utility/forward.h>
        -:   26:#include <__utility/move.h>
        -:   27:#include <__utility/piecewise_construct.h>
        -:   28:#include <cstddef>
        -:   29:
        -:   30:#if !defined(_LIBCPP_HAS_NO_PRAGMA_SYSTEM_HEADER)
        -:   31:#  pragma GCC system_header
        -:   32:#endif
        -:   33:
        -:   34:_LIBCPP_PUSH_MACROS
        -:   35:#include <__undef_macros>
        -:   36:
        -:   37:_LIBCPP_BEGIN_NAMESPACE_STD
        -:   38:
        -:   39:// Tag used to default initialize one or both of the pair's elements.
        -:   40:struct __default_init_tag {};
        -:   41:struct __value_init_tag {};
        -:   42:
        -:   43:template <class _Tp, int _Idx, bool _CanBeEmptyBase = is_empty<_Tp>::value && !__libcpp_is_final<_Tp>::value>
        -:   44:struct __compressed_pair_elem {
        -:   45:  using _ParamT = _Tp;
        -:   46:  using reference = _Tp&;
        -:   47:  using const_reference = const _Tp&;
        -:   48:
function _ZNSt3__122__compressed_pair_elemINS_12basic_stringIcNS_11char_traitsIcEENS_9allocatorIcEEE5__repELi0ELb0EEC2B8ue170006ENS_18__default_init_tagE called 34 returned 100% blocks executed 100%
       34:   49:  _LIBCPP_HIDE_FROM_ABI _LIBCPP_CONSTEXPR explicit __compressed_pair_elem(__default_init_tag) {}
       34:   49-block  0
function _ZNSt3__122__compressed_pair_elemIPPNS_16__hash_node_baseIPNS_11__hash_nodeINS_17__hash_value_typeINS_10type_indexENS_8functionIFNS_10shared_ptrIvEEvEEEEEPvEEEELi0ELb0EEC2B8ue170006ENS_16__value_init_tagE called 1 returned 100% blocks executed 100%
function _ZNSt3__122__compressed_pair_elemINS_25__bucket_list_deallocatorINS_9allocatorIPNS_16__hash_node_baseIPNS_11__hash_nodeINS_17__hash_value_typeINS_10type_indexENS_8functionIFNS_10shared_ptrIvEEvEEEEEPvEEEEEEEELi1ELb0EEC2B8ue170006ENS_16__value_init_tagE called 1 returned 100% blocks executed 100%
function _ZNSt3__122__compressed_pair_elemINS_16__hash_node_baseIPNS_11__hash_nodeINS_17__hash_value_typeINS_10type_indexENS_8functionIFNS_10shared_ptrIvEEvEEEEEPvEEEELi0ELb0EEC2B8ue170006ENS_16__value_init_tagE called 1 returned 100% blocks executed 100%
function _ZNSt3__122__compressed_pair_elemIPNS_12basic_stringIcNS_11char_traitsIcEENS_9allocatorIcEEEELi0ELb0EEC2B8ue170006ENS_16__value_init_tagE called 6 returned 100% blocks executed 100%
        9:   50:  _LIBCPP_HIDE_FROM_ABI _LIBCPP_CONSTEXPR explicit __compressed_pair_elem(__value_init_tag) : __value_() {}
        1:   50-block  0
        1:   50-block  1
        1:   50-block  2
        6:   50-block  3
        -:   51:
        -:   52:  template <class _Up, class = __enable_if_t<!is_same<__compressed_pair_elem, __decay_t<_Up> >::value> >
        -:   53:  _LIBCPP_HIDE_FROM_ABI _LIBCPP_CONSTEXPR
function _ZNSt3__122__compressed_pair_elemImLi0ELb0EEC2B8ue170006IivEEOT_ called 2 returned 100% blocks executed 100%
function _ZNSt3__122__compressed_pair_elemIfLi0ELb0EEC2B8ue170006IfvEEOT_ called 1 returned 100% blocks executed 100%
function _ZNSt3__122__compressed_pair_elemIPNS_10unique_ptrI6AnimalNS_14default_deleteIS2_EEEELi0ELb0EEC2B8ue170006IDnvEEOT_ called 4 returned 100% blocks executed 100%
function _ZNSt3__122__compressed_pair_elemIPNS_10unique_ptrI9InventoryNS_14default_deleteIS2_EEEELi0ELb0EEC2B8ue170006IDnvEEOT_ called 1 returned 100% blocks executed 100%
function _ZNSt3__122__compressed_pair_elemIPNS_11__hash_nodeINS_17__hash_value_typeINS_10type_indexENS_8functionIFNS_10shared_ptrIvEEvEEEEEPvEELi0ELb0EEC2B8ue170006IRSC_vEEOT_ called 1 returned 100% blocks executed 100%
function _ZNSt3__122__compressed_pair_elemINS_22__hash_node_destructorINS_9allocatorINS_11__hash_nodeINS_17__hash_value_typeINS_10type_indexENS_8functionIFNS_10shared_ptrIvEEvEEEEEPvEEEEEELi1ELb0EEC2B8ue170006ISF_vEEOT_ called 1 returned 100% blocks executed 100%
function _ZNSt3__122__compressed_pair_elemIPNS_10__function6__funcIZN11DIContainer14RegisterObjectI12ZooVetClinicJEEEvDpOT0_EUlvE_NS_9allocatorIS9_EEFNS_10shared_ptrIvEEvEEELi0ELb0EEC2B8ue170006IRSG_vEEOT_ called 0 returned 0% blocks executed 0%
function _ZNSt3__122__compressed_pair_elemINS_22__allocator_destructorINS_9allocatorINS_10__function6__funcIZN11DIContainer14RegisterObjectI12ZooVetClinicJEEEvDpOT0_EUlvE_NS2_ISB_EEFNS_10shared_ptrIvEEvEEEEEEELi1ELb0EEC2B8ue170006ISI_vEEOT_ called 0 returned 0% blocks executed 0%
function _ZNSt3__122__compressed_pair_elemIP4WolfLi0ELb0EEC2B8ue170006IRS2_vEEOT_ called 1 returned 100% blocks executed 100%
function _ZNSt3__122__compressed_pair_elemIP6AnimalLi0ELb0EEC2B8ue170006IP4WolfvEEOT_ called 1 returned 100% blocks executed 100%
function _ZNSt3__122__compressed_pair_elemIP6MonkeyLi0ELb0EEC2B8ue170006IRS2_vEEOT_ called 1 returned 100% blocks executed 100%
function _ZNSt3__122__compressed_pair_elemIP6AnimalLi0ELb0EEC2B8ue170006IP6MonkeyvEEOT_ called 1 returned 100% blocks executed 100%
function _ZNSt3__122__compressed_pair_elemIP5TigerLi0ELb0EEC2B8ue170006IRS2_vEEOT_ called 1 returned 100% blocks executed 100%
function _ZNSt3__122__compressed_pair_elemIP6AnimalLi0ELb0EEC2B8ue170006IP5TigervEEOT_ called 1 returned 100% blocks executed 100%
function _ZNSt3__122__compressed_pair_elemIP6RabbitLi0ELb0EEC2B8ue170006IRS2_vEEOT_ called 1 returned 100% blocks executed 100%
function _ZNSt3__122__compressed_pair_elemIP6AnimalLi0ELb0EEC2B8ue170006IP6RabbitvEEOT_ called 1 returned 100% blocks executed 100%
       18:   54:  explicit __compressed_pair_elem(_Up&& __u) : __value_(std::forward<_Up>(__u)) {}
        2:   54-block  0
        1:   54-block  1
        4:   54-block  2
        1:   54-block  3
        1:   54-block  4
        1:   54-block  5
    $$$$$:   54-block  6
    $$$$$:   54-block  7
        1:   54-block  8
        1:   54-block  9
        1:   54-block 10
        1:   54-block 11
        1:   54-block 12
        1:   54-block 13
        1:   54-block 14
        1:   54-block 15
        -:   55:
        -:   56:#ifndef _LIBCPP_CXX03_LANG
        -:   57:  template <class... _Args, size_t... _Indices>
        -:   58:  _LIBCPP_HIDE_FROM_ABI _LIBCPP_CONSTEXPR_SINCE_CXX17
        -:   59:  explicit __compressed_pair_elem(piecewise_construct_t, tuple<_Args...> __args, __tuple_indices<_Indices...>)
        -:   60:      : __value_(std::forward<_Args>(std::get<_Indices>(__args))...) {}
        -:   61:#endif
        -:   62:
function _ZNSt3__122__compressed_pair_elemINS_12basic_stringIcNS_11char_traitsIcEENS_9allocatorIcEEE5__repELi0ELb0EE5__getB8ue170006Ev called 8 returned 100% blocks executed 100%
function _ZNSt3__122__compressed_pair_elemIPNS_18basic_stringstreamIcNS_11char_traitsIcEENS_9allocatorIcEEEELi0ELb0EE5__getB8ue170006Ev called 0 returned 0% blocks executed 0%
function _ZNSt3__122__compressed_pair_elemIPNS_12basic_stringIcNS_11char_traitsIcEENS_9allocatorIcEEEELi0ELb0EE5__getB8ue170006Ev called 42 returned 100% blocks executed 100%
function _ZNSt3__122__compressed_pair_elemIP9InventoryLi0ELb0EE5__getB8ue170006Ev called 0 returned 0% blocks executed 0%
function _ZNSt3__122__compressed_pair_elemINS_16__hash_node_baseIPNS_11__hash_nodeINS_17__hash_value_typeINS_10type_indexENS_8functionIFNS_10shared_ptrIvEEvEEEEEPvEEEELi0ELb0EE5__getB8ue170006Ev called 3 returned 100% blocks executed 100%
function _ZNSt3__122__compressed_pair_elemIPPNS_16__hash_node_baseIPNS_11__hash_nodeINS_17__hash_value_typeINS_10type_indexENS_8functionIFNS_10shared_ptrIvEEvEEEEEPvEEEELi0ELb0EE5__getB8ue170006Ev called 4 returned 100% blocks executed 100%
function _ZNSt3__122__compressed_pair_elemINS_25__bucket_list_deallocatorINS_9allocatorIPNS_16__hash_node_baseIPNS_11__hash_nodeINS_17__hash_value_typeINS_10type_indexENS_8functionIFNS_10shared_ptrIvEEvEEEEEPvEEEEEEEELi1ELb0EE5__getB8ue170006Ev called 3 returned 100% blocks executed 100%
function _ZNSt3__122__compressed_pair_elemImLi0ELb0EE5__getB8ue170006Ev called 5 returned 100% blocks executed 100%
function _ZNSt3__122__compressed_pair_elemINS_22__hash_node_destructorINS_9allocatorINS_11__hash_nodeINS_17__hash_value_typeINS_10type_indexENS_8functionIFNS_10shared_ptrIvEEvEEEEEPvEEEEEELi1ELb0EE5__getB8ue170006Ev called 1 returned 100% blocks executed 100%
function _ZNSt3__122__compressed_pair_elemIfLi0ELb0EE5__getB8ue170006Ev called 2 returned 100% blocks executed 100%
function _ZNSt3__122__compressed_pair_elemIPNS_11__hash_nodeINS_17__hash_value_typeINS_10type_indexENS_8functionIFNS_10shared_ptrIvEEvEEEEEPvEELi0ELb0EE5__getB8ue170006Ev called 4 returned 100% blocks executed 100%
function _ZNSt3__122__compressed_pair_elemIPNS_10__function6__funcIZN11DIContainer14RegisterObjectI12ZooVetClinicJEEEvDpOT0_EUlvE_NS_9allocatorIS9_EEFNS_10shared_ptrIvEEvEEELi0ELb0EE5__getB8ue170006Ev called 0 returned 0% blocks executed 0%
function _ZNSt3__122__compressed_pair_elemINS_22__allocator_destructorINS_9allocatorINS_10__function6__funcIZN11DIContainer14RegisterObjectI12ZooVetClinicJEEEvDpOT0_EUlvE_NS2_ISB_EEFNS_10shared_ptrIvEEvEEEEEEELi1ELb0EE5__getB8ue170006Ev called 0 returned 0% blocks executed 0%
function _ZNSt3__122__compressed_pair_elemIP4WolfLi0ELb0EE5__getB8ue170006Ev called 4 returned 100% blocks executed 100%
function _ZNSt3__122__compressed_pair_elemIP6AnimalLi0ELb0EE5__getB8ue170006Ev called 32 returned 100% blocks executed 100%
function _ZNSt3__122__compressed_pair_elemIP6MonkeyLi0ELb0EE5__getB8ue170006Ev called 4 returned 100% blocks executed 100%
function _ZNSt3__122__compressed_pair_elemIP5TigerLi0ELb0EE5__getB8ue170006Ev called 4 returned 100% blocks executed 100%
function _ZNSt3__122__compressed_pair_elemIP6RabbitLi0ELb0EE5__getB8ue170006Ev called 4 returned 100% blocks executed 100%
      120:   63:  _LIBCPP_HIDE_FROM_ABI _LIBCPP_CONSTEXPR_SINCE_CXX14 reference __get() _NOEXCEPT { return __value_; }
        8:   63-block  0
    $$$$$:   63-block  1
       42:   63-block  2
    $$$$$:   63-block  3
        3:   63-block  4
        4:   63-block  5
        3:   63-block  6
        5:   63-block  7
        1:   63-block  8
        2:   63-block  9
        4:   63-block 10
    $$$$$:   63-block 11
    $$$$$:   63-block 12
        4:   63-block 13
       32:   63-block 14
        4:   63-block 15
        4:   63-block 16
        4:   63-block 17
function _ZNKSt3__122__compressed_pair_elemIPNS_12basic_stringIcNS_11char_traitsIcEENS_9allocatorIcEEEELi0ELb0EE5__getB8ue170006Ev called 0 returned 0% blocks executed 0%
function _ZNKSt3__122__compressed_pair_elemIPNS_10unique_ptrI9InventoryNS_14default_deleteIS2_EEEELi0ELb0EE5__getB8ue170006Ev called 0 returned 0% blocks executed 0%
function _ZNKSt3__122__compressed_pair_elemIPNS_10unique_ptrI6AnimalNS_14default_deleteIS2_EEEELi0ELb0EE5__getB8ue170006Ev called 20 returned 100% blocks executed 100%
function _ZNKSt3__122__compressed_pair_elemINS_12basic_stringIcNS_11char_traitsIcEENS_9allocatorIcEEE5__repELi0ELb0EE5__getB8ue170006Ev called 16 returned 100% blocks executed 100%
function _ZNKSt3__122__compressed_pair_elemINS_25__bucket_list_deallocatorINS_9allocatorIPNS_16__hash_node_baseIPNS_11__hash_nodeINS_17__hash_value_typeINS_10type_indexENS_8functionIFNS_10shared_ptrIvEEvEEEEEPvEEEEEEEELi1ELb0EE5__getB8ue170006Ev called 4 returned 100% blocks executed 100%
function _ZNKSt3__122__compressed_pair_elemImLi0ELb0EE5__getB8ue170006Ev called 4 returned 100% blocks executed 100%
function _ZNKSt3__122__compressed_pair_elemIPPNS_16__hash_node_baseIPNS_11__hash_nodeINS_17__hash_value_typeINS_10type_indexENS_8functionIFNS_10shared_ptrIvEEvEEEEEPvEEEELi0ELb0EE5__getB8ue170006Ev called 5 returned 100% blocks executed 100%
function _ZNKSt3__122__compressed_pair_elemIPNS_11__hash_nodeINS_17__hash_value_typeINS_10type_indexENS_8functionIFNS_10shared_ptrIvEEvEEEEEPvEELi0ELb0EE5__getB8ue170006Ev called 6 returned 100% blocks executed 100%
function _ZNKSt3__122__compressed_pair_elemIPNS_10__function6__funcIZN11DIContainer14RegisterObjectI12ZooVetClinicJEEEvDpOT0_EUlvE_NS_9allocatorIS9_EEFNS_10shared_ptrIvEEvEEELi0ELb0EE5__getB8ue170006Ev called 0 returned 0% blocks executed 0%
       55:   64:  _LIBCPP_HIDE_FROM_ABI _LIBCPP_CONSTEXPR const_reference __get() const _NOEXCEPT { return __value_; }
    $$$$$:   64-block  0
    $$$$$:   64-block  1
       20:   64-block  2
       16:   64-block  3
        4:   64-block  4
        4:   64-block  5
        5:   64-block  6
        6:   64-block  7
    $$$$$:   64-block  8
        -:   65:
        -:   66:private:
        -:   67:  _Tp __value_;
        -:   68:};
        -:   69:
        -:   70:template <class _Tp, int _Idx>
        -:   71:struct __compressed_pair_elem<_Tp, _Idx, true> : private _Tp {
        -:   72:  using _ParamT = _Tp;
        -:   73:  using reference = _Tp&;
        -:   74:  using const_reference = const _Tp&;
        -:   75:  using __value_type = _Tp;
        -:   76:
        -:   77:  _LIBCPP_HIDE_FROM_ABI _LIBCPP_CONSTEXPR explicit __compressed_pair_elem() = default;
function _ZNSt3__122__compressed_pair_elemINS_9allocatorIPNS_16__hash_node_baseIPNS_11__hash_nodeINS_17__hash_value_typeINS_10type_indexENS_8functionIFNS_10shared_ptrIvEEvEEEEEPvEEEEEELi1ELb1EEC2B8ue170006ENS_18__default_init_tagE called 1 returned 100% blocks executed 100%
function _ZNSt3__122__compressed_pair_elemINS_22__unordered_map_hasherINS_10type_indexENS_17__hash_value_typeIS2_NS_8functionIFNS_10shared_ptrIvEEvEEEEENS_4hashIS2_EENS_8equal_toIS2_EELb1EEELi1ELb1EEC2B8ue170006ENS_18__default_init_tagE called 1 returned 100% blocks executed 100%
function _ZNSt3__122__compressed_pair_elemINS_21__unordered_map_equalINS_10type_indexENS_17__hash_value_typeIS2_NS_8functionIFNS_10shared_ptrIvEEvEEEEENS_8equal_toIS2_EENS_4hashIS2_EELb1EEELi1ELb1EEC2B8ue170006ENS_18__default_init_tagE called 1 returned 100% blocks executed 100%
function _ZNSt3__122__compressed_pair_elemINS_9allocatorINS_10unique_ptrI6AnimalNS_14default_deleteIS3_EEEEEELi1ELb1EEC2B8ue170006ENS_18__default_init_tagE called 1 returned 100% blocks executed 100%
function _ZNSt3__122__compressed_pair_elemINS_9allocatorINS_10unique_ptrI9InventoryNS_14default_deleteIS3_EEEEEELi1ELb1EEC2B8ue170006ENS_18__default_init_tagE called 1 returned 100% blocks executed 100%
function _ZNSt3__122__compressed_pair_elemINS_9allocatorIcEELi1ELb1EEC2B8ue170006ENS_18__default_init_tagE called 34 returned 100% blocks executed 100%
       39:   78:  _LIBCPP_HIDE_FROM_ABI _LIBCPP_CONSTEXPR explicit __compressed_pair_elem(__default_init_tag) {}
        1:   78-block  0
        1:   78-block  1
        1:   78-block  2
        1:   78-block  3
        1:   78-block  4
       34:   78-block  5
function _ZNSt3__122__compressed_pair_elemINS_9allocatorINS_11__hash_nodeINS_17__hash_value_typeINS_10type_indexENS_8functionIFNS_10shared_ptrIvEEvEEEEEPvEEEELi1ELb1EEC2B8ue170006ENS_16__value_init_tagE called 1 returned 100% blocks executed 100%
function _ZNSt3__122__compressed_pair_elemINS_14default_deleteINS_12basic_stringIcNS_11char_traitsIcEENS_9allocatorIcEEEEEELi1ELb1EEC2B8ue170006ENS_16__value_init_tagE called 6 returned 100% blocks executed 100%
function _ZNSt3__122__compressed_pair_elemINS_14default_deleteI4WolfEELi1ELb1EEC2B8ue170006ENS_16__value_init_tagE called 1 returned 100% blocks executed 100%
function _ZNSt3__122__compressed_pair_elemINS_14default_deleteI6MonkeyEELi1ELb1EEC2B8ue170006ENS_16__value_init_tagE called 1 returned 100% blocks executed 100%
function _ZNSt3__122__compressed_pair_elemINS_14default_deleteI5TigerEELi1ELb1EEC2B8ue170006ENS_16__value_init_tagE called 1 returned 100% blocks executed 100%
function _ZNSt3__122__compressed_pair_elemINS_14default_deleteI6RabbitEELi1ELb1EEC2B8ue170006ENS_16__value_init_tagE called 1 returned 100% blocks executed 100%
       11:   79:  _LIBCPP_HIDE_FROM_ABI _LIBCPP_CONSTEXPR explicit __compressed_pair_elem(__value_init_tag) : __value_type() {}
        1:   79-block  0
        6:   79-block  1
        1:   79-block  2
        1:   79-block  3
        1:   79-block  4
        1:   79-block  5
        -:   80:
        -:   81:  template <class _Up, class = __enable_if_t<!is_same<__compressed_pair_elem, __decay_t<_Up> >::value> >
        -:   82:  _LIBCPP_HIDE_FROM_ABI _LIBCPP_CONSTEXPR
function _ZNSt3__122__compressed_pair_elemINS_14default_deleteI6AnimalEELi1ELb1EEC2B8ue170006INS1_I4WolfEEvEEOT_ called 1 returned 100% blocks executed 100%
function _ZNSt3__122__compressed_pair_elemINS_14default_deleteI6AnimalEELi1ELb1EEC2B8ue170006INS1_I6MonkeyEEvEEOT_ called 1 returned 100% blocks executed 100%
function _ZNSt3__122__compressed_pair_elemINS_14default_deleteI6AnimalEELi1ELb1EEC2B8ue170006INS1_I5TigerEEvEEOT_ called 1 returned 100% blocks executed 100%
function _ZNSt3__122__compressed_pair_elemINS_14default_deleteI6AnimalEELi1ELb1EEC2B8ue170006INS1_I6RabbitEEvEEOT_ called 1 returned 100% blocks executed 100%
        4:   83:  explicit __compressed_pair_elem(_Up&& __u) : __value_type(std::forward<_Up>(__u)) {}
        1:   83-block  0
        1:   83-block  1
        1:   83-block  2
        1:   83-block  3
        -:   84:
        -:   85:#ifndef _LIBCPP_CXX03_LANG
        -:   86:  template <class... _Args, size_t... _Indices>
        -:   87:  _LIBCPP_HIDE_FROM_ABI _LIBCPP_CONSTEXPR_SINCE_CXX17
function _ZNSt3__122__compressed_pair_elemIZN11DIContainer14RegisterObjectI12ZooVetClinicJEEEvDpOT0_EUlvE_Li0ELb1EEC2B8ue170006IJOS7_EJLm0EEEENS_21piecewise_construct_tENS_5tupleIJDpT_EEENS_15__tuple_indicesIJXspT0_EEEE called 1 returned 100% blocks executed 100%
function _ZNSt3__122__compressed_pair_elemINS_9allocatorIZN11DIContainer14RegisterObjectI12ZooVetClinicJEEEvDpOT0_EUlvE_EELi1ELb1EEC2B8ue170006IJOS9_EJLm0EEEENS_21piecewise_construct_tENS_5tupleIJDpT_EEENS_15__tuple_indicesIJXspT0_EEEE called 1 returned 100% blocks executed 100%
function _ZNSt3__122__compressed_pair_elemIZN11DIContainer14RegisterObjectI12ZooVetClinicJEEEvDpOT0_EUlvE_Li0ELb1EEC2B8ue170006IJRKS7_EJLm0EEEENS_21piecewise_construct_tENS_5tupleIJDpT_EEENS_15__tuple_indicesIJXspT0_EEEE called 1 returned 100% blocks executed 100%
function _ZNSt3__122__compressed_pair_elemINS_9allocatorIZN11DIContainer14RegisterObjectI12ZooVetClinicJEEEvDpOT0_EUlvE_EELi1ELb1EEC2B8ue170006IJRKS9_EJLm0EEEENS_21piecewise_construct_tENS_5tupleIJDpT_EEENS_15__tuple_indicesIJXspT0_EEEE called 1 returned 100% blocks executed 100%
        4:   88:  __compressed_pair_elem(piecewise_construct_t, tuple<_Args...> __args, __tuple_indices<_Indices...>)
        4:   89:      : __value_type(std::forward<_Args>(std::get<_Indices>(__args))...) {}
        1:   89-block  0
        1:   89-block  1
        1:   89-block  2
        1:   89-block  3
        -:   90:#endif
        -:   91:
function _ZNSt3__122__compressed_pair_elemINS_14default_deleteINS_18basic_stringstreamIcNS_11char_traitsIcEENS_9allocatorIcEEEEEELi1ELb1EE5__getB8ue170006Ev called 0 returned 0% blocks executed 0%
function _ZNSt3__122__compressed_pair_elemINS_14default_deleteINS_12basic_stringIcNS_11char_traitsIcEENS_9allocatorIcEEEEEELi1ELb1EE5__getB8ue170006Ev called 0 returned 0% blocks executed 0%
function _ZNSt3__122__compressed_pair_elemINS_14default_deleteI9InventoryEELi1ELb1EE5__getB8ue170006Ev called 0 returned 0% blocks executed 0%
function _ZNSt3__122__compressed_pair_elemINS_9allocatorINS_10unique_ptrI9InventoryNS_14default_deleteIS3_EEEEEELi1ELb1EE5__getB8ue170006Ev called 0 returned 0% blocks executed 0%
function _ZNSt3__122__compressed_pair_elemINS_9allocatorINS_10unique_ptrI6AnimalNS_14default_deleteIS3_EEEEEELi1ELb1EE5__getB8ue170006Ev called 10 returned 100% blocks executed 100%
function _ZNSt3__122__compressed_pair_elemINS_9allocatorINS_11__hash_nodeINS_17__hash_value_typeINS_10type_indexENS_8functionIFNS_10shared_ptrIvEEvEEEEEPvEEEELi1ELb1EE5__getB8ue170006Ev called 2 returned 100% blocks executed 100%
function _ZNSt3__122__compressed_pair_elemINS_9allocatorIPNS_16__hash_node_baseIPNS_11__hash_nodeINS_17__hash_value_typeINS_10type_indexENS_8functionIFNS_10shared_ptrIvEEvEEEEEPvEEEEEELi1ELb1EE5__getB8ue170006Ev called 2 returned 100% blocks executed 100%
function _ZNSt3__122__compressed_pair_elemINS_22__unordered_map_hasherINS_10type_indexENS_17__hash_value_typeIS2_NS_8functionIFNS_10shared_ptrIvEEvEEEEENS_4hashIS2_EENS_8equal_toIS2_EELb1EEELi1ELb1EE5__getB8ue170006Ev called 2 returned 100% blocks executed 100%
function _ZNSt3__122__compressed_pair_elemINS_21__unordered_map_equalINS_10type_indexENS_17__hash_value_typeIS2_NS_8functionIFNS_10shared_ptrIvEEvEEEEENS_8equal_toIS2_EENS_4hashIS2_EELb1EEELi1ELb1EE5__getB8ue170006Ev called 1 returned 100% blocks executed 100%
function _ZNSt3__122__compressed_pair_elemIZN11DIContainer14RegisterObjectI12ZooVetClinicJEEEvDpOT0_EUlvE_Li0ELb1EE5__getB8ue170006Ev called 1 returned 100% blocks executed 100%
function _ZNSt3__122__compressed_pair_elemINS_14default_deleteI4WolfEELi1ELb1EE5__getB8ue170006Ev called 1 returned 100% blocks executed 100%
function _ZNSt3__122__compressed_pair_elemINS_14default_deleteI6AnimalEELi1ELb1EE5__getB8ue170006Ev called 10 returned 100% blocks executed 100%
function _ZNSt3__122__compressed_pair_elemINS_14default_deleteI6MonkeyEELi1ELb1EE5__getB8ue170006Ev called 1 returned 100% blocks executed 100%
function _ZNSt3__122__compressed_pair_elemINS_14default_deleteI5TigerEELi1ELb1EE5__getB8ue170006Ev called 1 returned 100% blocks executed 100%
function _ZNSt3__122__compressed_pair_elemINS_14default_deleteI6RabbitEELi1ELb1EE5__getB8ue170006Ev called 1 returned 100% blocks executed 100%
       32:   92:  _LIBCPP_HIDE_FROM_ABI _LIBCPP_CONSTEXPR_SINCE_CXX14 reference __get() _NOEXCEPT { return *this; }
    $$$$$:   92-block  0
    $$$$$:   92-block  1
    $$$$$:   92-block  2
    $$$$$:   92-block  3
       10:   92-block  4
        2:   92-block  5
        2:   92-block  6
        2:   92-block  7
        1:   92-block  8
        1:   92-block  9
        1:   92-block 10
       10:   92-block 11
        1:   92-block 12
        1:   92-block 13
        1:   92-block 14
function _ZNKSt3__122__compressed_pair_elemINS_9allocatorIZN11DIContainer14RegisterObjectI12ZooVetClinicJEEEvDpOT0_EUlvE_EELi1ELb1EE5__getB8ue170006Ev called 1 returned 100% blocks executed 100%
function _ZNKSt3__122__compressed_pair_elemIZN11DIContainer14RegisterObjectI12ZooVetClinicJEEEvDpOT0_EUlvE_Li0ELb1EE5__getB8ue170006Ev called 1 returned 100% blocks executed 100%
        2:   93:  _LIBCPP_HIDE_FROM_ABI _LIBCPP_CONSTEXPR const_reference __get() const _NOEXCEPT { return *this; }
        1:   93-block  0
        1:   93-block  1
        -:   94:};
        -:   95:
        -:   96:template <class _T1, class _T2>
        -:   97:class __compressed_pair : private __compressed_pair_elem<_T1, 0>,
        -:   98:                          private __compressed_pair_elem<_T2, 1> {
        -:   99:public:
        -:  100:  // NOTE: This static assert should never fire because __compressed_pair
        -:  101:  // is *almost never* used in a scenario where it's possible for T1 == T2.
        -:  102:  // (The exception is std::function where it is possible that the function
        -:  103:  //  object and the allocator have the same type).
        -:  104:  static_assert((!is_same<_T1, _T2>::value),
        -:  105:    "__compressed_pair cannot be instantiated when T1 and T2 are the same type; "
        -:  106:    "The current implementation is NOT ABI-compatible with the previous implementation for this configuration");
        -:  107:
        -:  108:  using _Base1 _LIBCPP_NODEBUG = __compressed_pair_elem<_T1, 0>;
        -:  109:  using _Base2 _LIBCPP_NODEBUG = __compressed_pair_elem<_T2, 1>;
        -:  110:
        -:  111:  template <bool _Dummy = true,
        -:  112:    class = __enable_if_t<
        -:  113:        __dependent_type<is_default_constructible<_T1>, _Dummy>::value &&
        -:  114:        __dependent_type<is_default_constructible<_T2>, _Dummy>::value
        -:  115:    >
        -:  116:  >
        -:  117:  _LIBCPP_HIDE_FROM_ABI _LIBCPP_CONSTEXPR
function _ZNSt3__117__compressed_pairINS_16__hash_node_baseIPNS_11__hash_nodeINS_17__hash_value_typeINS_10type_indexENS_8functionIFNS_10shared_ptrIvEEvEEEEEPvEEEENS_9allocatorISC_EEEC1B8ue170006ILb1EvEEv called 1 returned 100% blocks executed 100%
function _ZNSt3__117__compressed_pairINS_16__hash_node_baseIPNS_11__hash_nodeINS_17__hash_value_typeINS_10type_indexENS_8functionIFNS_10shared_ptrIvEEvEEEEEPvEEEENS_9allocatorISC_EEEC2B8ue170006ILb1EvEEv called 1 returned 100% blocks executed 100%
        2:  118:  explicit __compressed_pair() : _Base1(__value_init_tag()), _Base2(__value_init_tag()) {}
        1:  118-block  0
        1:  118-block  1
        -:  119:
        -:  120:  template <class _U1, class _U2>
        -:  121:  _LIBCPP_HIDE_FROM_ABI _LIBCPP_CONSTEXPR
function _ZNSt3__117__compressed_pairImNS_22__unordered_map_hasherINS_10type_indexENS_17__hash_value_typeIS2_NS_8functionIFNS_10shared_ptrIvEEvEEEEENS_4hashIS2_EENS_8equal_toIS2_EELb1EEEEC1B8ue170006IiNS_18__default_init_tagEEEOT_OT0_ called 1 returned 100% blocks executed 100%
function _ZNSt3__117__compressed_pairIfNS_21__unordered_map_equalINS_10type_indexENS_17__hash_value_typeIS2_NS_8functionIFNS_10shared_ptrIvEEvEEEEENS_8equal_toIS2_EENS_4hashIS2_EELb1EEEEC1B8ue170006IfNS_18__default_init_tagEEEOT_OT0_ called 1 returned 100% blocks executed 100%
function _ZNSt3__117__compressed_pairIPPNS_16__hash_node_baseIPNS_11__hash_nodeINS_17__hash_value_typeINS_10type_indexENS_8functionIFNS_10shared_ptrIvEEvEEEEEPvEEEENS_25__bucket_list_deallocatorINS_9allocatorISF_EEEEEC1B8ue170006INS_16__value_init_tagESN_EEOT_OT0_ called 1 returned 100% blocks executed 100%
function _ZNSt3__117__compressed_pairIPPNS_16__hash_node_baseIPNS_11__hash_nodeINS_17__hash_value_typeINS_10type_indexENS_8functionIFNS_10shared_ptrIvEEvEEEEEPvEEEENS_25__bucket_list_deallocatorINS_9allocatorISF_EEEEEC2B8ue170006INS_16__value_init_tagESN_EEOT_OT0_ called 1 returned 100% blocks executed 100%
function _ZNSt3__117__compressed_pairImNS_9allocatorIPNS_16__hash_node_baseIPNS_11__hash_nodeINS_17__hash_value_typeINS_10type_indexENS_8functionIFNS_10shared_ptrIvEEvEEEEEPvEEEEEEEC1B8ue170006IiNS_18__default_init_tagEEEOT_OT0_ called 1 returned 100% blocks executed 100%
function _ZNSt3__117__compressed_pairImNS_9allocatorIPNS_16__hash_node_baseIPNS_11__hash_nodeINS_17__hash_value_typeINS_10type_indexENS_8functionIFNS_10shared_ptrIvEEvEEEEEPvEEEEEEEC2B8ue170006IiNS_18__default_init_tagEEEOT_OT0_ called 1 returned 100% blocks executed 100%
function _ZNSt3__117__compressed_pairImNS_22__unordered_map_hasherINS_10type_indexENS_17__hash_value_typeIS2_NS_8functionIFNS_10shared_ptrIvEEvEEEEENS_4hashIS2_EENS_8equal_toIS2_EELb1EEEEC2B8ue170006IiNS_18__default_init_tagEEEOT_OT0_ called 1 returned 100% blocks executed 100%
function _ZNSt3__117__compressed_pairIfNS_21__unordered_map_equalINS_10type_indexENS_17__hash_value_typeIS2_NS_8functionIFNS_10shared_ptrIvEEvEEEEENS_8equal_toIS2_EENS_4hashIS2_EELb1EEEEC2B8ue170006IfNS_18__default_init_tagEEEOT_OT0_ called 1 returned 100% blocks executed 100%
function _ZNSt3__117__compressed_pairIPNS_10unique_ptrI6AnimalNS_14default_deleteIS2_EEEENS_9allocatorIS5_EEEC1B8ue170006IDnNS_18__default_init_tagEEEOT_OT0_ called 1 returned 100% blocks executed 100%
function _ZNSt3__117__compressed_pairIPNS_10unique_ptrI6AnimalNS_14default_deleteIS2_EEEENS_9allocatorIS5_EEEC2B8ue170006IDnNS_18__default_init_tagEEEOT_OT0_ called 1 returned 100% blocks executed 100%
function _ZNSt3__117__compressed_pairIPNS_10unique_ptrI9InventoryNS_14default_deleteIS2_EEEENS_9allocatorIS5_EEEC1B8ue170006IDnNS_18__default_init_tagEEEOT_OT0_ called 1 returned 100% blocks executed 100%
function _ZNSt3__117__compressed_pairIPNS_10unique_ptrI9InventoryNS_14default_deleteIS2_EEEENS_9allocatorIS5_EEEC2B8ue170006IDnNS_18__default_init_tagEEEOT_OT0_ called 1 returned 100% blocks executed 100%
function _ZNSt3__117__compressed_pairINS_12basic_stringIcNS_11char_traitsIcEENS_9allocatorIcEEE5__repES5_EC1B8ue170006INS_18__default_init_tagESA_EEOT_OT0_ called 34 returned 100% blocks executed 100%
function _ZNSt3__117__compressed_pairINS_12basic_stringIcNS_11char_traitsIcEENS_9allocatorIcEEE5__repES5_EC2B8ue170006INS_18__default_init_tagESA_EEOT_OT0_ called 34 returned 100% blocks executed 100%
function _ZNSt3__117__compressed_pairIPNS_12basic_stringIcNS_11char_traitsIcEENS_9allocatorIcEEEENS_14default_deleteIS6_EEEC1B8ue170006INS_16__value_init_tagESC_EEOT_OT0_ called 6 returned 100% blocks executed 100%
function _ZNSt3__117__compressed_pairIPNS_12basic_stringIcNS_11char_traitsIcEENS_9allocatorIcEEEENS_14default_deleteIS6_EEEC2B8ue170006INS_16__value_init_tagESC_EEOT_OT0_ called 6 returned 100% blocks executed 100%
function _ZNSt3__117__compressed_pairIPNS_11__hash_nodeINS_17__hash_value_typeINS_10type_indexENS_8functionIFNS_10shared_ptrIvEEvEEEEEPvEENS_22__hash_node_destructorINS_9allocatorISB_EEEEEC1B8ue170006IRSC_SG_EEOT_OT0_ called 1 returned 100% blocks executed 100%
function _ZNSt3__117__compressed_pairIPNS_11__hash_nodeINS_17__hash_value_typeINS_10type_indexENS_8functionIFNS_10shared_ptrIvEEvEEEEEPvEENS_22__hash_node_destructorINS_9allocatorISB_EEEEEC2B8ue170006IRSC_SG_EEOT_OT0_ called 1 returned 100% blocks executed 100%
function _ZNSt3__117__compressed_pairIPNS_10__function6__funcIZN11DIContainer14RegisterObjectI12ZooVetClinicJEEEvDpOT0_EUlvE_NS_9allocatorIS9_EEFNS_10shared_ptrIvEEvEEENS_22__allocator_destructorINSA_ISF_EEEEEC1B8ue170006IRSG_SJ_EEOT_OT0_ called 0 returned 0% blocks executed 0%
function _ZNSt3__117__compressed_pairIPNS_10__function6__funcIZN11DIContainer14RegisterObjectI12ZooVetClinicJEEEvDpOT0_EUlvE_NS_9allocatorIS9_EEFNS_10shared_ptrIvEEvEEENS_22__allocator_destructorINSA_ISF_EEEEEC2B8ue170006IRSG_SJ_EEOT_OT0_ called 0 returned 0% blocks executed 0%
function _ZNSt3__117__compressed_pairIP4WolfNS_14default_deleteIS1_EEEC1B8ue170006IRS2_NS_16__value_init_tagEEEOT_OT0_ called 1 returned 100% blocks executed 100%
function _ZNSt3__117__compressed_pairIP4WolfNS_14default_deleteIS1_EEEC2B8ue170006IRS2_NS_16__value_init_tagEEEOT_OT0_ called 1 returned 100% blocks executed 100%
function _ZNSt3__117__compressed_pairIP6AnimalNS_14default_deleteIS1_EEEC1B8ue170006IP4WolfNS3_IS7_EEEEOT_OT0_ called 1 returned 100% blocks executed 100%
function _ZNSt3__117__compressed_pairIP6AnimalNS_14default_deleteIS1_EEEC2B8ue170006IP4WolfNS3_IS7_EEEEOT_OT0_ called 1 returned 100% blocks executed 100%
function _ZNSt3__117__compressed_pairIP6MonkeyNS_14default_deleteIS1_EEEC1B8ue170006IRS2_NS_16__value_init_tagEEEOT_OT0_ called 1 returned 100% blocks executed 100%
function _ZNSt3__117__compressed_pairIP6MonkeyNS_14default_deleteIS1_EEEC2B8ue170006IRS2_NS_16__value_init_tagEEEOT_OT0_ called 1 returned 100% blocks executed 100%
function _ZNSt3__117__compressed_pairIP6AnimalNS_14default_deleteIS1_EEEC1B8ue170006IP6MonkeyNS3_IS7_EEEEOT_OT0_ called 1 returned 100% blocks executed 100%
function _ZNSt3__117__compressed_pairIP6AnimalNS_14default_deleteIS1_EEEC2B8ue170006IP6MonkeyNS3_IS7_EEEEOT_OT0_ called 1 returned 100% blocks executed 100%
function _ZNSt3__117__compressed_pairIP5TigerNS_14default_deleteIS1_EEEC1B8ue170006IRS2_NS_16__value_init_tagEEEOT_OT0_ called 1 returned 100% blocks executed 100%
function _ZNSt3__117__compressed_pairIP5TigerNS_14default_deleteIS1_EEEC2B8ue170006IRS2_NS_16__value_init_tagEEEOT_OT0_ called 1 returned 100% blocks executed 100%
function _ZNSt3__117__compressed_pairIP6AnimalNS_14default_deleteIS1_EEEC1B8ue170006IP5TigerNS3_IS7_EEEEOT_OT0_ called 1 returned 100% blocks executed 100%
function _ZNSt3__117__compressed_pairIP6AnimalNS_14default_deleteIS1_EEEC2B8ue170006IP5TigerNS3_IS7_EEEEOT_OT0_ called 1 returned 100% blocks executed 100%
function _ZNSt3__117__compressed_pairIP6RabbitNS_14default_deleteIS1_EEEC1B8ue170006IRS2_NS_16__value_init_tagEEEOT_OT0_ called 1 returned 100% blocks executed 100%
function _ZNSt3__117__compressed_pairIP6RabbitNS_14default_deleteIS1_EEEC2B8ue170006IRS2_NS_16__value_init_tagEEEOT_OT0_ called 1 returned 100% blocks executed 100%
function _ZNSt3__117__compressed_pairIP6AnimalNS_14default_deleteIS1_EEEC1B8ue170006IP6RabbitNS3_IS7_EEEEOT_OT0_ called 1 returned 100% blocks executed 100%
function _ZNSt3__117__compressed_pairIP6AnimalNS_14default_deleteIS1_EEEC2B8ue170006IP6RabbitNS3_IS7_EEEEOT_OT0_ called 1 returned 100% blocks executed 100%
      110:  122:  explicit __compressed_pair(_U1&& __t1, _U2&& __t2) : _Base1(std::forward<_U1>(__t1)), _Base2(std::forward<_U2>(__t2)) {}
        1:  122-block  0
        1:  122-block  1
        1:  122-block  2
        1:  122-block  3
        1:  122-block  4
        1:  122-block  5
        1:  122-block  6
        1:  122-block  7
        1:  122-block  8
        1:  122-block  9
        1:  122-block 10
        1:  122-block 11
       34:  122-block 12
       34:  122-block 13
        6:  122-block 14
        6:  122-block 15
        1:  122-block 16
        1:  122-block 17
    $$$$$:  122-block 18
    $$$$$:  122-block 19
        1:  122-block 20
        1:  122-block 21
        1:  122-block 22
        1:  122-block 23
        1:  122-block 24
        1:  122-block 25
        1:  122-block 26
        1:  122-block 27
        1:  122-block 28
        1:  122-block 29
        1:  122-block 30
        1:  122-block 31
        1:  122-block 32
        1:  122-block 33
        1:  122-block 34
        1:  122-block 35
        -:  123:
        -:  124:#ifndef _LIBCPP_CXX03_LANG
        -:  125:  template <class... _Args1, class... _Args2>
        -:  126:  _LIBCPP_HIDE_FROM_ABI _LIBCPP_CONSTEXPR_SINCE_CXX17
function _ZNSt3__117__compressed_pairIZN11DIContainer14RegisterObjectI12ZooVetClinicJEEEvDpOT0_EUlvE_NS_9allocatorIS7_EEEC1B8ue170006IJOS7_EJOS9_EEENS_21piecewise_construct_tENS_5tupleIJDpT_EEENSF_IJDpS4_EEE called 1 returned 100% blocks executed 100%
function _ZNSt3__117__compressed_pairIZN11DIContainer14RegisterObjectI12ZooVetClinicJEEEvDpOT0_EUlvE_NS_9allocatorIS7_EEEC2B8ue170006IJOS7_EJOS9_EEENS_21piecewise_construct_tENS_5tupleIJDpT_EEENSF_IJDpS4_EEE called 1 returned 100% blocks executed 100%
function _ZNSt3__117__compressed_pairIZN11DIContainer14RegisterObjectI12ZooVetClinicJEEEvDpOT0_EUlvE_NS_9allocatorIS7_EEEC1B8ue170006IJRKS7_EJOS9_EEENS_21piecewise_construct_tENS_5tupleIJDpT_EEENSG_IJDpS4_EEE called 0 returned 0% blocks executed 0%
function _ZNSt3__117__compressed_pairIZN11DIContainer14RegisterObjectI12ZooVetClinicJEEEvDpOT0_EUlvE_NS_9allocatorIS7_EEEC2B8ue170006IJRKS7_EJOS9_EEENS_21piecewise_construct_tENS_5tupleIJDpT_EEENSG_IJDpS4_EEE called 0 returned 0% blocks executed 0%
function _ZNSt3__117__compressed_pairIZN11DIContainer14RegisterObjectI12ZooVetClinicJEEEvDpOT0_EUlvE_NS_9allocatorIS7_EEEC1B8ue170006IJRKS7_EJRKS9_EEENS_21piecewise_construct_tENS_5tupleIJDpT_EEENSH_IJDpS4_EEE called 1 returned 100% blocks executed 100%
function _ZNSt3__117__compressed_pairIZN11DIContainer14RegisterObjectI12ZooVetClinicJEEEvDpOT0_EUlvE_NS_9allocatorIS7_EEEC2B8ue170006IJRKS7_EJRKS9_EEENS_21piecewise_construct_tENS_5tupleIJDpT_EEENSH_IJDpS4_EEE called 1 returned 100% blocks executed 100%
        4:  127:  explicit __compressed_pair(piecewise_construct_t __pc, tuple<_Args1...> __first_args,
        -:  128:                             tuple<_Args2...> __second_args)
        2:  129:      : _Base1(__pc, std::move(__first_args), typename __make_tuple_indices<sizeof...(_Args1)>::type()),
        4:  130:        _Base2(__pc, std::move(__second_args), typename __make_tuple_indices<sizeof...(_Args2)>::type()) {}
        1:  130-block  0
        1:  130-block  1
    $$$$$:  130-block  2
    $$$$$:  130-block  3
        1:  130-block  4
        1:  130-block  5
        -:  131:#endif
        -:  132:
        -:  133:  _LIBCPP_HIDE_FROM_ABI _LIBCPP_CONSTEXPR_SINCE_CXX14
function _ZNSt3__117__compressed_pairINS_12basic_stringIcNS_11char_traitsIcEENS_9allocatorIcEEE5__repES5_E5firstB8ue170006Ev called 8 returned 100% blocks executed 100%
function _ZNSt3__117__compressed_pairIPNS_18basic_stringstreamIcNS_11char_traitsIcEENS_9allocatorIcEEEENS_14default_deleteIS6_EEE5firstB8ue170006Ev called 0 returned 0% blocks executed 0%
function _ZNSt3__117__compressed_pairIPNS_12basic_stringIcNS_11char_traitsIcEENS_9allocatorIcEEEENS_14default_deleteIS6_EEE5firstB8ue170006Ev called 42 returned 100% blocks executed 100%
function _ZNSt3__117__compressed_pairIP9InventoryNS_14default_deleteIS1_EEE5firstB8ue170006Ev called 0 returned 0% blocks executed 0%
function _ZNSt3__117__compressed_pairINS_16__hash_node_baseIPNS_11__hash_nodeINS_17__hash_value_typeINS_10type_indexENS_8functionIFNS_10shared_ptrIvEEvEEEEEPvEEEENS_9allocatorISC_EEE5firstB8ue170006Ev called 3 returned 100% blocks executed 100%
function _ZNSt3__117__compressed_pairIPPNS_16__hash_node_baseIPNS_11__hash_nodeINS_17__hash_value_typeINS_10type_indexENS_8functionIFNS_10shared_ptrIvEEvEEEEEPvEEEENS_25__bucket_list_deallocatorINS_9allocatorISF_EEEEE5firstB8ue170006Ev called 4 returned 100% blocks executed 100%
function _ZNSt3__117__compressed_pairImNS_9allocatorIPNS_16__hash_node_baseIPNS_11__hash_nodeINS_17__hash_value_typeINS_10type_indexENS_8functionIFNS_10shared_ptrIvEEvEEEEEPvEEEEEEE5firstB8ue170006Ev called 2 returned 100% blocks executed 100%
function _ZNSt3__117__compressed_pairImNS_22__unordered_map_hasherINS_10type_indexENS_17__hash_value_typeIS2_NS_8functionIFNS_10shared_ptrIvEEvEEEEENS_4hashIS2_EENS_8equal_toIS2_EELb1EEEE5firstB8ue170006Ev called 3 returned 100% blocks executed 100%
function _ZNSt3__117__compressed_pairIfNS_21__unordered_map_equalINS_10type_indexENS_17__hash_value_typeIS2_NS_8functionIFNS_10shared_ptrIvEEvEEEEENS_8equal_toIS2_EENS_4hashIS2_EELb1EEEE5firstB8ue170006Ev called 2 returned 100% blocks executed 100%
function _ZNSt3__117__compressed_pairIPNS_11__hash_nodeINS_17__hash_value_typeINS_10type_indexENS_8functionIFNS_10shared_ptrIvEEvEEEEEPvEENS_22__hash_node_destructorINS_9allocatorISB_EEEEE5firstB8ue170006Ev called 4 returned 100% blocks executed 100%
function _ZNSt3__117__compressed_pairIPNS_10__function6__funcIZN11DIContainer14RegisterObjectI12ZooVetClinicJEEEvDpOT0_EUlvE_NS_9allocatorIS9_EEFNS_10shared_ptrIvEEvEEENS_22__allocator_destructorINSA_ISF_EEEEE5firstB8ue170006Ev called 0 returned 0% blocks executed 0%
function _ZNSt3__117__compressed_pairIZN11DIContainer14RegisterObjectI12ZooVetClinicJEEEvDpOT0_EUlvE_NS_9allocatorIS7_EEE5firstB8ue170006Ev called 1 returned 100% blocks executed 100%
function _ZNSt3__117__compressed_pairIP4WolfNS_14default_deleteIS1_EEE5firstB8ue170006Ev called 4 returned 100% blocks executed 100%
function _ZNSt3__117__compressed_pairIP6AnimalNS_14default_deleteIS1_EEE5firstB8ue170006Ev called 32 returned 100% blocks executed 100%
function _ZNSt3__117__compressed_pairIP6MonkeyNS_14default_deleteIS1_EEE5firstB8ue170006Ev called 4 returned 100% blocks executed 100%
function _ZNSt3__117__compressed_pairIP5TigerNS_14default_deleteIS1_EEE5firstB8ue170006Ev called 4 returned 100% blocks executed 100%
function _ZNSt3__117__compressed_pairIP6RabbitNS_14default_deleteIS1_EEE5firstB8ue170006Ev called 4 returned 100% blocks executed 100%
      117:  134:  typename _Base1::reference first() _NOEXCEPT {
      117:  135:    return static_cast<_Base1&>(*this).__get();
        8:  135-block  0
    $$$$$:  135-block  1
       42:  135-block  2
    $$$$$:  135-block  3
        3:  135-block  4
        4:  135-block  5
        2:  135-block  6
        3:  135-block  7
        2:  135-block  8
        4:  135-block  9
    $$$$$:  135-block 10
        1:  135-block 11
        4:  135-block 12
       32:  135-block 13
        4:  135-block 14
        4:  135-block 15
        4:  135-block 16
        -:  136:  }
        -:  137:
        -:  138:  _LIBCPP_HIDE_FROM_ABI _LIBCPP_CONSTEXPR
function _ZNKSt3__117__compressed_pairIPNS_12basic_stringIcNS_11char_traitsIcEENS_9allocatorIcEEEENS_14default_deleteIS6_EEE5firstB8ue170006Ev called 0 returned 0% blocks executed 0%
function _ZNKSt3__117__compressed_pairIPNS_10unique_ptrI9InventoryNS_14default_deleteIS2_EEEENS_9allocatorIS5_EEE5firstB8ue170006Ev called 0 returned 0% blocks executed 0%
function _ZNKSt3__117__compressed_pairIPNS_10unique_ptrI6AnimalNS_14default_deleteIS2_EEEENS_9allocatorIS5_EEE5firstB8ue170006Ev called 18 returned 100% blocks executed 100%
function _ZNKSt3__117__compressed_pairINS_12basic_stringIcNS_11char_traitsIcEENS_9allocatorIcEEE5__repES5_E5firstB8ue170006Ev called 16 returned 100% blocks executed 100%
function _ZNKSt3__117__compressed_pairImNS_9allocatorIPNS_16__hash_node_baseIPNS_11__hash_nodeINS_17__hash_value_typeINS_10type_indexENS_8functionIFNS_10shared_ptrIvEEvEEEEEPvEEEEEEE5firstB8ue170006Ev called 4 returned 100% blocks executed 100%
function _ZNKSt3__117__compressed_pairIPPNS_16__hash_node_baseIPNS_11__hash_nodeINS_17__hash_value_typeINS_10type_indexENS_8functionIFNS_10shared_ptrIvEEvEEEEEPvEEEENS_25__bucket_list_deallocatorINS_9allocatorISF_EEEEE5firstB8ue170006Ev called 5 returned 100% blocks executed 100%
function _ZNKSt3__117__compressed_pairIPNS_11__hash_nodeINS_17__hash_value_typeINS_10type_indexENS_8functionIFNS_10shared_ptrIvEEvEEEEEPvEENS_22__hash_node_destructorINS_9allocatorISB_EEEEE5firstB8ue170006Ev called 6 returned 100% blocks executed 100%
function _ZNKSt3__117__compressed_pairIPNS_10__function6__funcIZN11DIContainer14RegisterObjectI12ZooVetClinicJEEEvDpOT0_EUlvE_NS_9allocatorIS9_EEFNS_10shared_ptrIvEEvEEENS_22__allocator_destructorINSA_ISF_EEEEE5firstB8ue170006Ev called 0 returned 0% blocks executed 0%
function _ZNKSt3__117__compressed_pairIZN11DIContainer14RegisterObjectI12ZooVetClinicJEEEvDpOT0_EUlvE_NS_9allocatorIS7_EEE5firstB8ue170006Ev called 1 returned 100% blocks executed 100%
       50:  139:  typename _Base1::const_reference first() const _NOEXCEPT {
       50:  140:    return static_cast<_Base1 const&>(*this).__get();
    $$$$$:  140-block  0
    $$$$$:  140-block  1
       18:  140-block  2
       16:  140-block  3
        4:  140-block  4
        5:  140-block  5
        6:  140-block  6
    $$$$$:  140-block  7
        1:  140-block  8
        -:  141:  }
        -:  142:
        -:  143:  _LIBCPP_HIDE_FROM_ABI _LIBCPP_CONSTEXPR_SINCE_CXX14
function _ZNSt3__117__compressed_pairIPNS_18basic_stringstreamIcNS_11char_traitsIcEENS_9allocatorIcEEEENS_14default_deleteIS6_EEE6secondB8ue170006Ev called 0 returned 0% blocks executed 0%
function _ZNSt3__117__compressed_pairIPNS_12basic_stringIcNS_11char_traitsIcEENS_9allocatorIcEEEENS_14default_deleteIS6_EEE6secondB8ue170006Ev called 0 returned 0% blocks executed 0%
function _ZNSt3__117__compressed_pairIP9InventoryNS_14default_deleteIS1_EEE6secondB8ue170006Ev called 0 returned 0% blocks executed 0%
function _ZNSt3__117__compressed_pairIPNS_10unique_ptrI9InventoryNS_14default_deleteIS2_EEEENS_9allocatorIS5_EEE6secondB8ue170006Ev called 0 returned 0% blocks executed 0%
function _ZNSt3__117__compressed_pairIPNS_10unique_ptrI6AnimalNS_14default_deleteIS2_EEEENS_9allocatorIS5_EEE6secondB8ue170006Ev called 10 returned 100% blocks executed 100%
function _ZNSt3__117__compressed_pairINS_16__hash_node_baseIPNS_11__hash_nodeINS_17__hash_value_typeINS_10type_indexENS_8functionIFNS_10shared_ptrIvEEvEEEEEPvEEEENS_9allocatorISC_EEE6secondB8ue170006Ev called 2 returned 100% blocks executed 100%
function _ZNSt3__117__compressed_pairIPPNS_16__hash_node_baseIPNS_11__hash_nodeINS_17__hash_value_typeINS_10type_indexENS_8functionIFNS_10shared_ptrIvEEvEEEEEPvEEEENS_25__bucket_list_deallocatorINS_9allocatorISF_EEEEE6secondB8ue170006Ev called 3 returned 100% blocks executed 100%
function _ZNSt3__117__compressed_pairImNS_9allocatorIPNS_16__hash_node_baseIPNS_11__hash_nodeINS_17__hash_value_typeINS_10type_indexENS_8functionIFNS_10shared_ptrIvEEvEEEEEPvEEEEEEE6secondB8ue170006Ev called 2 returned 100% blocks executed 100%
function _ZNSt3__117__compressed_pairImNS_22__unordered_map_hasherINS_10type_indexENS_17__hash_value_typeIS2_NS_8functionIFNS_10shared_ptrIvEEvEEEEENS_4hashIS2_EENS_8equal_toIS2_EELb1EEEE6secondB8ue170006Ev called 2 returned 100% blocks executed 100%
function _ZNSt3__117__compressed_pairIfNS_21__unordered_map_equalINS_10type_indexENS_17__hash_value_typeIS2_NS_8functionIFNS_10shared_ptrIvEEvEEEEENS_8equal_toIS2_EENS_4hashIS2_EELb1EEEE6secondB8ue170006Ev called 1 returned 100% blocks executed 100%
function _ZNSt3__117__compressed_pairIPNS_11__hash_nodeINS_17__hash_value_typeINS_10type_indexENS_8functionIFNS_10shared_ptrIvEEvEEEEEPvEENS_22__hash_node_destructorINS_9allocatorISB_EEEEE6secondB8ue170006Ev called 1 returned 100% blocks executed 100%
function _ZNSt3__117__compressed_pairIPNS_10__function6__funcIZN11DIContainer14RegisterObjectI12ZooVetClinicJEEEvDpOT0_EUlvE_NS_9allocatorIS9_EEFNS_10shared_ptrIvEEvEEENS_22__allocator_destructorINSA_ISF_EEEEE6secondB8ue170006Ev called 0 returned 0% blocks executed 0%
function _ZNSt3__117__compressed_pairIP4WolfNS_14default_deleteIS1_EEE6secondB8ue170006Ev called 1 returned 100% blocks executed 100%
function _ZNSt3__117__compressed_pairIP6AnimalNS_14default_deleteIS1_EEE6secondB8ue170006Ev called 10 returned 100% blocks executed 100%
function _ZNSt3__117__compressed_pairIP6MonkeyNS_14default_deleteIS1_EEE6secondB8ue170006Ev called 1 returned 100% blocks executed 100%
function _ZNSt3__117__compressed_pairIP5TigerNS_14default_deleteIS1_EEE6secondB8ue170006Ev called 1 returned 100% blocks executed 100%
function _ZNSt3__117__compressed_pairIP6RabbitNS_14default_deleteIS1_EEE6secondB8ue170006Ev called 1 returned 100% blocks executed 100%
       35:  144:  typename _Base2::reference second() _NOEXCEPT {
       35:  145:    return static_cast<_Base2&>(*this).__get();
    $$$$$:  145-block  0
    $$$$$:  145-block  1
    $$$$$:  145-block  2
    $$$$$:  145-block  3
       10:  145-block  4
        2:  145-block  5
        3:  145-block  6
        2:  145-block  7
        2:  145-block  8
        1:  145-block  9
        1:  145-block 10
    $$$$$:  145-block 11
        1:  145-block 12
       10:  145-block 13
        1:  145-block 14
        1:  145-block 15
        1:  145-block 16
        -:  146:  }
        -:  147:
        -:  148:  _LIBCPP_HIDE_FROM_ABI _LIBCPP_CONSTEXPR
function _ZNKSt3__117__compressed_pairIPPNS_16__hash_node_baseIPNS_11__hash_nodeINS_17__hash_value_typeINS_10type_indexENS_8functionIFNS_10shared_ptrIvEEvEEEEEPvEEEENS_25__bucket_list_deallocatorINS_9allocatorISF_EEEEE6secondB8ue170006Ev called 4 returned 100% blocks executed 100%
function _ZNKSt3__117__compressed_pairIZN11DIContainer14RegisterObjectI12ZooVetClinicJEEEvDpOT0_EUlvE_NS_9allocatorIS7_EEE6secondB8ue170006Ev called 1 returned 100% blocks executed 100%
        5:  149:  typename _Base2::const_reference second() const _NOEXCEPT {
        5:  150:    return static_cast<_Base2 const&>(*this).__get();
        4:  150-block  0
        1:  150-block  1
        -:  151:  }
        -:  152:
        -:  153:  _LIBCPP_HIDE_FROM_ABI _LIBCPP_CONSTEXPR static
function _ZNSt3__117__compressed_pairINS_9allocatorI12ZooVetClinicEES2_E16__get_first_baseB8ue170006EPS4_ called 3 returned 100% blocks executed 100%
        3:  154:  _Base1* __get_first_base(__compressed_pair* __pair) _NOEXCEPT {
        3:  155:    return static_cast<_Base1*>(__pair);
        3:  155-block  0
        -:  156:  }
        -:  157:  _LIBCPP_HIDE_FROM_ABI _LIBCPP_CONSTEXPR static
function _ZNSt3__117__compressed_pairINS_9allocatorI12ZooVetClinicEES2_E17__get_second_baseB8ue170006EPS4_ called 3 returned 100% blocks executed 100%
        3:  158:  _Base2* __get_second_base(__compressed_pair* __pair) _NOEXCEPT {
        3:  159:    return static_cast<_Base2*>(__pair);
        3:  159-block  0
        -:  160:  }
        -:  161:
        -:  162:  _LIBCPP_HIDE_FROM_ABI _LIBCPP_CONSTEXPR_SINCE_CXX14
        -:  163:  void swap(__compressed_pair& __x)
        -:  164:      _NOEXCEPT_(__is_nothrow_swappable<_T1>::value && __is_nothrow_swappable<_T2>::value) {
        -:  165:    using std::swap;
        -:  166:    swap(first(), __x.first());
        -:  167:    swap(second(), __x.second());
        -:  168:  }
        -:  169:};
        -:  170:
        -:  171:template <class _T1, class _T2>
        -:  172:inline _LIBCPP_HIDE_FROM_ABI _LIBCPP_CONSTEXPR_SINCE_CXX14
        -:  173:void swap(__compressed_pair<_T1, _T2>& __x, __compressed_pair<_T1, _T2>& __y)
        -:  174:    _NOEXCEPT_(__is_nothrow_swappable<_T1>::value && __is_nothrow_swappable<_T2>::value) {
        -:  175:  __x.swap(__y);
        -:  176:}
        -:  177:
        -:  178:_LIBCPP_END_NAMESPACE_STD
        -:  179:
        -:  180:_LIBCPP_POP_MACROS
        -:  181:
        -:  182:#endif // _LIBCPP___MEMORY_COMPRESSED_PAIR_H
