        -:    0:Source:/Library/Developer/CommandLineTools/SDKs/MacOSX14.4.sdk/usr/include/c++/v1/vector
        -:    0:Graph:/Users/nazarzakrevskij/CLionProjects/SoftwareEngineering/homework-1/cmake-build-debug/CMakeFiles/tests.dir/src/Zoo.cpp.gcno
        -:    0:Data:/Users/nazarzakrevskij/CLionProjects/SoftwareEngineering/homework-1/cmake-build-debug/CMakeFiles/tests.dir/src/Zoo.cpp.gcda
        -:    0:Runs:1
        -:    0:Programs:1
        -:    1:// -*- C++ -*-
        -:    2://===----------------------------------------------------------------------===//
        -:    3://
        -:    4:// Part of the LLVM Project, under the Apache License v2.0 with LLVM Exceptions.
        -:    5:// See https://llvm.org/LICENSE.txt for license information.
        -:    6:// SPDX-License-Identifier: Apache-2.0 WITH LLVM-exception
        -:    7://
        -:    8://===----------------------------------------------------------------------===//
        -:    9:
        -:   10:#ifndef _LIBCPP_VECTOR
        -:   11:#define _LIBCPP_VECTOR
        -:   12:
        -:   13:/*
        -:   14:    vector synopsis
        -:   15:
        -:   16:namespace std
        -:   17:{
        -:   18:
        -:   19:template <class T, class Allocator = allocator<T> >
        -:   20:class vector
        -:   21:{
        -:   22:public:
        -:   23:    typedef T                                        value_type;
        -:   24:    typedef Allocator                                allocator_type;
        -:   25:    typedef typename allocator_type::reference       reference;
        -:   26:    typedef typename allocator_type::const_reference const_reference;
        -:   27:    typedef implementation-defined                   iterator;
        -:   28:    typedef implementation-defined                   const_iterator;
        -:   29:    typedef typename allocator_type::size_type       size_type;
        -:   30:    typedef typename allocator_type::difference_type difference_type;
        -:   31:    typedef typename allocator_type::pointer         pointer;
        -:   32:    typedef typename allocator_type::const_pointer   const_pointer;
        -:   33:    typedef std::reverse_iterator<iterator>          reverse_iterator;
        -:   34:    typedef std::reverse_iterator<const_iterator>    const_reverse_iterator;
        -:   35:
        -:   36:    vector()
        -:   37:        noexcept(is_nothrow_default_constructible<allocator_type>::value);
        -:   38:    explicit vector(const allocator_type&);
        -:   39:    explicit vector(size_type n);
        -:   40:    explicit vector(size_type n, const allocator_type&); // C++14
        -:   41:    vector(size_type n, const value_type& value, const allocator_type& = allocator_type());
        -:   42:    template <class InputIterator>
        -:   43:        vector(InputIterator first, InputIterator last, const allocator_type& = allocator_type());
        -:   44:    template<container-compatible-range<T> R>
        -:   45:      constexpr vector(from_range_t, R&& rg, const Allocator& = Allocator()); // C++23
        -:   46:    vector(const vector& x);
        -:   47:    vector(vector&& x)
        -:   48:        noexcept(is_nothrow_move_constructible<allocator_type>::value);
        -:   49:    vector(initializer_list<value_type> il);
        -:   50:    vector(initializer_list<value_type> il, const allocator_type& a);
        -:   51:    ~vector();
        -:   52:    vector& operator=(const vector& x);
        -:   53:    vector& operator=(vector&& x)
        -:   54:        noexcept(
        -:   55:             allocator_type::propagate_on_container_move_assignment::value ||
        -:   56:             allocator_type::is_always_equal::value); // C++17
        -:   57:    vector& operator=(initializer_list<value_type> il);
        -:   58:    template <class InputIterator>
        -:   59:        void assign(InputIterator first, InputIterator last);
        -:   60:    template<container-compatible-range<T> R>
        -:   61:      constexpr void assign_range(R&& rg); // C++23
        -:   62:    void assign(size_type n, const value_type& u);
        -:   63:    void assign(initializer_list<value_type> il);
        -:   64:
        -:   65:    allocator_type get_allocator() const noexcept;
        -:   66:
        -:   67:    iterator               begin() noexcept;
        -:   68:    const_iterator         begin()   const noexcept;
        -:   69:    iterator               end() noexcept;
        -:   70:    const_iterator         end()     const noexcept;
        -:   71:
        -:   72:    reverse_iterator       rbegin() noexcept;
        -:   73:    const_reverse_iterator rbegin()  const noexcept;
        -:   74:    reverse_iterator       rend() noexcept;
        -:   75:    const_reverse_iterator rend()    const noexcept;
        -:   76:
        -:   77:    const_iterator         cbegin()  const noexcept;
        -:   78:    const_iterator         cend()    const noexcept;
        -:   79:    const_reverse_iterator crbegin() const noexcept;
        -:   80:    const_reverse_iterator crend()   const noexcept;
        -:   81:
        -:   82:    size_type size() const noexcept;
        -:   83:    size_type max_size() const noexcept;
        -:   84:    size_type capacity() const noexcept;
        -:   85:    bool empty() const noexcept;
        -:   86:    void reserve(size_type n);
        -:   87:    void shrink_to_fit() noexcept;
        -:   88:
        -:   89:    reference       operator[](size_type n);
        -:   90:    const_reference operator[](size_type n) const;
        -:   91:    reference       at(size_type n);
        -:   92:    const_reference at(size_type n) const;
        -:   93:
        -:   94:    reference       front();
        -:   95:    const_reference front() const;
        -:   96:    reference       back();
        -:   97:    const_reference back() const;
        -:   98:
        -:   99:    value_type*       data() noexcept;
        -:  100:    const value_type* data() const noexcept;
        -:  101:
        -:  102:    void push_back(const value_type& x);
        -:  103:    void push_back(value_type&& x);
        -:  104:    template <class... Args>
        -:  105:        reference emplace_back(Args&&... args); // reference in C++17
        -:  106:    template<container-compatible-range<T> R>
        -:  107:      constexpr void append_range(R&& rg); // C++23
        -:  108:    void pop_back();
        -:  109:
        -:  110:    template <class... Args> iterator emplace(const_iterator position, Args&&... args);
        -:  111:    iterator insert(const_iterator position, const value_type& x);
        -:  112:    iterator insert(const_iterator position, value_type&& x);
        -:  113:    iterator insert(const_iterator position, size_type n, const value_type& x);
        -:  114:    template <class InputIterator>
        -:  115:        iterator insert(const_iterator position, InputIterator first, InputIterator last);
        -:  116:    template<container-compatible-range<T> R>
        -:  117:      constexpr iterator insert_range(const_iterator position, R&& rg); // C++23
        -:  118:    iterator insert(const_iterator position, initializer_list<value_type> il);
        -:  119:
        -:  120:    iterator erase(const_iterator position);
        -:  121:    iterator erase(const_iterator first, const_iterator last);
        -:  122:
        -:  123:    void clear() noexcept;
        -:  124:
        -:  125:    void resize(size_type sz);
        -:  126:    void resize(size_type sz, const value_type& c);
        -:  127:
        -:  128:    void swap(vector&)
        -:  129:        noexcept(allocator_traits<allocator_type>::propagate_on_container_swap::value ||
        -:  130:                 allocator_traits<allocator_type>::is_always_equal::value);  // C++17
        -:  131:
        -:  132:    bool __invariants() const;
        -:  133:};
        -:  134:
        -:  135:template <class Allocator = allocator<T> >
        -:  136:class vector<bool, Allocator>
        -:  137:{
        -:  138:public:
        -:  139:    typedef bool                                     value_type;
        -:  140:    typedef Allocator                                allocator_type;
        -:  141:    typedef implementation-defined                   iterator;
        -:  142:    typedef implementation-defined                   const_iterator;
        -:  143:    typedef typename allocator_type::size_type       size_type;
        -:  144:    typedef typename allocator_type::difference_type difference_type;
        -:  145:    typedef iterator                                 pointer;
        -:  146:    typedef const_iterator                           const_pointer;
        -:  147:    typedef std::reverse_iterator<iterator>          reverse_iterator;
        -:  148:    typedef std::reverse_iterator<const_iterator>    const_reverse_iterator;
        -:  149:
        -:  150:    class reference
        -:  151:    {
        -:  152:    public:
        -:  153:        reference(const reference&) noexcept;
        -:  154:        operator bool() const noexcept;
        -:  155:        reference& operator=(bool x) noexcept;
        -:  156:        reference& operator=(const reference& x) noexcept;
        -:  157:        iterator operator&() const noexcept;
        -:  158:        void flip() noexcept;
        -:  159:    };
        -:  160:
        -:  161:    class const_reference
        -:  162:    {
        -:  163:    public:
        -:  164:        const_reference(const reference&) noexcept;
        -:  165:        operator bool() const noexcept;
        -:  166:        const_iterator operator&() const noexcept;
        -:  167:    };
        -:  168:
        -:  169:    vector()
        -:  170:        noexcept(is_nothrow_default_constructible<allocator_type>::value);
        -:  171:    explicit vector(const allocator_type&);
        -:  172:    explicit vector(size_type n, const allocator_type& a = allocator_type()); // C++14
        -:  173:    vector(size_type n, const value_type& value, const allocator_type& = allocator_type());
        -:  174:    template <class InputIterator>
        -:  175:        vector(InputIterator first, InputIterator last, const allocator_type& = allocator_type());
        -:  176:    template<container-compatible-range<bool> R>
        -:  177:      constexpr vector(from_range_t, R&& rg, const Allocator& = Allocator());
        -:  178:    vector(const vector& x);
        -:  179:    vector(vector&& x)
        -:  180:        noexcept(is_nothrow_move_constructible<allocator_type>::value);
        -:  181:    vector(initializer_list<value_type> il);
        -:  182:    vector(initializer_list<value_type> il, const allocator_type& a);
        -:  183:    ~vector();
        -:  184:    vector& operator=(const vector& x);
        -:  185:    vector& operator=(vector&& x)
        -:  186:        noexcept(
        -:  187:             allocator_type::propagate_on_container_move_assignment::value ||
        -:  188:             allocator_type::is_always_equal::value); // C++17
        -:  189:    vector& operator=(initializer_list<value_type> il);
        -:  190:    template <class InputIterator>
        -:  191:        void assign(InputIterator first, InputIterator last);
        -:  192:    template<container-compatible-range<T> R>
        -:  193:      constexpr void assign_range(R&& rg); // C++23
        -:  194:    void assign(size_type n, const value_type& u);
        -:  195:    void assign(initializer_list<value_type> il);
        -:  196:
        -:  197:    allocator_type get_allocator() const noexcept;
        -:  198:
        -:  199:    iterator               begin() noexcept;
        -:  200:    const_iterator         begin()   const noexcept;
        -:  201:    iterator               end() noexcept;
        -:  202:    const_iterator         end()     const noexcept;
        -:  203:
        -:  204:    reverse_iterator       rbegin() noexcept;
        -:  205:    const_reverse_iterator rbegin()  const noexcept;
        -:  206:    reverse_iterator       rend() noexcept;
        -:  207:    const_reverse_iterator rend()    const noexcept;
        -:  208:
        -:  209:    const_iterator         cbegin()  const noexcept;
        -:  210:    const_iterator         cend()    const noexcept;
        -:  211:    const_reverse_iterator crbegin() const noexcept;
        -:  212:    const_reverse_iterator crend()   const noexcept;
        -:  213:
        -:  214:    size_type size() const noexcept;
        -:  215:    size_type max_size() const noexcept;
        -:  216:    size_type capacity() const noexcept;
        -:  217:    bool empty() const noexcept;
        -:  218:    void reserve(size_type n);
        -:  219:    void shrink_to_fit() noexcept;
        -:  220:
        -:  221:    reference       operator[](size_type n);
        -:  222:    const_reference operator[](size_type n) const;
        -:  223:    reference       at(size_type n);
        -:  224:    const_reference at(size_type n) const;
        -:  225:
        -:  226:    reference       front();
        -:  227:    const_reference front() const;
        -:  228:    reference       back();
        -:  229:    const_reference back() const;
        -:  230:
        -:  231:    void push_back(const value_type& x);
        -:  232:    template <class... Args> reference emplace_back(Args&&... args);  // C++14; reference in C++17
        -:  233:    template<container-compatible-range<T> R>
        -:  234:      constexpr void append_range(R&& rg); // C++23
        -:  235:    void pop_back();
        -:  236:
        -:  237:    template <class... Args> iterator emplace(const_iterator position, Args&&... args);  // C++14
        -:  238:    iterator insert(const_iterator position, const value_type& x);
        -:  239:    iterator insert(const_iterator position, size_type n, const value_type& x);
        -:  240:    template <class InputIterator>
        -:  241:        iterator insert(const_iterator position, InputIterator first, InputIterator last);
        -:  242:    template<container-compatible-range<T> R>
        -:  243:      constexpr iterator insert_range(const_iterator position, R&& rg); // C++23
        -:  244:    iterator insert(const_iterator position, initializer_list<value_type> il);
        -:  245:
        -:  246:    iterator erase(const_iterator position);
        -:  247:    iterator erase(const_iterator first, const_iterator last);
        -:  248:
        -:  249:    void clear() noexcept;
        -:  250:
        -:  251:    void resize(size_type sz);
        -:  252:    void resize(size_type sz, value_type x);
        -:  253:
        -:  254:    void swap(vector&)
        -:  255:        noexcept(allocator_traits<allocator_type>::propagate_on_container_swap::value ||
        -:  256:                 allocator_traits<allocator_type>::is_always_equal::value);  // C++17
        -:  257:    void flip() noexcept;
        -:  258:
        -:  259:    bool __invariants() const;
        -:  260:};
        -:  261:
        -:  262:template <class InputIterator, class Allocator = allocator<typename iterator_traits<InputIterator>::value_type>>
        -:  263:   vector(InputIterator, InputIterator, Allocator = Allocator())
        -:  264:   -> vector<typename iterator_traits<InputIterator>::value_type, Allocator>; // C++17
        -:  265:
        -:  266:template<ranges::input_range R, class Allocator = allocator<ranges::range_value_t<R>>>
        -:  267:  vector(from_range_t, R&&, Allocator = Allocator())
        -:  268:    -> vector<ranges::range_value_t<R>, Allocator>; // C++23
        -:  269:
        -:  270:template <class Allocator> struct hash<std::vector<bool, Allocator>>;
        -:  271:
        -:  272:template <class T, class Allocator> bool operator==(const vector<T,Allocator>& x, const vector<T,Allocator>& y);   // constexpr since C++20
        -:  273:template <class T, class Allocator> bool operator!=(const vector<T,Allocator>& x, const vector<T,Allocator>& y);   // removed in C++20
        -:  274:template <class T, class Allocator> bool operator< (const vector<T,Allocator>& x, const vector<T,Allocator>& y);   // removed in C++20
        -:  275:template <class T, class Allocator> bool operator> (const vector<T,Allocator>& x, const vector<T,Allocator>& y);   // removed in C++20
        -:  276:template <class T, class Allocator> bool operator>=(const vector<T,Allocator>& x, const vector<T,Allocator>& y);   // removed in C++20
        -:  277:template <class T, class Allocator> bool operator<=(const vector<T,Allocator>& x, const vector<T,Allocator>& y);   // removed in C++20
        -:  278:template <class T, class Allocator> constexpr
        -:  279:  constexpr synth-three-way-result<T> operator<=>(const vector<T, Allocator>& x,
        -:  280:                                                  const vector<T, Allocator>& y);                                  // since C++20
        -:  281:
        -:  282:template <class T, class Allocator>
        -:  283:void swap(vector<T,Allocator>& x, vector<T,Allocator>& y)
        -:  284:    noexcept(noexcept(x.swap(y)));
        -:  285:
        -:  286:template <class T, class Allocator, class U>
        -:  287:typename vector<T, Allocator>::size_type
        -:  288:erase(vector<T, Allocator>& c, const U& value);       // since C++20
        -:  289:template <class T, class Allocator, class Predicate>
        -:  290:typename vector<T, Allocator>::size_type
        -:  291:erase_if(vector<T, Allocator>& c, Predicate pred);    // since C++20
        -:  292:
        -:  293:
        -:  294:template<class T>
        -:  295: inline constexpr bool is-vector-bool-reference = see below;        // exposition only, since C++23
        -:  296:
        -:  297:template<class T, class charT> requires is-vector-bool-reference<T> // Since C++23
        -:  298: struct formatter<T, charT>;
        -:  299:
        -:  300:}  // std
        -:  301:
        -:  302:*/
        -:  303:
        -:  304:#include <__algorithm/copy.h>
        -:  305:#include <__algorithm/equal.h>
        -:  306:#include <__algorithm/fill_n.h>
        -:  307:#include <__algorithm/iterator_operations.h>
        -:  308:#include <__algorithm/lexicographical_compare.h>
        -:  309:#include <__algorithm/lexicographical_compare_three_way.h>
        -:  310:#include <__algorithm/remove.h>
        -:  311:#include <__algorithm/remove_if.h>
        -:  312:#include <__algorithm/rotate.h>
        -:  313:#include <__algorithm/unwrap_iter.h>
        -:  314:#include <__assert> // all public C++ headers provide the assertion handler
        -:  315:#include <__availability>
        -:  316:#include <__bit_reference>
        -:  317:#include <__concepts/same_as.h>
        -:  318:#include <__config>
        -:  319:#include <__format/enable_insertable.h>
        -:  320:#include <__format/formatter.h>
        -:  321:#include <__format/formatter_bool.h>
        -:  322:#include <__functional/hash.h>
        -:  323:#include <__functional/unary_function.h>
        -:  324:#include <__iterator/advance.h>
        -:  325:#include <__iterator/distance.h>
        -:  326:#include <__iterator/iterator_traits.h>
        -:  327:#include <__iterator/reverse_iterator.h>
        -:  328:#include <__iterator/wrap_iter.h>
        -:  329:#include <__memory/addressof.h>
        -:  330:#include <__memory/allocate_at_least.h>
        -:  331:#include <__memory/allocator_traits.h>
        -:  332:#include <__memory/pointer_traits.h>
        -:  333:#include <__memory/swap_allocator.h>
        -:  334:#include <__memory/temp_value.h>
        -:  335:#include <__memory/uninitialized_algorithms.h>
        -:  336:#include <__memory_resource/polymorphic_allocator.h>
        -:  337:#include <__ranges/access.h>
        -:  338:#include <__ranges/concepts.h>
        -:  339:#include <__ranges/container_compatible_range.h>
        -:  340:#include <__ranges/from_range.h>
        -:  341:#include <__ranges/size.h>
        -:  342:#include <__split_buffer>
        -:  343:#include <__type_traits/is_allocator.h>
        -:  344:#include <__type_traits/is_constructible.h>
        -:  345:#include <__type_traits/is_nothrow_move_assignable.h>
        -:  346:#include <__type_traits/noexcept_move_assign_container.h>
        -:  347:#include <__type_traits/type_identity.h>
        -:  348:#include <__utility/exception_guard.h>
        -:  349:#include <__utility/forward.h>
        -:  350:#include <__utility/move.h>
        -:  351:#include <__utility/pair.h>
        -:  352:#include <__utility/swap.h>
        -:  353:#include <climits>
        -:  354:#include <cstring>
        -:  355:#include <iosfwd> // for forward declaration of vector
        -:  356:#include <limits>
        -:  357:#include <stdexcept>
        -:  358:#include <version>
        -:  359:
        -:  360:// standard-mandated includes
        -:  361:
        -:  362:// [iterator.range]
        -:  363:#include <__iterator/access.h>
        -:  364:#include <__iterator/data.h>
        -:  365:#include <__iterator/empty.h>
        -:  366:#include <__iterator/reverse_access.h>
        -:  367:#include <__iterator/size.h>
        -:  368:
        -:  369:// [vector.syn]
        -:  370:#include <compare>
        -:  371:#include <initializer_list>
        -:  372:
        -:  373:#if !defined(_LIBCPP_HAS_NO_PRAGMA_SYSTEM_HEADER)
        -:  374:#  pragma GCC system_header
        -:  375:#endif
        -:  376:
        -:  377:_LIBCPP_PUSH_MACROS
        -:  378:#include <__undef_macros>
        -:  379:
        -:  380:_LIBCPP_BEGIN_NAMESPACE_STD
        -:  381:
        -:  382:template <class _Tp, class _Allocator /* = allocator<_Tp> */>
        -:  383:class _LIBCPP_TEMPLATE_VIS vector
        -:  384:{
        -:  385:private:
        -:  386:    typedef allocator<_Tp>                                  __default_allocator_type;
        -:  387:public:
        -:  388:    typedef vector                                          __self;
        -:  389:    typedef _Tp                                             value_type;
        -:  390:    typedef _Allocator                                      allocator_type;
        -:  391:    typedef allocator_traits<allocator_type>                __alloc_traits;
        -:  392:    typedef value_type&                                     reference;
        -:  393:    typedef const value_type&                               const_reference;
        -:  394:    typedef typename __alloc_traits::size_type              size_type;
        -:  395:    typedef typename __alloc_traits::difference_type        difference_type;
        -:  396:    typedef typename __alloc_traits::pointer                pointer;
        -:  397:    typedef typename __alloc_traits::const_pointer          const_pointer;
        -:  398:    // TODO: Implement iterator bounds checking without requiring the global database.
        -:  399:    typedef __wrap_iter<pointer>                            iterator;
        -:  400:    typedef __wrap_iter<const_pointer>                      const_iterator;
        -:  401:    typedef std::reverse_iterator<iterator>               reverse_iterator;
        -:  402:    typedef std::reverse_iterator<const_iterator>         const_reverse_iterator;
        -:  403:
        -:  404:    static_assert((is_same<typename allocator_type::value_type, value_type>::value),
        -:  405:                  "Allocator::value_type must be same type as value_type");
        -:  406:
        -:  407:    static_assert(is_same<allocator_type, __rebind_alloc<__alloc_traits, value_type> >::value,
        -:  408:                  "[allocator.requirements] states that rebinding an allocator to the same type should result in the "
        -:  409:                  "original allocator");
        -:  410:
        -:  411:    _LIBCPP_CONSTEXPR_SINCE_CXX20 _LIBCPP_HIDE_FROM_ABI
        -:  412:    vector() _NOEXCEPT_(is_nothrow_default_constructible<allocator_type>::value)
        -:  413:    {
        -:  414:    }
        -:  415:    _LIBCPP_CONSTEXPR_SINCE_CXX20 _LIBCPP_HIDE_FROM_ABI explicit vector(const allocator_type& __a)
        -:  416:#if _LIBCPP_STD_VER <= 14
        -:  417:        _NOEXCEPT_(is_nothrow_copy_constructible<allocator_type>::value)
        -:  418:#else
        -:  419:        _NOEXCEPT
        -:  420:#endif
        -:  421:        : __end_cap_(nullptr, __a)
        -:  422:    {
        -:  423:    }
        -:  424:    _LIBCPP_CONSTEXPR_SINCE_CXX20 _LIBCPP_HIDE_FROM_ABI explicit vector(size_type __n);
        -:  425:#if _LIBCPP_STD_VER >= 14
        -:  426:    _LIBCPP_CONSTEXPR_SINCE_CXX20 _LIBCPP_HIDE_FROM_ABI explicit vector(size_type __n, const allocator_type& __a);
        -:  427:#endif
        -:  428:    _LIBCPP_CONSTEXPR_SINCE_CXX20 _LIBCPP_HIDE_FROM_ABI vector(size_type __n, const value_type& __x);
        -:  429:
        -:  430:    template <class = __enable_if_t<__is_allocator<_Allocator>::value> >
        -:  431:    _LIBCPP_CONSTEXPR_SINCE_CXX20 _LIBCPP_HIDE_FROM_ABI
        -:  432:    vector(size_type __n, const value_type& __x, const allocator_type& __a)
        -:  433:        : __end_cap_(nullptr, __a)
        -:  434:    {
        -:  435:      if (__n > 0)
        -:  436:      {
        -:  437:          __vallocate(__n);
        -:  438:          __construct_at_end(__n, __x);
        -:  439:      }
        -:  440:    }
        -:  441:
        -:  442:  template <class _InputIterator,
        -:  443:            __enable_if_t<__has_exactly_input_iterator_category<_InputIterator>::value &&
        -:  444:                              is_constructible<value_type, typename iterator_traits<_InputIterator>::reference>::value,
        -:  445:                          int> = 0>
        -:  446:  _LIBCPP_CONSTEXPR_SINCE_CXX20 _LIBCPP_HIDE_FROM_ABI vector(_InputIterator __first, _InputIterator __last);
        -:  447:  template <class _InputIterator,
        -:  448:            __enable_if_t<__has_exactly_input_iterator_category<_InputIterator>::value &&
        -:  449:                              is_constructible<value_type, typename iterator_traits<_InputIterator>::reference>::value,
        -:  450:                          int> = 0>
        -:  451:  _LIBCPP_CONSTEXPR_SINCE_CXX20 _LIBCPP_HIDE_FROM_ABI
        -:  452:  vector(_InputIterator __first, _InputIterator __last, const allocator_type& __a);
        -:  453:
        -:  454:  template <
        -:  455:      class _ForwardIterator,
        -:  456:      __enable_if_t<__has_forward_iterator_category<_ForwardIterator>::value &&
        -:  457:                        is_constructible<value_type, typename iterator_traits<_ForwardIterator>::reference>::value,
        -:  458:                    int> = 0>
        -:  459:  _LIBCPP_CONSTEXPR_SINCE_CXX20 _LIBCPP_HIDE_FROM_ABI vector(_ForwardIterator __first, _ForwardIterator __last);
        -:  460:
        -:  461:  template <class _ForwardIterator,
        -:  462:      __enable_if_t<__has_forward_iterator_category<_ForwardIterator>::value &&
        -:  463:                        is_constructible<value_type, typename iterator_traits<_ForwardIterator>::reference>::value,
        -:  464:                    int> = 0>
        -:  465:  _LIBCPP_CONSTEXPR_SINCE_CXX20 _LIBCPP_HIDE_FROM_ABI
        -:  466:  vector(_ForwardIterator __first, _ForwardIterator __last, const allocator_type& __a);
        -:  467:
        -:  468:#if _LIBCPP_STD_VER >= 23
        -:  469:  template <_ContainerCompatibleRange<_Tp> _Range>
        -:  470:  _LIBCPP_HIDE_FROM_ABI constexpr vector(from_range_t, _Range&& __range,
        -:  471:      const allocator_type& __alloc = allocator_type()) : __end_cap_(nullptr, __alloc) {
        -:  472:    if constexpr (ranges::forward_range<_Range> || ranges::sized_range<_Range>) {
        -:  473:      auto __n = static_cast<size_type>(ranges::distance(__range));
        -:  474:      __init_with_size(ranges::begin(__range), ranges::end(__range), __n);
        -:  475:
        -:  476:    } else {
        -:  477:      __init_with_sentinel(ranges::begin(__range), ranges::end(__range));
        -:  478:    }
        -:  479:  }
        -:  480:#endif
        -:  481:
        -:  482:private:
        -:  483:  class __destroy_vector {
        -:  484:    public:
        -:  485:      _LIBCPP_CONSTEXPR _LIBCPP_HIDE_FROM_ABI __destroy_vector(vector& __vec) : __vec_(__vec) {}
        -:  486:
        -:  487:      _LIBCPP_CONSTEXPR_SINCE_CXX20 _LIBCPP_HIDE_FROM_ABI void operator()() {
        -:  488:          if (__vec_.__begin_ != nullptr) {
        -:  489:            __vec_.__clear();
        -:  490:            __vec_.__annotate_delete();
        -:  491:            __alloc_traits::deallocate(__vec_.__alloc(), __vec_.__begin_, __vec_.capacity());
        -:  492:          }
        -:  493:      }
        -:  494:
        -:  495:    private:
        -:  496:      vector& __vec_;
        -:  497:  };
        -:  498:
        -:  499:public:
        -:  500:  _LIBCPP_CONSTEXPR_SINCE_CXX20 _LIBCPP_HIDE_FROM_ABI ~vector() { __destroy_vector(*this)(); }
        -:  501:
        -:  502:    _LIBCPP_CONSTEXPR_SINCE_CXX20 _LIBCPP_HIDE_FROM_ABI vector(const vector& __x);
        -:  503:    _LIBCPP_CONSTEXPR_SINCE_CXX20 _LIBCPP_HIDE_FROM_ABI vector(const vector& __x, const __type_identity_t<allocator_type>& __a);
        -:  504:    _LIBCPP_CONSTEXPR_SINCE_CXX20 _LIBCPP_HIDE_FROM_ABI
        -:  505:    vector& operator=(const vector& __x);
        -:  506:
        -:  507:#ifndef _LIBCPP_CXX03_LANG
        -:  508:    _LIBCPP_CONSTEXPR_SINCE_CXX20 _LIBCPP_HIDE_FROM_ABI
        -:  509:    vector(initializer_list<value_type> __il);
        -:  510:
        -:  511:    _LIBCPP_CONSTEXPR_SINCE_CXX20 _LIBCPP_HIDE_FROM_ABI
        -:  512:    vector(initializer_list<value_type> __il, const allocator_type& __a);
        -:  513:
        -:  514:    _LIBCPP_CONSTEXPR_SINCE_CXX20 _LIBCPP_HIDE_FROM_ABI
        -:  515:    vector& operator=(initializer_list<value_type> __il)
        -:  516:        {assign(__il.begin(), __il.end()); return *this;}
        -:  517:#endif // !_LIBCPP_CXX03_LANG
        -:  518:
        -:  519:    _LIBCPP_CONSTEXPR_SINCE_CXX20 _LIBCPP_HIDE_FROM_ABI
        -:  520:    vector(vector&& __x)
        -:  521:#if _LIBCPP_STD_VER >= 17
        -:  522:        noexcept;
        -:  523:#else
        -:  524:        _NOEXCEPT_(is_nothrow_move_constructible<allocator_type>::value);
        -:  525:#endif
        -:  526:
        -:  527:    _LIBCPP_CONSTEXPR_SINCE_CXX20 _LIBCPP_HIDE_FROM_ABI
        -:  528:    vector(vector&& __x, const __type_identity_t<allocator_type>& __a);
        -:  529:    _LIBCPP_CONSTEXPR_SINCE_CXX20 _LIBCPP_HIDE_FROM_ABI
        -:  530:    vector& operator=(vector&& __x)
        -:  531:        _NOEXCEPT_((__noexcept_move_assign_container<_Allocator, __alloc_traits>::value));
        -:  532:
        -:  533:  template <class _InputIterator,
        -:  534:            __enable_if_t<__has_exactly_input_iterator_category<_InputIterator>::value &&
        -:  535:                              is_constructible<value_type, typename iterator_traits<_InputIterator>::reference>::value,
        -:  536:                          int> = 0>
        -:  537:  _LIBCPP_CONSTEXPR_SINCE_CXX20 _LIBCPP_HIDE_FROM_ABI void assign(_InputIterator __first, _InputIterator __last);
        -:  538:  template <
        -:  539:      class _ForwardIterator,
        -:  540:      __enable_if_t<__has_forward_iterator_category<_ForwardIterator>::value &&
        -:  541:                        is_constructible<value_type, typename iterator_traits<_ForwardIterator>::reference>::value,
        -:  542:                    int> = 0>
        -:  543:  _LIBCPP_CONSTEXPR_SINCE_CXX20 _LIBCPP_HIDE_FROM_ABI void assign(_ForwardIterator __first, _ForwardIterator __last);
        -:  544:
        -:  545:#if _LIBCPP_STD_VER >= 23
        -:  546:    template <_ContainerCompatibleRange<_Tp> _Range>
        -:  547:    _LIBCPP_HIDE_FROM_ABI
        -:  548:    constexpr void assign_range(_Range&& __range) {
        -:  549:      if constexpr (ranges::forward_range<_Range> || ranges::sized_range<_Range>) {
        -:  550:        auto __n = static_cast<size_type>(ranges::distance(__range));
        -:  551:        __assign_with_size(ranges::begin(__range), ranges::end(__range), __n);
        -:  552:
        -:  553:      } else {
        -:  554:        __assign_with_sentinel(ranges::begin(__range), ranges::end(__range));
        -:  555:      }
        -:  556:    }
        -:  557:#endif
        -:  558:
        -:  559:    _LIBCPP_CONSTEXPR_SINCE_CXX20 _LIBCPP_HIDE_FROM_ABI void assign(size_type __n, const_reference __u);
        -:  560:
        -:  561:#ifndef _LIBCPP_CXX03_LANG
        -:  562:    _LIBCPP_CONSTEXPR_SINCE_CXX20 _LIBCPP_HIDE_FROM_ABI
        -:  563:    void assign(initializer_list<value_type> __il)
        -:  564:        {assign(__il.begin(), __il.end());}
        -:  565:#endif
        -:  566:
        -:  567:    _LIBCPP_CONSTEXPR_SINCE_CXX20 _LIBCPP_HIDE_FROM_ABI
        -:  568:    allocator_type get_allocator() const _NOEXCEPT
        -:  569:        {return this->__alloc();}
        -:  570:
        -:  571:    _LIBCPP_CONSTEXPR_SINCE_CXX20 _LIBCPP_HIDE_FROM_ABI iterator               begin() _NOEXCEPT;
        -:  572:    _LIBCPP_CONSTEXPR_SINCE_CXX20 _LIBCPP_HIDE_FROM_ABI const_iterator         begin()   const _NOEXCEPT;
        -:  573:    _LIBCPP_CONSTEXPR_SINCE_CXX20 _LIBCPP_HIDE_FROM_ABI iterator               end() _NOEXCEPT;
        -:  574:    _LIBCPP_CONSTEXPR_SINCE_CXX20 _LIBCPP_HIDE_FROM_ABI const_iterator         end()     const _NOEXCEPT;
        -:  575:
        -:  576:    _LIBCPP_CONSTEXPR_SINCE_CXX20 _LIBCPP_HIDE_FROM_ABI
        -:  577:    reverse_iterator       rbegin() _NOEXCEPT
        -:  578:        {return       reverse_iterator(end());}
        -:  579:    _LIBCPP_CONSTEXPR_SINCE_CXX20 _LIBCPP_HIDE_FROM_ABI
        -:  580:    const_reverse_iterator rbegin()  const _NOEXCEPT
        -:  581:        {return const_reverse_iterator(end());}
        -:  582:    _LIBCPP_CONSTEXPR_SINCE_CXX20 _LIBCPP_HIDE_FROM_ABI
        -:  583:    reverse_iterator       rend() _NOEXCEPT
        -:  584:        {return       reverse_iterator(begin());}
        -:  585:    _LIBCPP_CONSTEXPR_SINCE_CXX20 _LIBCPP_HIDE_FROM_ABI
        -:  586:    const_reverse_iterator rend()    const _NOEXCEPT
        -:  587:        {return const_reverse_iterator(begin());}
        -:  588:
        -:  589:    _LIBCPP_CONSTEXPR_SINCE_CXX20 _LIBCPP_HIDE_FROM_ABI
        -:  590:    const_iterator         cbegin()  const _NOEXCEPT
        -:  591:        {return begin();}
        -:  592:    _LIBCPP_CONSTEXPR_SINCE_CXX20 _LIBCPP_HIDE_FROM_ABI
        -:  593:    const_iterator         cend()    const _NOEXCEPT
        -:  594:        {return end();}
        -:  595:    _LIBCPP_CONSTEXPR_SINCE_CXX20 _LIBCPP_HIDE_FROM_ABI
        -:  596:    const_reverse_iterator crbegin() const _NOEXCEPT
        -:  597:        {return rbegin();}
        -:  598:    _LIBCPP_CONSTEXPR_SINCE_CXX20 _LIBCPP_HIDE_FROM_ABI
        -:  599:    const_reverse_iterator crend()   const _NOEXCEPT
        -:  600:        {return rend();}
        -:  601:
        -:  602:    _LIBCPP_CONSTEXPR_SINCE_CXX20 _LIBCPP_HIDE_FROM_ABI
function _ZNKSt3__16vectorINS_10unique_ptrI6AnimalNS_14default_deleteIS2_EEEENS_9allocatorIS5_EEE4sizeB8ue170006Ev called 0 returned 0% blocks executed 0%
function _ZNKSt3__16vectorINS_10unique_ptrI9InventoryNS_14default_deleteIS2_EEEENS_9allocatorIS5_EEE4sizeB8ue170006Ev called 0 returned 0% blocks executed 0%
    #####:  603:    size_type size() const _NOEXCEPT
    #####:  604:        {return static_cast<size_type>(this->__end_ - this->__begin_);}
    $$$$$:  604-block  0
    $$$$$:  604-block  1
        -:  605:    _LIBCPP_CONSTEXPR_SINCE_CXX20 _LIBCPP_HIDE_FROM_ABI
function _ZNKSt3__16vectorINS_10unique_ptrI6AnimalNS_14default_deleteIS2_EEEENS_9allocatorIS5_EEE8capacityB8ue170006Ev called 0 returned 0% blocks executed 0%
function _ZNKSt3__16vectorINS_10unique_ptrI9InventoryNS_14default_deleteIS2_EEEENS_9allocatorIS5_EEE8capacityB8ue170006Ev called 0 returned 0% blocks executed 0%
    #####:  606:    size_type capacity() const _NOEXCEPT
    #####:  607:        {return static_cast<size_type>(__end_cap() - this->__begin_);}
    $$$$$:  607-block  0
    $$$$$:  607-block  1
        -:  608:    _LIBCPP_NODISCARD_AFTER_CXX17 _LIBCPP_CONSTEXPR_SINCE_CXX20 _LIBCPP_HIDE_FROM_ABI
        -:  609:    bool empty() const _NOEXCEPT
        -:  610:        {return this->__begin_ == this->__end_;}
        -:  611:    _LIBCPP_CONSTEXPR_SINCE_CXX20 _LIBCPP_HIDE_FROM_ABI size_type max_size() const _NOEXCEPT;
        -:  612:    _LIBCPP_CONSTEXPR_SINCE_CXX20 _LIBCPP_HIDE_FROM_ABI void reserve(size_type __n);
        -:  613:    _LIBCPP_CONSTEXPR_SINCE_CXX20 _LIBCPP_HIDE_FROM_ABI void shrink_to_fit() _NOEXCEPT;
        -:  614:
        -:  615:    _LIBCPP_CONSTEXPR_SINCE_CXX20 _LIBCPP_HIDE_FROM_ABI reference       operator[](size_type __n) _NOEXCEPT;
        -:  616:    _LIBCPP_CONSTEXPR_SINCE_CXX20 _LIBCPP_HIDE_FROM_ABI const_reference operator[](size_type __n) const _NOEXCEPT;
        -:  617:    _LIBCPP_CONSTEXPR_SINCE_CXX20 _LIBCPP_HIDE_FROM_ABI reference       at(size_type __n);
        -:  618:    _LIBCPP_CONSTEXPR_SINCE_CXX20 _LIBCPP_HIDE_FROM_ABI const_reference at(size_type __n) const;
        -:  619:
        -:  620:    _LIBCPP_CONSTEXPR_SINCE_CXX20 _LIBCPP_HIDE_FROM_ABI reference       front() _NOEXCEPT
        -:  621:    {
        -:  622:        _LIBCPP_ASSERT_VALID_ELEMENT_ACCESS(!empty(), "front() called on an empty vector");
        -:  623:        return *this->__begin_;
        -:  624:    }
        -:  625:    _LIBCPP_CONSTEXPR_SINCE_CXX20 _LIBCPP_HIDE_FROM_ABI const_reference front() const _NOEXCEPT
        -:  626:    {
        -:  627:        _LIBCPP_ASSERT_VALID_ELEMENT_ACCESS(!empty(), "front() called on an empty vector");
        -:  628:        return *this->__begin_;
        -:  629:    }
        -:  630:    _LIBCPP_CONSTEXPR_SINCE_CXX20 _LIBCPP_HIDE_FROM_ABI reference       back() _NOEXCEPT
        -:  631:    {
        -:  632:        _LIBCPP_ASSERT_VALID_ELEMENT_ACCESS(!empty(), "back() called on an empty vector");
        -:  633:        return *(this->__end_ - 1);
        -:  634:    }
        -:  635:    _LIBCPP_CONSTEXPR_SINCE_CXX20 _LIBCPP_HIDE_FROM_ABI const_reference back()  const _NOEXCEPT
        -:  636:    {
        -:  637:        _LIBCPP_ASSERT_VALID_ELEMENT_ACCESS(!empty(), "back() called on an empty vector");
        -:  638:        return *(this->__end_ - 1);
        -:  639:    }
        -:  640:
        -:  641:    _LIBCPP_CONSTEXPR_SINCE_CXX20 _LIBCPP_HIDE_FROM_ABI
        -:  642:    value_type*       data() _NOEXCEPT
        -:  643:        {return std::__to_address(this->__begin_);}
        -:  644:
        -:  645:    _LIBCPP_CONSTEXPR_SINCE_CXX20 _LIBCPP_HIDE_FROM_ABI
function _ZNKSt3__16vectorINS_10unique_ptrI6AnimalNS_14default_deleteIS2_EEEENS_9allocatorIS5_EEE4dataB8ue170006Ev called 0 returned 0% blocks executed 0%
function _ZNKSt3__16vectorINS_10unique_ptrI9InventoryNS_14default_deleteIS2_EEEENS_9allocatorIS5_EEE4dataB8ue170006Ev called 0 returned 0% blocks executed 0%
    #####:  646:    const value_type* data() const _NOEXCEPT
    #####:  647:        {return std::__to_address(this->__begin_);}
    $$$$$:  647-block  0
    $$$$$:  647-block  1
        -:  648:
        -:  649:    _LIBCPP_CONSTEXPR_SINCE_CXX20 _LIBCPP_HIDE_FROM_ABI void push_back(const_reference __x);
        -:  650:
        -:  651:    _LIBCPP_CONSTEXPR_SINCE_CXX20 _LIBCPP_HIDE_FROM_ABI void push_back(value_type&& __x);
        -:  652:
        -:  653:    template <class... _Args>
        -:  654:    _LIBCPP_CONSTEXPR_SINCE_CXX20 _LIBCPP_HIDE_FROM_ABI
        -:  655:#if _LIBCPP_STD_VER >= 17
        -:  656:        reference emplace_back(_Args&&... __args);
        -:  657:#else
        -:  658:        void      emplace_back(_Args&&... __args);
        -:  659:#endif
        -:  660:
        -:  661:#if _LIBCPP_STD_VER >= 23
        -:  662:    template <_ContainerCompatibleRange<_Tp> _Range>
        -:  663:    _LIBCPP_HIDE_FROM_ABI
        -:  664:    constexpr void append_range(_Range&& __range) {
        -:  665:      insert_range(end(), std::forward<_Range>(__range));
        -:  666:    }
        -:  667:#endif
        -:  668:
        -:  669:    _LIBCPP_CONSTEXPR_SINCE_CXX20 _LIBCPP_HIDE_FROM_ABI
        -:  670:    void pop_back();
        -:  671:
        -:  672:    _LIBCPP_CONSTEXPR_SINCE_CXX20 _LIBCPP_HIDE_FROM_ABI iterator insert(const_iterator __position, const_reference __x);
        -:  673:
        -:  674:    _LIBCPP_CONSTEXPR_SINCE_CXX20 _LIBCPP_HIDE_FROM_ABI iterator insert(const_iterator __position, value_type&& __x);
        -:  675:    template <class... _Args>
        -:  676:    _LIBCPP_CONSTEXPR_SINCE_CXX20 _LIBCPP_HIDE_FROM_ABI iterator emplace(const_iterator __position, _Args&&... __args);
        -:  677:
        -:  678:    _LIBCPP_CONSTEXPR_SINCE_CXX20 _LIBCPP_HIDE_FROM_ABI
        -:  679:    iterator insert(const_iterator __position, size_type __n, const_reference __x);
        -:  680:
        -:  681:  template <class _InputIterator,
        -:  682:            __enable_if_t<__has_exactly_input_iterator_category<_InputIterator>::value &&
        -:  683:                              is_constructible< value_type, typename iterator_traits<_InputIterator>::reference>::value,
        -:  684:                          int> = 0>
        -:  685:  _LIBCPP_CONSTEXPR_SINCE_CXX20 _LIBCPP_HIDE_FROM_ABI iterator
        -:  686:  insert(const_iterator __position, _InputIterator __first, _InputIterator __last);
        -:  687:
        -:  688:#if _LIBCPP_STD_VER >= 23
        -:  689:    template <_ContainerCompatibleRange<_Tp> _Range>
        -:  690:    _LIBCPP_HIDE_FROM_ABI
        -:  691:    constexpr iterator insert_range(const_iterator __position, _Range&& __range) {
        -:  692:      if constexpr (ranges::forward_range<_Range> || ranges::sized_range<_Range>) {
        -:  693:        auto __n = static_cast<size_type>(ranges::distance(__range));
        -:  694:        return __insert_with_size(__position, ranges::begin(__range), ranges::end(__range), __n);
        -:  695:
        -:  696:      } else {
        -:  697:        return __insert_with_sentinel(__position, ranges::begin(__range), ranges::end(__range));
        -:  698:      }
        -:  699:    }
        -:  700:#endif
        -:  701:
        -:  702:  template <
        -:  703:      class _ForwardIterator,
        -:  704:      __enable_if_t<__has_forward_iterator_category<_ForwardIterator>::value &&
        -:  705:                        is_constructible< value_type, typename iterator_traits<_ForwardIterator>::reference>::value,
        -:  706:                    int> = 0>
        -:  707:  _LIBCPP_CONSTEXPR_SINCE_CXX20 _LIBCPP_HIDE_FROM_ABI iterator
        -:  708:  insert(const_iterator __position, _ForwardIterator __first, _ForwardIterator __last);
        -:  709:
        -:  710:#ifndef _LIBCPP_CXX03_LANG
        -:  711:    _LIBCPP_CONSTEXPR_SINCE_CXX20 _LIBCPP_HIDE_FROM_ABI
        -:  712:    iterator insert(const_iterator __position, initializer_list<value_type> __il)
        -:  713:        {return insert(__position, __il.begin(), __il.end());}
        -:  714:#endif
        -:  715:
        -:  716:    _LIBCPP_CONSTEXPR_SINCE_CXX20 _LIBCPP_HIDE_FROM_ABI iterator erase(const_iterator __position);
        -:  717:    _LIBCPP_CONSTEXPR_SINCE_CXX20 _LIBCPP_HIDE_FROM_ABI iterator erase(const_iterator __first, const_iterator __last);
        -:  718:
        -:  719:    _LIBCPP_CONSTEXPR_SINCE_CXX20 _LIBCPP_HIDE_FROM_ABI
        -:  720:    void clear() _NOEXCEPT
        -:  721:    {
        -:  722:        size_type __old_size = size();
        -:  723:        __clear();
        -:  724:        __annotate_shrink(__old_size);
        -:  725:    }
        -:  726:
        -:  727:    _LIBCPP_CONSTEXPR_SINCE_CXX20 _LIBCPP_HIDE_FROM_ABI void resize(size_type __sz);
        -:  728:    _LIBCPP_CONSTEXPR_SINCE_CXX20 _LIBCPP_HIDE_FROM_ABI void resize(size_type __sz, const_reference __x);
        -:  729:
        -:  730:    _LIBCPP_CONSTEXPR_SINCE_CXX20 _LIBCPP_HIDE_FROM_ABI void swap(vector&)
        -:  731:#if _LIBCPP_STD_VER >= 14
        -:  732:        _NOEXCEPT;
        -:  733:#else
        -:  734:        _NOEXCEPT_(!__alloc_traits::propagate_on_container_swap::value ||
        -:  735:                    __is_nothrow_swappable<allocator_type>::value);
        -:  736:#endif
        -:  737:
        -:  738:    _LIBCPP_CONSTEXPR_SINCE_CXX20 _LIBCPP_HIDE_FROM_ABI bool __invariants() const;
        -:  739:
        -:  740:private:
        -:  741:    pointer __begin_ = nullptr;
        -:  742:    pointer __end_ = nullptr;
        -:  743:    __compressed_pair<pointer, allocator_type> __end_cap_ =
        -:  744:        __compressed_pair<pointer, allocator_type>(nullptr, __default_init_tag());
        -:  745:
        -:  746:    //  Allocate space for __n objects
        -:  747:    //  throws length_error if __n > max_size()
        -:  748:    //  throws (probably bad_alloc) if memory run out
        -:  749:    //  Precondition:  __begin_ == __end_ == __end_cap() == 0
        -:  750:    //  Precondition:  __n > 0
        -:  751:    //  Postcondition:  capacity() >= __n
        -:  752:    //  Postcondition:  size() == 0
        -:  753:    _LIBCPP_CONSTEXPR_SINCE_CXX20 _LIBCPP_HIDE_FROM_ABI void __vallocate(size_type __n) {
        -:  754:        if (__n > max_size())
        -:  755:            __throw_length_error();
        -:  756:        auto __allocation = std::__allocate_at_least(__alloc(), __n);
        -:  757:        __begin_ = __allocation.ptr;
        -:  758:        __end_ = __allocation.ptr;
        -:  759:        __end_cap() = __begin_ + __allocation.count;
        -:  760:        __annotate_new(0);
        -:  761:    }
        -:  762:
        -:  763:    _LIBCPP_CONSTEXPR_SINCE_CXX20 _LIBCPP_HIDE_FROM_ABI void __vdeallocate() _NOEXCEPT;
        -:  764:    _LIBCPP_CONSTEXPR_SINCE_CXX20 _LIBCPP_HIDE_FROM_ABI size_type __recommend(size_type __new_size) const;
        -:  765:    _LIBCPP_CONSTEXPR_SINCE_CXX20 _LIBCPP_HIDE_FROM_ABI void __construct_at_end(size_type __n);
        -:  766:    _LIBCPP_CONSTEXPR_SINCE_CXX20 _LIBCPP_HIDE_FROM_ABI
        -:  767:    void __construct_at_end(size_type __n, const_reference __x);
        -:  768:
        -:  769:    template <class _InputIterator, class _Sentinel>
        -:  770:    _LIBCPP_CONSTEXPR_SINCE_CXX20 _LIBCPP_HIDE_FROM_ABI
        -:  771:    void __init_with_size(_InputIterator __first, _Sentinel __last, size_type __n) {
        -:  772:      auto __guard = std::__make_exception_guard(__destroy_vector(*this));
        -:  773:
        -:  774:      if (__n > 0) {
        -:  775:        __vallocate(__n);
        -:  776:        __construct_at_end(__first, __last, __n);
        -:  777:      }
        -:  778:
        -:  779:      __guard.__complete();
        -:  780:    }
        -:  781:
        -:  782:    template <class _InputIterator, class _Sentinel>
        -:  783:    _LIBCPP_CONSTEXPR_SINCE_CXX20 _LIBCPP_HIDE_FROM_ABI
        -:  784:    void __init_with_sentinel(_InputIterator __first, _Sentinel __last) {
        -:  785:      auto __guard = std::__make_exception_guard(__destroy_vector(*this));
        -:  786:
        -:  787:      for (; __first != __last; ++__first)
        -:  788:        emplace_back(*__first);
        -:  789:
        -:  790:      __guard.__complete();
        -:  791:    }
        -:  792:
        -:  793:    template <class _Iterator, class _Sentinel>
        -:  794:    _LIBCPP_CONSTEXPR_SINCE_CXX20 _LIBCPP_HIDE_FROM_ABI
        -:  795:    void __assign_with_sentinel(_Iterator __first, _Sentinel __last);
        -:  796:
        -:  797:    template <class _ForwardIterator, class _Sentinel>
        -:  798:    _LIBCPP_CONSTEXPR_SINCE_CXX20 _LIBCPP_HIDE_FROM_ABI
        -:  799:    void __assign_with_size(_ForwardIterator __first, _Sentinel __last, difference_type __n);
        -:  800:
        -:  801:    template <class _InputIterator, class _Sentinel>
        -:  802:    _LIBCPP_CONSTEXPR_SINCE_CXX20 _LIBCPP_HIDE_FROM_ABI
        -:  803:    iterator __insert_with_sentinel(const_iterator __position, _InputIterator __first, _Sentinel __last);
        -:  804:
        -:  805:    template <class _Iterator, class _Sentinel>
        -:  806:    _LIBCPP_CONSTEXPR_SINCE_CXX20 _LIBCPP_HIDE_FROM_ABI
        -:  807:    iterator __insert_with_size(const_iterator __position, _Iterator __first, _Sentinel __last, difference_type __n);
        -:  808:
        -:  809:    template <class _InputIterator, class _Sentinel>
        -:  810:    _LIBCPP_CONSTEXPR_SINCE_CXX20 _LIBCPP_HIDE_FROM_ABI
        -:  811:    void __construct_at_end(_InputIterator __first, _Sentinel __last, size_type __n);
        -:  812:
        -:  813:    _LIBCPP_CONSTEXPR_SINCE_CXX20 _LIBCPP_HIDE_FROM_ABI void __append(size_type __n);
        -:  814:    _LIBCPP_CONSTEXPR_SINCE_CXX20 _LIBCPP_HIDE_FROM_ABI void __append(size_type __n, const_reference __x);
        -:  815:    _LIBCPP_CONSTEXPR_SINCE_CXX20 _LIBCPP_HIDE_FROM_ABI
function _ZNSt3__16vectorINS_10unique_ptrI6AnimalNS_14default_deleteIS2_EEEENS_9allocatorIS5_EEE11__make_iterB8ue170006EPS5_ called 0 returned 0% blocks executed 0%
    #####:  816:    iterator       __make_iter(pointer __p) _NOEXCEPT { return iterator(__p); }
    $$$$$:  816-block  0
        -:  817:    _LIBCPP_CONSTEXPR_SINCE_CXX20 _LIBCPP_HIDE_FROM_ABI
        -:  818:    const_iterator __make_iter(const_pointer __p) const _NOEXCEPT { return const_iterator(__p); }
        -:  819:    _LIBCPP_CONSTEXPR_SINCE_CXX20 _LIBCPP_HIDE_FROM_ABI void __swap_out_circular_buffer(__split_buffer<value_type, allocator_type&>& __v);
        -:  820:    _LIBCPP_CONSTEXPR_SINCE_CXX20 _LIBCPP_HIDE_FROM_ABI pointer __swap_out_circular_buffer(__split_buffer<value_type, allocator_type&>& __v, pointer __p);
        -:  821:    _LIBCPP_CONSTEXPR_SINCE_CXX20 _LIBCPP_HIDE_FROM_ABI void __move_range(pointer __from_s, pointer __from_e, pointer __to);
        -:  822:    _LIBCPP_CONSTEXPR_SINCE_CXX20 _LIBCPP_HIDE_FROM_ABI void __move_assign(vector& __c, true_type)
        -:  823:        _NOEXCEPT_(is_nothrow_move_assignable<allocator_type>::value);
        -:  824:    _LIBCPP_CONSTEXPR_SINCE_CXX20 _LIBCPP_HIDE_FROM_ABI void __move_assign(vector& __c, false_type)
        -:  825:        _NOEXCEPT_(__alloc_traits::is_always_equal::value);
        -:  826:    _LIBCPP_CONSTEXPR_SINCE_CXX20 _LIBCPP_HIDE_FROM_ABI
        -:  827:    void __destruct_at_end(pointer __new_last) _NOEXCEPT
        -:  828:    {
        -:  829:        size_type __old_size = size();
        -:  830:        __base_destruct_at_end(__new_last);
        -:  831:        __annotate_shrink(__old_size);
        -:  832:    }
        -:  833:
        -:  834:    template <class _Up>
        -:  835:    _LIBCPP_CONSTEXPR_SINCE_CXX20 _LIBCPP_HIDE_FROM_ABI
        -:  836:    inline void __push_back_slow_path(_Up&& __x);
        -:  837:
        -:  838:    template <class... _Args>
        -:  839:    _LIBCPP_CONSTEXPR_SINCE_CXX20 _LIBCPP_HIDE_FROM_ABI
        -:  840:    inline void __emplace_back_slow_path(_Args&&... __args);
        -:  841:
        -:  842:    // The following functions are no-ops outside of AddressSanitizer mode.
        -:  843:    // We call annotations for every allocator, unless explicitly disabled.
        -:  844:    //
        -:  845:    // To disable annotations for a particular allocator, change value of
        -:  846:    // __asan_annotate_container_with_allocator to false.
        -:  847:    // For more details, see the "Using libc++" documentation page or
        -:  848:    // the documentation for __sanitizer_annotate_contiguous_container.
        -:  849:#ifndef _LIBCPP_HAS_NO_ASAN
        -:  850:    _LIBCPP_CONSTEXPR_SINCE_CXX20
        -:  851:    void __annotate_contiguous_container(const void *__beg, const void *__end,
        -:  852:                                         const void *__old_mid,
        -:  853:                                         const void *__new_mid) const
        -:  854:    {
        -:  855:      if (!__libcpp_is_constant_evaluated() && __beg != nullptr && __asan_annotate_container_with_allocator<_Allocator>::value)
        -:  856:        __sanitizer_annotate_contiguous_container(__beg, __end, __old_mid, __new_mid);
        -:  857:    }
        -:  858:#else
        -:  859:    _LIBCPP_CONSTEXPR_SINCE_CXX20 _LIBCPP_HIDE_FROM_ABI
function _ZNKSt3__16vectorINS_10unique_ptrI6AnimalNS_14default_deleteIS2_EEEENS_9allocatorIS5_EEE31__annotate_contiguous_containerB8ue170006EPKvSA_SA_SA_ called 0 returned 0% blocks executed 0%
function _ZNKSt3__16vectorINS_10unique_ptrI9InventoryNS_14default_deleteIS2_EEEENS_9allocatorIS5_EEE31__annotate_contiguous_containerB8ue170006EPKvSA_SA_SA_ called 0 returned 0% blocks executed 0%
    #####:  860:    void __annotate_contiguous_container(const void*, const void*, const void*,
    #####:  861:                                         const void*) const _NOEXCEPT {}
    $$$$$:  861-block  0
    $$$$$:  861-block  1
        -:  862:#endif
        -:  863:    _LIBCPP_CONSTEXPR_SINCE_CXX20 _LIBCPP_HIDE_FROM_ABI
function _ZNKSt3__16vectorINS_10unique_ptrI6AnimalNS_14default_deleteIS2_EEEENS_9allocatorIS5_EEE14__annotate_newB8ue170006Em called 0 returned 0% blocks executed 0%
function _ZNKSt3__16vectorINS_10unique_ptrI9InventoryNS_14default_deleteIS2_EEEENS_9allocatorIS5_EEE14__annotate_newB8ue170006Em called 0 returned 0% blocks executed 0%
    #####:  864:    void __annotate_new(size_type __current_size) const _NOEXCEPT {
    #####:  865:      __annotate_contiguous_container(data(), data() + capacity(),
    #####:  866:                                      data() + capacity(), data() + __current_size);
    #####:  867:    }
    $$$$$:  867-block  0
    $$$$$:  867-block  1
        -:  868:
        -:  869:    _LIBCPP_CONSTEXPR_SINCE_CXX20 _LIBCPP_HIDE_FROM_ABI
function _ZNKSt3__16vectorINS_10unique_ptrI6AnimalNS_14default_deleteIS2_EEEENS_9allocatorIS5_EEE17__annotate_deleteB8ue170006Ev called 0 returned 0% blocks executed 0%
function _ZNKSt3__16vectorINS_10unique_ptrI9InventoryNS_14default_deleteIS2_EEEENS_9allocatorIS5_EEE17__annotate_deleteB8ue170006Ev called 0 returned 0% blocks executed 0%
    #####:  870:    void __annotate_delete() const _NOEXCEPT {
    #####:  871:      __annotate_contiguous_container(data(), data() + capacity(),
    #####:  872:                                      data() + size(), data() + capacity());
    #####:  873:    }
    $$$$$:  873-block  0
    $$$$$:  873-block  1
        -:  874:
        -:  875:    _LIBCPP_CONSTEXPR_SINCE_CXX20 _LIBCPP_HIDE_FROM_ABI
        -:  876:    void __annotate_increase(size_type __n) const _NOEXCEPT
        -:  877:    {
        -:  878:      __annotate_contiguous_container(data(), data() + capacity(),
        -:  879:                                      data() + size(), data() + size() + __n);
        -:  880:    }
        -:  881:
        -:  882:    _LIBCPP_CONSTEXPR_SINCE_CXX20 _LIBCPP_HIDE_FROM_ABI
        -:  883:    void __annotate_shrink(size_type __old_size) const _NOEXCEPT
        -:  884:    {
        -:  885:      __annotate_contiguous_container(data(), data() + capacity(),
        -:  886:                                      data() + __old_size, data() + size());
        -:  887:    }
        -:  888:
        -:  889:  struct _ConstructTransaction {
        -:  890:    _LIBCPP_CONSTEXPR_SINCE_CXX20 _LIBCPP_HIDE_FROM_ABI
function _ZNSt3__16vectorINS_10unique_ptrI6AnimalNS_14default_deleteIS2_EEEENS_9allocatorIS5_EEE21_ConstructTransactionC1B8ue170006ERS8_m called 0 returned 0% blocks executed 0%
function _ZNSt3__16vectorINS_10unique_ptrI6AnimalNS_14default_deleteIS2_EEEENS_9allocatorIS5_EEE21_ConstructTransactionC2B8ue170006ERS8_m called 0 returned 0% blocks executed 0%
function _ZNSt3__16vectorINS_10unique_ptrI9InventoryNS_14default_deleteIS2_EEEENS_9allocatorIS5_EEE21_ConstructTransactionC1B8ue170006ERS8_m called 0 returned 0% blocks executed 0%
function _ZNSt3__16vectorINS_10unique_ptrI9InventoryNS_14default_deleteIS2_EEEENS_9allocatorIS5_EEE21_ConstructTransactionC2B8ue170006ERS8_m called 0 returned 0% blocks executed 0%
    #####:  891:    explicit _ConstructTransaction(vector &__v, size_type __n)
    #####:  892:      : __v_(__v), __pos_(__v.__end_), __new_end_(__v.__end_ + __n) {
        -:  893:#ifndef _LIBCPP_HAS_NO_ASAN
        -:  894:      __v_.__annotate_increase(__n);
        -:  895:#endif
    #####:  896:    }
    $$$$$:  896-block  0
    $$$$$:  896-block  1
    $$$$$:  896-block  2
    $$$$$:  896-block  3
function _ZNSt3__16vectorINS_10unique_ptrI6AnimalNS_14default_deleteIS2_EEEENS_9allocatorIS5_EEE21_ConstructTransactionD1B8ue170006Ev called 0 returned 0% blocks executed 0%
function _ZNSt3__16vectorINS_10unique_ptrI6AnimalNS_14default_deleteIS2_EEEENS_9allocatorIS5_EEE21_ConstructTransactionD2B8ue170006Ev called 0 returned 0% blocks executed 0%
function _ZNSt3__16vectorINS_10unique_ptrI9InventoryNS_14default_deleteIS2_EEEENS_9allocatorIS5_EEE21_ConstructTransactionD1B8ue170006Ev called 0 returned 0% blocks executed 0%
function _ZNSt3__16vectorINS_10unique_ptrI9InventoryNS_14default_deleteIS2_EEEENS_9allocatorIS5_EEE21_ConstructTransactionD2B8ue170006Ev called 0 returned 0% blocks executed 0%
    #####:  897:    _LIBCPP_CONSTEXPR_SINCE_CXX20 _LIBCPP_HIDE_FROM_ABI ~_ConstructTransaction() {
    #####:  898:      __v_.__end_ = __pos_;
        -:  899:#ifndef _LIBCPP_HAS_NO_ASAN
        -:  900:      if (__pos_ != __new_end_) {
        -:  901:        __v_.__annotate_shrink(__new_end_ - __v_.__begin_);
        -:  902:      }
        -:  903:#endif
    #####:  904:    }
    $$$$$:  904-block  0
    $$$$$:  904-block  1
    $$$$$:  904-block  2
    $$$$$:  904-block  3
        -:  905:
        -:  906:    vector &__v_;
        -:  907:    pointer __pos_;
        -:  908:    const_pointer const __new_end_;
        -:  909:
        -:  910:  private:
        -:  911:    _ConstructTransaction(_ConstructTransaction const&) = delete;
        -:  912:    _ConstructTransaction& operator=(_ConstructTransaction const&) = delete;
        -:  913:  };
        -:  914:
        -:  915:  template <class ..._Args>
        -:  916:  _LIBCPP_CONSTEXPR_SINCE_CXX20 _LIBCPP_HIDE_FROM_ABI
function _ZNSt3__16vectorINS_10unique_ptrI6AnimalNS_14default_deleteIS2_EEEENS_9allocatorIS5_EEE22__construct_one_at_endB8ue170006IJS5_EEEvDpOT_ called 0 returned 0% blocks executed 0%
function _ZNSt3__16vectorINS_10unique_ptrI9InventoryNS_14default_deleteIS2_EEEENS_9allocatorIS5_EEE22__construct_one_at_endB8ue170006IJS5_EEEvDpOT_ called 0 returned 0% blocks executed 0%
    #####:  917:  void __construct_one_at_end(_Args&& ...__args) {
    #####:  918:    _ConstructTransaction __tx(*this, 1);
    #####:  919:    __alloc_traits::construct(this->__alloc(), std::__to_address(__tx.__pos_),
    $$$$$:  919-block  0
branch  0 never executed
branch  1 never executed
    $$$$$:  919-block  1
branch  2 never executed
branch  3 never executed
    $$$$$:  919-block  2
branch  4 never executed
branch  5 never executed
    $$$$$:  919-block  3
branch  6 never executed
branch  7 never executed
    #####:  920:        std::forward<_Args>(__args)...);
    #####:  921:    ++__tx.__pos_;
    #####:  922:  }
    $$$$$:  922-block  0
    $$$$$:  922-block  1
    $$$$$:  922-block  2
    $$$$$:  922-block  3
    $$$$$:  922-block  4
    $$$$$:  922-block  5
        -:  923:
        -:  924:  _LIBCPP_CONSTEXPR_SINCE_CXX20 _LIBCPP_HIDE_FROM_ABI
function _ZNSt3__16vectorINS_10unique_ptrI6AnimalNS_14default_deleteIS2_EEEENS_9allocatorIS5_EEE7__allocB8ue170006Ev called 0 returned 0% blocks executed 0%
function _ZNSt3__16vectorINS_10unique_ptrI9InventoryNS_14default_deleteIS2_EEEENS_9allocatorIS5_EEE7__allocB8ue170006Ev called 0 returned 0% blocks executed 0%
    #####:  925:  allocator_type& __alloc() _NOEXCEPT
    #####:  926:      {return this->__end_cap_.second();}
    $$$$$:  926-block  0
    $$$$$:  926-block  1
        -:  927:  _LIBCPP_CONSTEXPR_SINCE_CXX20 _LIBCPP_HIDE_FROM_ABI
function _ZNKSt3__16vectorINS_10unique_ptrI6AnimalNS_14default_deleteIS2_EEEENS_9allocatorIS5_EEE7__allocB8ue170006Ev called 0 returned 0% blocks executed 0%
function _ZNKSt3__16vectorINS_10unique_ptrI9InventoryNS_14default_deleteIS2_EEEENS_9allocatorIS5_EEE7__allocB8ue170006Ev called 0 returned 0% blocks executed 0%
    #####:  928:  const allocator_type& __alloc() const _NOEXCEPT
    #####:  929:      {return this->__end_cap_.second();}
    $$$$$:  929-block  0
    $$$$$:  929-block  1
        -:  930:  _LIBCPP_CONSTEXPR_SINCE_CXX20 _LIBCPP_HIDE_FROM_ABI
function _ZNSt3__16vectorINS_10unique_ptrI6AnimalNS_14default_deleteIS2_EEEENS_9allocatorIS5_EEE9__end_capB8ue170006Ev called 0 returned 0% blocks executed 0%
function _ZNSt3__16vectorINS_10unique_ptrI9InventoryNS_14default_deleteIS2_EEEENS_9allocatorIS5_EEE9__end_capB8ue170006Ev called 0 returned 0% blocks executed 0%
    #####:  931:  pointer& __end_cap() _NOEXCEPT
    #####:  932:      {return this->__end_cap_.first();}
    $$$$$:  932-block  0
    $$$$$:  932-block  1
        -:  933:  _LIBCPP_CONSTEXPR_SINCE_CXX20 _LIBCPP_HIDE_FROM_ABI
function _ZNKSt3__16vectorINS_10unique_ptrI6AnimalNS_14default_deleteIS2_EEEENS_9allocatorIS5_EEE9__end_capB8ue170006Ev called 0 returned 0% blocks executed 0%
function _ZNKSt3__16vectorINS_10unique_ptrI9InventoryNS_14default_deleteIS2_EEEENS_9allocatorIS5_EEE9__end_capB8ue170006Ev called 0 returned 0% blocks executed 0%
    #####:  934:  const pointer& __end_cap() const _NOEXCEPT
    #####:  935:      {return this->__end_cap_.first();}
    $$$$$:  935-block  0
    $$$$$:  935-block  1
        -:  936:
        -:  937:  _LIBCPP_CONSTEXPR_SINCE_CXX20 _LIBCPP_HIDE_FROM_ABI
        -:  938:  void __clear() _NOEXCEPT {__base_destruct_at_end(this->__begin_);}
        -:  939:
        -:  940:  _LIBCPP_CONSTEXPR_SINCE_CXX20 _LIBCPP_HIDE_FROM_ABI
        -:  941:  void __base_destruct_at_end(pointer __new_last) _NOEXCEPT {
        -:  942:    pointer __soon_to_be_end = this->__end_;
        -:  943:    while (__new_last != __soon_to_be_end)
        -:  944:        __alloc_traits::destroy(__alloc(), std::__to_address(--__soon_to_be_end));
        -:  945:    this->__end_ = __new_last;
        -:  946:  }
        -:  947:
        -:  948:  _LIBCPP_CONSTEXPR_SINCE_CXX20 _LIBCPP_HIDE_FROM_ABI
        -:  949:  void __copy_assign_alloc(const vector& __c)
        -:  950:      {__copy_assign_alloc(__c, integral_constant<bool,
        -:  951:                    __alloc_traits::propagate_on_container_copy_assignment::value>());}
        -:  952:
        -:  953:  _LIBCPP_CONSTEXPR_SINCE_CXX20 _LIBCPP_HIDE_FROM_ABI
        -:  954:  void __move_assign_alloc(vector& __c)
        -:  955:      _NOEXCEPT_(
        -:  956:          !__alloc_traits::propagate_on_container_move_assignment::value ||
        -:  957:          is_nothrow_move_assignable<allocator_type>::value)
        -:  958:      {__move_assign_alloc(__c, integral_constant<bool,
        -:  959:                    __alloc_traits::propagate_on_container_move_assignment::value>());}
        -:  960:
        -:  961:  _LIBCPP_NORETURN _LIBCPP_HIDE_FROM_ABI
function _ZNKSt3__16vectorINS_10unique_ptrI6AnimalNS_14default_deleteIS2_EEEENS_9allocatorIS5_EEE20__throw_length_errorB8ue170006Ev called 0 returned 0% blocks executed 0%
function _ZNKSt3__16vectorINS_10unique_ptrI9InventoryNS_14default_deleteIS2_EEEENS_9allocatorIS5_EEE20__throw_length_errorB8ue170006Ev called 0 returned 0% blocks executed 0%
    #####:  962:  void __throw_length_error() const {
    #####:  963:      std::__throw_length_error("vector");
    $$$$$:  963-block  0
    $$$$$:  963-block  1
        -:  964:  }
        -:  965:
        -:  966:  _LIBCPP_NORETURN _LIBCPP_HIDE_FROM_ABI
        -:  967:  void __throw_out_of_range() const {
        -:  968:      std::__throw_out_of_range("vector");
        -:  969:  }
        -:  970:
        -:  971:  _LIBCPP_CONSTEXPR_SINCE_CXX20 _LIBCPP_HIDE_FROM_ABI
        -:  972:  void __copy_assign_alloc(const vector& __c, true_type)
        -:  973:  {
        -:  974:    if (__alloc() != __c.__alloc())
        -:  975:    {
        -:  976:      __clear();
        -:  977:      __annotate_delete();
        -:  978:      __alloc_traits::deallocate(__alloc(), this->__begin_, capacity());
        -:  979:      this->__begin_ = this->__end_ = __end_cap() = nullptr;
        -:  980:    }
        -:  981:    __alloc() = __c.__alloc();
        -:  982:  }
        -:  983:
        -:  984:  _LIBCPP_CONSTEXPR_SINCE_CXX20 _LIBCPP_HIDE_FROM_ABI
        -:  985:  void __copy_assign_alloc(const vector&, false_type)
        -:  986:  {}
        -:  987:
        -:  988:  _LIBCPP_CONSTEXPR_SINCE_CXX20 _LIBCPP_HIDE_FROM_ABI
        -:  989:  void __move_assign_alloc(vector& __c, true_type)
        -:  990:      _NOEXCEPT_(is_nothrow_move_assignable<allocator_type>::value)
        -:  991:  {
        -:  992:    __alloc() = std::move(__c.__alloc());
        -:  993:  }
        -:  994:
        -:  995:  _LIBCPP_CONSTEXPR_SINCE_CXX20 _LIBCPP_HIDE_FROM_ABI
        -:  996:  void __move_assign_alloc(vector&, false_type)
        -:  997:      _NOEXCEPT
        -:  998:  {}
        -:  999:};
        -: 1000:
        -: 1001:#if _LIBCPP_STD_VER >= 17
        -: 1002:template<class _InputIterator,
        -: 1003:         class _Alloc = allocator<__iter_value_type<_InputIterator>>,
        -: 1004:         class = enable_if_t<__has_input_iterator_category<_InputIterator>::value>,
        -: 1005:         class = enable_if_t<__is_allocator<_Alloc>::value>
        -: 1006:         >
        -: 1007:vector(_InputIterator, _InputIterator)
        -: 1008:  -> vector<__iter_value_type<_InputIterator>, _Alloc>;
        -: 1009:
        -: 1010:template<class _InputIterator,
        -: 1011:         class _Alloc,
        -: 1012:         class = enable_if_t<__has_input_iterator_category<_InputIterator>::value>,
        -: 1013:         class = enable_if_t<__is_allocator<_Alloc>::value>
        -: 1014:         >
        -: 1015:vector(_InputIterator, _InputIterator, _Alloc)
        -: 1016:  -> vector<__iter_value_type<_InputIterator>, _Alloc>;
        -: 1017:#endif
        -: 1018:
        -: 1019:#if _LIBCPP_STD_VER >= 23
        -: 1020:template <ranges::input_range _Range,
        -: 1021:          class _Alloc = allocator<ranges::range_value_t<_Range>>,
        -: 1022:          class = enable_if_t<__is_allocator<_Alloc>::value>
        -: 1023:          >
        -: 1024:vector(from_range_t, _Range&&, _Alloc = _Alloc())
        -: 1025:  -> vector<ranges::range_value_t<_Range>, _Alloc>;
        -: 1026:#endif
        -: 1027:
        -: 1028:template <class _Tp, class _Allocator>
        -: 1029:_LIBCPP_CONSTEXPR_SINCE_CXX20
        -: 1030:void
function _ZNSt3__16vectorINS_10unique_ptrI6AnimalNS_14default_deleteIS2_EEEENS_9allocatorIS5_EEE26__swap_out_circular_bufferERNS_14__split_bufferIS5_RS7_EE called 0 returned 0% blocks executed 0%
function _ZNSt3__16vectorINS_10unique_ptrI9InventoryNS_14default_deleteIS2_EEEENS_9allocatorIS5_EEE26__swap_out_circular_bufferERNS_14__split_bufferIS5_RS7_EE called 0 returned 0% blocks executed 0%
    #####: 1031:vector<_Tp, _Allocator>::__swap_out_circular_buffer(__split_buffer<value_type, allocator_type&>& __v)
        -: 1032:{
    #####: 1033:    __annotate_delete();
        -: 1034:    using _RevIter = std::reverse_iterator<pointer>;
    #####: 1035:    __v.__begin_   = std::__uninitialized_allocator_move_if_noexcept(
    #####: 1036:                       __alloc(), _RevIter(__end_), _RevIter(__begin_), _RevIter(__v.__begin_))
    #####: 1037:                       .base();
    #####: 1038:    std::swap(this->__begin_, __v.__begin_);
    #####: 1039:    std::swap(this->__end_, __v.__end_);
    #####: 1040:    std::swap(this->__end_cap(), __v.__end_cap());
    #####: 1041:    __v.__first_ = __v.__begin_;
    #####: 1042:    __annotate_new(size());
    #####: 1043:}
    $$$$$: 1043-block  0
    $$$$$: 1043-block  1
        -: 1044:
        -: 1045:template <class _Tp, class _Allocator>
        -: 1046:_LIBCPP_CONSTEXPR_SINCE_CXX20
        -: 1047:typename vector<_Tp, _Allocator>::pointer
        -: 1048:vector<_Tp, _Allocator>::__swap_out_circular_buffer(__split_buffer<value_type, allocator_type&>& __v, pointer __p)
        -: 1049:{
        -: 1050:    __annotate_delete();
        -: 1051:    pointer __r = __v.__begin_;
        -: 1052:    using _RevIter = std::reverse_iterator<pointer>;
        -: 1053:    __v.__begin_   = std::__uninitialized_allocator_move_if_noexcept(
        -: 1054:                       __alloc(), _RevIter(__p), _RevIter(__begin_), _RevIter(__v.__begin_))
        -: 1055:                       .base();
        -: 1056:    __v.__end_ = std::__uninitialized_allocator_move_if_noexcept(__alloc(), __p, __end_, __v.__end_);
        -: 1057:    std::swap(this->__begin_, __v.__begin_);
        -: 1058:    std::swap(this->__end_, __v.__end_);
        -: 1059:    std::swap(this->__end_cap(), __v.__end_cap());
        -: 1060:    __v.__first_ = __v.__begin_;
        -: 1061:    __annotate_new(size());
        -: 1062:    return __r;
        -: 1063:}
        -: 1064:
        -: 1065:template <class _Tp, class _Allocator>
        -: 1066:_LIBCPP_CONSTEXPR_SINCE_CXX20
        -: 1067:void
        -: 1068:vector<_Tp, _Allocator>::__vdeallocate() _NOEXCEPT
        -: 1069:{
        -: 1070:    if (this->__begin_ != nullptr)
        -: 1071:    {
        -: 1072:        clear();
        -: 1073:        __annotate_delete();
        -: 1074:        __alloc_traits::deallocate(this->__alloc(), this->__begin_, capacity());
        -: 1075:        this->__begin_ = this->__end_ = this->__end_cap() = nullptr;
        -: 1076:    }
        -: 1077:}
        -: 1078:
        -: 1079:template <class _Tp, class _Allocator>
        -: 1080:_LIBCPP_CONSTEXPR_SINCE_CXX20
        -: 1081:typename vector<_Tp, _Allocator>::size_type
function _ZNKSt3__16vectorINS_10unique_ptrI6AnimalNS_14default_deleteIS2_EEEENS_9allocatorIS5_EEE8max_sizeEv called 0 returned 0% blocks executed 0%
function _ZNKSt3__16vectorINS_10unique_ptrI9InventoryNS_14default_deleteIS2_EEEENS_9allocatorIS5_EEE8max_sizeEv called 0 returned 0% blocks executed 0%
    #####: 1082:vector<_Tp, _Allocator>::max_size() const _NOEXCEPT
        -: 1083:{
    #####: 1084:    return std::min<size_type>(__alloc_traits::max_size(this->__alloc()),
    $$$$$: 1084-block  0
branch  0 never executed
branch  1 never executed
    $$$$$: 1084-block  1
branch  2 never executed
branch  3 never executed
    $$$$$: 1084-block  2
    $$$$$: 1084-block  3
    $$$$$: 1084-block  4
branch  4 never executed
branch  5 never executed
    $$$$$: 1084-block  5
branch  6 never executed
branch  7 never executed
    $$$$$: 1084-block  6
    $$$$$: 1084-block  7
    #####: 1085:                                 numeric_limits<difference_type>::max());
        -: 1086:}
        -: 1087:
        -: 1088://  Precondition:  __new_size > capacity()
        -: 1089:template <class _Tp, class _Allocator>
        -: 1090:_LIBCPP_CONSTEXPR_SINCE_CXX20
        -: 1091:inline _LIBCPP_HIDE_FROM_ABI
        -: 1092:typename vector<_Tp, _Allocator>::size_type
function _ZNKSt3__16vectorINS_10unique_ptrI6AnimalNS_14default_deleteIS2_EEEENS_9allocatorIS5_EEE11__recommendB8ue170006Em called 0 returned 0% blocks executed 0%
function _ZNKSt3__16vectorINS_10unique_ptrI9InventoryNS_14default_deleteIS2_EEEENS_9allocatorIS5_EEE11__recommendB8ue170006Em called 0 returned 0% blocks executed 0%
    #####: 1093:vector<_Tp, _Allocator>::__recommend(size_type __new_size) const
        -: 1094:{
    #####: 1095:    const size_type __ms = max_size();
    #####: 1096:    if (__new_size > __ms)
    $$$$$: 1096-block  0
branch  0 never executed
branch  1 never executed
    $$$$$: 1096-block  1
branch  2 never executed
branch  3 never executed
    #####: 1097:        this->__throw_length_error();
    $$$$$: 1097-block  0
    $$$$$: 1097-block  1
    #####: 1098:    const size_type __cap = capacity();
    #####: 1099:    if (__cap >= __ms / 2)
    $$$$$: 1099-block  0
branch  0 never executed
branch  1 never executed
    $$$$$: 1099-block  1
branch  2 never executed
branch  3 never executed
    #####: 1100:        return __ms;
    $$$$$: 1100-block  0
    $$$$$: 1100-block  1
    #####: 1101:    return std::max<size_type>(2 * __cap, __new_size);
    $$$$$: 1101-block  0
    $$$$$: 1101-block  1
    #####: 1102:}
    $$$$$: 1102-block  0
    $$$$$: 1102-block  1
        -: 1103:
        -: 1104://  Default constructs __n objects starting at __end_
        -: 1105://  throws if construction throws
        -: 1106://  Precondition:  __n > 0
        -: 1107://  Precondition:  size() + __n <= capacity()
        -: 1108://  Postcondition:  size() == size() + __n
        -: 1109:template <class _Tp, class _Allocator>
        -: 1110:_LIBCPP_CONSTEXPR_SINCE_CXX20
        -: 1111:void
        -: 1112:vector<_Tp, _Allocator>::__construct_at_end(size_type __n)
        -: 1113:{
        -: 1114:    _ConstructTransaction __tx(*this, __n);
        -: 1115:    const_pointer __new_end = __tx.__new_end_;
        -: 1116:    for (pointer __pos = __tx.__pos_; __pos != __new_end; __tx.__pos_ = ++__pos) {
        -: 1117:        __alloc_traits::construct(this->__alloc(), std::__to_address(__pos));
        -: 1118:    }
        -: 1119:}
        -: 1120:
        -: 1121://  Copy constructs __n objects starting at __end_ from __x
        -: 1122://  throws if construction throws
        -: 1123://  Precondition:  __n > 0
        -: 1124://  Precondition:  size() + __n <= capacity()
        -: 1125://  Postcondition:  size() == old size() + __n
        -: 1126://  Postcondition:  [i] == __x for all i in [size() - __n, __n)
        -: 1127:template <class _Tp, class _Allocator>
        -: 1128:_LIBCPP_CONSTEXPR_SINCE_CXX20
        -: 1129:inline
        -: 1130:void
        -: 1131:vector<_Tp, _Allocator>::__construct_at_end(size_type __n, const_reference __x)
        -: 1132:{
        -: 1133:    _ConstructTransaction __tx(*this, __n);
        -: 1134:    const_pointer __new_end = __tx.__new_end_;
        -: 1135:    for (pointer __pos = __tx.__pos_; __pos != __new_end; __tx.__pos_ = ++__pos) {
        -: 1136:        __alloc_traits::construct(this->__alloc(), std::__to_address(__pos), __x);
        -: 1137:    }
        -: 1138:}
        -: 1139:
        -: 1140:template <class _Tp, class _Allocator>
        -: 1141:template <class _InputIterator, class _Sentinel>
        -: 1142:_LIBCPP_CONSTEXPR_SINCE_CXX20 void
        -: 1143:vector<_Tp, _Allocator>::__construct_at_end(_InputIterator __first, _Sentinel __last, size_type __n) {
        -: 1144:  _ConstructTransaction __tx(*this, __n);
        -: 1145:  __tx.__pos_ = std::__uninitialized_allocator_copy(__alloc(), __first, __last, __tx.__pos_);
        -: 1146:}
        -: 1147:
        -: 1148://  Default constructs __n objects starting at __end_
        -: 1149://  throws if construction throws
        -: 1150://  Postcondition:  size() == size() + __n
        -: 1151://  Exception safety: strong.
        -: 1152:template <class _Tp, class _Allocator>
        -: 1153:_LIBCPP_CONSTEXPR_SINCE_CXX20
        -: 1154:void
        -: 1155:vector<_Tp, _Allocator>::__append(size_type __n)
        -: 1156:{
        -: 1157:    if (static_cast<size_type>(this->__end_cap() - this->__end_) >= __n)
        -: 1158:        this->__construct_at_end(__n);
        -: 1159:    else
        -: 1160:    {
        -: 1161:        allocator_type& __a = this->__alloc();
        -: 1162:        __split_buffer<value_type, allocator_type&> __v(__recommend(size() + __n), size(), __a);
        -: 1163:        __v.__construct_at_end(__n);
        -: 1164:        __swap_out_circular_buffer(__v);
        -: 1165:    }
        -: 1166:}
        -: 1167:
        -: 1168://  Default constructs __n objects starting at __end_
        -: 1169://  throws if construction throws
        -: 1170://  Postcondition:  size() == size() + __n
        -: 1171://  Exception safety: strong.
        -: 1172:template <class _Tp, class _Allocator>
        -: 1173:_LIBCPP_CONSTEXPR_SINCE_CXX20
        -: 1174:void
        -: 1175:vector<_Tp, _Allocator>::__append(size_type __n, const_reference __x)
        -: 1176:{
        -: 1177:    if (static_cast<size_type>(this->__end_cap() - this->__end_) >= __n)
        -: 1178:        this->__construct_at_end(__n, __x);
        -: 1179:    else
        -: 1180:    {
        -: 1181:        allocator_type& __a = this->__alloc();
        -: 1182:        __split_buffer<value_type, allocator_type&> __v(__recommend(size() + __n), size(), __a);
        -: 1183:        __v.__construct_at_end(__n, __x);
        -: 1184:        __swap_out_circular_buffer(__v);
        -: 1185:    }
        -: 1186:}
        -: 1187:
        -: 1188:template <class _Tp, class _Allocator>
        -: 1189:_LIBCPP_CONSTEXPR_SINCE_CXX20
        -: 1190:vector<_Tp, _Allocator>::vector(size_type __n)
        -: 1191:{
        -: 1192:    auto __guard = std::__make_exception_guard(__destroy_vector(*this));
        -: 1193:    if (__n > 0)
        -: 1194:    {
        -: 1195:        __vallocate(__n);
        -: 1196:        __construct_at_end(__n);
        -: 1197:    }
        -: 1198:    __guard.__complete();
        -: 1199:}
        -: 1200:
        -: 1201:#if _LIBCPP_STD_VER >= 14
        -: 1202:template <class _Tp, class _Allocator>
        -: 1203:_LIBCPP_CONSTEXPR_SINCE_CXX20
        -: 1204:vector<_Tp, _Allocator>::vector(size_type __n, const allocator_type& __a)
        -: 1205:    : __end_cap_(nullptr, __a)
        -: 1206:{
        -: 1207:    auto __guard = std::__make_exception_guard(__destroy_vector(*this));
        -: 1208:    if (__n > 0)
        -: 1209:    {
        -: 1210:        __vallocate(__n);
        -: 1211:        __construct_at_end(__n);
        -: 1212:    }
        -: 1213:    __guard.__complete();
        -: 1214:}
        -: 1215:#endif
        -: 1216:
        -: 1217:template <class _Tp, class _Allocator>
        -: 1218:_LIBCPP_CONSTEXPR_SINCE_CXX20
        -: 1219:vector<_Tp, _Allocator>::vector(size_type __n, const value_type& __x)
        -: 1220:{
        -: 1221:    auto __guard = std::__make_exception_guard(__destroy_vector(*this));
        -: 1222:    if (__n > 0)
        -: 1223:    {
        -: 1224:        __vallocate(__n);
        -: 1225:        __construct_at_end(__n, __x);
        -: 1226:    }
        -: 1227:    __guard.__complete();
        -: 1228:}
        -: 1229:
        -: 1230:template <class _Tp, class _Allocator>
        -: 1231:template <class _InputIterator, __enable_if_t<__has_exactly_input_iterator_category<_InputIterator>::value &&
        -: 1232:                              is_constructible<_Tp, typename iterator_traits<_InputIterator>::reference>::value,
        -: 1233:                          int> >
        -: 1234:_LIBCPP_CONSTEXPR_SINCE_CXX20
        -: 1235:vector<_Tp, _Allocator>::vector(_InputIterator __first, _InputIterator __last)
        -: 1236:{
[...]
        -: 3035:    if (this->__size_ == this->capacity())
        -: 3036:        reserve(__recommend(this->__size_ + 1));
        -: 3037:    ++this->__size_;
        -: 3038:    back() = __x;
        -: 3039:}
        -: 3040:
        -: 3041:template <class _Allocator>
        -: 3042:_LIBCPP_CONSTEXPR_SINCE_CXX20 typename vector<bool, _Allocator>::iterator
        -: 3043:vector<bool, _Allocator>::insert(const_iterator __position, const value_type& __x)
        -: 3044:{
        -: 3045:    iterator __r;
        -: 3046:    if (size() < capacity())
        -: 3047:    {
        -: 3048:        const_iterator __old_end = end();
        -: 3049:        ++__size_;
        -: 3050:        std::copy_backward(__position, __old_end, end());
        -: 3051:        __r = __const_iterator_cast(__position);
        -: 3052:    }
        -: 3053:    else
        -: 3054:    {
        -: 3055:        vector __v(get_allocator());
        -: 3056:        __v.reserve(__recommend(__size_ + 1));
        -: 3057:        __v.__size_ = __size_ + 1;
        -: 3058:        __r = std::copy(cbegin(), __position, __v.begin());
        -: 3059:        std::copy_backward(__position, cend(), __v.end());
        -: 3060:        swap(__v);
        -: 3061:    }
        -: 3062:    *__r = __x;
        -: 3063:    return __r;
        -: 3064:}
        -: 3065:
        -: 3066:template <class _Allocator>
        -: 3067:_LIBCPP_CONSTEXPR_SINCE_CXX20 typename vector<bool, _Allocator>::iterator
        -: 3068:vector<bool, _Allocator>::insert(const_iterator __position, size_type __n, const value_type& __x)
        -: 3069:{
        -: 3070:    iterator __r;
        -: 3071:    size_type __c = capacity();
        -: 3072:    if (__n <= __c && size() <= __c - __n)
        -: 3073:    {
        -: 3074:        const_iterator __old_end = end();
        -: 3075:        __size_ += __n;
        -: 3076:        std::copy_backward(__position, __old_end, end());
        -: 3077:        __r = __const_iterator_cast(__position);
        -: 3078:    }
        -: 3079:    else
        -: 3080:    {
        -: 3081:        vector __v(get_allocator());
        -: 3082:        __v.reserve(__recommend(__size_ + __n));
        -: 3083:        __v.__size_ = __size_ + __n;
        -: 3084:        __r = std::copy(cbegin(), __position, __v.begin());
        -: 3085:        std::copy_backward(__position, cend(), __v.end());
        -: 3086:        swap(__v);
        -: 3087:    }
        -: 3088:    std::fill_n(__r, __n, __x);
        -: 3089:    return __r;
        -: 3090:}
        -: 3091:
        -: 3092:template <class _Allocator>
        -: 3093:template <class _InputIterator>
        -: 3094:_LIBCPP_CONSTEXPR_SINCE_CXX20 typename enable_if <__has_exactly_input_iterator_category<_InputIterator>::value,
        -: 3095:    typename vector<bool, _Allocator>::iterator
        -: 3096:>::type
        -: 3097:vector<bool, _Allocator>::insert(const_iterator __position, _InputIterator __first, _InputIterator __last)
        -: 3098:{
        -: 3099:  return __insert_with_sentinel(__position, __first, __last);
        -: 3100:}
        -: 3101:
        -: 3102:template <class _Allocator>
        -: 3103:template <class _InputIterator, class _Sentinel>
        -: 3104:_LIBCPP_CONSTEXPR_SINCE_CXX20 _LIBCPP_HIDE_FROM_ABI
        -: 3105:typename vector<bool, _Allocator>::iterator
        -: 3106:vector<bool, _Allocator>::__insert_with_sentinel(const_iterator __position, _InputIterator __first, _Sentinel __last) {
        -: 3107:    difference_type __off = __position - begin();
        -: 3108:    iterator __p = __const_iterator_cast(__position);
        -: 3109:    iterator __old_end = end();
        -: 3110:    for (; size() != capacity() && __first != __last; ++__first)
        -: 3111:    {
        -: 3112:        ++this->__size_;
        -: 3113:        back() = *__first;
        -: 3114:    }
        -: 3115:    vector __v(get_allocator());
        -: 3116:    if (__first != __last)
        -: 3117:    {
        -: 3118:#ifndef _LIBCPP_HAS_NO_EXCEPTIONS
        -: 3119:        try
        -: 3120:        {
        -: 3121:#endif // _LIBCPP_HAS_NO_EXCEPTIONS
        -: 3122:            __v.__assign_with_sentinel(std::move(__first), std::move(__last));
        -: 3123:            difference_type __old_size = static_cast<difference_type>(__old_end - begin());
        -: 3124:            difference_type __old_p = __p - begin();
        -: 3125:            reserve(__recommend(size() + __v.size()));
        -: 3126:            __p = begin() + __old_p;
        -: 3127:            __old_end = begin() + __old_size;
        -: 3128:#ifndef _LIBCPP_HAS_NO_EXCEPTIONS
        -: 3129:        }
        -: 3130:        catch (...)
        -: 3131:        {
        -: 3132:            erase(__old_end, end());
        -: 3133:            throw;
        -: 3134:        }
        -: 3135:#endif // _LIBCPP_HAS_NO_EXCEPTIONS
        -: 3136:    }
        -: 3137:    __p = std::rotate(__p, __old_end, end());
        -: 3138:    insert(__p, __v.begin(), __v.end());
        -: 3139:    return begin() + __off;
        -: 3140:}
        -: 3141:
        -: 3142:template <class _Allocator>
        -: 3143:template <class _ForwardIterator>
        -: 3144:_LIBCPP_CONSTEXPR_SINCE_CXX20
        -: 3145:typename enable_if
        -: 3146:<
        -: 3147:    __has_forward_iterator_category<_ForwardIterator>::value,
        -: 3148:    typename vector<bool, _Allocator>::iterator
        -: 3149:>::type
        -: 3150:vector<bool, _Allocator>::insert(const_iterator __position, _ForwardIterator __first, _ForwardIterator __last)
        -: 3151:{
        -: 3152:  return __insert_with_size(__position, __first, __last, std::distance(__first, __last));
        -: 3153:}
        -: 3154:
        -: 3155:template <class _Allocator>
        -: 3156:template <class _ForwardIterator, class _Sentinel>
        -: 3157:_LIBCPP_CONSTEXPR_SINCE_CXX20 _LIBCPP_HIDE_FROM_ABI
        -: 3158:typename vector<bool, _Allocator>::iterator
        -: 3159:vector<bool, _Allocator>::__insert_with_size(const_iterator __position, _ForwardIterator __first, _Sentinel __last,
        -: 3160:                                             difference_type __n_signed) {
        -: 3161:    _LIBCPP_ASSERT_VALID_INPUT_RANGE(__n_signed >= 0, "invalid range specified");
        -: 3162:    const size_type __n = static_cast<size_type>(__n_signed);
        -: 3163:    iterator __r;
        -: 3164:    size_type __c = capacity();
        -: 3165:    if (__n <= __c && size() <= __c - __n)
        -: 3166:    {
        -: 3167:        const_iterator __old_end = end();
        -: 3168:        __size_ += __n;
        -: 3169:        std::copy_backward(__position, __old_end, end());
        -: 3170:        __r = __const_iterator_cast(__position);
        -: 3171:    }
        -: 3172:    else
        -: 3173:    {
        -: 3174:        vector __v(get_allocator());
        -: 3175:        __v.reserve(__recommend(__size_ + __n));
        -: 3176:        __v.__size_ = __size_ + __n;
        -: 3177:        __r = std::copy(cbegin(), __position, __v.begin());
        -: 3178:        std::copy_backward(__position, cend(), __v.end());
        -: 3179:        swap(__v);
        -: 3180:    }
        -: 3181:    std::__copy<_ClassicAlgPolicy>(__first, __last, __r);
        -: 3182:    return __r;
        -: 3183:}
        -: 3184:
        -: 3185:template <class _Allocator>
        -: 3186:inline _LIBCPP_HIDE_FROM_ABI _LIBCPP_CONSTEXPR_SINCE_CXX20
        -: 3187:typename vector<bool, _Allocator>::iterator
        -: 3188:vector<bool, _Allocator>::erase(const_iterator __position)
        -: 3189:{
        -: 3190:    iterator __r = __const_iterator_cast(__position);
        -: 3191:    std::copy(__position + 1, this->cend(), __r);
        -: 3192:    --__size_;
        -: 3193:    return __r;
        -: 3194:}
        -: 3195:
        -: 3196:template <class _Allocator>
        -: 3197:_LIBCPP_CONSTEXPR_SINCE_CXX20
        -: 3198:typename vector<bool, _Allocator>::iterator
        -: 3199:vector<bool, _Allocator>::erase(const_iterator __first, const_iterator __last)
        -: 3200:{
        -: 3201:    iterator __r = __const_iterator_cast(__first);
        -: 3202:    difference_type __d = __last - __first;
        -: 3203:    std::copy(__last, this->cend(), __r);
        -: 3204:    __size_ -= __d;
        -: 3205:    return __r;
        -: 3206:}
        -: 3207:
        -: 3208:template <class _Allocator>
        -: 3209:_LIBCPP_CONSTEXPR_SINCE_CXX20 void
        -: 3210:vector<bool, _Allocator>::swap(vector& __x)
        -: 3211:#if _LIBCPP_STD_VER >= 14
        -: 3212:    _NOEXCEPT
        -: 3213:#else
        -: 3214:    _NOEXCEPT_(!__alloc_traits::propagate_on_container_swap::value ||
        -: 3215:                __is_nothrow_swappable<allocator_type>::value)
        -: 3216:#endif
        -: 3217:{
        -: 3218:    std::swap(this->__begin_, __x.__begin_);
        -: 3219:    std::swap(this->__size_, __x.__size_);
        -: 3220:    std::swap(this->__cap(), __x.__cap());
        -: 3221:    std::__swap_allocator(this->__alloc(), __x.__alloc(),
        -: 3222:        integral_constant<bool, __alloc_traits::propagate_on_container_swap::value>());
        -: 3223:}
        -: 3224:
        -: 3225:template <class _Allocator>
        -: 3226:_LIBCPP_CONSTEXPR_SINCE_CXX20 void
        -: 3227:vector<bool, _Allocator>::resize(size_type __sz, value_type __x)
        -: 3228:{
        -: 3229:    size_type __cs = size();
        -: 3230:    if (__cs < __sz)
        -: 3231:    {
        -: 3232:        iterator __r;
        -: 3233:        size_type __c = capacity();
        -: 3234:        size_type __n = __sz - __cs;
        -: 3235:        if (__n <= __c && __cs <= __c - __n)
        -: 3236:        {
        -: 3237:            __r = end();
        -: 3238:            __size_ += __n;
        -: 3239:        }
        -: 3240:        else
        -: 3241:        {
        -: 3242:            vector __v(get_allocator());
        -: 3243:            __v.reserve(__recommend(__size_ + __n));
        -: 3244:            __v.__size_ = __size_ + __n;
        -: 3245:            __r = std::copy(cbegin(), cend(), __v.begin());
        -: 3246:            swap(__v);
        -: 3247:        }
        -: 3248:        std::fill_n(__r, __n, __x);
        -: 3249:    }
        -: 3250:    else
        -: 3251:        __size_ = __sz;
        -: 3252:}
        -: 3253:
        -: 3254:template <class _Allocator>
        -: 3255:_LIBCPP_CONSTEXPR_SINCE_CXX20 void
        -: 3256:vector<bool, _Allocator>::flip() _NOEXCEPT
        -: 3257:{
        -: 3258:    // do middle whole words
        -: 3259:    size_type __n = __size_;
        -: 3260:    __storage_pointer __p = __begin_;
        -: 3261:    for (; __n >= __bits_per_word; ++__p, __n -= __bits_per_word)
        -: 3262:        *__p = ~*__p;
        -: 3263:    // do last partial word
        -: 3264:    if (__n > 0)
        -: 3265:    {
        -: 3266:        __storage_type __m = ~__storage_type(0) >> (__bits_per_word - __n);
        -: 3267:        __storage_type __b = *__p & __m;
        -: 3268:        *__p &= ~__m;
        -: 3269:        *__p |= ~__b & __m;
        -: 3270:    }
        -: 3271:}
        -: 3272:
        -: 3273:template <class _Allocator>
        -: 3274:_LIBCPP_CONSTEXPR_SINCE_CXX20 bool
        -: 3275:vector<bool, _Allocator>::__invariants() const
        -: 3276:{
        -: 3277:    if (this->__begin_ == nullptr)
        -: 3278:    {
        -: 3279:        if (this->__size_ != 0 || this->__cap() != 0)
        -: 3280:            return false;
        -: 3281:    }
        -: 3282:    else
        -: 3283:    {
        -: 3284:        if (this->__cap() == 0)
        -: 3285:            return false;
        -: 3286:        if (this->__size_ > this->capacity())
        -: 3287:            return false;
        -: 3288:    }
        -: 3289:    return true;
        -: 3290:}
        -: 3291:
        -: 3292:template <class _Allocator>
        -: 3293:_LIBCPP_CONSTEXPR_SINCE_CXX20 size_t
        -: 3294:vector<bool, _Allocator>::__hash_code() const _NOEXCEPT
        -: 3295:{
        -: 3296:    size_t __h = 0;
        -: 3297:    // do middle whole words
        -: 3298:    size_type __n = __size_;
        -: 3299:    __storage_pointer __p = __begin_;
        -: 3300:    for (; __n >= __bits_per_word; ++__p, __n -= __bits_per_word)
        -: 3301:        __h ^= *__p;
        -: 3302:    // do last partial word
        -: 3303:    if (__n > 0)
        -: 3304:    {
        -: 3305:        const __storage_type __m = ~__storage_type(0) >> (__bits_per_word - __n);
        -: 3306:        __h ^= *__p & __m;
        -: 3307:    }
        -: 3308:    return __h;
        -: 3309:}
        -: 3310:
        -: 3311:template <class _Allocator>
        -: 3312:struct _LIBCPP_TEMPLATE_VIS hash<vector<bool, _Allocator> >
        -: 3313:    : public __unary_function<vector<bool, _Allocator>, size_t>
        -: 3314:{
        -: 3315:    _LIBCPP_HIDE_FROM_ABI _LIBCPP_CONSTEXPR_SINCE_CXX20
        -: 3316:    size_t operator()(const vector<bool, _Allocator>& __vec) const _NOEXCEPT
        -: 3317:        {return __vec.__hash_code();}
        -: 3318:};
        -: 3319:
        -: 3320:template <class _Tp, class _Allocator>
        -: 3321:_LIBCPP_CONSTEXPR_SINCE_CXX20
        -: 3322:inline _LIBCPP_HIDE_FROM_ABI
        -: 3323:bool
        -: 3324:operator==(const vector<_Tp, _Allocator>& __x, const vector<_Tp, _Allocator>& __y)
        -: 3325:{
        -: 3326:    const typename vector<_Tp, _Allocator>::size_type __sz = __x.size();
        -: 3327:    return __sz == __y.size() && std::equal(__x.begin(), __x.end(), __y.begin());
        -: 3328:}
        -: 3329:
        -: 3330:#if _LIBCPP_STD_VER <= 17
        -: 3331:
        -: 3332:template <class _Tp, class _Allocator>
        -: 3333:inline _LIBCPP_HIDE_FROM_ABI
        -: 3334:bool
        -: 3335:operator!=(const vector<_Tp, _Allocator>& __x, const vector<_Tp, _Allocator>& __y)
        -: 3336:{
        -: 3337:    return !(__x == __y);
        -: 3338:}
        -: 3339:
        -: 3340:template <class _Tp, class _Allocator>
        -: 3341:inline _LIBCPP_HIDE_FROM_ABI
        -: 3342:bool
        -: 3343:operator< (const vector<_Tp, _Allocator>& __x, const vector<_Tp, _Allocator>& __y)
        -: 3344:{
        -: 3345:    return std::lexicographical_compare(__x.begin(), __x.end(), __y.begin(), __y.end());
        -: 3346:}
        -: 3347:
        -: 3348:template <class _Tp, class _Allocator>
        -: 3349:inline _LIBCPP_HIDE_FROM_ABI
        -: 3350:bool
        -: 3351:operator> (const vector<_Tp, _Allocator>& __x, const vector<_Tp, _Allocator>& __y)
        -: 3352:{
        -: 3353:    return __y < __x;
        -: 3354:}
        -: 3355:
        -: 3356:template <class _Tp, class _Allocator>
        -: 3357:inline _LIBCPP_HIDE_FROM_ABI
        -: 3358:bool
        -: 3359:operator>=(const vector<_Tp, _Allocator>& __x, const vector<_Tp, _Allocator>& __y)
        -: 3360:{
        -: 3361:    return !(__x < __y);
        -: 3362:}
        -: 3363:
        -: 3364:template <class _Tp, class _Allocator>
        -: 3365:inline _LIBCPP_HIDE_FROM_ABI
        -: 3366:bool
        -: 3367:operator<=(const vector<_Tp, _Allocator>& __x, const vector<_Tp, _Allocator>& __y)
        -: 3368:{
        -: 3369:    return !(__y < __x);
        -: 3370:}
        -: 3371:
        -: 3372:#else // _LIBCPP_STD_VER <= 17
        -: 3373:
        -: 3374:template <class _Tp, class _Allocator>
        -: 3375:_LIBCPP_HIDE_FROM_ABI constexpr __synth_three_way_result<_Tp>
        -: 3376:operator<=>(const vector<_Tp, _Allocator>& __x, const vector<_Tp, _Allocator>& __y) {
        -: 3377:    return std::lexicographical_compare_three_way(
        -: 3378:        __x.begin(), __x.end(), __y.begin(), __y.end(), std::__synth_three_way<_Tp, _Tp>);
        -: 3379:}
        -: 3380:
        -: 3381:#endif // _LIBCPP_STD_VER <= 17
        -: 3382:
        -: 3383:template <class _Tp, class _Allocator>
        -: 3384:_LIBCPP_CONSTEXPR_SINCE_CXX20
        -: 3385:inline _LIBCPP_HIDE_FROM_ABI
        -: 3386:void
        -: 3387:swap(vector<_Tp, _Allocator>& __x, vector<_Tp, _Allocator>& __y)
        -: 3388:    _NOEXCEPT_(_NOEXCEPT_(__x.swap(__y)))
        -: 3389:{
        -: 3390:    __x.swap(__y);
        -: 3391:}
        -: 3392:
        -: 3393:#if _LIBCPP_STD_VER >= 20
        -: 3394:template <class _Tp, class _Allocator, class _Up>
        -: 3395:_LIBCPP_CONSTEXPR_SINCE_CXX20
        -: 3396:inline _LIBCPP_HIDE_FROM_ABI typename vector<_Tp, _Allocator>::size_type
        -: 3397:erase(vector<_Tp, _Allocator>& __c, const _Up& __v) {
        -: 3398:  auto __old_size = __c.size();
        -: 3399:  __c.erase(std::remove(__c.begin(), __c.end(), __v), __c.end());
        -: 3400:  return __old_size - __c.size();
        -: 3401:}
        -: 3402:
        -: 3403:template <class _Tp, class _Allocator, class _Predicate>
        -: 3404:_LIBCPP_CONSTEXPR_SINCE_CXX20
        -: 3405:inline _LIBCPP_HIDE_FROM_ABI typename vector<_Tp, _Allocator>::size_type
        -: 3406:erase_if(vector<_Tp, _Allocator>& __c, _Predicate __pred) {
        -: 3407:  auto __old_size = __c.size();
        -: 3408:  __c.erase(std::remove_if(__c.begin(), __c.end(), __pred), __c.end());
        -: 3409:  return __old_size - __c.size();
        -: 3410:}
        -: 3411:
        -: 3412:template <>
        -: 3413:inline constexpr bool __format::__enable_insertable<vector<char>> = true;
        -: 3414:#ifndef _LIBCPP_HAS_NO_WIDE_CHARACTERS
        -: 3415:template <>
        -: 3416:inline constexpr bool __format::__enable_insertable<vector<wchar_t>> = true;
        -: 3417:#endif
        -: 3418:
        -: 3419:#endif // _LIBCPP_STD_VER >= 20
        -: 3420:
        -: 3421:#if _LIBCPP_STD_VER >= 23
        -: 3422:template <class _Tp, class _CharT>
        -: 3423:// Since is-vector-bool-reference is only used once it's inlined here.
        -: 3424:  requires same_as<typename _Tp::__container, vector<bool, typename _Tp::__container::allocator_type>>
        -: 3425:struct _LIBCPP_TEMPLATE_VIS formatter<_Tp, _CharT> {
        -: 3426:private:
        -: 3427:  formatter<bool, _CharT> __underlying_;
        -: 3428:
        -: 3429:public:
        -: 3430:  template <class _ParseContext>
        -: 3431:  _LIBCPP_HIDE_FROM_ABI constexpr typename _ParseContext::iterator parse(_ParseContext& __ctx) {
        -: 3432:        return __underlying_.parse(__ctx);
        -: 3433:  }
        -: 3434:
        -: 3435:  template <class _FormatContext>
        -: 3436:  _LIBCPP_HIDE_FROM_ABI typename _FormatContext::iterator format(const _Tp& __ref, _FormatContext& __ctx) const {
        -: 3437:        return __underlying_.format(__ref, __ctx);
        -: 3438:  }
        -: 3439:};
        -: 3440:#endif // _LIBCPP_STD_VER >= 23
        -: 3441:
        -: 3442:_LIBCPP_END_NAMESPACE_STD
        -: 3443:
        -: 3444:#if _LIBCPP_STD_VER >= 17
        -: 3445:_LIBCPP_BEGIN_NAMESPACE_STD
        -: 3446:namespace pmr {
        -: 3447:template <class _ValueT>
        -: 3448:using vector _LIBCPP_AVAILABILITY_PMR = std::vector<_ValueT, polymorphic_allocator<_ValueT>>;
        -: 3449:} // namespace pmr
        -: 3450:_LIBCPP_END_NAMESPACE_STD
        -: 3451:#endif
        -: 3452:
        -: 3453:_LIBCPP_POP_MACROS
        -: 3454:
        -: 3455:#if !defined(_LIBCPP_REMOVE_TRANSITIVE_INCLUDES) && _LIBCPP_STD_VER <= 20
        -: 3456:#  include <algorithm>
        -: 3457:#  include <atomic>
        -: 3458:#  include <concepts>
        -: 3459:#  include <cstdlib>
        -: 3460:#  include <type_traits>
        -: 3461:#  include <typeinfo>
        -: 3462:#  include <utility>
        -: 3463:#endif
        -: 3464:
        -: 3465:#endif // _LIBCPP_VECTOR
