        -:    0:Source:/Library/Developer/CommandLineTools/SDKs/MacOSX14.4.sdk/usr/include/c++/v1/stdexcept
        -:    0:Graph:/Users/nazarzakrevskij/CLionProjects/SoftwareEngineering/homework-1/cmake-build-debug/CMakeFiles/tests.dir/src/Zoo.cpp.gcno
        -:    0:Data:/Users/nazarzakrevskij/CLionProjects/SoftwareEngineering/homework-1/cmake-build-debug/CMakeFiles/tests.dir/src/Zoo.cpp.gcda
        -:    0:Runs:1
        -:    0:Programs:1
        -:    1:// -*- C++ -*-
        -:    2://===----------------------------------------------------------------------===//
        -:    3://
        -:    4:// Part of the LLVM Project, under the Apache License v2.0 with LLVM Exceptions.
        -:    5:// See https://llvm.org/LICENSE.txt for license information.
        -:    6:// SPDX-License-Identifier: Apache-2.0 WITH LLVM-exception
        -:    7://
        -:    8://===----------------------------------------------------------------------===//
        -:    9:
        -:   10:#ifndef _LIBCPP_STDEXCEPT
        -:   11:#define _LIBCPP_STDEXCEPT
        -:   12:
        -:   13:/*
        -:   14:    stdexcept synopsis
        -:   15:
        -:   16:namespace std
        -:   17:{
        -:   18:
        -:   19:class logic_error;
        -:   20:    class domain_error;
        -:   21:    class invalid_argument;
        -:   22:    class length_error;
        -:   23:    class out_of_range;
        -:   24:class runtime_error;
        -:   25:    class range_error;
        -:   26:    class overflow_error;
        -:   27:    class underflow_error;
        -:   28:
        -:   29:for each class xxx_error:
        -:   30:
        -:   31:class xxx_error : public exception // at least indirectly
        -:   32:{
        -:   33:public:
        -:   34:    explicit xxx_error(const string& what_arg);
        -:   35:    explicit xxx_error(const char*   what_arg);
        -:   36:
        -:   37:    virtual const char* what() const noexcept // returns what_arg
        -:   38:};
        -:   39:
        -:   40:}  // std
        -:   41:
        -:   42:*/
        -:   43:
        -:   44:#include <__assert> // all public C++ headers provide the assertion handler
        -:   45:#include <__config>
        -:   46:#include <__exception/exception.h>
        -:   47:#include <__verbose_abort>
        -:   48:#include <cstdlib>
        -:   49:#include <iosfwd>  // for string forward decl
        -:   50:
        -:   51:#if !defined(_LIBCPP_HAS_NO_PRAGMA_SYSTEM_HEADER)
        -:   52:#  pragma GCC system_header
        -:   53:#endif
        -:   54:
        -:   55:_LIBCPP_BEGIN_NAMESPACE_STD
        -:   56:
        -:   57:#ifndef _LIBCPP_ABI_VCRUNTIME
        -:   58:class _LIBCPP_HIDDEN __libcpp_refstring
        -:   59:{
        -:   60:    const char* __imp_;
        -:   61:
        -:   62:    bool __uses_refcount() const;
        -:   63:public:
        -:   64:    explicit __libcpp_refstring(const char* __msg);
        -:   65:    __libcpp_refstring(const __libcpp_refstring& __s) _NOEXCEPT;
        -:   66:    __libcpp_refstring& operator=(const __libcpp_refstring& __s) _NOEXCEPT;
        -:   67:    ~__libcpp_refstring();
        -:   68:
        -:   69:    _LIBCPP_HIDE_FROM_ABI const char* c_str() const _NOEXCEPT {return __imp_;}
        -:   70:};
        -:   71:#endif // !_LIBCPP_ABI_VCRUNTIME
        -:   72:
        -:   73:_LIBCPP_END_NAMESPACE_STD
        -:   74:
        -:   75:namespace std  // purposefully not using versioning namespace
        -:   76:{
        -:   77:
        -:   78:class _LIBCPP_EXPORTED_FROM_ABI logic_error
        -:   79:    : public exception
        -:   80:{
        -:   81:#ifndef _LIBCPP_ABI_VCRUNTIME
        -:   82:private:
        -:   83:    _VSTD::__libcpp_refstring __imp_;
        -:   84:public:
        -:   85:    explicit logic_error(const string&);
        -:   86:    explicit logic_error(const char*);
        -:   87:
        -:   88:    logic_error(const logic_error&) _NOEXCEPT;
        -:   89:    logic_error& operator=(const logic_error&) _NOEXCEPT;
        -:   90:
        -:   91:    ~logic_error() _NOEXCEPT override;
        -:   92:
        -:   93:    const char* what() const _NOEXCEPT override;
        -:   94:#else
        -:   95:public:
        -:   96:    explicit logic_error(const _VSTD::string&); // Symbol uses versioned std::string
        -:   97:    _LIBCPP_INLINE_VISIBILITY explicit logic_error(const char* __s) : exception(__s) {}
        -:   98:#endif
        -:   99:};
        -:  100:
        -:  101:class _LIBCPP_EXPORTED_FROM_ABI runtime_error
        -:  102:    : public exception
        -:  103:{
        -:  104:#ifndef _LIBCPP_ABI_VCRUNTIME
        -:  105:private:
        -:  106:    _VSTD::__libcpp_refstring __imp_;
        -:  107:public:
        -:  108:    explicit runtime_error(const string&);
        -:  109:    explicit runtime_error(const char*);
        -:  110:
        -:  111:    runtime_error(const runtime_error&) _NOEXCEPT;
        -:  112:    runtime_error& operator=(const runtime_error&) _NOEXCEPT;
        -:  113:
        -:  114:    ~runtime_error() _NOEXCEPT override;
        -:  115:
        -:  116:    const char* what() const _NOEXCEPT override;
        -:  117:#else
        -:  118:public:
        -:  119:   explicit runtime_error(const _VSTD::string&); // Symbol uses versioned std::string
        -:  120:   _LIBCPP_INLINE_VISIBILITY explicit runtime_error(const char* __s) : exception(__s) {}
        -:  121:#endif // _LIBCPP_ABI_VCRUNTIME
        -:  122:};
        -:  123:
        -:  124:class _LIBCPP_EXPORTED_FROM_ABI domain_error
        -:  125:    : public logic_error
        -:  126:{
        -:  127:public:
        -:  128:    _LIBCPP_INLINE_VISIBILITY explicit domain_error(const string& __s) : logic_error(__s) {}
        -:  129:    _LIBCPP_INLINE_VISIBILITY explicit domain_error(const char* __s)   : logic_error(__s) {}
        -:  130:
        -:  131:#ifndef _LIBCPP_ABI_VCRUNTIME
        -:  132:    _LIBCPP_HIDE_FROM_ABI domain_error(const domain_error&) _NOEXCEPT = default;
        -:  133:    ~domain_error() _NOEXCEPT override;
        -:  134:#endif
        -:  135:};
        -:  136:
        -:  137:class _LIBCPP_EXPORTED_FROM_ABI invalid_argument
        -:  138:    : public logic_error
        -:  139:{
        -:  140:public:
        -:  141:    _LIBCPP_INLINE_VISIBILITY explicit invalid_argument(const string& __s) : logic_error(__s) {}
        -:  142:    _LIBCPP_INLINE_VISIBILITY explicit invalid_argument(const char* __s)   : logic_error(__s) {}
        -:  143:
        -:  144:#ifndef _LIBCPP_ABI_VCRUNTIME
        -:  145:    _LIBCPP_HIDE_FROM_ABI invalid_argument(const invalid_argument&) _NOEXCEPT = default;
        -:  146:    ~invalid_argument() _NOEXCEPT override;
        -:  147:#endif
        -:  148:};
        -:  149:
        -:  150:class _LIBCPP_EXPORTED_FROM_ABI length_error
        -:  151:    : public logic_error
        -:  152:{
        -:  153:public:
        -:  154:    _LIBCPP_INLINE_VISIBILITY explicit length_error(const string& __s) : logic_error(__s) {}
function _ZNSt12length_errorC1B8ue170006EPKc called 0 returned 0% blocks executed 0%
function _ZNSt12length_errorC2B8ue170006EPKc called 0 returned 0% blocks executed 0%
    #####:  155:    _LIBCPP_INLINE_VISIBILITY explicit length_error(const char* __s)   : logic_error(__s) {}
    $$$$$:  155-block  0
    $$$$$:  155-block  1
        -:  156:#ifndef _LIBCPP_ABI_VCRUNTIME
        -:  157:    _LIBCPP_HIDE_FROM_ABI length_error(const length_error&) _NOEXCEPT = default;
        -:  158:    ~length_error() _NOEXCEPT override;
        -:  159:#endif
        -:  160:};
        -:  161:
        -:  162:class _LIBCPP_EXPORTED_FROM_ABI out_of_range
        -:  163:    : public logic_error
        -:  164:{
        -:  165:public:
        -:  166:    _LIBCPP_INLINE_VISIBILITY explicit out_of_range(const string& __s) : logic_error(__s) {}
        -:  167:    _LIBCPP_INLINE_VISIBILITY explicit out_of_range(const char* __s)   : logic_error(__s) {}
        -:  168:
        -:  169:#ifndef _LIBCPP_ABI_VCRUNTIME
        -:  170:    _LIBCPP_HIDE_FROM_ABI out_of_range(const out_of_range&) _NOEXCEPT = default;
        -:  171:    ~out_of_range() _NOEXCEPT override;
        -:  172:#endif
        -:  173:};
        -:  174:
        -:  175:class _LIBCPP_EXPORTED_FROM_ABI range_error
        -:  176:    : public runtime_error
        -:  177:{
        -:  178:public:
        -:  179:    _LIBCPP_INLINE_VISIBILITY explicit range_error(const string& __s) : runtime_error(__s) {}
        -:  180:    _LIBCPP_INLINE_VISIBILITY explicit range_error(const char* __s)   : runtime_error(__s) {}
        -:  181:
        -:  182:#ifndef _LIBCPP_ABI_VCRUNTIME
        -:  183:    _LIBCPP_HIDE_FROM_ABI range_error(const range_error&) _NOEXCEPT = default;
        -:  184:    ~range_error() _NOEXCEPT override;
        -:  185:#endif
        -:  186:};
        -:  187:
        -:  188:class _LIBCPP_EXPORTED_FROM_ABI overflow_error
        -:  189:    : public runtime_error
        -:  190:{
        -:  191:public:
        -:  192:    _LIBCPP_INLINE_VISIBILITY explicit overflow_error(const string& __s) : runtime_error(__s) {}
        -:  193:    _LIBCPP_INLINE_VISIBILITY explicit overflow_error(const char* __s)   : runtime_error(__s) {}
        -:  194:
        -:  195:#ifndef _LIBCPP_ABI_VCRUNTIME
        -:  196:    _LIBCPP_HIDE_FROM_ABI overflow_error(const overflow_error&) _NOEXCEPT = default;
        -:  197:    ~overflow_error() _NOEXCEPT override;
        -:  198:#endif
        -:  199:};
        -:  200:
        -:  201:class _LIBCPP_EXPORTED_FROM_ABI underflow_error
        -:  202:    : public runtime_error
        -:  203:{
        -:  204:public:
        -:  205:    _LIBCPP_INLINE_VISIBILITY explicit underflow_error(const string& __s) : runtime_error(__s) {}
        -:  206:    _LIBCPP_INLINE_VISIBILITY explicit underflow_error(const char* __s)   : runtime_error(__s) {}
        -:  207:
        -:  208:#ifndef _LIBCPP_ABI_VCRUNTIME
        -:  209:    _LIBCPP_HIDE_FROM_ABI underflow_error(const underflow_error&) _NOEXCEPT = default;
        -:  210:    ~underflow_error() _NOEXCEPT override;
        -:  211:#endif
        -:  212:};
        -:  213:
        -:  214:} // namespace std
        -:  215:
        -:  216:_LIBCPP_BEGIN_NAMESPACE_STD
        -:  217:
        -:  218:// in the dylib
        -:  219:_LIBCPP_NORETURN _LIBCPP_EXPORTED_FROM_ABI void __throw_runtime_error(const char*);
        -:  220:
        -:  221:_LIBCPP_NORETURN inline _LIBCPP_INLINE_VISIBILITY
        -:  222:void __throw_logic_error(const char*__msg)
        -:  223:{
        -:  224:#ifndef _LIBCPP_HAS_NO_EXCEPTIONS
        -:  225:    throw logic_error(__msg);
        -:  226:#else
        -:  227:    (void)__msg;
        -:  228:    std::abort(); // TODO: Workaround to avoid requiring linking against libc++
        -:  229:    // _LIBCPP_VERBOSE_ABORT("logic_error was thrown in -fno-exceptions mode with message \"%s\"", __msg);
        -:  230:#endif
        -:  231:}
        -:  232:
        -:  233:_LIBCPP_NORETURN inline _LIBCPP_INLINE_VISIBILITY
        -:  234:void __throw_domain_error(const char*__msg)
        -:  235:{
        -:  236:#ifndef _LIBCPP_HAS_NO_EXCEPTIONS
        -:  237:    throw domain_error(__msg);
        -:  238:#else
        -:  239:    (void)__msg;
        -:  240:    std::abort(); // TODO: Workaround to avoid requiring linking against libc++
        -:  241:    // _LIBCPP_VERBOSE_ABORT("domain_error was thrown in -fno-exceptions mode with message \"%s\"", __msg);
        -:  242:#endif
        -:  243:}
        -:  244:
        -:  245:_LIBCPP_NORETURN inline _LIBCPP_INLINE_VISIBILITY
        -:  246:void __throw_invalid_argument(const char*__msg)
        -:  247:{
        -:  248:#ifndef _LIBCPP_HAS_NO_EXCEPTIONS
        -:  249:    throw invalid_argument(__msg);
        -:  250:#else
        -:  251:    (void)__msg;
        -:  252:    std::abort(); // TODO: Workaround to avoid requiring linking against libc++
        -:  253:    // _LIBCPP_VERBOSE_ABORT("invalid_argument was thrown in -fno-exceptions mode with message \"%s\"", __msg);
        -:  254:#endif
        -:  255:}
        -:  256:
        -:  257:_LIBCPP_NORETURN inline _LIBCPP_INLINE_VISIBILITY
function _ZNSt3__120__throw_length_errorB8ue170006EPKc called 0 returned 0% blocks executed 0%
    #####:  258:void __throw_length_error(const char*__msg)
        -:  259:{
        -:  260:#ifndef _LIBCPP_HAS_NO_EXCEPTIONS
    #####:  261:    throw length_error(__msg);
    $$$$$:  261-block  0
branch  0 never executed
branch  1 never executed
    $$$$$:  261-block  1
    $$$$$:  261-block  2
    $$$$$:  261-block  3
        -:  262:#else
        -:  263:    (void)__msg;
        -:  264:    std::abort(); // TODO: Workaround to avoid requiring linking against libc++
        -:  265:    // _LIBCPP_VERBOSE_ABORT("length_error was thrown in -fno-exceptions mode with message \"%s\"", __msg);
        -:  266:#endif
    #####:  267:}
        -:  268:
        -:  269:_LIBCPP_NORETURN inline _LIBCPP_INLINE_VISIBILITY
        -:  270:void __throw_out_of_range(const char*__msg)
        -:  271:{
        -:  272:#ifndef _LIBCPP_HAS_NO_EXCEPTIONS
        -:  273:    throw out_of_range(__msg);
        -:  274:#else
        -:  275:    (void)__msg;
        -:  276:    std::abort(); // TODO: Workaround to avoid requiring linking against libc++
        -:  277:    // _LIBCPP_VERBOSE_ABORT("out_of_range was thrown in -fno-exceptions mode with message \"%s\"", __msg);
        -:  278:#endif
        -:  279:}
        -:  280:
        -:  281:_LIBCPP_NORETURN inline _LIBCPP_INLINE_VISIBILITY
        -:  282:void __throw_range_error(const char*__msg)
        -:  283:{
        -:  284:#ifndef _LIBCPP_HAS_NO_EXCEPTIONS
        -:  285:    throw range_error(__msg);
        -:  286:#else
        -:  287:    (void)__msg;
        -:  288:    std::abort(); // TODO: Workaround to avoid requiring linking against libc++
        -:  289:    // _LIBCPP_VERBOSE_ABORT("range_error was thrown in -fno-exceptions mode with message \"%s\"", __msg);
        -:  290:#endif
        -:  291:}
        -:  292:
        -:  293:_LIBCPP_NORETURN inline _LIBCPP_INLINE_VISIBILITY
        -:  294:void __throw_overflow_error(const char*__msg)
        -:  295:{
        -:  296:#ifndef _LIBCPP_HAS_NO_EXCEPTIONS
        -:  297:    throw overflow_error(__msg);
        -:  298:#else
        -:  299:    (void)__msg;
        -:  300:    std::abort(); // TODO: Workaround to avoid requiring linking against libc++
        -:  301:    // _LIBCPP_VERBOSE_ABORT("overflow_error was thrown in -fno-exceptions mode with message \"%s\"", __msg);
        -:  302:#endif
        -:  303:}
        -:  304:
        -:  305:_LIBCPP_NORETURN inline _LIBCPP_INLINE_VISIBILITY
        -:  306:void __throw_underflow_error(const char*__msg)
        -:  307:{
        -:  308:#ifndef _LIBCPP_HAS_NO_EXCEPTIONS
        -:  309:    throw underflow_error(__msg);
        -:  310:#else
        -:  311:    (void)__msg;
        -:  312:    std::abort(); // TODO: Workaround to avoid requiring linking against libc++
        -:  313:    // _LIBCPP_VERBOSE_ABORT("underflow_error was thrown in -fno-exceptions mode with message \"%s\"", __msg);
        -:  314:#endif
        -:  315:}
        -:  316:
        -:  317:_LIBCPP_END_NAMESPACE_STD
        -:  318:
        -:  319:#if !defined(_LIBCPP_REMOVE_TRANSITIVE_INCLUDES) && _LIBCPP_STD_VER <= 20
        -:  320:#  include <cstdlib>
        -:  321:#  include <exception>
        -:  322:#endif
        -:  323:
        -:  324:#endif // _LIBCPP_STDEXCEPT
